ERROR - 2022-06-27 05:03:10 --> Table 'sibem.memberslevel' doesn't exist
CRITICAL - 2022-06-27 05:03:10 --> Table 'sibem.memberslevel' doesn't exist
#0 C:\xampp\htdocs\bempnc\vendor\codeigniter4\framework\system\Database\MySQLi\Connection.php(292): mysqli->query('SELECT *\nFROM `...', 0)
#1 C:\xampp\htdocs\bempnc\vendor\codeigniter4\framework\system\Database\BaseConnection.php(670): CodeIgniter\Database\MySQLi\Connection->execute('SELECT *\nFROM `...')
#2 C:\xampp\htdocs\bempnc\vendor\codeigniter4\framework\system\Database\BaseConnection.php(598): CodeIgniter\Database\BaseConnection->simpleQuery('SELECT *\nFROM `...')
#3 C:\xampp\htdocs\bempnc\vendor\codeigniter4\framework\system\Database\BaseBuilder.php(1455): CodeIgniter\Database\BaseConnection->query('SELECT *\nFROM `...', Array, false)
#4 C:\xampp\htdocs\bempnc\vendor\codeigniter4\framework\system\Model.php(183): CodeIgniter\Database\BaseBuilder->get()
#5 C:\xampp\htdocs\bempnc\vendor\codeigniter4\framework\system\BaseModel.php(584): CodeIgniter\Model->doFindAll(0, 0)
#6 C:\xampp\htdocs\bempnc\app\Controllers\Pengurus\Members.php(28): CodeIgniter\BaseModel->findAll()
#7 C:\xampp\htdocs\bempnc\vendor\codeigniter4\framework\system\CodeIgniter.php(832): App\Controllers\Pengurus\Members->index()
#8 C:\xampp\htdocs\bempnc\vendor\codeigniter4\framework\system\CodeIgniter.php(419): CodeIgniter\CodeIgniter->runController(Object(App\Controllers\Pengurus\Members))
#9 C:\xampp\htdocs\bempnc\vendor\codeigniter4\framework\system\CodeIgniter.php(326): CodeIgniter\CodeIgniter->handleRequest(NULL, Object(Config\Cache), false)
#10 C:\xampp\htdocs\bempnc\public\index.php(37): CodeIgniter\CodeIgniter->run()
#11 C:\xampp\htdocs\bempnc\vendor\codeigniter4\framework\system\Commands\Server\rewrite.php(43): require_once('C:\\xampp\\htdocs...')
#12 {main}
CRITICAL - 2022-06-27 05:07:47 --> Class 'App\Models\MembersLevelModel' not found
#0 C:\xampp\htdocs\bempnc\vendor\codeigniter4\framework\system\CodeIgniter.php(809): App\Controllers\Pengurus\Members->__construct()
#1 C:\xampp\htdocs\bempnc\vendor\codeigniter4\framework\system\CodeIgniter.php(410): CodeIgniter\CodeIgniter->createController()
#2 C:\xampp\htdocs\bempnc\vendor\codeigniter4\framework\system\CodeIgniter.php(326): CodeIgniter\CodeIgniter->handleRequest(NULL, Object(Config\Cache), false)
#3 C:\xampp\htdocs\bempnc\public\index.php(37): CodeIgniter\CodeIgniter->run()
#4 C:\xampp\htdocs\bempnc\vendor\codeigniter4\framework\system\Commands\Server\rewrite.php(43): require_once('C:\\xampp\\htdocs...')
#5 {main}
CRITICAL - 2022-06-27 08:44:18 --> Maximum execution time of 60 seconds exceeded
#0 [internal function]: CodeIgniter\Debug\Exceptions->shutdownHandler()
#1 {main}
ERROR - 2022-06-27 09:32:30 --> Unknown column 'user_meuns' in 'on clause'
CRITICAL - 2022-06-27 09:32:30 --> Unknown column 'user_meuns' in 'on clause'
#0 C:\xampp\htdocs\bempnc\vendor\codeigniter4\framework\system\Database\MySQLi\Connection.php(292): mysqli->query('SELECT *\nFROM `...', 0)
#1 C:\xampp\htdocs\bempnc\vendor\codeigniter4\framework\system\Database\BaseConnection.php(670): CodeIgniter\Database\MySQLi\Connection->execute('SELECT *\nFROM `...')
#2 C:\xampp\htdocs\bempnc\vendor\codeigniter4\framework\system\Database\BaseConnection.php(598): CodeIgniter\Database\BaseConnection->simpleQuery('SELECT *\nFROM `...')
#3 C:\xampp\htdocs\bempnc\vendor\codeigniter4\framework\system\Database\BaseBuilder.php(1455): CodeIgniter\Database\BaseConnection->query('SELECT *\nFROM `...', Array, false)
#4 C:\xampp\htdocs\bempnc\app\Views\backend-template\navbar.php(14): CodeIgniter\Database\BaseBuilder->get()
#5 C:\xampp\htdocs\bempnc\vendor\codeigniter4\framework\system\View\View.php(210): include('C:\\xampp\\htdocs...')
#6 C:\xampp\htdocs\bempnc\vendor\codeigniter4\framework\system\View\View.php(213): CodeIgniter\View\View->CodeIgniter\View\{closure}()
#7 C:\xampp\htdocs\bempnc\vendor\codeigniter4\framework\system\View\View.php(424): CodeIgniter\View\View->render('\\backend-templa...', NULL, true)
#8 C:\xampp\htdocs\bempnc\app\Views\backend-template\index.php(17): CodeIgniter\View\View->include('\\backend-templa...')
#9 C:\xampp\htdocs\bempnc\vendor\codeigniter4\framework\system\View\View.php(210): include('C:\\xampp\\htdocs...')
#10 C:\xampp\htdocs\bempnc\vendor\codeigniter4\framework\system\View\View.php(213): CodeIgniter\View\View->CodeIgniter\View\{closure}()
#11 C:\xampp\htdocs\bempnc\vendor\codeigniter4\framework\system\View\View.php(226): CodeIgniter\View\View->render('\\backend-templa...', Array, true)
#12 C:\xampp\htdocs\bempnc\vendor\codeigniter4\framework\system\Common.php(1089): CodeIgniter\View\View->render('pengurus/dashbo...', Array, true)
#13 C:\xampp\htdocs\bempnc\app\Controllers\Pengurus\Dashboard.php(26): view('pengurus/dashbo...', Array)
#14 C:\xampp\htdocs\bempnc\vendor\codeigniter4\framework\system\CodeIgniter.php(832): App\Controllers\Pengurus\Dashboard->index()
#15 C:\xampp\htdocs\bempnc\vendor\codeigniter4\framework\system\CodeIgniter.php(419): CodeIgniter\CodeIgniter->runController(Object(App\Controllers\Pengurus\Dashboard))
#16 C:\xampp\htdocs\bempnc\vendor\codeigniter4\framework\system\CodeIgniter.php(326): CodeIgniter\CodeIgniter->handleRequest(NULL, Object(Config\Cache), false)
#17 C:\xampp\htdocs\bempnc\public\index.php(37): CodeIgniter\CodeIgniter->run()
#18 C:\xampp\htdocs\bempnc\vendor\codeigniter4\framework\system\Commands\Server\rewrite.php(43): require_once('C:\\xampp\\htdocs...')
#19 {main}
CRITICAL - 2022-06-27 23:22:10 --> Cannot declare class App\Controllers\Pengurus\Usermenuaccesses, because the name is already in use
#0 [internal function]: CodeIgniter\Debug\Exceptions->shutdownHandler()
#1 {main}
CRITICAL - 2022-06-27 23:26:08 --> Too few arguments to function App\Controllers\Pengurus\Userrole::index(), 0 passed in C:\xampp\htdocs\bempnc\vendor\codeigniter4\framework\system\CodeIgniter.php on line 832 and exactly 1 expected
#0 C:\xampp\htdocs\bempnc\vendor\codeigniter4\framework\system\CodeIgniter.php(832): App\Controllers\Pengurus\Userrole->index()
#1 C:\xampp\htdocs\bempnc\vendor\codeigniter4\framework\system\CodeIgniter.php(419): CodeIgniter\CodeIgniter->runController(Object(App\Controllers\Pengurus\Userrole))
#2 C:\xampp\htdocs\bempnc\vendor\codeigniter4\framework\system\CodeIgniter.php(326): CodeIgniter\CodeIgniter->handleRequest(NULL, Object(Config\Cache), false)
#3 C:\xampp\htdocs\bempnc\public\index.php(37): CodeIgniter\CodeIgniter->run()
#4 C:\xampp\htdocs\bempnc\vendor\codeigniter4\framework\system\Commands\Server\rewrite.php(43): require_once('C:\\xampp\\htdocs...')
#5 {main}
CRITICAL - 2022-06-27 23:27:19 --> Call to a member function findAll() on null
#0 C:\xampp\htdocs\bempnc\vendor\codeigniter4\framework\system\CodeIgniter.php(832): App\Controllers\Pengurus\Userrole->index()
#1 C:\xampp\htdocs\bempnc\vendor\codeigniter4\framework\system\CodeIgniter.php(419): CodeIgniter\CodeIgniter->runController(Object(App\Controllers\Pengurus\Userrole))
#2 C:\xampp\htdocs\bempnc\vendor\codeigniter4\framework\system\CodeIgniter.php(326): CodeIgniter\CodeIgniter->handleRequest(NULL, Object(Config\Cache), false)
#3 C:\xampp\htdocs\bempnc\public\index.php(37): CodeIgniter\CodeIgniter->run()
#4 C:\xampp\htdocs\bempnc\vendor\codeigniter4\framework\system\Commands\Server\rewrite.php(43): require_once('C:\\xampp\\htdocs...')
#5 {main}
CRITICAL - 2022-06-27 23:30:33 --> Call to a member function findAll() on null
#0 C:\xampp\htdocs\bempnc\vendor\codeigniter4\framework\system\CodeIgniter.php(832): App\Controllers\Pengurus\Userrole->index()
#1 C:\xampp\htdocs\bempnc\vendor\codeigniter4\framework\system\CodeIgniter.php(419): CodeIgniter\CodeIgniter->runController(Object(App\Controllers\Pengurus\Userrole))
#2 C:\xampp\htdocs\bempnc\vendor\codeigniter4\framework\system\CodeIgniter.php(326): CodeIgniter\CodeIgniter->handleRequest(NULL, Object(Config\Cache), false)
#3 C:\xampp\htdocs\bempnc\public\index.php(37): CodeIgniter\CodeIgniter->run()
#4 C:\xampp\htdocs\bempnc\vendor\codeigniter4\framework\system\Commands\Server\rewrite.php(43): require_once('C:\\xampp\\htdocs...')
#5 {main}
CRITICAL - 2022-06-27 23:31:30 --> Call to a member function findAll() on null
#0 C:\xampp\htdocs\bempnc\vendor\codeigniter4\framework\system\CodeIgniter.php(832): App\Controllers\Pengurus\Userrole->index()
#1 C:\xampp\htdocs\bempnc\vendor\codeigniter4\framework\system\CodeIgniter.php(419): CodeIgniter\CodeIgniter->runController(Object(App\Controllers\Pengurus\Userrole))
#2 C:\xampp\htdocs\bempnc\vendor\codeigniter4\framework\system\CodeIgniter.php(326): CodeIgniter\CodeIgniter->handleRequest(NULL, Object(Config\Cache), false)
#3 C:\xampp\htdocs\bempnc\public\index.php(37): CodeIgniter\CodeIgniter->run()
#4 C:\xampp\htdocs\bempnc\vendor\codeigniter4\framework\system\Commands\Server\rewrite.php(43): require_once('C:\\xampp\\htdocs...')
#5 {main}
CRITICAL - 2022-06-27 23:31:37 --> Undefined index: title
#0 C:\xampp\htdocs\bempnc\app\Views\pengurus\user-role\index.php(46): CodeIgniter\Debug\Exceptions->errorHandler(8, 'Undefined index...', 'C:\\xampp\\htdocs...', 46, Array)
#1 C:\xampp\htdocs\bempnc\vendor\codeigniter4\framework\system\View\View.php(210): include('C:\\xampp\\htdocs...')
#2 C:\xampp\htdocs\bempnc\vendor\codeigniter4\framework\system\View\View.php(213): CodeIgniter\View\View->CodeIgniter\View\{closure}()
#3 C:\xampp\htdocs\bempnc\vendor\codeigniter4\framework\system\Common.php(1089): CodeIgniter\View\View->render('/pengurus/user-...', Array, true)
#4 C:\xampp\htdocs\bempnc\app\Controllers\Pengurus\Userrole.php(31): view('/pengurus/user-...', Array)
#5 C:\xampp\htdocs\bempnc\vendor\codeigniter4\framework\system\CodeIgniter.php(832): App\Controllers\Pengurus\Userrole->index()
#6 C:\xampp\htdocs\bempnc\vendor\codeigniter4\framework\system\CodeIgniter.php(419): CodeIgniter\CodeIgniter->runController(Object(App\Controllers\Pengurus\Userrole))
#7 C:\xampp\htdocs\bempnc\vendor\codeigniter4\framework\system\CodeIgniter.php(326): CodeIgniter\CodeIgniter->handleRequest(NULL, Object(Config\Cache), false)
#8 C:\xampp\htdocs\bempnc\public\index.php(37): CodeIgniter\CodeIgniter->run()
#9 C:\xampp\htdocs\bempnc\vendor\codeigniter4\framework\system\Commands\Server\rewrite.php(43): require_once('C:\\xampp\\htdocs...')
#10 {main}
CRITICAL - 2022-06-27 23:31:38 --> Undefined index: title
#0 C:\xampp\htdocs\bempnc\app\Views\pengurus\user-role\index.php(46): CodeIgniter\Debug\Exceptions->errorHandler(8, 'Undefined index...', 'C:\\xampp\\htdocs...', 46, Array)
#1 C:\xampp\htdocs\bempnc\vendor\codeigniter4\framework\system\View\View.php(210): include('C:\\xampp\\htdocs...')
#2 C:\xampp\htdocs\bempnc\vendor\codeigniter4\framework\system\View\View.php(213): CodeIgniter\View\View->CodeIgniter\View\{closure}()
#3 C:\xampp\htdocs\bempnc\vendor\codeigniter4\framework\system\Common.php(1089): CodeIgniter\View\View->render('/pengurus/user-...', Array, true)
#4 C:\xampp\htdocs\bempnc\app\Controllers\Pengurus\Userrole.php(31): view('/pengurus/user-...', Array)
#5 C:\xampp\htdocs\bempnc\vendor\codeigniter4\framework\system\CodeIgniter.php(832): App\Controllers\Pengurus\Userrole->index()
#6 C:\xampp\htdocs\bempnc\vendor\codeigniter4\framework\system\CodeIgniter.php(419): CodeIgniter\CodeIgniter->runController(Object(App\Controllers\Pengurus\Userrole))
#7 C:\xampp\htdocs\bempnc\vendor\codeigniter4\framework\system\CodeIgniter.php(326): CodeIgniter\CodeIgniter->handleRequest(NULL, Object(Config\Cache), false)
#8 C:\xampp\htdocs\bempnc\public\index.php(37): CodeIgniter\CodeIgniter->run()
#9 C:\xampp\htdocs\bempnc\vendor\codeigniter4\framework\system\Commands\Server\rewrite.php(43): require_once('C:\\xampp\\htdocs...')
#10 {main}
