CRITICAL - 2022-05-26 00:38:46 --> Call to a member function getError() on null
#0 C:\xampp\htdocs\bempnc\vendor\codeigniter4\framework\system\CodeIgniter.php(832): App\Controllers\Pengurus\Departemen->save()
#1 C:\xampp\htdocs\bempnc\vendor\codeigniter4\framework\system\CodeIgniter.php(419): CodeIgniter\CodeIgniter->runController(Object(App\Controllers\Pengurus\Departemen))
#2 C:\xampp\htdocs\bempnc\vendor\codeigniter4\framework\system\CodeIgniter.php(326): CodeIgniter\CodeIgniter->handleRequest(NULL, Object(Config\Cache), false)
#3 C:\xampp\htdocs\bempnc\public\index.php(37): CodeIgniter\CodeIgniter->run()
#4 C:\xampp\htdocs\bempnc\vendor\codeigniter4\framework\system\Commands\Server\rewrite.php(43): require_once('C:\\xampp\\htdocs...')
#5 {main}
CRITICAL - 2022-05-26 00:39:51 --> Call to undefined function App\Controllers\Pengurus\save()
#0 C:\xampp\htdocs\bempnc\vendor\codeigniter4\framework\system\CodeIgniter.php(832): App\Controllers\Pengurus\Departemen->save()
#1 C:\xampp\htdocs\bempnc\vendor\codeigniter4\framework\system\CodeIgniter.php(419): CodeIgniter\CodeIgniter->runController(Object(App\Controllers\Pengurus\Departemen))
#2 C:\xampp\htdocs\bempnc\vendor\codeigniter4\framework\system\CodeIgniter.php(326): CodeIgniter\CodeIgniter->handleRequest(NULL, Object(Config\Cache), false)
#3 C:\xampp\htdocs\bempnc\public\index.php(37): CodeIgniter\CodeIgniter->run()
#4 C:\xampp\htdocs\bempnc\vendor\codeigniter4\framework\system\Commands\Server\rewrite.php(43): require_once('C:\\xampp\\htdocs...')
#5 {main}
CRITICAL - 2022-05-26 00:40:34 --> Call to undefined function App\Controllers\Pengurus\save()
#0 C:\xampp\htdocs\bempnc\vendor\codeigniter4\framework\system\CodeIgniter.php(832): App\Controllers\Pengurus\Departemen->save()
#1 C:\xampp\htdocs\bempnc\vendor\codeigniter4\framework\system\CodeIgniter.php(419): CodeIgniter\CodeIgniter->runController(Object(App\Controllers\Pengurus\Departemen))
#2 C:\xampp\htdocs\bempnc\vendor\codeigniter4\framework\system\CodeIgniter.php(326): CodeIgniter\CodeIgniter->handleRequest(NULL, Object(Config\Cache), false)
#3 C:\xampp\htdocs\bempnc\public\index.php(37): CodeIgniter\CodeIgniter->run()
#4 C:\xampp\htdocs\bempnc\vendor\codeigniter4\framework\system\Commands\Server\rewrite.php(43): require_once('C:\\xampp\\htdocs...')
#5 {main}
CRITICAL - 2022-05-26 01:01:05 --> Call to a member function getError() on null
#0 C:\xampp\htdocs\bempnc\vendor\codeigniter4\framework\system\CodeIgniter.php(832): App\Controllers\Departemen->save()
#1 C:\xampp\htdocs\bempnc\vendor\codeigniter4\framework\system\CodeIgniter.php(419): CodeIgniter\CodeIgniter->runController(Object(App\Controllers\Departemen))
#2 C:\xampp\htdocs\bempnc\vendor\codeigniter4\framework\system\CodeIgniter.php(326): CodeIgniter\CodeIgniter->handleRequest(NULL, Object(Config\Cache), false)
#3 C:\xampp\htdocs\bempnc\public\index.php(37): CodeIgniter\CodeIgniter->run()
#4 C:\xampp\htdocs\bempnc\vendor\codeigniter4\framework\system\Commands\Server\rewrite.php(43): require_once('C:\\xampp\\htdocs...')
#5 {main}
CRITICAL - 2022-05-26 01:08:57 --> Call to a member function getError() on null
#0 C:\xampp\htdocs\bempnc\vendor\codeigniter4\framework\system\CodeIgniter.php(832): App\Controllers\Pengurus\Departemen->save()
#1 C:\xampp\htdocs\bempnc\vendor\codeigniter4\framework\system\CodeIgniter.php(419): CodeIgniter\CodeIgniter->runController(Object(App\Controllers\Pengurus\Departemen))
#2 C:\xampp\htdocs\bempnc\vendor\codeigniter4\framework\system\CodeIgniter.php(326): CodeIgniter\CodeIgniter->handleRequest(NULL, Object(Config\Cache), false)
#3 C:\xampp\htdocs\bempnc\public\index.php(37): CodeIgniter\CodeIgniter->run()
#4 C:\xampp\htdocs\bempnc\vendor\codeigniter4\framework\system\Commands\Server\rewrite.php(43): require_once('C:\\xampp\\htdocs...')
#5 {main}
ERROR - 2022-05-26 10:02:58 --> Table 'sibem.comics' doesn't exist
CRITICAL - 2022-05-26 10:02:58 --> Call to a member function getRow() on bool
#0 C:\xampp\htdocs\bempnc\vendor\codeigniter4\framework\system\Validation\Validation.php(292): CodeIgniter\Validation\Rules->is_unique('Luar Kampus', 'dept_name', Array, NULL)
#1 C:\xampp\htdocs\bempnc\vendor\codeigniter4\framework\system\Validation\Validation.php(157): CodeIgniter\Validation\Validation->processRules('dept_name', 'dept_name', 'Luar Kampus', Array, Array)
#2 C:\xampp\htdocs\bempnc\vendor\codeigniter4\framework\system\Controller.php(160): CodeIgniter\Validation\Validation->run()
#3 C:\xampp\htdocs\bempnc\app\Controllers\Pengurus\Departemen.php(47): CodeIgniter\Controller->validate(Array)
#4 C:\xampp\htdocs\bempnc\vendor\codeigniter4\framework\system\CodeIgniter.php(832): App\Controllers\Pengurus\Departemen->save()
#5 C:\xampp\htdocs\bempnc\vendor\codeigniter4\framework\system\CodeIgniter.php(419): CodeIgniter\CodeIgniter->runController(Object(App\Controllers\Pengurus\Departemen))
#6 C:\xampp\htdocs\bempnc\vendor\codeigniter4\framework\system\CodeIgniter.php(326): CodeIgniter\CodeIgniter->handleRequest(NULL, Object(Config\Cache), false)
#7 C:\xampp\htdocs\bempnc\public\index.php(37): CodeIgniter\CodeIgniter->run()
#8 C:\xampp\htdocs\bempnc\vendor\codeigniter4\framework\system\Commands\Server\rewrite.php(43): require_once('C:\\xampp\\htdocs...')
#9 {main}
CRITICAL - 2022-05-26 17:18:31 --> syntax error, unexpected 'echo' (T_ECHO)
#0 C:\xampp\htdocs\bempnc\vendor\codeigniter4\framework\system\Autoloader\Autoloader.php(241): CodeIgniter\Autoloader\Autoloader->includeFile('C:\\xampp\\htdocs...')
#1 C:\xampp\htdocs\bempnc\vendor\codeigniter4\framework\system\Autoloader\Autoloader.php(219): CodeIgniter\Autoloader\Autoloader->loadInNamespace('App\\Controllers...')
#2 [internal function]: CodeIgniter\Autoloader\Autoloader->loadClass('App\\Controllers...')
#3 [internal function]: spl_autoload_call('App\\Controllers...')
#4 C:\xampp\htdocs\bempnc\vendor\codeigniter4\framework\system\CodeIgniter.php(797): class_exists('\\App\\Controller...', true)
#5 C:\xampp\htdocs\bempnc\vendor\codeigniter4\framework\system\CodeIgniter.php(406): CodeIgniter\CodeIgniter->startController()
#6 C:\xampp\htdocs\bempnc\vendor\codeigniter4\framework\system\CodeIgniter.php(326): CodeIgniter\CodeIgniter->handleRequest(NULL, Object(Config\Cache), false)
#7 C:\xampp\htdocs\bempnc\public\index.php(37): CodeIgniter\CodeIgniter->run()
#8 C:\xampp\htdocs\bempnc\vendor\codeigniter4\framework\system\Commands\Server\rewrite.php(43): require_once('C:\\xampp\\htdocs...')
#9 {main}
CRITICAL - 2022-05-26 17:18:33 --> syntax error, unexpected 'echo' (T_ECHO)
#0 C:\xampp\htdocs\bempnc\vendor\codeigniter4\framework\system\Autoloader\Autoloader.php(241): CodeIgniter\Autoloader\Autoloader->includeFile('C:\\xampp\\htdocs...')
#1 C:\xampp\htdocs\bempnc\vendor\codeigniter4\framework\system\Autoloader\Autoloader.php(219): CodeIgniter\Autoloader\Autoloader->loadInNamespace('App\\Controllers...')
#2 [internal function]: CodeIgniter\Autoloader\Autoloader->loadClass('App\\Controllers...')
#3 [internal function]: spl_autoload_call('App\\Controllers...')
#4 C:\xampp\htdocs\bempnc\vendor\codeigniter4\framework\system\CodeIgniter.php(797): class_exists('\\App\\Controller...', true)
#5 C:\xampp\htdocs\bempnc\vendor\codeigniter4\framework\system\CodeIgniter.php(406): CodeIgniter\CodeIgniter->startController()
#6 C:\xampp\htdocs\bempnc\vendor\codeigniter4\framework\system\CodeIgniter.php(326): CodeIgniter\CodeIgniter->handleRequest(NULL, Object(Config\Cache), false)
#7 C:\xampp\htdocs\bempnc\public\index.php(37): CodeIgniter\CodeIgniter->run()
#8 C:\xampp\htdocs\bempnc\vendor\codeigniter4\framework\system\Commands\Server\rewrite.php(43): require_once('C:\\xampp\\htdocs...')
#9 {main}
CRITICAL - 2022-05-26 18:02:04 --> Cannot use empty array elements in arrays
#0 [internal function]: CodeIgniter\Debug\Exceptions->shutdownHandler()
#1 {main}
CRITICAL - 2022-05-26 20:08:34 --> Undefined variable: curr_page
#0 C:\xampp\htdocs\bempnc\app\Views\backend-template\right-side.php(5): CodeIgniter\Debug\Exceptions->errorHandler(8, 'Undefined varia...', 'C:\\xampp\\htdocs...', 5, Array)
#1 C:\xampp\htdocs\bempnc\vendor\codeigniter4\framework\system\View\View.php(210): include('C:\\xampp\\htdocs...')
#2 C:\xampp\htdocs\bempnc\vendor\codeigniter4\framework\system\View\View.php(213): CodeIgniter\View\View->CodeIgniter\View\{closure}()
#3 C:\xampp\htdocs\bempnc\vendor\codeigniter4\framework\system\View\View.php(424): CodeIgniter\View\View->render('\\backend-templa...', NULL, true)
#4 C:\xampp\htdocs\bempnc\app\Views\backend-template\index.php(16): CodeIgniter\View\View->include('\\backend-templa...')
#5 C:\xampp\htdocs\bempnc\vendor\codeigniter4\framework\system\View\View.php(210): include('C:\\xampp\\htdocs...')
#6 C:\xampp\htdocs\bempnc\vendor\codeigniter4\framework\system\View\View.php(213): CodeIgniter\View\View->CodeIgniter\View\{closure}()
#7 C:\xampp\htdocs\bempnc\vendor\codeigniter4\framework\system\View\View.php(226): CodeIgniter\View\View->render('\\backend-templa...', Array, true)
#8 C:\xampp\htdocs\bempnc\vendor\codeigniter4\framework\system\Common.php(1089): CodeIgniter\View\View->render('pengurus/dashbo...', Array, true)
#9 C:\xampp\htdocs\bempnc\app\Controllers\Pengurus\Dashboard.php(16): view('pengurus/dashbo...', Array)
#10 C:\xampp\htdocs\bempnc\vendor\codeigniter4\framework\system\CodeIgniter.php(832): App\Controllers\Pengurus\Dashboard->index()
#11 C:\xampp\htdocs\bempnc\vendor\codeigniter4\framework\system\CodeIgniter.php(419): CodeIgniter\CodeIgniter->runController(Object(App\Controllers\Pengurus\Dashboard))
#12 C:\xampp\htdocs\bempnc\vendor\codeigniter4\framework\system\CodeIgniter.php(326): CodeIgniter\CodeIgniter->handleRequest(NULL, Object(Config\Cache), false)
#13 C:\xampp\htdocs\bempnc\public\index.php(37): CodeIgniter\CodeIgniter->run()
#14 C:\xampp\htdocs\bempnc\vendor\codeigniter4\framework\system\Commands\Server\rewrite.php(43): require_once('C:\\xampp\\htdocs...')
#15 {main}
CRITICAL - 2022-05-26 20:09:30 --> Undefined variable: curr_page
#0 C:\xampp\htdocs\bempnc\app\Views\backend-template\right-side.php(5): CodeIgniter\Debug\Exceptions->errorHandler(8, 'Undefined varia...', 'C:\\xampp\\htdocs...', 5, Array)
#1 C:\xampp\htdocs\bempnc\vendor\codeigniter4\framework\system\View\View.php(210): include('C:\\xampp\\htdocs...')
#2 C:\xampp\htdocs\bempnc\vendor\codeigniter4\framework\system\View\View.php(213): CodeIgniter\View\View->CodeIgniter\View\{closure}()
#3 C:\xampp\htdocs\bempnc\vendor\codeigniter4\framework\system\View\View.php(424): CodeIgniter\View\View->render('\\backend-templa...', NULL, true)
#4 C:\xampp\htdocs\bempnc\app\Views\backend-template\index.php(16): CodeIgniter\View\View->include('\\backend-templa...')
#5 C:\xampp\htdocs\bempnc\vendor\codeigniter4\framework\system\View\View.php(210): include('C:\\xampp\\htdocs...')
#6 C:\xampp\htdocs\bempnc\vendor\codeigniter4\framework\system\View\View.php(213): CodeIgniter\View\View->CodeIgniter\View\{closure}()
#7 C:\xampp\htdocs\bempnc\vendor\codeigniter4\framework\system\View\View.php(226): CodeIgniter\View\View->render('\\backend-templa...', Array, true)
#8 C:\xampp\htdocs\bempnc\vendor\codeigniter4\framework\system\Common.php(1089): CodeIgniter\View\View->render('pengurus/dashbo...', Array, true)
#9 C:\xampp\htdocs\bempnc\app\Controllers\Pengurus\Dashboard.php(16): view('pengurus/dashbo...', Array)
#10 C:\xampp\htdocs\bempnc\vendor\codeigniter4\framework\system\CodeIgniter.php(832): App\Controllers\Pengurus\Dashboard->index()
#11 C:\xampp\htdocs\bempnc\vendor\codeigniter4\framework\system\CodeIgniter.php(419): CodeIgniter\CodeIgniter->runController(Object(App\Controllers\Pengurus\Dashboard))
#12 C:\xampp\htdocs\bempnc\vendor\codeigniter4\framework\system\CodeIgniter.php(326): CodeIgniter\CodeIgniter->handleRequest(NULL, Object(Config\Cache), false)
#13 C:\xampp\htdocs\bempnc\public\index.php(37): CodeIgniter\CodeIgniter->run()
#14 C:\xampp\htdocs\bempnc\vendor\codeigniter4\framework\system\Commands\Server\rewrite.php(43): require_once('C:\\xampp\\htdocs...')
#15 {main}
CRITICAL - 2022-05-26 21:58:28 --> Call to a member function getError() on null
#0 C:\xampp\htdocs\bempnc\vendor\codeigniter4\framework\system\CodeIgniter.php(832): App\Controllers\Pengurus\Departemen->save()
#1 C:\xampp\htdocs\bempnc\vendor\codeigniter4\framework\system\CodeIgniter.php(419): CodeIgniter\CodeIgniter->runController(Object(App\Controllers\Pengurus\Departemen))
#2 C:\xampp\htdocs\bempnc\vendor\codeigniter4\framework\system\CodeIgniter.php(326): CodeIgniter\CodeIgniter->handleRequest(NULL, Object(Config\Cache), false)
#3 C:\xampp\htdocs\bempnc\public\index.php(37): CodeIgniter\CodeIgniter->run()
#4 C:\xampp\htdocs\bempnc\vendor\codeigniter4\framework\system\Commands\Server\rewrite.php(43): require_once('C:\\xampp\\htdocs...')
#5 {main}
