ERROR - 2022-07-17 05:27:26 --> Table 'bempnc_2.user_menus' doesn't exist
CRITICAL - 2022-07-17 05:27:26 --> Table 'bempnc_2.user_menus' doesn't exist
#0 C:\xampp\htdocs\bempnc-1\vendor\codeigniter4\framework\system\Database\MySQLi\Connection.php(292): mysqli->query('SELECT *\nFROM `...', 0)
#1 C:\xampp\htdocs\bempnc-1\vendor\codeigniter4\framework\system\Database\BaseConnection.php(670): CodeIgniter\Database\MySQLi\Connection->execute('SELECT *\nFROM `...')
#2 C:\xampp\htdocs\bempnc-1\vendor\codeigniter4\framework\system\Database\BaseConnection.php(598): CodeIgniter\Database\BaseConnection->simpleQuery('SELECT *\nFROM `...')
#3 C:\xampp\htdocs\bempnc-1\vendor\codeigniter4\framework\system\Database\BaseBuilder.php(1455): CodeIgniter\Database\BaseConnection->query('SELECT *\nFROM `...', Array, false)
#4 C:\xampp\htdocs\bempnc-1\app\Views\backend-template\navbar.php(17): CodeIgniter\Database\BaseBuilder->get()
#5 C:\xampp\htdocs\bempnc-1\vendor\codeigniter4\framework\system\View\View.php(210): include('C:\\xampp\\htdocs...')
#6 C:\xampp\htdocs\bempnc-1\vendor\codeigniter4\framework\system\View\View.php(213): CodeIgniter\View\View->CodeIgniter\View\{closure}()
#7 C:\xampp\htdocs\bempnc-1\vendor\codeigniter4\framework\system\View\View.php(424): CodeIgniter\View\View->render('\\backend-templa...', NULL, true)
#8 C:\xampp\htdocs\bempnc-1\app\Views\backend-template\index.php(16): CodeIgniter\View\View->include('\\backend-templa...')
#9 C:\xampp\htdocs\bempnc-1\vendor\codeigniter4\framework\system\View\View.php(210): include('C:\\xampp\\htdocs...')
#10 C:\xampp\htdocs\bempnc-1\vendor\codeigniter4\framework\system\View\View.php(213): CodeIgniter\View\View->CodeIgniter\View\{closure}()
#11 C:\xampp\htdocs\bempnc-1\vendor\codeigniter4\framework\system\View\View.php(226): CodeIgniter\View\View->render('\\backend-templa...', Array, true)
#12 C:\xampp\htdocs\bempnc-1\vendor\codeigniter4\framework\system\Common.php(1089): CodeIgniter\View\View->render('users/index', Array, true)
#13 C:\xampp\htdocs\bempnc-1\app\Controllers\Users.php(29): view('users/index', Array)
#14 C:\xampp\htdocs\bempnc-1\vendor\codeigniter4\framework\system\CodeIgniter.php(832): App\Controllers\Users->index()
#15 C:\xampp\htdocs\bempnc-1\vendor\codeigniter4\framework\system\CodeIgniter.php(419): CodeIgniter\CodeIgniter->runController(Object(App\Controllers\Users))
#16 C:\xampp\htdocs\bempnc-1\vendor\codeigniter4\framework\system\CodeIgniter.php(326): CodeIgniter\CodeIgniter->handleRequest(NULL, Object(Config\Cache), false)
#17 C:\xampp\htdocs\bempnc-1\public\index.php(37): CodeIgniter\CodeIgniter->run()
#18 C:\xampp\htdocs\bempnc-1\vendor\codeigniter4\framework\system\Commands\Server\rewrite.php(43): require_once('C:\\xampp\\htdocs...')
#19 {main}
CRITICAL - 2022-07-17 05:32:30 --> implode(): Invalid arguments passed
#0 [internal function]: CodeIgniter\Debug\Exceptions->errorHandler(2, 'implode(): Inva...', 'C:\\xampp\\htdocs...', 50, Array)
#1 C:\xampp\htdocs\bempnc-1\app\Controllers\Users.php(50): implode(',', NULL)
#2 C:\xampp\htdocs\bempnc-1\vendor\codeigniter4\framework\system\CodeIgniter.php(832): App\Controllers\Users->save()
#3 C:\xampp\htdocs\bempnc-1\vendor\codeigniter4\framework\system\CodeIgniter.php(419): CodeIgniter\CodeIgniter->runController(Object(App\Controllers\Users))
#4 C:\xampp\htdocs\bempnc-1\vendor\codeigniter4\framework\system\CodeIgniter.php(326): CodeIgniter\CodeIgniter->handleRequest(NULL, Object(Config\Cache), false)
#5 C:\xampp\htdocs\bempnc-1\public\index.php(37): CodeIgniter\CodeIgniter->run()
#6 C:\xampp\htdocs\bempnc-1\vendor\codeigniter4\framework\system\Commands\Server\rewrite.php(43): require_once('C:\\xampp\\htdocs...')
#7 {main}
CRITICAL - 2022-07-17 05:34:40 --> implode(): Invalid arguments passed
#0 [internal function]: CodeIgniter\Debug\Exceptions->errorHandler(2, 'implode(): Inva...', 'C:\\xampp\\htdocs...', 50, Array)
#1 C:\xampp\htdocs\bempnc-1\app\Controllers\Users.php(50): implode(',', NULL)
#2 C:\xampp\htdocs\bempnc-1\vendor\codeigniter4\framework\system\CodeIgniter.php(832): App\Controllers\Users->save()
#3 C:\xampp\htdocs\bempnc-1\vendor\codeigniter4\framework\system\CodeIgniter.php(419): CodeIgniter\CodeIgniter->runController(Object(App\Controllers\Users))
#4 C:\xampp\htdocs\bempnc-1\vendor\codeigniter4\framework\system\CodeIgniter.php(326): CodeIgniter\CodeIgniter->handleRequest(NULL, Object(Config\Cache), false)
#5 C:\xampp\htdocs\bempnc-1\public\index.php(37): CodeIgniter\CodeIgniter->run()
#6 C:\xampp\htdocs\bempnc-1\vendor\codeigniter4\framework\system\Commands\Server\rewrite.php(43): require_once('C:\\xampp\\htdocs...')
#7 {main}
ERROR - 2022-07-17 10:01:12 --> Error connecting to the database: Class 'SQLite3' not found
ERROR - 2022-07-17 10:02:24 --> Error connecting to the database: Class 'SQLite3' not found
ERROR - 2022-07-17 10:26:26 --> You have an error in your SQL syntax; check the manual that corresponds to your MariaDB server version for the right syntax to use near '0, 1, 2, 3, 4, 5, 6, 7, 8, 9, 10, 11, 12) VALUES (:0:, :1:, :2:, :3:, :4:, :5...' at line 1
CRITICAL - 2022-07-17 15:53:19 --> Trying to access array offset on value of type null
#0 C:\xampp\htdocs\bempnc-1\app\Controllers\Users.php(134): CodeIgniter\Debug\Exceptions->errorHandler(8, 'Trying to acces...', 'C:\\xampp\\htdocs...', 134, Array)
#1 C:\xampp\htdocs\bempnc-1\vendor\codeigniter4\framework\system\CodeIgniter.php(832): App\Controllers\Users->edit('4')
#2 C:\xampp\htdocs\bempnc-1\vendor\codeigniter4\framework\system\CodeIgniter.php(419): CodeIgniter\CodeIgniter->runController(Object(App\Controllers\Users))
#3 C:\xampp\htdocs\bempnc-1\vendor\codeigniter4\framework\system\CodeIgniter.php(326): CodeIgniter\CodeIgniter->handleRequest(NULL, Object(Config\Cache), false)
#4 C:\xampp\htdocs\bempnc-1\public\index.php(37): CodeIgniter\CodeIgniter->run()
#5 C:\xampp\htdocs\bempnc-1\vendor\codeigniter4\framework\system\Commands\Server\rewrite.php(43): require_once('C:\\xampp\\htdocs...')
#6 {main}
