CRITICAL - 2022-08-12 00:34:53 --> The file uploaded with success.(0)
#0 C:\xampp\htdocs\bempnc-1\vendor\codeigniter4\framework\system\CodeIgniter.php(832): App\Controllers\Archives->insert()
#1 C:\xampp\htdocs\bempnc-1\vendor\codeigniter4\framework\system\CodeIgniter.php(419): CodeIgniter\CodeIgniter->runController(Object(App\Controllers\Archives))
#2 C:\xampp\htdocs\bempnc-1\vendor\codeigniter4\framework\system\CodeIgniter.php(326): CodeIgniter\CodeIgniter->handleRequest(NULL, Object(Config\Cache), false)
#3 C:\xampp\htdocs\bempnc-1\public\index.php(37): CodeIgniter\CodeIgniter->run()
#4 C:\xampp\htdocs\bempnc-1\vendor\codeigniter4\framework\system\Commands\Server\rewrite.php(43): require_once('C:\\xampp\\htdocs...')
#5 {main}
CRITICAL - 2022-08-12 06:48:04 --> Cannot declare class App\Controllers\Archivess, because the name is already in use
#0 [internal function]: CodeIgniter\Debug\Exceptions->shutdownHandler()
#1 {main}
CRITICAL - 2022-08-12 06:56:14 --> Undefined variable: card
#0 C:\xampp\htdocs\bempnc-1\app\Views\archives\edit.php(17): CodeIgniter\Debug\Exceptions->errorHandler(8, 'Undefined varia...', 'C:\\xampp\\htdocs...', 17, Array)
#1 C:\xampp\htdocs\bempnc-1\vendor\codeigniter4\framework\system\View\View.php(210): include('C:\\xampp\\htdocs...')
#2 C:\xampp\htdocs\bempnc-1\vendor\codeigniter4\framework\system\View\View.php(213): CodeIgniter\View\View->CodeIgniter\View\{closure}()
#3 C:\xampp\htdocs\bempnc-1\vendor\codeigniter4\framework\system\Common.php(1089): CodeIgniter\View\View->render('archives/edit', Array, true)
#4 C:\xampp\htdocs\bempnc-1\app\Controllers\Archives.php(124): view('archives/edit', Array)
#5 C:\xampp\htdocs\bempnc-1\vendor\codeigniter4\framework\system\CodeIgniter.php(832): App\Controllers\Archives->edit('2')
#6 C:\xampp\htdocs\bempnc-1\vendor\codeigniter4\framework\system\CodeIgniter.php(419): CodeIgniter\CodeIgniter->runController(Object(App\Controllers\Archives))
#7 C:\xampp\htdocs\bempnc-1\vendor\codeigniter4\framework\system\CodeIgniter.php(326): CodeIgniter\CodeIgniter->handleRequest(NULL, Object(Config\Cache), false)
#8 C:\xampp\htdocs\bempnc-1\public\index.php(37): CodeIgniter\CodeIgniter->run()
#9 C:\xampp\htdocs\bempnc-1\vendor\codeigniter4\framework\system\Commands\Server\rewrite.php(43): require_once('C:\\xampp\\htdocs...')
#10 {main}
ERROR - 2022-08-12 11:50:25 --> You have an error in your SQL syntax; check the manual that corresponds to your MariaDB server version for the right syntax to use near ':0:
AND 1 = :1:
AND `archives`.`deleted_at` IS NULL
 LIMIT 1' at line 3
CRITICAL - 2022-08-12 11:50:25 --> You have an error in your SQL syntax; check the manual that corresponds to your MariaDB server version for the right syntax to use near ':0:
AND 1 = :1:
AND `archives`.`deleted_at` IS NULL
 LIMIT 1' at line 3
#0 C:\xampp\htdocs\bempnc-1\vendor\codeigniter4\framework\system\Database\MySQLi\Connection.php(292): mysqli->query('SELECT *\nFROM `...', 0)
#1 C:\xampp\htdocs\bempnc-1\vendor\codeigniter4\framework\system\Database\BaseConnection.php(670): CodeIgniter\Database\MySQLi\Connection->execute('SELECT *\nFROM `...')
#2 C:\xampp\htdocs\bempnc-1\vendor\codeigniter4\framework\system\Database\BaseConnection.php(598): CodeIgniter\Database\BaseConnection->simpleQuery('SELECT *\nFROM `...')
#3 C:\xampp\htdocs\bempnc-1\vendor\codeigniter4\framework\system\Database\BaseBuilder.php(1455): CodeIgniter\Database\BaseConnection->query('SELECT *\nFROM `...', Array, false)
#4 C:\xampp\htdocs\bempnc-1\vendor\codeigniter4\framework\system\Model.php(210): CodeIgniter\Database\BaseBuilder->get()
#5 C:\xampp\htdocs\bempnc-1\vendor\codeigniter4\framework\system\BaseModel.php(622): CodeIgniter\Model->doFirst()
#6 C:\xampp\htdocs\bempnc-1\app\Controllers\Archives.php(273): CodeIgniter\BaseModel->first()
#7 C:\xampp\htdocs\bempnc-1\vendor\codeigniter4\framework\system\CodeIgniter.php(832): App\Controllers\Archives->detail('terhapus')
#8 C:\xampp\htdocs\bempnc-1\vendor\codeigniter4\framework\system\CodeIgniter.php(419): CodeIgniter\CodeIgniter->runController(Object(App\Controllers\Archives))
#9 C:\xampp\htdocs\bempnc-1\vendor\codeigniter4\framework\system\CodeIgniter.php(326): CodeIgniter\CodeIgniter->handleRequest(NULL, Object(Config\Cache), false)
#10 C:\xampp\htdocs\bempnc-1\public\index.php(37): CodeIgniter\CodeIgniter->run()
#11 C:\xampp\htdocs\bempnc-1\vendor\codeigniter4\framework\system\Commands\Server\rewrite.php(43): require_once('C:\\xampp\\htdocs...')
#12 {main}
CRITICAL - 2022-08-12 12:01:16 --> Undefined property: App\Controllers\Collection::$cat_model
#0 C:\xampp\htdocs\bempnc-1\app\Controllers\Collection.php(15): CodeIgniter\Debug\Exceptions->errorHandler(8, 'Undefined prope...', 'C:\\xampp\\htdocs...', 15, Array)
#1 C:\xampp\htdocs\bempnc-1\vendor\codeigniter4\framework\system\CodeIgniter.php(832): App\Controllers\Collection->index()
#2 C:\xampp\htdocs\bempnc-1\vendor\codeigniter4\framework\system\CodeIgniter.php(419): CodeIgniter\CodeIgniter->runController(Object(App\Controllers\Collection))
#3 C:\xampp\htdocs\bempnc-1\vendor\codeigniter4\framework\system\CodeIgniter.php(326): CodeIgniter\CodeIgniter->handleRequest(NULL, Object(Config\Cache), false)
#4 C:\xampp\htdocs\bempnc-1\public\index.php(37): CodeIgniter\CodeIgniter->run()
#5 C:\xampp\htdocs\bempnc-1\vendor\codeigniter4\framework\system\Commands\Server\rewrite.php(43): require_once('C:\\xampp\\htdocs...')
#6 {main}
CRITICAL - 2022-08-12 12:20:40 --> Too few arguments to function App\Controllers\Collection::getListArc(), 0 passed in C:\xampp\htdocs\bempnc-1\vendor\codeigniter4\framework\system\CodeIgniter.php on line 832 and exactly 1 expected
#0 C:\xampp\htdocs\bempnc-1\vendor\codeigniter4\framework\system\CodeIgniter.php(832): App\Controllers\Collection->getListArc()
#1 C:\xampp\htdocs\bempnc-1\vendor\codeigniter4\framework\system\CodeIgniter.php(419): CodeIgniter\CodeIgniter->runController(Object(App\Controllers\Collection))
#2 C:\xampp\htdocs\bempnc-1\vendor\codeigniter4\framework\system\CodeIgniter.php(326): CodeIgniter\CodeIgniter->handleRequest(NULL, Object(Config\Cache), false)
#3 C:\xampp\htdocs\bempnc-1\public\index.php(37): CodeIgniter\CodeIgniter->run()
#4 C:\xampp\htdocs\bempnc-1\vendor\codeigniter4\framework\system\Commands\Server\rewrite.php(43): require_once('C:\\xampp\\htdocs...')
#5 {main}
CRITICAL - 2022-08-12 15:22:14 --> Trying to access array offset on value of type null
#0 C:\xampp\htdocs\bempnc-1\app\Views\collection\detail.php(19): CodeIgniter\Debug\Exceptions->errorHandler(8, 'Trying to acces...', 'C:\\xampp\\htdocs...', 19, Array)
#1 C:\xampp\htdocs\bempnc-1\vendor\codeigniter4\framework\system\View\View.php(210): include('C:\\xampp\\htdocs...')
#2 C:\xampp\htdocs\bempnc-1\vendor\codeigniter4\framework\system\View\View.php(213): CodeIgniter\View\View->CodeIgniter\View\{closure}()
#3 C:\xampp\htdocs\bempnc-1\vendor\codeigniter4\framework\system\Common.php(1089): CodeIgniter\View\View->render('collection/deta...', Array, true)
#4 C:\xampp\htdocs\bempnc-1\app\Controllers\Collection.php(60): view('collection/deta...', Array)
#5 C:\xampp\htdocs\bempnc-1\vendor\codeigniter4\framework\system\CodeIgniter.php(832): App\Controllers\Collection->detail('frameborder=')
#6 C:\xampp\htdocs\bempnc-1\vendor\codeigniter4\framework\system\CodeIgniter.php(419): CodeIgniter\CodeIgniter->runController(Object(App\Controllers\Collection))
#7 C:\xampp\htdocs\bempnc-1\vendor\codeigniter4\framework\system\CodeIgniter.php(326): CodeIgniter\CodeIgniter->handleRequest(NULL, Object(Config\Cache), false)
#8 C:\xampp\htdocs\bempnc-1\public\index.php(37): CodeIgniter\CodeIgniter->run()
#9 C:\xampp\htdocs\bempnc-1\vendor\codeigniter4\framework\system\Commands\Server\rewrite.php(43): require_once('C:\\xampp\\htdocs...')
#10 {main}
CRITICAL - 2022-08-12 16:14:07 --> Undefined index: cat_name
#0 C:\xampp\htdocs\bempnc-1\app\Views\collection\detail.php(24): CodeIgniter\Debug\Exceptions->errorHandler(8, 'Undefined index...', 'C:\\xampp\\htdocs...', 24, Array)
#1 C:\xampp\htdocs\bempnc-1\vendor\codeigniter4\framework\system\View\View.php(210): include('C:\\xampp\\htdocs...')
#2 C:\xampp\htdocs\bempnc-1\vendor\codeigniter4\framework\system\View\View.php(213): CodeIgniter\View\View->CodeIgniter\View\{closure}()
#3 C:\xampp\htdocs\bempnc-1\vendor\codeigniter4\framework\system\Common.php(1089): CodeIgniter\View\View->render('collection/deta...', Array, true)
#4 C:\xampp\htdocs\bempnc-1\app\Controllers\Collection.php(58): view('collection/deta...', Array)
#5 C:\xampp\htdocs\bempnc-1\vendor\codeigniter4\framework\system\CodeIgniter.php(832): App\Controllers\Collection->detail('1660332441_e9b1...')
#6 C:\xampp\htdocs\bempnc-1\vendor\codeigniter4\framework\system\CodeIgniter.php(419): CodeIgniter\CodeIgniter->runController(Object(App\Controllers\Collection))
#7 C:\xampp\htdocs\bempnc-1\vendor\codeigniter4\framework\system\CodeIgniter.php(326): CodeIgniter\CodeIgniter->handleRequest(NULL, Object(Config\Cache), false)
#8 C:\xampp\htdocs\bempnc-1\public\index.php(37): CodeIgniter\CodeIgniter->run()
#9 C:\xampp\htdocs\bempnc-1\vendor\codeigniter4\framework\system\Commands\Server\rewrite.php(43): require_once('C:\\xampp\\htdocs...')
#10 {main}
CRITICAL - 2022-08-12 16:16:19 --> Trying to access array offset on value of type null
#0 C:\xampp\htdocs\bempnc-1\app\Views\collection\detail.php(19): CodeIgniter\Debug\Exceptions->errorHandler(8, 'Trying to acces...', 'C:\\xampp\\htdocs...', 19, Array)
#1 C:\xampp\htdocs\bempnc-1\vendor\codeigniter4\framework\system\View\View.php(210): include('C:\\xampp\\htdocs...')
#2 C:\xampp\htdocs\bempnc-1\vendor\codeigniter4\framework\system\View\View.php(213): CodeIgniter\View\View->CodeIgniter\View\{closure}()
#3 C:\xampp\htdocs\bempnc-1\vendor\codeigniter4\framework\system\Common.php(1089): CodeIgniter\View\View->render('collection/deta...', Array, true)
#4 C:\xampp\htdocs\bempnc-1\app\Controllers\Collection.php(60): view('collection/deta...', Array)
#5 C:\xampp\htdocs\bempnc-1\vendor\codeigniter4\framework\system\CodeIgniter.php(832): App\Controllers\Collection->detail('frameborder=')
#6 C:\xampp\htdocs\bempnc-1\vendor\codeigniter4\framework\system\CodeIgniter.php(419): CodeIgniter\CodeIgniter->runController(Object(App\Controllers\Collection))
#7 C:\xampp\htdocs\bempnc-1\vendor\codeigniter4\framework\system\CodeIgniter.php(326): CodeIgniter\CodeIgniter->handleRequest(NULL, Object(Config\Cache), false)
#8 C:\xampp\htdocs\bempnc-1\public\index.php(37): CodeIgniter\CodeIgniter->run()
#9 C:\xampp\htdocs\bempnc-1\vendor\codeigniter4\framework\system\Commands\Server\rewrite.php(43): require_once('C:\\xampp\\htdocs...')
#10 {main}
CRITICAL - 2022-08-12 16:17:17 --> Trying to access array offset on value of type null
#0 C:\xampp\htdocs\bempnc-1\app\Views\collection\detail.php(19): CodeIgniter\Debug\Exceptions->errorHandler(8, 'Trying to acces...', 'C:\\xampp\\htdocs...', 19, Array)
#1 C:\xampp\htdocs\bempnc-1\vendor\codeigniter4\framework\system\View\View.php(210): include('C:\\xampp\\htdocs...')
#2 C:\xampp\htdocs\bempnc-1\vendor\codeigniter4\framework\system\View\View.php(213): CodeIgniter\View\View->CodeIgniter\View\{closure}()
#3 C:\xampp\htdocs\bempnc-1\vendor\codeigniter4\framework\system\Common.php(1089): CodeIgniter\View\View->render('collection/deta...', Array, true)
#4 C:\xampp\htdocs\bempnc-1\app\Controllers\Collection.php(60): view('collection/deta...', Array)
#5 C:\xampp\htdocs\bempnc-1\vendor\codeigniter4\framework\system\CodeIgniter.php(832): App\Controllers\Collection->detail('frameborder=')
#6 C:\xampp\htdocs\bempnc-1\vendor\codeigniter4\framework\system\CodeIgniter.php(419): CodeIgniter\CodeIgniter->runController(Object(App\Controllers\Collection))
#7 C:\xampp\htdocs\bempnc-1\vendor\codeigniter4\framework\system\CodeIgniter.php(326): CodeIgniter\CodeIgniter->handleRequest(NULL, Object(Config\Cache), false)
#8 C:\xampp\htdocs\bempnc-1\public\index.php(37): CodeIgniter\CodeIgniter->run()
#9 C:\xampp\htdocs\bempnc-1\vendor\codeigniter4\framework\system\Commands\Server\rewrite.php(43): require_once('C:\\xampp\\htdocs...')
#10 {main}
CRITICAL - 2022-08-12 16:18:25 --> Trying to access array offset on value of type null
#0 C:\xampp\htdocs\bempnc-1\app\Views\collection\detail.php(19): CodeIgniter\Debug\Exceptions->errorHandler(8, 'Trying to acces...', 'C:\\xampp\\htdocs...', 19, Array)
#1 C:\xampp\htdocs\bempnc-1\vendor\codeigniter4\framework\system\View\View.php(210): include('C:\\xampp\\htdocs...')
#2 C:\xampp\htdocs\bempnc-1\vendor\codeigniter4\framework\system\View\View.php(213): CodeIgniter\View\View->CodeIgniter\View\{closure}()
#3 C:\xampp\htdocs\bempnc-1\vendor\codeigniter4\framework\system\Common.php(1089): CodeIgniter\View\View->render('collection/deta...', Array, true)
#4 C:\xampp\htdocs\bempnc-1\app\Controllers\Collection.php(60): view('collection/deta...', Array)
#5 C:\xampp\htdocs\bempnc-1\vendor\codeigniter4\framework\system\CodeIgniter.php(832): App\Controllers\Collection->detail('frameborder=')
#6 C:\xampp\htdocs\bempnc-1\vendor\codeigniter4\framework\system\CodeIgniter.php(419): CodeIgniter\CodeIgniter->runController(Object(App\Controllers\Collection))
#7 C:\xampp\htdocs\bempnc-1\vendor\codeigniter4\framework\system\CodeIgniter.php(326): CodeIgniter\CodeIgniter->handleRequest(NULL, Object(Config\Cache), false)
#8 C:\xampp\htdocs\bempnc-1\public\index.php(37): CodeIgniter\CodeIgniter->run()
#9 C:\xampp\htdocs\bempnc-1\vendor\codeigniter4\framework\system\Commands\Server\rewrite.php(43): require_once('C:\\xampp\\htdocs...')
#10 {main}
CRITICAL - 2022-08-12 16:18:31 --> Trying to access array offset on value of type null
#0 C:\xampp\htdocs\bempnc-1\app\Views\collection\detail.php(19): CodeIgniter\Debug\Exceptions->errorHandler(8, 'Trying to acces...', 'C:\\xampp\\htdocs...', 19, Array)
#1 C:\xampp\htdocs\bempnc-1\vendor\codeigniter4\framework\system\View\View.php(210): include('C:\\xampp\\htdocs...')
#2 C:\xampp\htdocs\bempnc-1\vendor\codeigniter4\framework\system\View\View.php(213): CodeIgniter\View\View->CodeIgniter\View\{closure}()
#3 C:\xampp\htdocs\bempnc-1\vendor\codeigniter4\framework\system\Common.php(1089): CodeIgniter\View\View->render('collection/deta...', Array, true)
#4 C:\xampp\htdocs\bempnc-1\app\Controllers\Collection.php(60): view('collection/deta...', Array)
#5 C:\xampp\htdocs\bempnc-1\vendor\codeigniter4\framework\system\CodeIgniter.php(832): App\Controllers\Collection->detail('frameborder=')
#6 C:\xampp\htdocs\bempnc-1\vendor\codeigniter4\framework\system\CodeIgniter.php(419): CodeIgniter\CodeIgniter->runController(Object(App\Controllers\Collection))
#7 C:\xampp\htdocs\bempnc-1\vendor\codeigniter4\framework\system\CodeIgniter.php(326): CodeIgniter\CodeIgniter->handleRequest(NULL, Object(Config\Cache), false)
#8 C:\xampp\htdocs\bempnc-1\public\index.php(37): CodeIgniter\CodeIgniter->run()
#9 C:\xampp\htdocs\bempnc-1\vendor\codeigniter4\framework\system\Commands\Server\rewrite.php(43): require_once('C:\\xampp\\htdocs...')
#10 {main}
CRITICAL - 2022-08-12 16:27:44 --> File not found: /arsip/Laporan Pertanggungjawaban Diesnatalis BEM
#0 C:\xampp\htdocs\bempnc-1\vendor\codeigniter4\framework\system\Files\File.php(46): CodeIgniter\Files\Exceptions\FileNotFoundException::forFileNotFound('/arsip/Laporan ...')
#1 C:\xampp\htdocs\bempnc-1\vendor\codeigniter4\framework\system\HTTP\DownloadResponse.php(107): CodeIgniter\Files\File->__construct('/arsip/Laporan ...', true)
#2 C:\xampp\htdocs\bempnc-1\vendor\codeigniter4\framework\system\HTTP\ResponseTrait.php(774): CodeIgniter\HTTP\DownloadResponse->setFilePath('/arsip/Laporan ...')
#3 C:\xampp\htdocs\bempnc-1\app\Controllers\Collection.php(70): CodeIgniter\HTTP\Response->download('Laporan Pertang...', NULL)
#4 C:\xampp\htdocs\bempnc-1\vendor\codeigniter4\framework\system\CodeIgniter.php(832): App\Controllers\Collection->download('1660332441_e9b1...')
#5 C:\xampp\htdocs\bempnc-1\vendor\codeigniter4\framework\system\CodeIgniter.php(419): CodeIgniter\CodeIgniter->runController(Object(App\Controllers\Collection))
#6 C:\xampp\htdocs\bempnc-1\vendor\codeigniter4\framework\system\CodeIgniter.php(326): CodeIgniter\CodeIgniter->handleRequest(NULL, Object(Config\Cache), false)
#7 C:\xampp\htdocs\bempnc-1\public\index.php(37): CodeIgniter\CodeIgniter->run()
#8 C:\xampp\htdocs\bempnc-1\vendor\codeigniter4\framework\system\Commands\Server\rewrite.php(43): require_once('C:\\xampp\\htdocs...')
#9 {main}
CRITICAL - 2022-08-12 16:28:12 --> File not found: C:\xampp\htdocs\bempnc-1\public/arsip/Laporan Pertanggungjawaban Diesnatalis BEM
#0 C:\xampp\htdocs\bempnc-1\vendor\codeigniter4\framework\system\Files\File.php(46): CodeIgniter\Files\Exceptions\FileNotFoundException::forFileNotFound('C:\\xampp\\htdocs...')
#1 C:\xampp\htdocs\bempnc-1\vendor\codeigniter4\framework\system\HTTP\DownloadResponse.php(107): CodeIgniter\Files\File->__construct('C:\\xampp\\htdocs...', true)
#2 C:\xampp\htdocs\bempnc-1\vendor\codeigniter4\framework\system\HTTP\ResponseTrait.php(774): CodeIgniter\HTTP\DownloadResponse->setFilePath('C:\\xampp\\htdocs...')
#3 C:\xampp\htdocs\bempnc-1\app\Controllers\Collection.php(70): CodeIgniter\HTTP\Response->download('Laporan Pertang...', NULL)
#4 C:\xampp\htdocs\bempnc-1\vendor\codeigniter4\framework\system\CodeIgniter.php(832): App\Controllers\Collection->download('1660332441_e9b1...')
#5 C:\xampp\htdocs\bempnc-1\vendor\codeigniter4\framework\system\CodeIgniter.php(419): CodeIgniter\CodeIgniter->runController(Object(App\Controllers\Collection))
#6 C:\xampp\htdocs\bempnc-1\vendor\codeigniter4\framework\system\CodeIgniter.php(326): CodeIgniter\CodeIgniter->handleRequest(NULL, Object(Config\Cache), false)
#7 C:\xampp\htdocs\bempnc-1\public\index.php(37): CodeIgniter\CodeIgniter->run()
#8 C:\xampp\htdocs\bempnc-1\vendor\codeigniter4\framework\system\Commands\Server\rewrite.php(43): require_once('C:\\xampp\\htdocs...')
#9 {main}
CRITICAL - 2022-08-12 16:28:28 --> File not found: C:\xampp\htdocs\bempnc-1\writable\public/arsip/Laporan Pertanggungjawaban Diesnatalis BEM
#0 C:\xampp\htdocs\bempnc-1\vendor\codeigniter4\framework\system\Files\File.php(46): CodeIgniter\Files\Exceptions\FileNotFoundException::forFileNotFound('C:\\xampp\\htdocs...')
#1 C:\xampp\htdocs\bempnc-1\vendor\codeigniter4\framework\system\HTTP\DownloadResponse.php(107): CodeIgniter\Files\File->__construct('C:\\xampp\\htdocs...', true)
#2 C:\xampp\htdocs\bempnc-1\vendor\codeigniter4\framework\system\HTTP\ResponseTrait.php(774): CodeIgniter\HTTP\DownloadResponse->setFilePath('C:\\xampp\\htdocs...')
#3 C:\xampp\htdocs\bempnc-1\app\Controllers\Collection.php(70): CodeIgniter\HTTP\Response->download('Laporan Pertang...', NULL)
#4 C:\xampp\htdocs\bempnc-1\vendor\codeigniter4\framework\system\CodeIgniter.php(832): App\Controllers\Collection->download('1660332441_e9b1...')
#5 C:\xampp\htdocs\bempnc-1\vendor\codeigniter4\framework\system\CodeIgniter.php(419): CodeIgniter\CodeIgniter->runController(Object(App\Controllers\Collection))
#6 C:\xampp\htdocs\bempnc-1\vendor\codeigniter4\framework\system\CodeIgniter.php(326): CodeIgniter\CodeIgniter->handleRequest(NULL, Object(Config\Cache), false)
#7 C:\xampp\htdocs\bempnc-1\public\index.php(37): CodeIgniter\CodeIgniter->run()
#8 C:\xampp\htdocs\bempnc-1\vendor\codeigniter4\framework\system\Commands\Server\rewrite.php(43): require_once('C:\\xampp\\htdocs...')
#9 {main}
CRITICAL - 2022-08-12 16:30:48 --> File not found: C:\xampp\htdocs\bempnc-1\app\/public/arsip/Laporan Pertanggungjawaban Diesnatalis BEM
#0 C:\xampp\htdocs\bempnc-1\vendor\codeigniter4\framework\system\Files\File.php(46): CodeIgniter\Files\Exceptions\FileNotFoundException::forFileNotFound('C:\\xampp\\htdocs...')
#1 C:\xampp\htdocs\bempnc-1\vendor\codeigniter4\framework\system\HTTP\DownloadResponse.php(107): CodeIgniter\Files\File->__construct('C:\\xampp\\htdocs...', true)
#2 C:\xampp\htdocs\bempnc-1\vendor\codeigniter4\framework\system\HTTP\ResponseTrait.php(774): CodeIgniter\HTTP\DownloadResponse->setFilePath('C:\\xampp\\htdocs...')
#3 C:\xampp\htdocs\bempnc-1\app\Controllers\Collection.php(70): CodeIgniter\HTTP\Response->download('Laporan Pertang...', NULL)
#4 C:\xampp\htdocs\bempnc-1\vendor\codeigniter4\framework\system\CodeIgniter.php(832): App\Controllers\Collection->download('1660332441_e9b1...')
#5 C:\xampp\htdocs\bempnc-1\vendor\codeigniter4\framework\system\CodeIgniter.php(419): CodeIgniter\CodeIgniter->runController(Object(App\Controllers\Collection))
#6 C:\xampp\htdocs\bempnc-1\vendor\codeigniter4\framework\system\CodeIgniter.php(326): CodeIgniter\CodeIgniter->handleRequest(NULL, Object(Config\Cache), false)
#7 C:\xampp\htdocs\bempnc-1\public\index.php(37): CodeIgniter\CodeIgniter->run()
#8 C:\xampp\htdocs\bempnc-1\vendor\codeigniter4\framework\system\Commands\Server\rewrite.php(43): require_once('C:\\xampp\\htdocs...')
#9 {main}
CRITICAL - 2022-08-12 16:31:23 --> File not found: /arsip/Laporan Pertanggungjawaban Diesnatalis BEM
#0 C:\xampp\htdocs\bempnc-1\vendor\codeigniter4\framework\system\Files\File.php(46): CodeIgniter\Files\Exceptions\FileNotFoundException::forFileNotFound('/arsip/Laporan ...')
#1 C:\xampp\htdocs\bempnc-1\vendor\codeigniter4\framework\system\HTTP\DownloadResponse.php(107): CodeIgniter\Files\File->__construct('/arsip/Laporan ...', true)
#2 C:\xampp\htdocs\bempnc-1\vendor\codeigniter4\framework\system\HTTP\ResponseTrait.php(774): CodeIgniter\HTTP\DownloadResponse->setFilePath('/arsip/Laporan ...')
#3 C:\xampp\htdocs\bempnc-1\app\Controllers\Collection.php(70): CodeIgniter\HTTP\Response->download('Laporan Pertang...', NULL)
#4 C:\xampp\htdocs\bempnc-1\vendor\codeigniter4\framework\system\CodeIgniter.php(832): App\Controllers\Collection->download('1660332441_e9b1...')
#5 C:\xampp\htdocs\bempnc-1\vendor\codeigniter4\framework\system\CodeIgniter.php(419): CodeIgniter\CodeIgniter->runController(Object(App\Controllers\Collection))
#6 C:\xampp\htdocs\bempnc-1\vendor\codeigniter4\framework\system\CodeIgniter.php(326): CodeIgniter\CodeIgniter->handleRequest(NULL, Object(Config\Cache), false)
#7 C:\xampp\htdocs\bempnc-1\public\index.php(37): CodeIgniter\CodeIgniter->run()
#8 C:\xampp\htdocs\bempnc-1\vendor\codeigniter4\framework\system\Commands\Server\rewrite.php(43): require_once('C:\\xampp\\htdocs...')
#9 {main}
CRITICAL - 2022-08-12 16:39:40 --> File not found: C:\xampp\htdocs\bempnc-1\public\arsip
#0 C:\xampp\htdocs\bempnc-1\vendor\codeigniter4\framework\system\Files\File.php(46): CodeIgniter\Files\Exceptions\FileNotFoundException::forFileNotFound('C:\\xampp\\htdocs...')
#1 C:\xampp\htdocs\bempnc-1\vendor\codeigniter4\framework\system\HTTP\DownloadResponse.php(107): CodeIgniter\Files\File->__construct('C:\\xampp\\htdocs...', true)
#2 C:\xampp\htdocs\bempnc-1\vendor\codeigniter4\framework\system\HTTP\ResponseTrait.php(774): CodeIgniter\HTTP\DownloadResponse->setFilePath('C:\\xampp\\htdocs...')
#3 C:\xampp\htdocs\bempnc-1\app\Controllers\Collection.php(70): CodeIgniter\HTTP\Response->download('arsip', NULL)
#4 C:\xampp\htdocs\bempnc-1\vendor\codeigniter4\framework\system\CodeIgniter.php(832): App\Controllers\Collection->download('1660332441_e9b1...')
#5 C:\xampp\htdocs\bempnc-1\vendor\codeigniter4\framework\system\CodeIgniter.php(419): CodeIgniter\CodeIgniter->runController(Object(App\Controllers\Collection))
#6 C:\xampp\htdocs\bempnc-1\vendor\codeigniter4\framework\system\CodeIgniter.php(326): CodeIgniter\CodeIgniter->handleRequest(NULL, Object(Config\Cache), false)
#7 C:\xampp\htdocs\bempnc-1\public\index.php(37): CodeIgniter\CodeIgniter->run()
#8 C:\xampp\htdocs\bempnc-1\vendor\codeigniter4\framework\system\Commands\Server\rewrite.php(43): require_once('C:\\xampp\\htdocs...')
#9 {main}
CRITICAL - 2022-08-12 16:41:02 --> File not found: C:\xampp\htdocs\bempnc-1\public\arsip
#0 C:\xampp\htdocs\bempnc-1\vendor\codeigniter4\framework\system\Files\File.php(46): CodeIgniter\Files\Exceptions\FileNotFoundException::forFileNotFound('C:\\xampp\\htdocs...')
#1 C:\xampp\htdocs\bempnc-1\vendor\codeigniter4\framework\system\HTTP\DownloadResponse.php(107): CodeIgniter\Files\File->__construct('C:\\xampp\\htdocs...', true)
#2 C:\xampp\htdocs\bempnc-1\vendor\codeigniter4\framework\system\HTTP\ResponseTrait.php(774): CodeIgniter\HTTP\DownloadResponse->setFilePath('C:\\xampp\\htdocs...')
#3 C:\xampp\htdocs\bempnc-1\app\Controllers\Collection.php(70): CodeIgniter\HTTP\Response->download('arsip', NULL)
#4 C:\xampp\htdocs\bempnc-1\vendor\codeigniter4\framework\system\CodeIgniter.php(832): App\Controllers\Collection->download('1660332441_e9b1...')
#5 C:\xampp\htdocs\bempnc-1\vendor\codeigniter4\framework\system\CodeIgniter.php(419): CodeIgniter\CodeIgniter->runController(Object(App\Controllers\Collection))
#6 C:\xampp\htdocs\bempnc-1\vendor\codeigniter4\framework\system\CodeIgniter.php(326): CodeIgniter\CodeIgniter->handleRequest(NULL, Object(Config\Cache), false)
#7 C:\xampp\htdocs\bempnc-1\public\index.php(37): CodeIgniter\CodeIgniter->run()
#8 C:\xampp\htdocs\bempnc-1\vendor\codeigniter4\framework\system\Commands\Server\rewrite.php(43): require_once('C:\\xampp\\htdocs...')
#9 {main}
CRITICAL - 2022-08-12 16:41:09 --> File not found: C:\xampp\htdocs\bempnc-1\public\arsip
#0 C:\xampp\htdocs\bempnc-1\vendor\codeigniter4\framework\system\Files\File.php(46): CodeIgniter\Files\Exceptions\FileNotFoundException::forFileNotFound('C:\\xampp\\htdocs...')
#1 C:\xampp\htdocs\bempnc-1\vendor\codeigniter4\framework\system\HTTP\DownloadResponse.php(107): CodeIgniter\Files\File->__construct('C:\\xampp\\htdocs...', true)
#2 C:\xampp\htdocs\bempnc-1\vendor\codeigniter4\framework\system\HTTP\ResponseTrait.php(774): CodeIgniter\HTTP\DownloadResponse->setFilePath('C:\\xampp\\htdocs...')
#3 C:\xampp\htdocs\bempnc-1\app\Controllers\Collection.php(70): CodeIgniter\HTTP\Response->download('arsip', NULL)
#4 C:\xampp\htdocs\bempnc-1\vendor\codeigniter4\framework\system\CodeIgniter.php(832): App\Controllers\Collection->download('1660332441_e9b1...')
#5 C:\xampp\htdocs\bempnc-1\vendor\codeigniter4\framework\system\CodeIgniter.php(419): CodeIgniter\CodeIgniter->runController(Object(App\Controllers\Collection))
#6 C:\xampp\htdocs\bempnc-1\vendor\codeigniter4\framework\system\CodeIgniter.php(326): CodeIgniter\CodeIgniter->handleRequest(NULL, Object(Config\Cache), false)
#7 C:\xampp\htdocs\bempnc-1\public\index.php(37): CodeIgniter\CodeIgniter->run()
#8 C:\xampp\htdocs\bempnc-1\vendor\codeigniter4\framework\system\Commands\Server\rewrite.php(43): require_once('C:\\xampp\\htdocs...')
#9 {main}
CRITICAL - 2022-08-12 16:44:39 --> File not found: /arsip/Laporan Pertanggungjawaban Diesnatalis BEM
#0 C:\xampp\htdocs\bempnc-1\vendor\codeigniter4\framework\system\Files\File.php(46): CodeIgniter\Files\Exceptions\FileNotFoundException::forFileNotFound('/arsip/Laporan ...')
#1 C:\xampp\htdocs\bempnc-1\vendor\codeigniter4\framework\system\HTTP\DownloadResponse.php(107): CodeIgniter\Files\File->__construct('/arsip/Laporan ...', true)
#2 C:\xampp\htdocs\bempnc-1\vendor\codeigniter4\framework\system\HTTP\ResponseTrait.php(774): CodeIgniter\HTTP\DownloadResponse->setFilePath('/arsip/Laporan ...')
#3 C:\xampp\htdocs\bempnc-1\app\Controllers\Collection.php(69): CodeIgniter\HTTP\Response->download('Laporan Pertang...', NULL)
#4 C:\xampp\htdocs\bempnc-1\vendor\codeigniter4\framework\system\CodeIgniter.php(832): App\Controllers\Collection->download('1660332441_e9b1...')
#5 C:\xampp\htdocs\bempnc-1\vendor\codeigniter4\framework\system\CodeIgniter.php(419): CodeIgniter\CodeIgniter->runController(Object(App\Controllers\Collection))
#6 C:\xampp\htdocs\bempnc-1\vendor\codeigniter4\framework\system\CodeIgniter.php(326): CodeIgniter\CodeIgniter->handleRequest(NULL, Object(Config\Cache), false)
#7 C:\xampp\htdocs\bempnc-1\public\index.php(37): CodeIgniter\CodeIgniter->run()
#8 C:\xampp\htdocs\bempnc-1\vendor\codeigniter4\framework\system\Commands\Server\rewrite.php(43): require_once('C:\\xampp\\htdocs...')
#9 {main}
CRITICAL - 2022-08-12 16:47:22 --> File not found: arsip/Laporan Pertanggungjawaban Diesnatalis BEM
#0 C:\xampp\htdocs\bempnc-1\vendor\codeigniter4\framework\system\Files\File.php(46): CodeIgniter\Files\Exceptions\FileNotFoundException::forFileNotFound('arsip/Laporan P...')
#1 C:\xampp\htdocs\bempnc-1\vendor\codeigniter4\framework\system\HTTP\DownloadResponse.php(107): CodeIgniter\Files\File->__construct('arsip/Laporan P...', true)
#2 C:\xampp\htdocs\bempnc-1\vendor\codeigniter4\framework\system\HTTP\ResponseTrait.php(774): CodeIgniter\HTTP\DownloadResponse->setFilePath('arsip/Laporan P...')
#3 C:\xampp\htdocs\bempnc-1\app\Controllers\Collection.php(69): CodeIgniter\HTTP\Response->download('Laporan Pertang...', NULL)
#4 C:\xampp\htdocs\bempnc-1\vendor\codeigniter4\framework\system\CodeIgniter.php(832): App\Controllers\Collection->download('1660332441_e9b1...')
#5 C:\xampp\htdocs\bempnc-1\vendor\codeigniter4\framework\system\CodeIgniter.php(419): CodeIgniter\CodeIgniter->runController(Object(App\Controllers\Collection))
#6 C:\xampp\htdocs\bempnc-1\vendor\codeigniter4\framework\system\CodeIgniter.php(326): CodeIgniter\CodeIgniter->handleRequest(NULL, Object(Config\Cache), false)
#7 C:\xampp\htdocs\bempnc-1\public\index.php(37): CodeIgniter\CodeIgniter->run()
#8 C:\xampp\htdocs\bempnc-1\vendor\codeigniter4\framework\system\Commands\Server\rewrite.php(43): require_once('C:\\xampp\\htdocs...')
#9 {main}
CRITICAL - 2022-08-12 16:47:40 --> Trying to access array offset on value of type null
#0 C:\xampp\htdocs\bempnc-1\app\Views\collection\detail.php(19): CodeIgniter\Debug\Exceptions->errorHandler(8, 'Trying to acces...', 'C:\\xampp\\htdocs...', 19, Array)
#1 C:\xampp\htdocs\bempnc-1\vendor\codeigniter4\framework\system\View\View.php(210): include('C:\\xampp\\htdocs...')
#2 C:\xampp\htdocs\bempnc-1\vendor\codeigniter4\framework\system\View\View.php(213): CodeIgniter\View\View->CodeIgniter\View\{closure}()
#3 C:\xampp\htdocs\bempnc-1\vendor\codeigniter4\framework\system\Common.php(1089): CodeIgniter\View\View->render('collection/deta...', Array, true)
#4 C:\xampp\htdocs\bempnc-1\app\Controllers\Collection.php(60): view('collection/deta...', Array)
#5 C:\xampp\htdocs\bempnc-1\vendor\codeigniter4\framework\system\CodeIgniter.php(832): App\Controllers\Collection->detail('frameborder=')
#6 C:\xampp\htdocs\bempnc-1\vendor\codeigniter4\framework\system\CodeIgniter.php(419): CodeIgniter\CodeIgniter->runController(Object(App\Controllers\Collection))
#7 C:\xampp\htdocs\bempnc-1\vendor\codeigniter4\framework\system\CodeIgniter.php(326): CodeIgniter\CodeIgniter->handleRequest(NULL, Object(Config\Cache), false)
#8 C:\xampp\htdocs\bempnc-1\public\index.php(37): CodeIgniter\CodeIgniter->run()
#9 C:\xampp\htdocs\bempnc-1\vendor\codeigniter4\framework\system\Commands\Server\rewrite.php(43): require_once('C:\\xampp\\htdocs...')
#10 {main}
CRITICAL - 2022-08-12 16:52:40 --> File not found: arsip/Laporan Pertanggungjawaban Diesnatalis BEM
#0 C:\xampp\htdocs\bempnc-1\vendor\codeigniter4\framework\system\Files\File.php(46): CodeIgniter\Files\Exceptions\FileNotFoundException::forFileNotFound('arsip/Laporan P...')
#1 C:\xampp\htdocs\bempnc-1\vendor\codeigniter4\framework\system\HTTP\DownloadResponse.php(107): CodeIgniter\Files\File->__construct('arsip/Laporan P...', true)
#2 C:\xampp\htdocs\bempnc-1\vendor\codeigniter4\framework\system\HTTP\ResponseTrait.php(774): CodeIgniter\HTTP\DownloadResponse->setFilePath('arsip/Laporan P...')
#3 C:\xampp\htdocs\bempnc-1\app\Controllers\Collection.php(69): CodeIgniter\HTTP\Response->download('Laporan Pertang...', NULL)
#4 C:\xampp\htdocs\bempnc-1\vendor\codeigniter4\framework\system\CodeIgniter.php(832): App\Controllers\Collection->download('1660332441_e9b1...')
#5 C:\xampp\htdocs\bempnc-1\vendor\codeigniter4\framework\system\CodeIgniter.php(419): CodeIgniter\CodeIgniter->runController(Object(App\Controllers\Collection))
#6 C:\xampp\htdocs\bempnc-1\vendor\codeigniter4\framework\system\CodeIgniter.php(326): CodeIgniter\CodeIgniter->handleRequest(NULL, Object(Config\Cache), false)
#7 C:\xampp\htdocs\bempnc-1\public\index.php(37): CodeIgniter\CodeIgniter->run()
#8 C:\xampp\htdocs\bempnc-1\vendor\codeigniter4\framework\system\Commands\Server\rewrite.php(43): require_once('C:\\xampp\\htdocs...')
#9 {main}
CRITICAL - 2022-08-12 17:20:13 --> Too few arguments to function CodeIgniter\Database\BaseBuilder::join(), 1 passed in C:\xampp\htdocs\bempnc-1\vendor\codeigniter4\framework\system\Model.php on line 728 and at least 2 expected
#0 C:\xampp\htdocs\bempnc-1\vendor\codeigniter4\framework\system\Model.php(728): CodeIgniter\Database\BaseBuilder->join('user_position')
#1 C:\xampp\htdocs\bempnc-1\app\Controllers\Users.php(147): CodeIgniter\Model->__call('join', Array)
#2 C:\xampp\htdocs\bempnc-1\vendor\codeigniter4\framework\system\CodeIgniter.php(832): App\Controllers\Users->edit('3')
#3 C:\xampp\htdocs\bempnc-1\vendor\codeigniter4\framework\system\CodeIgniter.php(419): CodeIgniter\CodeIgniter->runController(Object(App\Controllers\Users))
#4 C:\xampp\htdocs\bempnc-1\vendor\codeigniter4\framework\system\CodeIgniter.php(326): CodeIgniter\CodeIgniter->handleRequest(NULL, Object(Config\Cache), false)
#5 C:\xampp\htdocs\bempnc-1\public\index.php(37): CodeIgniter\CodeIgniter->run()
#6 C:\xampp\htdocs\bempnc-1\vendor\codeigniter4\framework\system\Commands\Server\rewrite.php(43): require_once('C:\\xampp\\htdocs...')
#7 {main}
CRITICAL - 2022-08-12 17:24:21 --> Trying to access array offset on value of type null
#0 C:\xampp\htdocs\bempnc-1\app\Controllers\Users.php(159): CodeIgniter\Debug\Exceptions->errorHandler(8, 'Trying to acces...', 'C:\\xampp\\htdocs...', 159, Array)
#1 C:\xampp\htdocs\bempnc-1\vendor\codeigniter4\framework\system\CodeIgniter.php(832): App\Controllers\Users->edit('3')
#2 C:\xampp\htdocs\bempnc-1\vendor\codeigniter4\framework\system\CodeIgniter.php(419): CodeIgniter\CodeIgniter->runController(Object(App\Controllers\Users))
#3 C:\xampp\htdocs\bempnc-1\vendor\codeigniter4\framework\system\CodeIgniter.php(326): CodeIgniter\CodeIgniter->handleRequest(NULL, Object(Config\Cache), false)
#4 C:\xampp\htdocs\bempnc-1\public\index.php(37): CodeIgniter\CodeIgniter->run()
#5 C:\xampp\htdocs\bempnc-1\vendor\codeigniter4\framework\system\Commands\Server\rewrite.php(43): require_once('C:\\xampp\\htdocs...')
#6 {main}
CRITICAL - 2022-08-12 17:29:47 --> Trying to access array offset on value of type null
#0 C:\xampp\htdocs\bempnc-1\app\Views\users\edit.php(9): CodeIgniter\Debug\Exceptions->errorHandler(8, 'Trying to acces...', 'C:\\xampp\\htdocs...', 9, Array)
#1 C:\xampp\htdocs\bempnc-1\vendor\codeigniter4\framework\system\View\View.php(210): include('C:\\xampp\\htdocs...')
#2 C:\xampp\htdocs\bempnc-1\vendor\codeigniter4\framework\system\View\View.php(213): CodeIgniter\View\View->CodeIgniter\View\{closure}()
#3 C:\xampp\htdocs\bempnc-1\vendor\codeigniter4\framework\system\Common.php(1089): CodeIgniter\View\View->render('users/edit', Array, true)
#4 C:\xampp\htdocs\bempnc-1\app\Controllers\Users.php(161): view('users/edit', Array)
#5 C:\xampp\htdocs\bempnc-1\vendor\codeigniter4\framework\system\CodeIgniter.php(832): App\Controllers\Users->edit('3')
#6 C:\xampp\htdocs\bempnc-1\vendor\codeigniter4\framework\system\CodeIgniter.php(419): CodeIgniter\CodeIgniter->runController(Object(App\Controllers\Users))
#7 C:\xampp\htdocs\bempnc-1\vendor\codeigniter4\framework\system\CodeIgniter.php(326): CodeIgniter\CodeIgniter->handleRequest(NULL, Object(Config\Cache), false)
#8 C:\xampp\htdocs\bempnc-1\public\index.php(37): CodeIgniter\CodeIgniter->run()
#9 C:\xampp\htdocs\bempnc-1\vendor\codeigniter4\framework\system\Commands\Server\rewrite.php(43): require_once('C:\\xampp\\htdocs...')
#10 {main}
CRITICAL - 2022-08-12 17:30:07 --> Trying to access array offset on value of type null
#0 C:\xampp\htdocs\bempnc-1\app\Views\users\edit.php(9): CodeIgniter\Debug\Exceptions->errorHandler(8, 'Trying to acces...', 'C:\\xampp\\htdocs...', 9, Array)
#1 C:\xampp\htdocs\bempnc-1\vendor\codeigniter4\framework\system\View\View.php(210): include('C:\\xampp\\htdocs...')
#2 C:\xampp\htdocs\bempnc-1\vendor\codeigniter4\framework\system\View\View.php(213): CodeIgniter\View\View->CodeIgniter\View\{closure}()
#3 C:\xampp\htdocs\bempnc-1\vendor\codeigniter4\framework\system\Common.php(1089): CodeIgniter\View\View->render('users/edit', Array, true)
#4 C:\xampp\htdocs\bempnc-1\app\Controllers\Users.php(161): view('users/edit', Array)
#5 C:\xampp\htdocs\bempnc-1\vendor\codeigniter4\framework\system\CodeIgniter.php(832): App\Controllers\Users->edit('3')
#6 C:\xampp\htdocs\bempnc-1\vendor\codeigniter4\framework\system\CodeIgniter.php(419): CodeIgniter\CodeIgniter->runController(Object(App\Controllers\Users))
#7 C:\xampp\htdocs\bempnc-1\vendor\codeigniter4\framework\system\CodeIgniter.php(326): CodeIgniter\CodeIgniter->handleRequest(NULL, Object(Config\Cache), false)
#8 C:\xampp\htdocs\bempnc-1\public\index.php(37): CodeIgniter\CodeIgniter->run()
#9 C:\xampp\htdocs\bempnc-1\vendor\codeigniter4\framework\system\Commands\Server\rewrite.php(43): require_once('C:\\xampp\\htdocs...')
#10 {main}
CRITICAL - 2022-08-12 17:32:09 --> Trying to access array offset on value of type null
#0 C:\xampp\htdocs\bempnc-1\app\Views\users\edit.php(9): CodeIgniter\Debug\Exceptions->errorHandler(8, 'Trying to acces...', 'C:\\xampp\\htdocs...', 9, Array)
#1 C:\xampp\htdocs\bempnc-1\vendor\codeigniter4\framework\system\View\View.php(210): include('C:\\xampp\\htdocs...')
#2 C:\xampp\htdocs\bempnc-1\vendor\codeigniter4\framework\system\View\View.php(213): CodeIgniter\View\View->CodeIgniter\View\{closure}()
#3 C:\xampp\htdocs\bempnc-1\vendor\codeigniter4\framework\system\Common.php(1089): CodeIgniter\View\View->render('users/edit', Array, true)
#4 C:\xampp\htdocs\bempnc-1\app\Controllers\Users.php(163): view('users/edit', Array)
#5 C:\xampp\htdocs\bempnc-1\vendor\codeigniter4\framework\system\CodeIgniter.php(832): App\Controllers\Users->edit('3')
#6 C:\xampp\htdocs\bempnc-1\vendor\codeigniter4\framework\system\CodeIgniter.php(419): CodeIgniter\CodeIgniter->runController(Object(App\Controllers\Users))
#7 C:\xampp\htdocs\bempnc-1\vendor\codeigniter4\framework\system\CodeIgniter.php(326): CodeIgniter\CodeIgniter->handleRequest(NULL, Object(Config\Cache), false)
#8 C:\xampp\htdocs\bempnc-1\public\index.php(37): CodeIgniter\CodeIgniter->run()
#9 C:\xampp\htdocs\bempnc-1\vendor\codeigniter4\framework\system\Commands\Server\rewrite.php(43): require_once('C:\\xampp\\htdocs...')
#10 {main}
CRITICAL - 2022-08-12 17:40:27 --> Undefined variable: user
#0 C:\xampp\htdocs\bempnc-1\app\Views\users\edit.php(9): CodeIgniter\Debug\Exceptions->errorHandler(8, 'Undefined varia...', 'C:\\xampp\\htdocs...', 9, Array)
#1 C:\xampp\htdocs\bempnc-1\vendor\codeigniter4\framework\system\View\View.php(210): include('C:\\xampp\\htdocs...')
#2 C:\xampp\htdocs\bempnc-1\vendor\codeigniter4\framework\system\View\View.php(213): CodeIgniter\View\View->CodeIgniter\View\{closure}()
#3 C:\xampp\htdocs\bempnc-1\vendor\codeigniter4\framework\system\Common.php(1089): CodeIgniter\View\View->render('users/edit', Array, true)
#4 C:\xampp\htdocs\bempnc-1\app\Controllers\Users.php(158): view('users/edit', Array)
#5 C:\xampp\htdocs\bempnc-1\vendor\codeigniter4\framework\system\CodeIgniter.php(832): App\Controllers\Users->edit('3')
#6 C:\xampp\htdocs\bempnc-1\vendor\codeigniter4\framework\system\CodeIgniter.php(419): CodeIgniter\CodeIgniter->runController(Object(App\Controllers\Users))
#7 C:\xampp\htdocs\bempnc-1\vendor\codeigniter4\framework\system\CodeIgniter.php(326): CodeIgniter\CodeIgniter->handleRequest(NULL, Object(Config\Cache), false)
#8 C:\xampp\htdocs\bempnc-1\public\index.php(37): CodeIgniter\CodeIgniter->run()
#9 C:\xampp\htdocs\bempnc-1\vendor\codeigniter4\framework\system\Commands\Server\rewrite.php(43): require_once('C:\\xampp\\htdocs...')
#10 {main}
CRITICAL - 2022-08-12 17:42:19 --> Trying to access array offset on value of type null
#0 C:\xampp\htdocs\bempnc-1\app\Views\users\edit.php(9): CodeIgniter\Debug\Exceptions->errorHandler(8, 'Trying to acces...', 'C:\\xampp\\htdocs...', 9, Array)
#1 C:\xampp\htdocs\bempnc-1\vendor\codeigniter4\framework\system\View\View.php(210): include('C:\\xampp\\htdocs...')
#2 C:\xampp\htdocs\bempnc-1\vendor\codeigniter4\framework\system\View\View.php(213): CodeIgniter\View\View->CodeIgniter\View\{closure}()
#3 C:\xampp\htdocs\bempnc-1\vendor\codeigniter4\framework\system\Common.php(1089): CodeIgniter\View\View->render('users/edit', Array, true)
#4 C:\xampp\htdocs\bempnc-1\app\Controllers\Users.php(158): view('users/edit', Array)
#5 C:\xampp\htdocs\bempnc-1\vendor\codeigniter4\framework\system\CodeIgniter.php(832): App\Controllers\Users->edit('3')
#6 C:\xampp\htdocs\bempnc-1\vendor\codeigniter4\framework\system\CodeIgniter.php(419): CodeIgniter\CodeIgniter->runController(Object(App\Controllers\Users))
#7 C:\xampp\htdocs\bempnc-1\vendor\codeigniter4\framework\system\CodeIgniter.php(326): CodeIgniter\CodeIgniter->handleRequest(NULL, Object(Config\Cache), false)
#8 C:\xampp\htdocs\bempnc-1\public\index.php(37): CodeIgniter\CodeIgniter->run()
#9 C:\xampp\htdocs\bempnc-1\vendor\codeigniter4\framework\system\Commands\Server\rewrite.php(43): require_once('C:\\xampp\\htdocs...')
#10 {main}
CRITICAL - 2022-08-12 17:43:10 --> Trying to access array offset on value of type null
#0 C:\xampp\htdocs\bempnc-1\app\Views\users\edit.php(9): CodeIgniter\Debug\Exceptions->errorHandler(8, 'Trying to acces...', 'C:\\xampp\\htdocs...', 9, Array)
#1 C:\xampp\htdocs\bempnc-1\vendor\codeigniter4\framework\system\View\View.php(210): include('C:\\xampp\\htdocs...')
#2 C:\xampp\htdocs\bempnc-1\vendor\codeigniter4\framework\system\View\View.php(213): CodeIgniter\View\View->CodeIgniter\View\{closure}()
#3 C:\xampp\htdocs\bempnc-1\vendor\codeigniter4\framework\system\Common.php(1089): CodeIgniter\View\View->render('users/edit', Array, true)
#4 C:\xampp\htdocs\bempnc-1\app\Controllers\Users.php(159): view('users/edit', Array)
#5 C:\xampp\htdocs\bempnc-1\vendor\codeigniter4\framework\system\CodeIgniter.php(832): App\Controllers\Users->edit('3')
#6 C:\xampp\htdocs\bempnc-1\vendor\codeigniter4\framework\system\CodeIgniter.php(419): CodeIgniter\CodeIgniter->runController(Object(App\Controllers\Users))
#7 C:\xampp\htdocs\bempnc-1\vendor\codeigniter4\framework\system\CodeIgniter.php(326): CodeIgniter\CodeIgniter->handleRequest(NULL, Object(Config\Cache), false)
#8 C:\xampp\htdocs\bempnc-1\public\index.php(37): CodeIgniter\CodeIgniter->run()
#9 C:\xampp\htdocs\bempnc-1\vendor\codeigniter4\framework\system\Commands\Server\rewrite.php(43): require_once('C:\\xampp\\htdocs...')
#10 {main}
CRITICAL - 2022-08-12 17:47:09 --> Trying to access array offset on value of type null
#0 C:\xampp\htdocs\bempnc-1\app\Views\users\edit.php(9): CodeIgniter\Debug\Exceptions->errorHandler(8, 'Trying to acces...', 'C:\\xampp\\htdocs...', 9, Array)
#1 C:\xampp\htdocs\bempnc-1\vendor\codeigniter4\framework\system\View\View.php(210): include('C:\\xampp\\htdocs...')
#2 C:\xampp\htdocs\bempnc-1\vendor\codeigniter4\framework\system\View\View.php(213): CodeIgniter\View\View->CodeIgniter\View\{closure}()
#3 C:\xampp\htdocs\bempnc-1\vendor\codeigniter4\framework\system\Common.php(1089): CodeIgniter\View\View->render('users/edit', Array, true)
#4 C:\xampp\htdocs\bempnc-1\app\Controllers\Users.php(159): view('users/edit', Array)
#5 C:\xampp\htdocs\bempnc-1\vendor\codeigniter4\framework\system\CodeIgniter.php(832): App\Controllers\Users->edit('3')
#6 C:\xampp\htdocs\bempnc-1\vendor\codeigniter4\framework\system\CodeIgniter.php(419): CodeIgniter\CodeIgniter->runController(Object(App\Controllers\Users))
#7 C:\xampp\htdocs\bempnc-1\vendor\codeigniter4\framework\system\CodeIgniter.php(326): CodeIgniter\CodeIgniter->handleRequest(NULL, Object(Config\Cache), false)
#8 C:\xampp\htdocs\bempnc-1\public\index.php(37): CodeIgniter\CodeIgniter->run()
#9 C:\xampp\htdocs\bempnc-1\vendor\codeigniter4\framework\system\Commands\Server\rewrite.php(43): require_once('C:\\xampp\\htdocs...')
#10 {main}
CRITICAL - 2022-08-12 19:00:33 --> Undefined variable: q
#0 C:\xampp\htdocs\bempnc-1\app\Views\backend-template\navbar.php(30): CodeIgniter\Debug\Exceptions->errorHandler(8, 'Undefined varia...', 'C:\\xampp\\htdocs...', 30, Array)
#1 C:\xampp\htdocs\bempnc-1\vendor\codeigniter4\framework\system\View\View.php(210): include('C:\\xampp\\htdocs...')
#2 C:\xampp\htdocs\bempnc-1\vendor\codeigniter4\framework\system\View\View.php(213): CodeIgniter\View\View->CodeIgniter\View\{closure}()
#3 C:\xampp\htdocs\bempnc-1\vendor\codeigniter4\framework\system\View\View.php(424): CodeIgniter\View\View->render('\\backend-templa...', NULL, true)
#4 C:\xampp\htdocs\bempnc-1\app\Views\backend-template\index.php(16): CodeIgniter\View\View->include('\\backend-templa...')
#5 C:\xampp\htdocs\bempnc-1\vendor\codeigniter4\framework\system\View\View.php(210): include('C:\\xampp\\htdocs...')
#6 C:\xampp\htdocs\bempnc-1\vendor\codeigniter4\framework\system\View\View.php(213): CodeIgniter\View\View->CodeIgniter\View\{closure}()
#7 C:\xampp\htdocs\bempnc-1\vendor\codeigniter4\framework\system\View\View.php(226): CodeIgniter\View\View->render('\\backend-templa...', Array, true)
#8 C:\xampp\htdocs\bempnc-1\vendor\codeigniter4\framework\system\Common.php(1089): CodeIgniter\View\View->render('profile/index', Array, true)
#9 C:\xampp\htdocs\bempnc-1\app\Controllers\Profile.php(23): view('profile/index', Array)
#10 C:\xampp\htdocs\bempnc-1\vendor\codeigniter4\framework\system\CodeIgniter.php(832): App\Controllers\Profile->index()
#11 C:\xampp\htdocs\bempnc-1\vendor\codeigniter4\framework\system\CodeIgniter.php(419): CodeIgniter\CodeIgniter->runController(Object(App\Controllers\Profile))
#12 C:\xampp\htdocs\bempnc-1\vendor\codeigniter4\framework\system\CodeIgniter.php(326): CodeIgniter\CodeIgniter->handleRequest(NULL, Object(Config\Cache), false)
#13 C:\xampp\htdocs\bempnc-1\public\index.php(37): CodeIgniter\CodeIgniter->run()
#14 C:\xampp\htdocs\bempnc-1\vendor\codeigniter4\framework\system\Commands\Server\rewrite.php(43): require_once('C:\\xampp\\htdocs...')
#15 {main}
CRITICAL - 2022-08-12 19:05:29 --> Undefined variable: users
#0 C:\xampp\htdocs\bempnc-1\app\Views\profile\edit.php(9): CodeIgniter\Debug\Exceptions->errorHandler(8, 'Undefined varia...', 'C:\\xampp\\htdocs...', 9, Array)
#1 C:\xampp\htdocs\bempnc-1\vendor\codeigniter4\framework\system\View\View.php(210): include('C:\\xampp\\htdocs...')
#2 C:\xampp\htdocs\bempnc-1\vendor\codeigniter4\framework\system\View\View.php(213): CodeIgniter\View\View->CodeIgniter\View\{closure}()
#3 C:\xampp\htdocs\bempnc-1\vendor\codeigniter4\framework\system\Common.php(1089): CodeIgniter\View\View->render('profile/edit', Array, true)
#4 C:\xampp\htdocs\bempnc-1\app\Controllers\Profile.php(34): view('profile/edit', Array)
#5 C:\xampp\htdocs\bempnc-1\vendor\codeigniter4\framework\system\CodeIgniter.php(832): App\Controllers\Profile->edit_page()
#6 C:\xampp\htdocs\bempnc-1\vendor\codeigniter4\framework\system\CodeIgniter.php(419): CodeIgniter\CodeIgniter->runController(Object(App\Controllers\Profile))
#7 C:\xampp\htdocs\bempnc-1\vendor\codeigniter4\framework\system\CodeIgniter.php(326): CodeIgniter\CodeIgniter->handleRequest(NULL, Object(Config\Cache), false)
#8 C:\xampp\htdocs\bempnc-1\public\index.php(37): CodeIgniter\CodeIgniter->run()
#9 C:\xampp\htdocs\bempnc-1\vendor\codeigniter4\framework\system\Commands\Server\rewrite.php(43): require_once('C:\\xampp\\htdocs...')
#10 {main}
CRITICAL - 2022-08-12 19:05:46 --> Undefined variable: card
#0 C:\xampp\htdocs\bempnc-1\app\Views\profile\edit.php(13): CodeIgniter\Debug\Exceptions->errorHandler(8, 'Undefined varia...', 'C:\\xampp\\htdocs...', 13, Array)
#1 C:\xampp\htdocs\bempnc-1\vendor\codeigniter4\framework\system\View\View.php(210): include('C:\\xampp\\htdocs...')
#2 C:\xampp\htdocs\bempnc-1\vendor\codeigniter4\framework\system\View\View.php(213): CodeIgniter\View\View->CodeIgniter\View\{closure}()
#3 C:\xampp\htdocs\bempnc-1\vendor\codeigniter4\framework\system\Common.php(1089): CodeIgniter\View\View->render('profile/edit', Array, true)
#4 C:\xampp\htdocs\bempnc-1\app\Controllers\Profile.php(34): view('profile/edit', Array)
#5 C:\xampp\htdocs\bempnc-1\vendor\codeigniter4\framework\system\CodeIgniter.php(832): App\Controllers\Profile->edit_page()
#6 C:\xampp\htdocs\bempnc-1\vendor\codeigniter4\framework\system\CodeIgniter.php(419): CodeIgniter\CodeIgniter->runController(Object(App\Controllers\Profile))
#7 C:\xampp\htdocs\bempnc-1\vendor\codeigniter4\framework\system\CodeIgniter.php(326): CodeIgniter\CodeIgniter->handleRequest(NULL, Object(Config\Cache), false)
#8 C:\xampp\htdocs\bempnc-1\public\index.php(37): CodeIgniter\CodeIgniter->run()
#9 C:\xampp\htdocs\bempnc-1\vendor\codeigniter4\framework\system\Commands\Server\rewrite.php(43): require_once('C:\\xampp\\htdocs...')
#10 {main}
CRITICAL - 2022-08-12 20:06:32 --> Undefined variable: user
#0 C:\xampp\htdocs\bempnc-1\app\Views\profile\edit.php(20): CodeIgniter\Debug\Exceptions->errorHandler(8, 'Undefined varia...', 'C:\\xampp\\htdocs...', 20, Array)
#1 C:\xampp\htdocs\bempnc-1\vendor\codeigniter4\framework\system\View\View.php(210): include('C:\\xampp\\htdocs...')
#2 C:\xampp\htdocs\bempnc-1\vendor\codeigniter4\framework\system\View\View.php(213): CodeIgniter\View\View->CodeIgniter\View\{closure}()
#3 C:\xampp\htdocs\bempnc-1\vendor\codeigniter4\framework\system\Common.php(1089): CodeIgniter\View\View->render('profile/edit', Array, true)
#4 C:\xampp\htdocs\bempnc-1\app\Controllers\Profile.php(34): view('profile/edit', Array)
#5 C:\xampp\htdocs\bempnc-1\vendor\codeigniter4\framework\system\CodeIgniter.php(832): App\Controllers\Profile->edit_page()
#6 C:\xampp\htdocs\bempnc-1\vendor\codeigniter4\framework\system\CodeIgniter.php(419): CodeIgniter\CodeIgniter->runController(Object(App\Controllers\Profile))
#7 C:\xampp\htdocs\bempnc-1\vendor\codeigniter4\framework\system\CodeIgniter.php(326): CodeIgniter\CodeIgniter->handleRequest(NULL, Object(Config\Cache), false)
#8 C:\xampp\htdocs\bempnc-1\public\index.php(37): CodeIgniter\CodeIgniter->run()
#9 C:\xampp\htdocs\bempnc-1\vendor\codeigniter4\framework\system\Commands\Server\rewrite.php(43): require_once('C:\\xampp\\htdocs...')
#10 {main}
CRITICAL - 2022-08-12 20:07:10 --> Array to string conversion
#0 C:\xampp\htdocs\bempnc-1\app\Views\profile\edit.php(34): CodeIgniter\Debug\Exceptions->errorHandler(8, 'Array to string...', 'C:\\xampp\\htdocs...', 34, Array)
#1 C:\xampp\htdocs\bempnc-1\vendor\codeigniter4\framework\system\View\View.php(210): include('C:\\xampp\\htdocs...')
#2 C:\xampp\htdocs\bempnc-1\vendor\codeigniter4\framework\system\View\View.php(213): CodeIgniter\View\View->CodeIgniter\View\{closure}()
#3 C:\xampp\htdocs\bempnc-1\vendor\codeigniter4\framework\system\Common.php(1089): CodeIgniter\View\View->render('profile/edit', Array, true)
#4 C:\xampp\htdocs\bempnc-1\app\Controllers\Profile.php(34): view('profile/edit', Array)
#5 C:\xampp\htdocs\bempnc-1\vendor\codeigniter4\framework\system\CodeIgniter.php(832): App\Controllers\Profile->edit_page()
#6 C:\xampp\htdocs\bempnc-1\vendor\codeigniter4\framework\system\CodeIgniter.php(419): CodeIgniter\CodeIgniter->runController(Object(App\Controllers\Profile))
#7 C:\xampp\htdocs\bempnc-1\vendor\codeigniter4\framework\system\CodeIgniter.php(326): CodeIgniter\CodeIgniter->handleRequest(NULL, Object(Config\Cache), false)
#8 C:\xampp\htdocs\bempnc-1\public\index.php(37): CodeIgniter\CodeIgniter->run()
#9 C:\xampp\htdocs\bempnc-1\vendor\codeigniter4\framework\system\Commands\Server\rewrite.php(43): require_once('C:\\xampp\\htdocs...')
#10 {main}
CRITICAL - 2022-08-12 20:25:35 --> Trying to access array offset on value of type null
#0 C:\xampp\htdocs\bempnc-1\app\Views\users\edit.php(9): CodeIgniter\Debug\Exceptions->errorHandler(8, 'Trying to acces...', 'C:\\xampp\\htdocs...', 9, Array)
#1 C:\xampp\htdocs\bempnc-1\vendor\codeigniter4\framework\system\View\View.php(210): include('C:\\xampp\\htdocs...')
#2 C:\xampp\htdocs\bempnc-1\vendor\codeigniter4\framework\system\View\View.php(213): CodeIgniter\View\View->CodeIgniter\View\{closure}()
#3 C:\xampp\htdocs\bempnc-1\vendor\codeigniter4\framework\system\Common.php(1089): CodeIgniter\View\View->render('users/edit', Array, true)
#4 C:\xampp\htdocs\bempnc-1\app\Controllers\Users.php(160): view('users/edit', Array)
#5 C:\xampp\htdocs\bempnc-1\vendor\codeigniter4\framework\system\CodeIgniter.php(832): App\Controllers\Users->edit('3')
#6 C:\xampp\htdocs\bempnc-1\vendor\codeigniter4\framework\system\CodeIgniter.php(419): CodeIgniter\CodeIgniter->runController(Object(App\Controllers\Users))
#7 C:\xampp\htdocs\bempnc-1\vendor\codeigniter4\framework\system\CodeIgniter.php(326): CodeIgniter\CodeIgniter->handleRequest(NULL, Object(Config\Cache), false)
#8 C:\xampp\htdocs\bempnc-1\public\index.php(37): CodeIgniter\CodeIgniter->run()
#9 C:\xampp\htdocs\bempnc-1\vendor\codeigniter4\framework\system\Commands\Server\rewrite.php(43): require_once('C:\\xampp\\htdocs...')
#10 {main}
CRITICAL - 2022-08-12 21:07:29 --> Undefined variable: curr_page
#0 C:\xampp\htdocs\bempnc-1\app\Views\users\deleted.php(21): CodeIgniter\Debug\Exceptions->errorHandler(8, 'Undefined varia...', 'C:\\xampp\\htdocs...', 21, Array)
#1 C:\xampp\htdocs\bempnc-1\vendor\codeigniter4\framework\system\View\View.php(210): include('C:\\xampp\\htdocs...')
#2 C:\xampp\htdocs\bempnc-1\vendor\codeigniter4\framework\system\View\View.php(213): CodeIgniter\View\View->CodeIgniter\View\{closure}()
#3 C:\xampp\htdocs\bempnc-1\vendor\codeigniter4\framework\system\Common.php(1089): CodeIgniter\View\View->render('users/deleted', Array, true)
#4 C:\xampp\htdocs\bempnc-1\app\Controllers\Users.php(301): view('users/deleted', Array)
#5 C:\xampp\htdocs\bempnc-1\vendor\codeigniter4\framework\system\CodeIgniter.php(832): App\Controllers\Users->show_all_deleted()
#6 C:\xampp\htdocs\bempnc-1\vendor\codeigniter4\framework\system\CodeIgniter.php(419): CodeIgniter\CodeIgniter->runController(Object(App\Controllers\Users))
#7 C:\xampp\htdocs\bempnc-1\vendor\codeigniter4\framework\system\CodeIgniter.php(326): CodeIgniter\CodeIgniter->handleRequest(NULL, Object(Config\Cache), false)
#8 C:\xampp\htdocs\bempnc-1\public\index.php(37): CodeIgniter\CodeIgniter->run()
#9 C:\xampp\htdocs\bempnc-1\vendor\codeigniter4\framework\system\Commands\Server\rewrite.php(43): require_once('C:\\xampp\\htdocs...')
#10 {main}
CRITICAL - 2022-08-12 21:23:07 --> Undefined index: pos_name
#0 C:\xampp\htdocs\bempnc-1\app\Views\users\deleted.php(54): CodeIgniter\Debug\Exceptions->errorHandler(8, 'Undefined index...', 'C:\\xampp\\htdocs...', 54, Array)
#1 C:\xampp\htdocs\bempnc-1\vendor\codeigniter4\framework\system\View\View.php(210): include('C:\\xampp\\htdocs...')
#2 C:\xampp\htdocs\bempnc-1\vendor\codeigniter4\framework\system\View\View.php(213): CodeIgniter\View\View->CodeIgniter\View\{closure}()
#3 C:\xampp\htdocs\bempnc-1\vendor\codeigniter4\framework\system\Common.php(1089): CodeIgniter\View\View->render('users/deleted', Array, true)
#4 C:\xampp\htdocs\bempnc-1\app\Controllers\Users.php(301): view('users/deleted', Array)
#5 C:\xampp\htdocs\bempnc-1\vendor\codeigniter4\framework\system\CodeIgniter.php(832): App\Controllers\Users->show_all_deleted()
#6 C:\xampp\htdocs\bempnc-1\vendor\codeigniter4\framework\system\CodeIgniter.php(419): CodeIgniter\CodeIgniter->runController(Object(App\Controllers\Users))
#7 C:\xampp\htdocs\bempnc-1\vendor\codeigniter4\framework\system\CodeIgniter.php(326): CodeIgniter\CodeIgniter->handleRequest(NULL, Object(Config\Cache), false)
#8 C:\xampp\htdocs\bempnc-1\public\index.php(37): CodeIgniter\CodeIgniter->run()
#9 C:\xampp\htdocs\bempnc-1\vendor\codeigniter4\framework\system\Commands\Server\rewrite.php(43): require_once('C:\\xampp\\htdocs...')
#10 {main}
CRITICAL - 2022-08-12 21:38:57 --> Class 'Time' not found
#0 C:\xampp\htdocs\bempnc-1\vendor\codeigniter4\framework\system\View\View.php(210): include()
#1 C:\xampp\htdocs\bempnc-1\vendor\codeigniter4\framework\system\View\View.php(213): CodeIgniter\View\View->CodeIgniter\View\{closure}()
#2 C:\xampp\htdocs\bempnc-1\vendor\codeigniter4\framework\system\Common.php(1089): CodeIgniter\View\View->render('users/deleted', Array, true)
#3 C:\xampp\htdocs\bempnc-1\app\Controllers\Users.php(302): view('users/deleted', Array)
#4 C:\xampp\htdocs\bempnc-1\vendor\codeigniter4\framework\system\CodeIgniter.php(832): App\Controllers\Users->show_all_deleted()
#5 C:\xampp\htdocs\bempnc-1\vendor\codeigniter4\framework\system\CodeIgniter.php(419): CodeIgniter\CodeIgniter->runController(Object(App\Controllers\Users))
#6 C:\xampp\htdocs\bempnc-1\vendor\codeigniter4\framework\system\CodeIgniter.php(326): CodeIgniter\CodeIgniter->handleRequest(NULL, Object(Config\Cache), false)
#7 C:\xampp\htdocs\bempnc-1\public\index.php(37): CodeIgniter\CodeIgniter->run()
#8 C:\xampp\htdocs\bempnc-1\vendor\codeigniter4\framework\system\Commands\Server\rewrite.php(43): require_once('C:\\xampp\\htdocs...')
#9 {main}
CRITICAL - 2022-08-12 21:48:00 --> Cannot redeclare getDate()
#0 [internal function]: CodeIgniter\Debug\Exceptions->shutdownHandler()
#1 {main}
CRITICAL - 2022-08-12 21:48:22 --> Cannot redeclare getDate()
#0 [internal function]: CodeIgniter\Debug\Exceptions->shutdownHandler()
#1 {main}
CRITICAL - 2022-08-12 21:50:43 --> Cannot redeclare getDate()
#0 [internal function]: CodeIgniter\Debug\Exceptions->shutdownHandler()
#1 {main}
CRITICAL - 2022-08-12 21:52:05 --> Cannot redeclare getDate()
#0 [internal function]: CodeIgniter\Debug\Exceptions->shutdownHandler()
#1 {main}
CRITICAL - 2022-08-12 21:52:20 --> Cannot redeclare getDate()
#0 [internal function]: CodeIgniter\Debug\Exceptions->shutdownHandler()
#1 {main}
CRITICAL - 2022-08-12 21:52:50 --> Cannot redeclare getDate()
#0 [internal function]: CodeIgniter\Debug\Exceptions->shutdownHandler()
#1 {main}
CRITICAL - 2022-08-12 21:53:14 --> A non well formed numeric value encountered
#0 [internal function]: CodeIgniter\Debug\Exceptions->errorHandler(8, 'A non well form...', 'C:\\xampp\\htdocs...', 48, Array)
#1 C:\xampp\htdocs\bempnc-1\app\Views\users\deleted.php(48): getdate('2022-08-12 21:0...')
#2 C:\xampp\htdocs\bempnc-1\vendor\codeigniter4\framework\system\View\View.php(210): include('C:\\xampp\\htdocs...')
#3 C:\xampp\htdocs\bempnc-1\vendor\codeigniter4\framework\system\View\View.php(213): CodeIgniter\View\View->CodeIgniter\View\{closure}()
#4 C:\xampp\htdocs\bempnc-1\vendor\codeigniter4\framework\system\Common.php(1089): CodeIgniter\View\View->render('users/deleted', Array, true)
#5 C:\xampp\htdocs\bempnc-1\app\Controllers\Users.php(301): view('users/deleted', Array)
#6 C:\xampp\htdocs\bempnc-1\vendor\codeigniter4\framework\system\CodeIgniter.php(832): App\Controllers\Users->show_all_deleted()
#7 C:\xampp\htdocs\bempnc-1\vendor\codeigniter4\framework\system\CodeIgniter.php(419): CodeIgniter\CodeIgniter->runController(Object(App\Controllers\Users))
#8 C:\xampp\htdocs\bempnc-1\vendor\codeigniter4\framework\system\CodeIgniter.php(326): CodeIgniter\CodeIgniter->handleRequest(NULL, Object(Config\Cache), false)
#9 C:\xampp\htdocs\bempnc-1\public\index.php(37): CodeIgniter\CodeIgniter->run()
#10 C:\xampp\htdocs\bempnc-1\vendor\codeigniter4\framework\system\Commands\Server\rewrite.php(43): require_once('C:\\xampp\\htdocs...')
#11 {main}
CRITICAL - 2022-08-12 22:12:11 --> Trying to access array offset on value of type null
#0 C:\xampp\htdocs\bempnc-1\app\Views\users\edit.php(9): CodeIgniter\Debug\Exceptions->errorHandler(8, 'Trying to acces...', 'C:\\xampp\\htdocs...', 9, Array)
#1 C:\xampp\htdocs\bempnc-1\vendor\codeigniter4\framework\system\View\View.php(210): include('C:\\xampp\\htdocs...')
#2 C:\xampp\htdocs\bempnc-1\vendor\codeigniter4\framework\system\View\View.php(213): CodeIgniter\View\View->CodeIgniter\View\{closure}()
#3 C:\xampp\htdocs\bempnc-1\vendor\codeigniter4\framework\system\Common.php(1089): CodeIgniter\View\View->render('users/edit', Array, true)
#4 C:\xampp\htdocs\bempnc-1\app\Controllers\Users.php(160): view('users/edit', Array)
#5 C:\xampp\htdocs\bempnc-1\vendor\codeigniter4\framework\system\CodeIgniter.php(832): App\Controllers\Users->edit('7')
#6 C:\xampp\htdocs\bempnc-1\vendor\codeigniter4\framework\system\CodeIgniter.php(419): CodeIgniter\CodeIgniter->runController(Object(App\Controllers\Users))
#7 C:\xampp\htdocs\bempnc-1\vendor\codeigniter4\framework\system\CodeIgniter.php(326): CodeIgniter\CodeIgniter->handleRequest(NULL, Object(Config\Cache), false)
#8 C:\xampp\htdocs\bempnc-1\public\index.php(37): CodeIgniter\CodeIgniter->run()
#9 C:\xampp\htdocs\bempnc-1\vendor\codeigniter4\framework\system\Commands\Server\rewrite.php(43): require_once('C:\\xampp\\htdocs...')
#10 {main}
CRITICAL - 2022-08-12 22:14:04 --> Undefined index: pos_id
#0 C:\xampp\htdocs\bempnc-1\app\Views\users\edit.php(27): CodeIgniter\Debug\Exceptions->errorHandler(8, 'Undefined index...', 'C:\\xampp\\htdocs...', 27, Array)
#1 C:\xampp\htdocs\bempnc-1\vendor\codeigniter4\framework\system\View\View.php(210): include('C:\\xampp\\htdocs...')
#2 C:\xampp\htdocs\bempnc-1\vendor\codeigniter4\framework\system\View\View.php(213): CodeIgniter\View\View->CodeIgniter\View\{closure}()
#3 C:\xampp\htdocs\bempnc-1\vendor\codeigniter4\framework\system\Common.php(1089): CodeIgniter\View\View->render('users/edit', Array, true)
#4 C:\xampp\htdocs\bempnc-1\app\Controllers\Users.php(161): view('users/edit', Array)
#5 C:\xampp\htdocs\bempnc-1\vendor\codeigniter4\framework\system\CodeIgniter.php(832): App\Controllers\Users->edit('7')
#6 C:\xampp\htdocs\bempnc-1\vendor\codeigniter4\framework\system\CodeIgniter.php(419): CodeIgniter\CodeIgniter->runController(Object(App\Controllers\Users))
#7 C:\xampp\htdocs\bempnc-1\vendor\codeigniter4\framework\system\CodeIgniter.php(326): CodeIgniter\CodeIgniter->handleRequest(NULL, Object(Config\Cache), false)
#8 C:\xampp\htdocs\bempnc-1\public\index.php(37): CodeIgniter\CodeIgniter->run()
#9 C:\xampp\htdocs\bempnc-1\vendor\codeigniter4\framework\system\Commands\Server\rewrite.php(43): require_once('C:\\xampp\\htdocs...')
#10 {main}
CRITICAL - 2022-08-12 22:15:06 --> Illegal string offset 'is_active'
#0 C:\xampp\htdocs\bempnc-1\app\Helpers\bem_helper.php(30): CodeIgniter\Debug\Exceptions->errorHandler(2, 'Illegal string ...', 'C:\\xampp\\htdocs...', 30, Array)
#1 C:\xampp\htdocs\bempnc-1\app\Views\users\edit.php(34): checkedActive('Pria')
#2 C:\xampp\htdocs\bempnc-1\vendor\codeigniter4\framework\system\View\View.php(210): include('C:\\xampp\\htdocs...')
#3 C:\xampp\htdocs\bempnc-1\vendor\codeigniter4\framework\system\View\View.php(213): CodeIgniter\View\View->CodeIgniter\View\{closure}()
#4 C:\xampp\htdocs\bempnc-1\vendor\codeigniter4\framework\system\Common.php(1089): CodeIgniter\View\View->render('users/edit', Array, true)
#5 C:\xampp\htdocs\bempnc-1\app\Controllers\Users.php(161): view('users/edit', Array)
#6 C:\xampp\htdocs\bempnc-1\vendor\codeigniter4\framework\system\CodeIgniter.php(832): App\Controllers\Users->edit('7')
#7 C:\xampp\htdocs\bempnc-1\vendor\codeigniter4\framework\system\CodeIgniter.php(419): CodeIgniter\CodeIgniter->runController(Object(App\Controllers\Users))
#8 C:\xampp\htdocs\bempnc-1\vendor\codeigniter4\framework\system\CodeIgniter.php(326): CodeIgniter\CodeIgniter->handleRequest(NULL, Object(Config\Cache), false)
#9 C:\xampp\htdocs\bempnc-1\public\index.php(37): CodeIgniter\CodeIgniter->run()
#10 C:\xampp\htdocs\bempnc-1\vendor\codeigniter4\framework\system\Commands\Server\rewrite.php(43): require_once('C:\\xampp\\htdocs...')
#11 {main}
CRITICAL - 2022-08-12 22:17:09 --> Illegal string offset 'gender'
#0 C:\xampp\htdocs\bempnc-1\app\Helpers\bem_helper.php(37): CodeIgniter\Debug\Exceptions->errorHandler(2, 'Illegal string ...', 'C:\\xampp\\htdocs...', 37, Array)
#1 C:\xampp\htdocs\bempnc-1\app\Views\users\edit.php(34): checkedGender('Pria')
#2 C:\xampp\htdocs\bempnc-1\vendor\codeigniter4\framework\system\View\View.php(210): include('C:\\xampp\\htdocs...')
#3 C:\xampp\htdocs\bempnc-1\vendor\codeigniter4\framework\system\View\View.php(213): CodeIgniter\View\View->CodeIgniter\View\{closure}()
#4 C:\xampp\htdocs\bempnc-1\vendor\codeigniter4\framework\system\Common.php(1089): CodeIgniter\View\View->render('users/edit', Array, true)
#5 C:\xampp\htdocs\bempnc-1\app\Controllers\Users.php(161): view('users/edit', Array)
#6 C:\xampp\htdocs\bempnc-1\vendor\codeigniter4\framework\system\CodeIgniter.php(832): App\Controllers\Users->edit('7')
#7 C:\xampp\htdocs\bempnc-1\vendor\codeigniter4\framework\system\CodeIgniter.php(419): CodeIgniter\CodeIgniter->runController(Object(App\Controllers\Users))
#8 C:\xampp\htdocs\bempnc-1\vendor\codeigniter4\framework\system\CodeIgniter.php(326): CodeIgniter\CodeIgniter->handleRequest(NULL, Object(Config\Cache), false)
#9 C:\xampp\htdocs\bempnc-1\public\index.php(37): CodeIgniter\CodeIgniter->run()
#10 C:\xampp\htdocs\bempnc-1\vendor\codeigniter4\framework\system\Commands\Server\rewrite.php(43): require_once('C:\\xampp\\htdocs...')
#11 {main}
CRITICAL - 2022-08-12 22:17:30 --> Illegal string offset 'is_active'
#0 C:\xampp\htdocs\bempnc-1\app\Helpers\bem_helper.php(30): CodeIgniter\Debug\Exceptions->errorHandler(2, 'Illegal string ...', 'C:\\xampp\\htdocs...', 30, Array)
#1 C:\xampp\htdocs\bempnc-1\app\Views\users\edit.php(63): checkedActive('1')
#2 C:\xampp\htdocs\bempnc-1\vendor\codeigniter4\framework\system\View\View.php(210): include('C:\\xampp\\htdocs...')
#3 C:\xampp\htdocs\bempnc-1\vendor\codeigniter4\framework\system\View\View.php(213): CodeIgniter\View\View->CodeIgniter\View\{closure}()
#4 C:\xampp\htdocs\bempnc-1\vendor\codeigniter4\framework\system\Common.php(1089): CodeIgniter\View\View->render('users/edit', Array, true)
#5 C:\xampp\htdocs\bempnc-1\app\Controllers\Users.php(161): view('users/edit', Array)
#6 C:\xampp\htdocs\bempnc-1\vendor\codeigniter4\framework\system\CodeIgniter.php(832): App\Controllers\Users->edit('7')
#7 C:\xampp\htdocs\bempnc-1\vendor\codeigniter4\framework\system\CodeIgniter.php(419): CodeIgniter\CodeIgniter->runController(Object(App\Controllers\Users))
#8 C:\xampp\htdocs\bempnc-1\vendor\codeigniter4\framework\system\CodeIgniter.php(326): CodeIgniter\CodeIgniter->handleRequest(NULL, Object(Config\Cache), false)
#9 C:\xampp\htdocs\bempnc-1\public\index.php(37): CodeIgniter\CodeIgniter->run()
#10 C:\xampp\htdocs\bempnc-1\vendor\codeigniter4\framework\system\Commands\Server\rewrite.php(43): require_once('C:\\xampp\\htdocs...')
#11 {main}
CRITICAL - 2022-08-12 22:19:08 --> Illegal string offset 'is_active'
#0 C:\xampp\htdocs\bempnc-1\app\Helpers\bem_helper.php(30): CodeIgniter\Debug\Exceptions->errorHandler(2, 'Illegal string ...', 'C:\\xampp\\htdocs...', 30, Array)
#1 C:\xampp\htdocs\bempnc-1\app\Views\users\edit.php(63): checkedActive('1')
#2 C:\xampp\htdocs\bempnc-1\vendor\codeigniter4\framework\system\View\View.php(210): include('C:\\xampp\\htdocs...')
#3 C:\xampp\htdocs\bempnc-1\vendor\codeigniter4\framework\system\View\View.php(213): CodeIgniter\View\View->CodeIgniter\View\{closure}()
#4 C:\xampp\htdocs\bempnc-1\vendor\codeigniter4\framework\system\Common.php(1089): CodeIgniter\View\View->render('users/edit', Array, true)
#5 C:\xampp\htdocs\bempnc-1\app\Controllers\Users.php(161): view('users/edit', Array)
#6 C:\xampp\htdocs\bempnc-1\vendor\codeigniter4\framework\system\CodeIgniter.php(832): App\Controllers\Users->edit('7')
#7 C:\xampp\htdocs\bempnc-1\vendor\codeigniter4\framework\system\CodeIgniter.php(419): CodeIgniter\CodeIgniter->runController(Object(App\Controllers\Users))
#8 C:\xampp\htdocs\bempnc-1\vendor\codeigniter4\framework\system\CodeIgniter.php(326): CodeIgniter\CodeIgniter->handleRequest(NULL, Object(Config\Cache), false)
#9 C:\xampp\htdocs\bempnc-1\public\index.php(37): CodeIgniter\CodeIgniter->run()
#10 C:\xampp\htdocs\bempnc-1\vendor\codeigniter4\framework\system\Commands\Server\rewrite.php(43): require_once('C:\\xampp\\htdocs...')
#11 {main}
