INFO - 2022-09-12 10:44:08 --> Session: Class initialized using 'CodeIgniter\Session\Handlers\FileHandler' driver.
INFO - 2022-09-12 10:45:07 --> Session: Class initialized using 'CodeIgniter\Session\Handlers\FileHandler' driver.
INFO - 2022-09-12 10:45:24 --> Session: Class initialized using 'CodeIgniter\Session\Handlers\FileHandler' driver.
INFO - 2022-09-12 10:48:25 --> Session: Class initialized using 'CodeIgniter\Session\Handlers\FileHandler' driver.
INFO - 2022-09-12 10:50:44 --> Session: Class initialized using 'CodeIgniter\Session\Handlers\FileHandler' driver.
INFO - 2022-09-12 10:51:56 --> Session: Class initialized using 'CodeIgniter\Session\Handlers\FileHandler' driver.
INFO - 2022-09-12 10:52:58 --> Session: Class initialized using 'CodeIgniter\Session\Handlers\FileHandler' driver.
INFO - 2022-09-12 10:53:03 --> Session: Class initialized using 'CodeIgniter\Session\Handlers\FileHandler' driver.
INFO - 2022-09-12 10:53:27 --> Session: Class initialized using 'CodeIgniter\Session\Handlers\FileHandler' driver.
INFO - 2022-09-12 10:53:33 --> Session: Class initialized using 'CodeIgniter\Session\Handlers\FileHandler' driver.
INFO - 2022-09-12 10:53:33 --> Session: Class initialized using 'CodeIgniter\Session\Handlers\FileHandler' driver.
INFO - 2022-09-12 10:53:43 --> Session: Class initialized using 'CodeIgniter\Session\Handlers\FileHandler' driver.
INFO - 2022-09-12 10:53:55 --> Session: Class initialized using 'CodeIgniter\Session\Handlers\FileHandler' driver.
INFO - 2022-09-12 10:54:00 --> Session: Class initialized using 'CodeIgniter\Session\Handlers\FileHandler' driver.
INFO - 2022-09-12 10:56:23 --> Session: Class initialized using 'CodeIgniter\Session\Handlers\FileHandler' driver.
INFO - 2022-09-12 10:56:24 --> Session: Class initialized using 'CodeIgniter\Session\Handlers\FileHandler' driver.
INFO - 2022-09-12 10:58:44 --> Session: Class initialized using 'CodeIgniter\Session\Handlers\FileHandler' driver.
INFO - 2022-09-12 10:59:34 --> Session: Class initialized using 'CodeIgniter\Session\Handlers\FileHandler' driver.
INFO - 2022-09-12 10:59:39 --> Session: Class initialized using 'CodeIgniter\Session\Handlers\FileHandler' driver.
INFO - 2022-09-12 11:05:14 --> Session: Class initialized using 'CodeIgniter\Session\Handlers\FileHandler' driver.
INFO - 2022-09-12 11:05:14 --> Session: Class initialized using 'CodeIgniter\Session\Handlers\FileHandler' driver.
INFO - 2022-09-12 11:06:33 --> Session: Class initialized using 'CodeIgniter\Session\Handlers\FileHandler' driver.
INFO - 2022-09-12 11:06:51 --> Session: Class initialized using 'CodeIgniter\Session\Handlers\FileHandler' driver.
INFO - 2022-09-12 11:07:16 --> Session: Class initialized using 'CodeIgniter\Session\Handlers\FileHandler' driver.
INFO - 2022-09-12 11:07:52 --> Session: Class initialized using 'CodeIgniter\Session\Handlers\FileHandler' driver.
CRITICAL - 2022-09-12 11:09:12 --> Undefined property: App\Controllers\Dashboard::$membersModel
in APPPATH\Controllers\Dashboard.php on line 17.
 1 APPPATH\Controllers\Dashboard.php(17): CodeIgniter\Debug\Exceptions->errorHandler(8, 'Undefined property: App\\Controllers\\Dashboard::$membersModel', 'APPPATH\\Controllers\\Dashboard.php', 17, [])
 2 SYSTEMPATH\CodeIgniter.php(904): App\Controllers\Dashboard->index()
 3 SYSTEMPATH\CodeIgniter.php(457): CodeIgniter\CodeIgniter->runController(Object(App\Controllers\Dashboard))
 4 SYSTEMPATH\CodeIgniter.php(340): CodeIgniter\CodeIgniter->handleRequest(null, Object(Config\Cache), false)
 5 FCPATH\index.php(67): CodeIgniter\CodeIgniter->run()
 6 SYSTEMPATH\Commands\Server\rewrite.php(43): require_once('FCPATH\\index.php')
INFO - 2022-09-12 11:09:18 --> Session: Class initialized using 'CodeIgniter\Session\Handlers\FileHandler' driver.
INFO - 2022-09-12 11:10:04 --> Session: Class initialized using 'CodeIgniter\Session\Handlers\FileHandler' driver.
INFO - 2022-09-12 11:10:10 --> Session: Class initialized using 'CodeIgniter\Session\Handlers\FileHandler' driver.
INFO - 2022-09-12 11:10:16 --> Session: Class initialized using 'CodeIgniter\Session\Handlers\FileHandler' driver.
INFO - 2022-09-12 11:10:27 --> Session: Class initialized using 'CodeIgniter\Session\Handlers\FileHandler' driver.
INFO - 2022-09-12 11:13:35 --> Session: Class initialized using 'CodeIgniter\Session\Handlers\FileHandler' driver.
INFO - 2022-09-12 11:13:35 --> Session: Class initialized using 'CodeIgniter\Session\Handlers\FileHandler' driver.
INFO - 2022-09-12 11:14:21 --> Session: Class initialized using 'CodeIgniter\Session\Handlers\FileHandler' driver.
INFO - 2022-09-12 11:14:34 --> Session: Class initialized using 'CodeIgniter\Session\Handlers\FileHandler' driver.
INFO - 2022-09-12 11:14:40 --> Session: Class initialized using 'CodeIgniter\Session\Handlers\FileHandler' driver.
INFO - 2022-09-12 11:15:24 --> Session: Class initialized using 'CodeIgniter\Session\Handlers\FileHandler' driver.
INFO - 2022-09-12 11:15:25 --> Session: Class initialized using 'CodeIgniter\Session\Handlers\FileHandler' driver.
INFO - 2022-09-12 11:15:35 --> Session: Class initialized using 'CodeIgniter\Session\Handlers\FileHandler' driver.
INFO - 2022-09-12 11:21:06 --> Session: Class initialized using 'CodeIgniter\Session\Handlers\FileHandler' driver.
INFO - 2022-09-12 11:21:27 --> Session: Class initialized using 'CodeIgniter\Session\Handlers\FileHandler' driver.
INFO - 2022-09-12 11:21:27 --> Session: Class initialized using 'CodeIgniter\Session\Handlers\FileHandler' driver.
INFO - 2022-09-12 11:21:36 --> Session: Class initialized using 'CodeIgniter\Session\Handlers\FileHandler' driver.
INFO - 2022-09-12 11:21:36 --> Session: Class initialized using 'CodeIgniter\Session\Handlers\FileHandler' driver.
INFO - 2022-09-12 11:21:42 --> Session: Class initialized using 'CodeIgniter\Session\Handlers\FileHandler' driver.
INFO - 2022-09-12 11:56:10 --> Session: Class initialized using 'CodeIgniter\Session\Handlers\FileHandler' driver.
INFO - 2022-09-12 11:56:26 --> Session: Class initialized using 'CodeIgniter\Session\Handlers\FileHandler' driver.
INFO - 2022-09-12 11:57:28 --> Session: Class initialized using 'CodeIgniter\Session\Handlers\FileHandler' driver.
INFO - 2022-09-12 11:57:28 --> Session: Class initialized using 'CodeIgniter\Session\Handlers\FileHandler' driver.
INFO - 2022-09-12 12:47:45 --> Session: Class initialized using 'CodeIgniter\Session\Handlers\FileHandler' driver.
INFO - 2022-09-12 12:48:13 --> Session: Class initialized using 'CodeIgniter\Session\Handlers\FileHandler' driver.
INFO - 2022-09-12 12:48:13 --> Session: Class initialized using 'CodeIgniter\Session\Handlers\FileHandler' driver.
INFO - 2022-09-12 12:52:51 --> Session: Class initialized using 'CodeIgniter\Session\Handlers\FileHandler' driver.
INFO - 2022-09-12 13:03:05 --> Session: Class initialized using 'CodeIgniter\Session\Handlers\FileHandler' driver.
INFO - 2022-09-12 13:03:06 --> Session: Class initialized using 'CodeIgniter\Session\Handlers\FileHandler' driver.
INFO - 2022-09-12 13:06:07 --> Session: Class initialized using 'CodeIgniter\Session\Handlers\FileHandler' driver.
INFO - 2022-09-12 13:06:20 --> Session: Class initialized using 'CodeIgniter\Session\Handlers\FileHandler' driver.
INFO - 2022-09-12 13:10:15 --> Session: Class initialized using 'CodeIgniter\Session\Handlers\FileHandler' driver.
INFO - 2022-09-12 13:10:24 --> Session: Class initialized using 'CodeIgniter\Session\Handlers\FileHandler' driver.
INFO - 2022-09-12 13:10:27 --> Session: Class initialized using 'CodeIgniter\Session\Handlers\FileHandler' driver.
INFO - 2022-09-12 13:10:33 --> Session: Class initialized using 'CodeIgniter\Session\Handlers\FileHandler' driver.
INFO - 2022-09-12 13:10:34 --> Session: Class initialized using 'CodeIgniter\Session\Handlers\FileHandler' driver.
INFO - 2022-09-12 13:28:04 --> Session: Class initialized using 'CodeIgniter\Session\Handlers\FileHandler' driver.
INFO - 2022-09-12 13:29:47 --> Session: Class initialized using 'CodeIgniter\Session\Handlers\FileHandler' driver.
INFO - 2022-09-12 13:29:54 --> Session: Class initialized using 'CodeIgniter\Session\Handlers\FileHandler' driver.
INFO - 2022-09-12 13:32:47 --> Session: Class initialized using 'CodeIgniter\Session\Handlers\FileHandler' driver.
INFO - 2022-09-12 13:32:48 --> Session: Class initialized using 'CodeIgniter\Session\Handlers\FileHandler' driver.
INFO - 2022-09-12 13:33:14 --> Session: Class initialized using 'CodeIgniter\Session\Handlers\FileHandler' driver.
INFO - 2022-09-12 13:33:19 --> Session: Class initialized using 'CodeIgniter\Session\Handlers\FileHandler' driver.
INFO - 2022-09-12 13:33:59 --> Session: Class initialized using 'CodeIgniter\Session\Handlers\FileHandler' driver.
INFO - 2022-09-12 13:33:59 --> Session: Class initialized using 'CodeIgniter\Session\Handlers\FileHandler' driver.
INFO - 2022-09-12 13:34:06 --> Session: Class initialized using 'CodeIgniter\Session\Handlers\FileHandler' driver.
INFO - 2022-09-12 13:34:44 --> Session: Class initialized using 'CodeIgniter\Session\Handlers\FileHandler' driver.
INFO - 2022-09-12 13:34:44 --> Session: Class initialized using 'CodeIgniter\Session\Handlers\FileHandler' driver.
INFO - 2022-09-12 13:34:54 --> Session: Class initialized using 'CodeIgniter\Session\Handlers\FileHandler' driver.
INFO - 2022-09-12 13:35:25 --> Session: Class initialized using 'CodeIgniter\Session\Handlers\FileHandler' driver.
INFO - 2022-09-12 13:35:25 --> Session: Class initialized using 'CodeIgniter\Session\Handlers\FileHandler' driver.
INFO - 2022-09-12 13:35:34 --> Session: Class initialized using 'CodeIgniter\Session\Handlers\FileHandler' driver.
INFO - 2022-09-12 13:35:38 --> Session: Class initialized using 'CodeIgniter\Session\Handlers\FileHandler' driver.
INFO - 2022-09-12 13:36:18 --> Session: Class initialized using 'CodeIgniter\Session\Handlers\FileHandler' driver.
INFO - 2022-09-12 13:36:19 --> Session: Class initialized using 'CodeIgniter\Session\Handlers\FileHandler' driver.
INFO - 2022-09-12 13:36:31 --> Session: Class initialized using 'CodeIgniter\Session\Handlers\FileHandler' driver.
INFO - 2022-09-12 13:37:05 --> Session: Class initialized using 'CodeIgniter\Session\Handlers\FileHandler' driver.
INFO - 2022-09-12 13:37:06 --> Session: Class initialized using 'CodeIgniter\Session\Handlers\FileHandler' driver.
INFO - 2022-09-12 13:37:51 --> Session: Class initialized using 'CodeIgniter\Session\Handlers\FileHandler' driver.
INFO - 2022-09-12 13:37:58 --> Session: Class initialized using 'CodeIgniter\Session\Handlers\FileHandler' driver.
INFO - 2022-09-12 13:38:03 --> Session: Class initialized using 'CodeIgniter\Session\Handlers\FileHandler' driver.
INFO - 2022-09-12 13:41:01 --> Session: Class initialized using 'CodeIgniter\Session\Handlers\FileHandler' driver.
INFO - 2022-09-12 13:41:11 --> Session: Class initialized using 'CodeIgniter\Session\Handlers\FileHandler' driver.
INFO - 2022-09-12 13:41:46 --> Session: Class initialized using 'CodeIgniter\Session\Handlers\FileHandler' driver.
INFO - 2022-09-12 13:41:52 --> Session: Class initialized using 'CodeIgniter\Session\Handlers\FileHandler' driver.
INFO - 2022-09-12 13:43:24 --> Session: Class initialized using 'CodeIgniter\Session\Handlers\FileHandler' driver.
INFO - 2022-09-12 13:43:24 --> Session: Class initialized using 'CodeIgniter\Session\Handlers\FileHandler' driver.
INFO - 2022-09-12 13:43:25 --> Session: Class initialized using 'CodeIgniter\Session\Handlers\FileHandler' driver.
INFO - 2022-09-12 13:43:29 --> Session: Class initialized using 'CodeIgniter\Session\Handlers\FileHandler' driver.
INFO - 2022-09-12 13:43:29 --> Session: Class initialized using 'CodeIgniter\Session\Handlers\FileHandler' driver.
INFO - 2022-09-12 13:43:32 --> Session: Class initialized using 'CodeIgniter\Session\Handlers\FileHandler' driver.
INFO - 2022-09-12 13:43:33 --> Session: Class initialized using 'CodeIgniter\Session\Handlers\FileHandler' driver.
INFO - 2022-09-12 13:43:37 --> Session: Class initialized using 'CodeIgniter\Session\Handlers\FileHandler' driver.
INFO - 2022-09-12 13:43:38 --> Session: Class initialized using 'CodeIgniter\Session\Handlers\FileHandler' driver.
INFO - 2022-09-12 13:43:39 --> Session: Class initialized using 'CodeIgniter\Session\Handlers\FileHandler' driver.
INFO - 2022-09-12 13:43:44 --> Session: Class initialized using 'CodeIgniter\Session\Handlers\FileHandler' driver.
INFO - 2022-09-12 13:43:45 --> Session: Class initialized using 'CodeIgniter\Session\Handlers\FileHandler' driver.
INFO - 2022-09-12 13:43:53 --> Session: Class initialized using 'CodeIgniter\Session\Handlers\FileHandler' driver.
INFO - 2022-09-12 13:43:54 --> Session: Class initialized using 'CodeIgniter\Session\Handlers\FileHandler' driver.
INFO - 2022-09-12 13:43:55 --> Session: Class initialized using 'CodeIgniter\Session\Handlers\FileHandler' driver.
INFO - 2022-09-12 13:43:55 --> Session: Class initialized using 'CodeIgniter\Session\Handlers\FileHandler' driver.
INFO - 2022-09-12 13:43:56 --> Session: Class initialized using 'CodeIgniter\Session\Handlers\FileHandler' driver.
INFO - 2022-09-12 13:43:56 --> Session: Class initialized using 'CodeIgniter\Session\Handlers\FileHandler' driver.
INFO - 2022-09-12 13:43:57 --> Session: Class initialized using 'CodeIgniter\Session\Handlers\FileHandler' driver.
INFO - 2022-09-12 13:43:57 --> Session: Class initialized using 'CodeIgniter\Session\Handlers\FileHandler' driver.
INFO - 2022-09-12 13:44:01 --> Session: Class initialized using 'CodeIgniter\Session\Handlers\FileHandler' driver.
INFO - 2022-09-12 13:44:02 --> Session: Class initialized using 'CodeIgniter\Session\Handlers\FileHandler' driver.
INFO - 2022-09-12 13:44:03 --> Session: Class initialized using 'CodeIgniter\Session\Handlers\FileHandler' driver.
INFO - 2022-09-12 13:44:04 --> Session: Class initialized using 'CodeIgniter\Session\Handlers\FileHandler' driver.
INFO - 2022-09-12 13:44:10 --> Session: Class initialized using 'CodeIgniter\Session\Handlers\FileHandler' driver.
INFO - 2022-09-12 13:44:11 --> Session: Class initialized using 'CodeIgniter\Session\Handlers\FileHandler' driver.
INFO - 2022-09-12 13:44:11 --> Session: Class initialized using 'CodeIgniter\Session\Handlers\FileHandler' driver.
INFO - 2022-09-12 13:44:12 --> Session: Class initialized using 'CodeIgniter\Session\Handlers\FileHandler' driver.
INFO - 2022-09-12 13:44:12 --> Session: Class initialized using 'CodeIgniter\Session\Handlers\FileHandler' driver.
INFO - 2022-09-12 13:44:13 --> Session: Class initialized using 'CodeIgniter\Session\Handlers\FileHandler' driver.
INFO - 2022-09-12 13:44:13 --> Session: Class initialized using 'CodeIgniter\Session\Handlers\FileHandler' driver.
INFO - 2022-09-12 13:44:14 --> Session: Class initialized using 'CodeIgniter\Session\Handlers\FileHandler' driver.
INFO - 2022-09-12 13:44:14 --> Session: Class initialized using 'CodeIgniter\Session\Handlers\FileHandler' driver.
INFO - 2022-09-12 13:44:18 --> Session: Class initialized using 'CodeIgniter\Session\Handlers\FileHandler' driver.
INFO - 2022-09-12 13:44:19 --> Session: Class initialized using 'CodeIgniter\Session\Handlers\FileHandler' driver.
INFO - 2022-09-12 13:44:19 --> Session: Class initialized using 'CodeIgniter\Session\Handlers\FileHandler' driver.
INFO - 2022-09-12 13:44:20 --> Session: Class initialized using 'CodeIgniter\Session\Handlers\FileHandler' driver.
INFO - 2022-09-12 13:44:25 --> Session: Class initialized using 'CodeIgniter\Session\Handlers\FileHandler' driver.
INFO - 2022-09-12 13:44:32 --> Session: Class initialized using 'CodeIgniter\Session\Handlers\FileHandler' driver.
INFO - 2022-09-12 13:44:36 --> Session: Class initialized using 'CodeIgniter\Session\Handlers\FileHandler' driver.
INFO - 2022-09-12 13:44:49 --> Session: Class initialized using 'CodeIgniter\Session\Handlers\FileHandler' driver.
INFO - 2022-09-12 13:46:17 --> Session: Class initialized using 'CodeIgniter\Session\Handlers\FileHandler' driver.
INFO - 2022-09-12 13:46:35 --> Session: Class initialized using 'CodeIgniter\Session\Handlers\FileHandler' driver.
INFO - 2022-09-12 13:47:54 --> Session: Class initialized using 'CodeIgniter\Session\Handlers\FileHandler' driver.
INFO - 2022-09-12 13:48:06 --> Session: Class initialized using 'CodeIgniter\Session\Handlers\FileHandler' driver.
INFO - 2022-09-12 13:48:23 --> Session: Class initialized using 'CodeIgniter\Session\Handlers\FileHandler' driver.
INFO - 2022-09-12 13:48:29 --> Session: Class initialized using 'CodeIgniter\Session\Handlers\FileHandler' driver.
INFO - 2022-09-12 13:48:50 --> Session: Class initialized using 'CodeIgniter\Session\Handlers\FileHandler' driver.
INFO - 2022-09-12 13:48:56 --> Session: Class initialized using 'CodeIgniter\Session\Handlers\FileHandler' driver.
CRITICAL - 2022-09-12 13:52:01 --> Undefined variable: getUsers
in APPPATH\Controllers\Users.php on line 301.
 1 APPPATH\Controllers\Users.php(301): CodeIgniter\Debug\Exceptions->errorHandler(8, 'Undefined variable: getUsers', 'APPPATH\\Controllers\\Users.php', 301, [...])
 2 SYSTEMPATH\CodeIgniter.php(904): App\Controllers\Users->update('8')
 3 SYSTEMPATH\CodeIgniter.php(457): CodeIgniter\CodeIgniter->runController(Object(App\Controllers\Users))
 4 SYSTEMPATH\CodeIgniter.php(340): CodeIgniter\CodeIgniter->handleRequest(null, Object(Config\Cache), false)
 5 FCPATH\index.php(67): CodeIgniter\CodeIgniter->run()
 6 SYSTEMPATH\Commands\Server\rewrite.php(43): require_once('FCPATH\\index.php')
INFO - 2022-09-12 13:52:23 --> Session: Class initialized using 'CodeIgniter\Session\Handlers\FileHandler' driver.
INFO - 2022-09-12 13:53:03 --> Session: Class initialized using 'CodeIgniter\Session\Handlers\FileHandler' driver.
INFO - 2022-09-12 13:53:19 --> Session: Class initialized using 'CodeIgniter\Session\Handlers\FileHandler' driver.
INFO - 2022-09-12 13:53:45 --> Session: Class initialized using 'CodeIgniter\Session\Handlers\FileHandler' driver.
INFO - 2022-09-12 13:53:46 --> Session: Class initialized using 'CodeIgniter\Session\Handlers\FileHandler' driver.
INFO - 2022-09-12 13:53:58 --> Session: Class initialized using 'CodeIgniter\Session\Handlers\FileHandler' driver.
INFO - 2022-09-12 13:56:00 --> Session: Class initialized using 'CodeIgniter\Session\Handlers\FileHandler' driver.
INFO - 2022-09-12 13:56:00 --> Session: Class initialized using 'CodeIgniter\Session\Handlers\FileHandler' driver.
INFO - 2022-09-12 13:56:18 --> Session: Class initialized using 'CodeIgniter\Session\Handlers\FileHandler' driver.
INFO - 2022-09-12 13:56:28 --> Session: Class initialized using 'CodeIgniter\Session\Handlers\FileHandler' driver.
INFO - 2022-09-12 13:56:39 --> Session: Class initialized using 'CodeIgniter\Session\Handlers\FileHandler' driver.
INFO - 2022-09-12 13:56:39 --> Session: Class initialized using 'CodeIgniter\Session\Handlers\FileHandler' driver.
INFO - 2022-09-12 13:57:05 --> Session: Class initialized using 'CodeIgniter\Session\Handlers\FileHandler' driver.
INFO - 2022-09-12 13:57:22 --> Session: Class initialized using 'CodeIgniter\Session\Handlers\FileHandler' driver.
INFO - 2022-09-12 13:57:23 --> Session: Class initialized using 'CodeIgniter\Session\Handlers\FileHandler' driver.
INFO - 2022-09-12 14:37:16 --> Session: Class initialized using 'CodeIgniter\Session\Handlers\FileHandler' driver.
INFO - 2022-09-12 14:37:58 --> Session: Class initialized using 'CodeIgniter\Session\Handlers\FileHandler' driver.
INFO - 2022-09-12 14:39:35 --> Session: Class initialized using 'CodeIgniter\Session\Handlers\FileHandler' driver.
INFO - 2022-09-12 14:46:46 --> Session: Class initialized using 'CodeIgniter\Session\Handlers\FileHandler' driver.
INFO - 2022-09-12 14:47:03 --> Session: Class initialized using 'CodeIgniter\Session\Handlers\FileHandler' driver.
INFO - 2022-09-12 14:53:08 --> Session: Class initialized using 'CodeIgniter\Session\Handlers\FileHandler' driver.
INFO - 2022-09-12 14:53:09 --> Session: Class initialized using 'CodeIgniter\Session\Handlers\FileHandler' driver.
INFO - 2022-09-12 14:53:19 --> Session: Class initialized using 'CodeIgniter\Session\Handlers\FileHandler' driver.
INFO - 2022-09-12 14:53:31 --> Session: Class initialized using 'CodeIgniter\Session\Handlers\FileHandler' driver.
INFO - 2022-09-12 14:53:32 --> Session: Class initialized using 'CodeIgniter\Session\Handlers\FileHandler' driver.
INFO - 2022-09-12 14:53:46 --> Session: Class initialized using 'CodeIgniter\Session\Handlers\FileHandler' driver.
INFO - 2022-09-12 14:54:00 --> Session: Class initialized using 'CodeIgniter\Session\Handlers\FileHandler' driver.
INFO - 2022-09-12 14:54:00 --> Session: Class initialized using 'CodeIgniter\Session\Handlers\FileHandler' driver.
INFO - 2022-09-12 15:05:41 --> Session: Class initialized using 'CodeIgniter\Session\Handlers\FileHandler' driver.
INFO - 2022-09-12 15:05:42 --> Session: Class initialized using 'CodeIgniter\Session\Handlers\FileHandler' driver.
CRITICAL - 2022-09-12 19:31:25 --> Undefined index: kd_jabatan
in APPPATH\Controllers\Auth.php on line 88.
 1 APPPATH\Controllers\Auth.php(88): CodeIgniter\Debug\Exceptions->errorHandler(8, 'Undefined index: kd_jabatan', 'APPPATH\\Controllers\\Auth.php', 88, [...])
 2 SYSTEMPATH\CodeIgniter.php(904): App\Controllers\Auth->login()
 3 SYSTEMPATH\CodeIgniter.php(457): CodeIgniter\CodeIgniter->runController(Object(App\Controllers\Auth))
 4 SYSTEMPATH\CodeIgniter.php(340): CodeIgniter\CodeIgniter->handleRequest(null, Object(Config\Cache), false)
 5 FCPATH\index.php(67): CodeIgniter\CodeIgniter->run()
 6 SYSTEMPATH\Commands\Server\rewrite.php(43): require_once('FCPATH\\index.php')
CRITICAL - 2022-09-12 19:32:30 --> Undefined index: kd_jabatan
in APPPATH\Controllers\Auth.php on line 88.
 1 APPPATH\Controllers\Auth.php(88): CodeIgniter\Debug\Exceptions->errorHandler(8, 'Undefined index: kd_jabatan', 'APPPATH\\Controllers\\Auth.php', 88, [...])
 2 SYSTEMPATH\CodeIgniter.php(904): App\Controllers\Auth->login()
 3 SYSTEMPATH\CodeIgniter.php(457): CodeIgniter\CodeIgniter->runController(Object(App\Controllers\Auth))
 4 SYSTEMPATH\CodeIgniter.php(340): CodeIgniter\CodeIgniter->handleRequest(null, Object(Config\Cache), false)
 5 FCPATH\index.php(67): CodeIgniter\CodeIgniter->run()
 6 SYSTEMPATH\Commands\Server\rewrite.php(43): require_once('FCPATH\\index.php')
INFO - 2022-09-12 19:32:39 --> Session: Class initialized using 'CodeIgniter\Session\Handlers\FileHandler' driver.
INFO - 2022-09-12 19:32:40 --> Session: Class initialized using 'CodeIgniter\Session\Handlers\FileHandler' driver.
ERROR - 2022-09-12 19:32:40 --> mysqli_sql_exception: You have an error in your SQL syntax; check the manual that corresponds to your MariaDB server version for the right syntax to use near '' at line 1 in F:\xampp file\sikabem_3\vendor\codeigniter4\framework\system\Database\MySQLi\Connection.php:292
Stack trace:
#0 F:\xampp file\sikabem_3\vendor\codeigniter4\framework\system\Database\MySQLi\Connection.php(292): mysqli->query('\n              ...', 0)
#1 F:\xampp file\sikabem_3\vendor\codeigniter4\framework\system\Database\BaseConnection.php(693): CodeIgniter\Database\MySQLi\Connection->execute('\n              ...')
#2 F:\xampp file\sikabem_3\vendor\codeigniter4\framework\system\Database\BaseConnection.php(620): CodeIgniter\Database\BaseConnection->simpleQuery('\n              ...')
#3 F:\xampp file\sikabem_3\app\Filters\Auth.php(42): CodeIgniter\Database\BaseConnection->query('\n              ...')
#4 F:\xampp file\sikabem_3\vendor\codeigniter4\framework\system\Filters\Filters.php(173): App\Filters\Auth->before(Object(CodeIgniter\HTTP\IncomingRequest), NULL)
#5 F:\xampp file\sikabem_3\vendor\codeigniter4\framework\system\CodeIgniter.php(431): CodeIgniter\Filters\Filters->run('profil', 'before')
#6 F:\xampp file\sikabem_3\vendor\codeigniter4\framework\system\CodeIgniter.php(340): CodeIgniter\CodeIgniter->handleRequest(NULL, Object(Config\Cache), false)
#7 F:\xampp file\sikabem_3\public\index.php(67): CodeIgniter\CodeIgniter->run()
#8 F:\xampp file\sikabem_3\vendor\codeigniter4\framework\system\Commands\Server\rewrite.php(43): require_once('F:\\xampp file\\s...')
#9 {main}
CRITICAL - 2022-09-12 19:32:40 --> You have an error in your SQL syntax; check the manual that corresponds to your MariaDB server version for the right syntax to use near '' at line 1
in SYSTEMPATH\Database\MySQLi\Connection.php on line 292.
 1 SYSTEMPATH\Database\MySQLi\Connection.php(292): mysqli->query('
                SELECT id FROM menus WHERE menu_url=
                ', 0)
 2 SYSTEMPATH\Database\BaseConnection.php(693): CodeIgniter\Database\MySQLi\Connection->execute('
                SELECT id FROM menus WHERE menu_url=
                ')
 3 SYSTEMPATH\Database\BaseConnection.php(620): CodeIgniter\Database\BaseConnection->simpleQuery('
                SELECT id FROM menus WHERE menu_url=
                ')
 4 APPPATH\Filters\Auth.php(42): CodeIgniter\Database\BaseConnection->query('
                SELECT id FROM menus WHERE menu_url=
                ')
 5 SYSTEMPATH\Filters\Filters.php(173): App\Filters\Auth->before(Object(CodeIgniter\HTTP\IncomingRequest), null)
 6 SYSTEMPATH\CodeIgniter.php(431): CodeIgniter\Filters\Filters->run('profil', 'before')
 7 SYSTEMPATH\CodeIgniter.php(340): CodeIgniter\CodeIgniter->handleRequest(null, Object(Config\Cache), false)
 8 FCPATH\index.php(67): CodeIgniter\CodeIgniter->run()
 9 SYSTEMPATH\Commands\Server\rewrite.php(43): require_once('FCPATH\\index.php')
INFO - 2022-09-12 19:33:59 --> Session: Class initialized using 'CodeIgniter\Session\Handlers\FileHandler' driver.
ERROR - 2022-09-12 19:33:59 --> mysqli_sql_exception: You have an error in your SQL syntax; check the manual that corresponds to your MariaDB server version for the right syntax to use near '' at line 1 in F:\xampp file\sikabem_3\vendor\codeigniter4\framework\system\Database\MySQLi\Connection.php:292
Stack trace:
#0 F:\xampp file\sikabem_3\vendor\codeigniter4\framework\system\Database\MySQLi\Connection.php(292): mysqli->query('\n              ...', 0)
#1 F:\xampp file\sikabem_3\vendor\codeigniter4\framework\system\Database\BaseConnection.php(693): CodeIgniter\Database\MySQLi\Connection->execute('\n              ...')
#2 F:\xampp file\sikabem_3\vendor\codeigniter4\framework\system\Database\BaseConnection.php(620): CodeIgniter\Database\BaseConnection->simpleQuery('\n              ...')
#3 F:\xampp file\sikabem_3\app\Filters\Auth.php(42): CodeIgniter\Database\BaseConnection->query('\n              ...')
#4 F:\xampp file\sikabem_3\vendor\codeigniter4\framework\system\Filters\Filters.php(173): App\Filters\Auth->before(Object(CodeIgniter\HTTP\IncomingRequest), NULL)
#5 F:\xampp file\sikabem_3\vendor\codeigniter4\framework\system\CodeIgniter.php(431): CodeIgniter\Filters\Filters->run('profil', 'before')
#6 F:\xampp file\sikabem_3\vendor\codeigniter4\framework\system\CodeIgniter.php(340): CodeIgniter\CodeIgniter->handleRequest(NULL, Object(Config\Cache), false)
#7 F:\xampp file\sikabem_3\public\index.php(67): CodeIgniter\CodeIgniter->run()
#8 F:\xampp file\sikabem_3\vendor\codeigniter4\framework\system\Commands\Server\rewrite.php(43): require_once('F:\\xampp file\\s...')
#9 {main}
CRITICAL - 2022-09-12 19:33:59 --> You have an error in your SQL syntax; check the manual that corresponds to your MariaDB server version for the right syntax to use near '' at line 1
in SYSTEMPATH\Database\MySQLi\Connection.php on line 292.
 1 SYSTEMPATH\Database\MySQLi\Connection.php(292): mysqli->query('
                SELECT id FROM menus WHERE menu_url=
                ', 0)
 2 SYSTEMPATH\Database\BaseConnection.php(693): CodeIgniter\Database\MySQLi\Connection->execute('
                SELECT id FROM menus WHERE menu_url=
                ')
 3 SYSTEMPATH\Database\BaseConnection.php(620): CodeIgniter\Database\BaseConnection->simpleQuery('
                SELECT id FROM menus WHERE menu_url=
                ')
 4 APPPATH\Filters\Auth.php(42): CodeIgniter\Database\BaseConnection->query('
                SELECT id FROM menus WHERE menu_url=
                ')
 5 SYSTEMPATH\Filters\Filters.php(173): App\Filters\Auth->before(Object(CodeIgniter\HTTP\IncomingRequest), null)
 6 SYSTEMPATH\CodeIgniter.php(431): CodeIgniter\Filters\Filters->run('profil', 'before')
 7 SYSTEMPATH\CodeIgniter.php(340): CodeIgniter\CodeIgniter->handleRequest(null, Object(Config\Cache), false)
 8 FCPATH\index.php(67): CodeIgniter\CodeIgniter->run()
 9 SYSTEMPATH\Commands\Server\rewrite.php(43): require_once('FCPATH\\index.php')
INFO - 2022-09-12 19:34:11 --> Session: Class initialized using 'CodeIgniter\Session\Handlers\FileHandler' driver.
ERROR - 2022-09-12 19:34:11 --> mysqli_sql_exception: You have an error in your SQL syntax; check the manual that corresponds to your MariaDB server version for the right syntax to use near '' at line 1 in F:\xampp file\sikabem_3\vendor\codeigniter4\framework\system\Database\MySQLi\Connection.php:292
Stack trace:
#0 F:\xampp file\sikabem_3\vendor\codeigniter4\framework\system\Database\MySQLi\Connection.php(292): mysqli->query('\n              ...', 0)
#1 F:\xampp file\sikabem_3\vendor\codeigniter4\framework\system\Database\BaseConnection.php(693): CodeIgniter\Database\MySQLi\Connection->execute('\n              ...')
#2 F:\xampp file\sikabem_3\vendor\codeigniter4\framework\system\Database\BaseConnection.php(620): CodeIgniter\Database\BaseConnection->simpleQuery('\n              ...')
#3 F:\xampp file\sikabem_3\app\Filters\Auth.php(42): CodeIgniter\Database\BaseConnection->query('\n              ...')
#4 F:\xampp file\sikabem_3\vendor\codeigniter4\framework\system\Filters\Filters.php(173): App\Filters\Auth->before(Object(CodeIgniter\HTTP\IncomingRequest), NULL)
#5 F:\xampp file\sikabem_3\vendor\codeigniter4\framework\system\CodeIgniter.php(431): CodeIgniter\Filters\Filters->run('menu', 'before')
#6 F:\xampp file\sikabem_3\vendor\codeigniter4\framework\system\CodeIgniter.php(340): CodeIgniter\CodeIgniter->handleRequest(NULL, Object(Config\Cache), false)
#7 F:\xampp file\sikabem_3\public\index.php(67): CodeIgniter\CodeIgniter->run()
#8 F:\xampp file\sikabem_3\vendor\codeigniter4\framework\system\Commands\Server\rewrite.php(43): require_once('F:\\xampp file\\s...')
#9 {main}
CRITICAL - 2022-09-12 19:34:11 --> You have an error in your SQL syntax; check the manual that corresponds to your MariaDB server version for the right syntax to use near '' at line 1
in SYSTEMPATH\Database\MySQLi\Connection.php on line 292.
 1 SYSTEMPATH\Database\MySQLi\Connection.php(292): mysqli->query('
                SELECT id FROM menus WHERE menu_url=
                ', 0)
 2 SYSTEMPATH\Database\BaseConnection.php(693): CodeIgniter\Database\MySQLi\Connection->execute('
                SELECT id FROM menus WHERE menu_url=
                ')
 3 SYSTEMPATH\Database\BaseConnection.php(620): CodeIgniter\Database\BaseConnection->simpleQuery('
                SELECT id FROM menus WHERE menu_url=
                ')
 4 APPPATH\Filters\Auth.php(42): CodeIgniter\Database\BaseConnection->query('
                SELECT id FROM menus WHERE menu_url=
                ')
 5 SYSTEMPATH\Filters\Filters.php(173): App\Filters\Auth->before(Object(CodeIgniter\HTTP\IncomingRequest), null)
 6 SYSTEMPATH\CodeIgniter.php(431): CodeIgniter\Filters\Filters->run('menu', 'before')
 7 SYSTEMPATH\CodeIgniter.php(340): CodeIgniter\CodeIgniter->handleRequest(null, Object(Config\Cache), false)
 8 FCPATH\index.php(67): CodeIgniter\CodeIgniter->run()
 9 SYSTEMPATH\Commands\Server\rewrite.php(43): require_once('FCPATH\\index.php')
INFO - 2022-09-12 19:34:40 --> Session: Class initialized using 'CodeIgniter\Session\Handlers\FileHandler' driver.
INFO - 2022-09-12 19:34:40 --> Session: Class initialized using 'CodeIgniter\Session\Handlers\FileHandler' driver.
INFO - 2022-09-12 19:36:33 --> Session: Class initialized using 'CodeIgniter\Session\Handlers\FileHandler' driver.
INFO - 2022-09-12 19:36:33 --> Session: Class initialized using 'CodeIgniter\Session\Handlers\FileHandler' driver.
ERROR - 2022-09-12 19:36:34 --> mysqli_sql_exception: You have an error in your SQL syntax; check the manual that corresponds to your MariaDB server version for the right syntax to use near '' at line 1 in F:\xampp file\sikabem_3\vendor\codeigniter4\framework\system\Database\MySQLi\Connection.php:292
Stack trace:
#0 F:\xampp file\sikabem_3\vendor\codeigniter4\framework\system\Database\MySQLi\Connection.php(292): mysqli->query('\n              ...', 0)
#1 F:\xampp file\sikabem_3\vendor\codeigniter4\framework\system\Database\BaseConnection.php(693): CodeIgniter\Database\MySQLi\Connection->execute('\n              ...')
#2 F:\xampp file\sikabem_3\vendor\codeigniter4\framework\system\Database\BaseConnection.php(620): CodeIgniter\Database\BaseConnection->simpleQuery('\n              ...')
#3 F:\xampp file\sikabem_3\app\Filters\Auth.php(42): CodeIgniter\Database\BaseConnection->query('\n              ...')
#4 F:\xampp file\sikabem_3\vendor\codeigniter4\framework\system\Filters\Filters.php(173): App\Filters\Auth->before(Object(CodeIgniter\HTTP\IncomingRequest), NULL)
#5 F:\xampp file\sikabem_3\vendor\codeigniter4\framework\system\CodeIgniter.php(431): CodeIgniter\Filters\Filters->run('profil', 'before')
#6 F:\xampp file\sikabem_3\vendor\codeigniter4\framework\system\CodeIgniter.php(340): CodeIgniter\CodeIgniter->handleRequest(NULL, Object(Config\Cache), false)
#7 F:\xampp file\sikabem_3\public\index.php(67): CodeIgniter\CodeIgniter->run()
#8 F:\xampp file\sikabem_3\vendor\codeigniter4\framework\system\Commands\Server\rewrite.php(43): require_once('F:\\xampp file\\s...')
#9 {main}
CRITICAL - 2022-09-12 19:36:34 --> You have an error in your SQL syntax; check the manual that corresponds to your MariaDB server version for the right syntax to use near '' at line 1
in SYSTEMPATH\Database\MySQLi\Connection.php on line 292.
 1 SYSTEMPATH\Database\MySQLi\Connection.php(292): mysqli->query('
                SELECT id FROM menus WHERE menu_url=
                ', 0)
 2 SYSTEMPATH\Database\BaseConnection.php(693): CodeIgniter\Database\MySQLi\Connection->execute('
                SELECT id FROM menus WHERE menu_url=
                ')
 3 SYSTEMPATH\Database\BaseConnection.php(620): CodeIgniter\Database\BaseConnection->simpleQuery('
                SELECT id FROM menus WHERE menu_url=
                ')
 4 APPPATH\Filters\Auth.php(42): CodeIgniter\Database\BaseConnection->query('
                SELECT id FROM menus WHERE menu_url=
                ')
 5 SYSTEMPATH\Filters\Filters.php(173): App\Filters\Auth->before(Object(CodeIgniter\HTTP\IncomingRequest), null)
 6 SYSTEMPATH\CodeIgniter.php(431): CodeIgniter\Filters\Filters->run('profil', 'before')
 7 SYSTEMPATH\CodeIgniter.php(340): CodeIgniter\CodeIgniter->handleRequest(null, Object(Config\Cache), false)
 8 FCPATH\index.php(67): CodeIgniter\CodeIgniter->run()
 9 SYSTEMPATH\Commands\Server\rewrite.php(43): require_once('FCPATH\\index.php')
INFO - 2022-09-12 19:37:14 --> Session: Class initialized using 'CodeIgniter\Session\Handlers\FileHandler' driver.
ERROR - 2022-09-12 19:37:14 --> mysqli_sql_exception: You have an error in your SQL syntax; check the manual that corresponds to your MariaDB server version for the right syntax to use near '' at line 1 in F:\xampp file\sikabem_3\vendor\codeigniter4\framework\system\Database\MySQLi\Connection.php:292
Stack trace:
#0 F:\xampp file\sikabem_3\vendor\codeigniter4\framework\system\Database\MySQLi\Connection.php(292): mysqli->query('\n              ...', 0)
#1 F:\xampp file\sikabem_3\vendor\codeigniter4\framework\system\Database\BaseConnection.php(693): CodeIgniter\Database\MySQLi\Connection->execute('\n              ...')
#2 F:\xampp file\sikabem_3\vendor\codeigniter4\framework\system\Database\BaseConnection.php(620): CodeIgniter\Database\BaseConnection->simpleQuery('\n              ...')
#3 F:\xampp file\sikabem_3\app\Filters\Auth.php(42): CodeIgniter\Database\BaseConnection->query('\n              ...')
#4 F:\xampp file\sikabem_3\vendor\codeigniter4\framework\system\Filters\Filters.php(173): App\Filters\Auth->before(Object(CodeIgniter\HTTP\IncomingRequest), NULL)
#5 F:\xampp file\sikabem_3\vendor\codeigniter4\framework\system\CodeIgniter.php(431): CodeIgniter\Filters\Filters->run('menu', 'before')
#6 F:\xampp file\sikabem_3\vendor\codeigniter4\framework\system\CodeIgniter.php(340): CodeIgniter\CodeIgniter->handleRequest(NULL, Object(Config\Cache), false)
#7 F:\xampp file\sikabem_3\public\index.php(67): CodeIgniter\CodeIgniter->run()
#8 F:\xampp file\sikabem_3\vendor\codeigniter4\framework\system\Commands\Server\rewrite.php(43): require_once('F:\\xampp file\\s...')
#9 {main}
CRITICAL - 2022-09-12 19:37:14 --> You have an error in your SQL syntax; check the manual that corresponds to your MariaDB server version for the right syntax to use near '' at line 1
in SYSTEMPATH\Database\MySQLi\Connection.php on line 292.
 1 SYSTEMPATH\Database\MySQLi\Connection.php(292): mysqli->query('
                SELECT id FROM menus WHERE menu_url=
                ', 0)
 2 SYSTEMPATH\Database\BaseConnection.php(693): CodeIgniter\Database\MySQLi\Connection->execute('
                SELECT id FROM menus WHERE menu_url=
                ')
 3 SYSTEMPATH\Database\BaseConnection.php(620): CodeIgniter\Database\BaseConnection->simpleQuery('
                SELECT id FROM menus WHERE menu_url=
                ')
 4 APPPATH\Filters\Auth.php(42): CodeIgniter\Database\BaseConnection->query('
                SELECT id FROM menus WHERE menu_url=
                ')
 5 SYSTEMPATH\Filters\Filters.php(173): App\Filters\Auth->before(Object(CodeIgniter\HTTP\IncomingRequest), null)
 6 SYSTEMPATH\CodeIgniter.php(431): CodeIgniter\Filters\Filters->run('menu', 'before')
 7 SYSTEMPATH\CodeIgniter.php(340): CodeIgniter\CodeIgniter->handleRequest(null, Object(Config\Cache), false)
 8 FCPATH\index.php(67): CodeIgniter\CodeIgniter->run()
 9 SYSTEMPATH\Commands\Server\rewrite.php(43): require_once('FCPATH\\index.php')
INFO - 2022-09-12 19:37:16 --> Session: Class initialized using 'CodeIgniter\Session\Handlers\FileHandler' driver.
ERROR - 2022-09-12 19:37:16 --> mysqli_sql_exception: You have an error in your SQL syntax; check the manual that corresponds to your MariaDB server version for the right syntax to use near '' at line 1 in F:\xampp file\sikabem_3\vendor\codeigniter4\framework\system\Database\MySQLi\Connection.php:292
Stack trace:
#0 F:\xampp file\sikabem_3\vendor\codeigniter4\framework\system\Database\MySQLi\Connection.php(292): mysqli->query('\n              ...', 0)
#1 F:\xampp file\sikabem_3\vendor\codeigniter4\framework\system\Database\BaseConnection.php(693): CodeIgniter\Database\MySQLi\Connection->execute('\n              ...')
#2 F:\xampp file\sikabem_3\vendor\codeigniter4\framework\system\Database\BaseConnection.php(620): CodeIgniter\Database\BaseConnection->simpleQuery('\n              ...')
#3 F:\xampp file\sikabem_3\app\Filters\Auth.php(42): CodeIgniter\Database\BaseConnection->query('\n              ...')
#4 F:\xampp file\sikabem_3\vendor\codeigniter4\framework\system\Filters\Filters.php(173): App\Filters\Auth->before(Object(CodeIgniter\HTTP\IncomingRequest), NULL)
#5 F:\xampp file\sikabem_3\vendor\codeigniter4\framework\system\CodeIgniter.php(431): CodeIgniter\Filters\Filters->run('menu/tambah', 'before')
#6 F:\xampp file\sikabem_3\vendor\codeigniter4\framework\system\CodeIgniter.php(340): CodeIgniter\CodeIgniter->handleRequest(NULL, Object(Config\Cache), false)
#7 F:\xampp file\sikabem_3\public\index.php(67): CodeIgniter\CodeIgniter->run()
#8 F:\xampp file\sikabem_3\vendor\codeigniter4\framework\system\Commands\Server\rewrite.php(43): require_once('F:\\xampp file\\s...')
#9 {main}
CRITICAL - 2022-09-12 19:37:16 --> You have an error in your SQL syntax; check the manual that corresponds to your MariaDB server version for the right syntax to use near '' at line 1
in SYSTEMPATH\Database\MySQLi\Connection.php on line 292.
 1 SYSTEMPATH\Database\MySQLi\Connection.php(292): mysqli->query('
                SELECT id FROM menus WHERE menu_url=
                ', 0)
 2 SYSTEMPATH\Database\BaseConnection.php(693): CodeIgniter\Database\MySQLi\Connection->execute('
                SELECT id FROM menus WHERE menu_url=
                ')
 3 SYSTEMPATH\Database\BaseConnection.php(620): CodeIgniter\Database\BaseConnection->simpleQuery('
                SELECT id FROM menus WHERE menu_url=
                ')
 4 APPPATH\Filters\Auth.php(42): CodeIgniter\Database\BaseConnection->query('
                SELECT id FROM menus WHERE menu_url=
                ')
 5 SYSTEMPATH\Filters\Filters.php(173): App\Filters\Auth->before(Object(CodeIgniter\HTTP\IncomingRequest), null)
 6 SYSTEMPATH\CodeIgniter.php(431): CodeIgniter\Filters\Filters->run('menu/tambah', 'before')
 7 SYSTEMPATH\CodeIgniter.php(340): CodeIgniter\CodeIgniter->handleRequest(null, Object(Config\Cache), false)
 8 FCPATH\index.php(67): CodeIgniter\CodeIgniter->run()
 9 SYSTEMPATH\Commands\Server\rewrite.php(43): require_once('FCPATH\\index.php')
INFO - 2022-09-12 20:01:21 --> Session: Class initialized using 'CodeIgniter\Session\Handlers\FileHandler' driver.
ERROR - 2022-09-12 20:01:21 --> mysqli_sql_exception: You have an error in your SQL syntax; check the manual that corresponds to your MariaDB server version for the right syntax to use near '' at line 1 in F:\xampp file\sikabem_3\vendor\codeigniter4\framework\system\Database\MySQLi\Connection.php:292
Stack trace:
#0 F:\xampp file\sikabem_3\vendor\codeigniter4\framework\system\Database\MySQLi\Connection.php(292): mysqli->query('\n              ...', 0)
#1 F:\xampp file\sikabem_3\vendor\codeigniter4\framework\system\Database\BaseConnection.php(693): CodeIgniter\Database\MySQLi\Connection->execute('\n              ...')
#2 F:\xampp file\sikabem_3\vendor\codeigniter4\framework\system\Database\BaseConnection.php(620): CodeIgniter\Database\BaseConnection->simpleQuery('\n              ...')
#3 F:\xampp file\sikabem_3\app\Filters\Auth.php(42): CodeIgniter\Database\BaseConnection->query('\n              ...')
#4 F:\xampp file\sikabem_3\vendor\codeigniter4\framework\system\Filters\Filters.php(173): App\Filters\Auth->before(Object(CodeIgniter\HTTP\IncomingRequest), NULL)
#5 F:\xampp file\sikabem_3\vendor\codeigniter4\framework\system\CodeIgniter.php(431): CodeIgniter\Filters\Filters->run('menu/tambah', 'before')
#6 F:\xampp file\sikabem_3\vendor\codeigniter4\framework\system\CodeIgniter.php(340): CodeIgniter\CodeIgniter->handleRequest(NULL, Object(Config\Cache), false)
#7 F:\xampp file\sikabem_3\public\index.php(67): CodeIgniter\CodeIgniter->run()
#8 F:\xampp file\sikabem_3\vendor\codeigniter4\framework\system\Commands\Server\rewrite.php(43): require_once('F:\\xampp file\\s...')
#9 {main}
CRITICAL - 2022-09-12 20:01:21 --> You have an error in your SQL syntax; check the manual that corresponds to your MariaDB server version for the right syntax to use near '' at line 1
in SYSTEMPATH\Database\MySQLi\Connection.php on line 292.
 1 SYSTEMPATH\Database\MySQLi\Connection.php(292): mysqli->query('
                SELECT id FROM menus WHERE menu_url=
                ', 0)
 2 SYSTEMPATH\Database\BaseConnection.php(693): CodeIgniter\Database\MySQLi\Connection->execute('
                SELECT id FROM menus WHERE menu_url=
                ')
 3 SYSTEMPATH\Database\BaseConnection.php(620): CodeIgniter\Database\BaseConnection->simpleQuery('
                SELECT id FROM menus WHERE menu_url=
                ')
 4 APPPATH\Filters\Auth.php(42): CodeIgniter\Database\BaseConnection->query('
                SELECT id FROM menus WHERE menu_url=
                ')
 5 SYSTEMPATH\Filters\Filters.php(173): App\Filters\Auth->before(Object(CodeIgniter\HTTP\IncomingRequest), null)
 6 SYSTEMPATH\CodeIgniter.php(431): CodeIgniter\Filters\Filters->run('menu/tambah', 'before')
 7 SYSTEMPATH\CodeIgniter.php(340): CodeIgniter\CodeIgniter->handleRequest(null, Object(Config\Cache), false)
 8 FCPATH\index.php(67): CodeIgniter\CodeIgniter->run()
 9 SYSTEMPATH\Commands\Server\rewrite.php(43): require_once('FCPATH\\index.php')
INFO - 2022-09-12 20:01:44 --> Session: Class initialized using 'CodeIgniter\Session\Handlers\FileHandler' driver.
ERROR - 2022-09-12 20:01:44 --> mysqli_sql_exception: You have an error in your SQL syntax; check the manual that corresponds to your MariaDB server version for the right syntax to use near '' at line 1 in F:\xampp file\sikabem_3\vendor\codeigniter4\framework\system\Database\MySQLi\Connection.php:292
Stack trace:
#0 F:\xampp file\sikabem_3\vendor\codeigniter4\framework\system\Database\MySQLi\Connection.php(292): mysqli->query('\n              ...', 0)
#1 F:\xampp file\sikabem_3\vendor\codeigniter4\framework\system\Database\BaseConnection.php(693): CodeIgniter\Database\MySQLi\Connection->execute('\n              ...')
#2 F:\xampp file\sikabem_3\vendor\codeigniter4\framework\system\Database\BaseConnection.php(620): CodeIgniter\Database\BaseConnection->simpleQuery('\n              ...')
#3 F:\xampp file\sikabem_3\app\Filters\Auth.php(42): CodeIgniter\Database\BaseConnection->query('\n              ...')
#4 F:\xampp file\sikabem_3\vendor\codeigniter4\framework\system\Filters\Filters.php(173): App\Filters\Auth->before(Object(CodeIgniter\HTTP\IncomingRequest), NULL)
#5 F:\xampp file\sikabem_3\vendor\codeigniter4\framework\system\CodeIgniter.php(431): CodeIgniter\Filters\Filters->run('koleksi', 'before')
#6 F:\xampp file\sikabem_3\vendor\codeigniter4\framework\system\CodeIgniter.php(340): CodeIgniter\CodeIgniter->handleRequest(NULL, Object(Config\Cache), false)
#7 F:\xampp file\sikabem_3\public\index.php(67): CodeIgniter\CodeIgniter->run()
#8 F:\xampp file\sikabem_3\vendor\codeigniter4\framework\system\Commands\Server\rewrite.php(43): require_once('F:\\xampp file\\s...')
#9 {main}
CRITICAL - 2022-09-12 20:01:44 --> You have an error in your SQL syntax; check the manual that corresponds to your MariaDB server version for the right syntax to use near '' at line 1
in SYSTEMPATH\Database\MySQLi\Connection.php on line 292.
 1 SYSTEMPATH\Database\MySQLi\Connection.php(292): mysqli->query('
                SELECT id FROM menus WHERE menu_url=
                ', 0)
 2 SYSTEMPATH\Database\BaseConnection.php(693): CodeIgniter\Database\MySQLi\Connection->execute('
                SELECT id FROM menus WHERE menu_url=
                ')
 3 SYSTEMPATH\Database\BaseConnection.php(620): CodeIgniter\Database\BaseConnection->simpleQuery('
                SELECT id FROM menus WHERE menu_url=
                ')
 4 APPPATH\Filters\Auth.php(42): CodeIgniter\Database\BaseConnection->query('
                SELECT id FROM menus WHERE menu_url=
                ')
 5 SYSTEMPATH\Filters\Filters.php(173): App\Filters\Auth->before(Object(CodeIgniter\HTTP\IncomingRequest), null)
 6 SYSTEMPATH\CodeIgniter.php(431): CodeIgniter\Filters\Filters->run('koleksi', 'before')
 7 SYSTEMPATH\CodeIgniter.php(340): CodeIgniter\CodeIgniter->handleRequest(null, Object(Config\Cache), false)
 8 FCPATH\index.php(67): CodeIgniter\CodeIgniter->run()
 9 SYSTEMPATH\Commands\Server\rewrite.php(43): require_once('FCPATH\\index.php')
INFO - 2022-09-12 20:04:47 --> Session: Class initialized using 'CodeIgniter\Session\Handlers\FileHandler' driver.
ERROR - 2022-09-12 20:04:47 --> mysqli_sql_exception: Unknown column 'menus.is_active' in 'where clause' in F:\xampp file\sikabem_3\vendor\codeigniter4\framework\system\Database\MySQLi\Connection.php:292
Stack trace:
#0 F:\xampp file\sikabem_3\vendor\codeigniter4\framework\system\Database\MySQLi\Connection.php(292): mysqli->query('SELECT *\nFROM `...', 0)
#1 F:\xampp file\sikabem_3\vendor\codeigniter4\framework\system\Database\BaseConnection.php(693): CodeIgniter\Database\MySQLi\Connection->execute('SELECT *\nFROM `...')
#2 F:\xampp file\sikabem_3\vendor\codeigniter4\framework\system\Database\BaseConnection.php(620): CodeIgniter\Database\BaseConnection->simpleQuery('SELECT *\nFROM `...')
#3 F:\xampp file\sikabem_3\vendor\codeigniter4\framework\system\Database\BaseBuilder.php(1585): CodeIgniter\Database\BaseConnection->query('SELECT *\nFROM `...', Array, false)
#4 F:\xampp file\sikabem_3\vendor\codeigniter4\framework\system\Model.php(222): CodeIgniter\Database\BaseBuilder->get()
#5 F:\xampp file\sikabem_3\vendor\codeigniter4\framework\system\BaseModel.php(584): CodeIgniter\Model->doFindAll(0, 0)
#6 F:\xampp file\sikabem_3\app\Views\backend-template\navbar.php(11): CodeIgniter\BaseModel->findAll()
#7 F:\xampp file\sikabem_3\vendor\codeigniter4\framework\system\View\View.php(213): include('F:\\xampp file\\s...')
#8 F:\xampp file\sikabem_3\vendor\codeigniter4\framework\system\View\View.php(216): CodeIgniter\View\View->CodeIgniter\View\{closure}()
#9 F:\xampp file\sikabem_3\vendor\codeigniter4\framework\system\View\View.php(429): CodeIgniter\View\View->render('\\backend-templa...', NULL, true)
#10 F:\xampp file\sikabem_3\app\Views\backend-template\index.php(16): CodeIgniter\View\View->include('\\backend-templa...')
#11 F:\xampp file\sikabem_3\vendor\codeigniter4\framework\system\View\View.php(213): include('F:\\xampp file\\s...')
#12 F:\xampp file\sikabem_3\vendor\codeigniter4\framework\system\View\View.php(216): CodeIgniter\View\View->CodeIgniter\View\{closure}()
#13 F:\xampp file\sikabem_3\vendor\codeigniter4\framework\system\View\View.php(229): CodeIgniter\View\View->render('\\backend-templa...', Array, true)
#14 F:\xampp file\sikabem_3\vendor\codeigniter4\framework\system\Common.php(1137): CodeIgniter\View\View->render('collection/inde...', Array, true)
#15 F:\xampp file\sikabem_3\app\Controllers\Collection.php(29): view('collection/inde...', Array)
#16 F:\xampp file\sikabem_3\vendor\codeigniter4\framework\system\CodeIgniter.php(904): App\Controllers\Collection->index()
#17 F:\xampp file\sikabem_3\vendor\codeigniter4\framework\system\CodeIgniter.php(457): CodeIgniter\CodeIgniter->runController(Object(App\Controllers\Collection))
#18 F:\xampp file\sikabem_3\vendor\codeigniter4\framework\system\CodeIgniter.php(340): CodeIgniter\CodeIgniter->handleRequest(NULL, Object(Config\Cache), false)
#19 F:\xampp file\sikabem_3\public\index.php(67): CodeIgniter\CodeIgniter->run()
#20 F:\xampp file\sikabem_3\vendor\codeigniter4\framework\system\Commands\Server\rewrite.php(43): require_once('F:\\xampp file\\s...')
#21 {main}
CRITICAL - 2022-09-12 20:04:47 --> Unknown column 'menus.is_active' in 'where clause'
in SYSTEMPATH\Database\MySQLi\Connection.php on line 292.
 1 SYSTEMPATH\Database\MySQLi\Connection.php(292): mysqli->query('SELECT *
FROM `menus`
JOIN `position_menu` ON `position_menu`.`kd_menu` = `menus`.`kd_menu`
JOIN `positions` ON `positions`.`kd_jabatan` = `position_menu`.`kd_jabatan`
WHERE `position_menu`.`kd_jabatan` = 9
AND `menus`.`is_active` = 1
AND `menus`.`deleted_at` IS NULL', 0)
 2 SYSTEMPATH\Database\BaseConnection.php(693): CodeIgniter\Database\MySQLi\Connection->execute('SELECT *
FROM `menus`
JOIN `position_menu` ON `position_menu`.`kd_menu` = `menus`.`kd_menu`
JOIN `positions` ON `positions`.`kd_jabatan` = `position_menu`.`kd_jabatan`
WHERE `position_menu`.`kd_jabatan` = 9
AND `menus`.`is_active` = 1
AND `menus`.`deleted_at` IS NULL')
 3 SYSTEMPATH\Database\BaseConnection.php(620): CodeIgniter\Database\BaseConnection->simpleQuery('SELECT *
FROM `menus`
JOIN `position_menu` ON `position_menu`.`kd_menu` = `menus`.`kd_menu`
JOIN `positions` ON `positions`.`kd_jabatan` = `position_menu`.`kd_jabatan`
WHERE `position_menu`.`kd_jabatan` = 9
AND `menus`.`is_active` = 1
AND `menus`.`deleted_at` IS NULL')
 4 SYSTEMPATH\Database\BaseBuilder.php(1585): CodeIgniter\Database\BaseConnection->query('SELECT *
FROM `menus`
JOIN `position_menu` ON `position_menu`.`kd_menu` = `menus`.`kd_menu`
JOIN `positions` ON `positions`.`kd_jabatan` = `position_menu`.`kd_jabatan`
WHERE `position_menu`.`kd_jabatan` = 9
AND `menus`.`is_active` = 1
AND `menus`.`deleted_at` IS NULL', [], false)
 5 SYSTEMPATH\Model.php(222): CodeIgniter\Database\BaseBuilder->get()
 6 SYSTEMPATH\BaseModel.php(584): CodeIgniter\Model->doFindAll(0, 0)
 7 APPPATH\Views\backend-template\navbar.php(11): CodeIgniter\BaseModel->findAll()
 8 SYSTEMPATH\View\View.php(213): include('APPPATH\\Views\\backend-template\\navbar.php')
 9 SYSTEMPATH\View\View.php(216): CodeIgniter\View\View->CodeIgniter\View\{closure}()
10 SYSTEMPATH\View\View.php(429): CodeIgniter\View\View->render('\\backend-template\\navbar', null, true)
11 APPPATH\Views\backend-template\index.php(16): CodeIgniter\View\View->include('\\backend-template\\navbar')
12 SYSTEMPATH\View\View.php(213): include('APPPATH\\Views\\backend-template\\index.php')
13 SYSTEMPATH\View\View.php(216): CodeIgniter\View\View->CodeIgniter\View\{closure}()
14 SYSTEMPATH\View\View.php(229): CodeIgniter\View\View->render('\\backend-template\\index', [], true)
15 SYSTEMPATH\Common.php(1137): CodeIgniter\View\View->render('collection/index', [], true)
16 APPPATH\Controllers\Collection.php(29): view('collection/index', [...])
17 SYSTEMPATH\CodeIgniter.php(904): App\Controllers\Collection->index()
18 SYSTEMPATH\CodeIgniter.php(457): CodeIgniter\CodeIgniter->runController(Object(App\Controllers\Collection))
19 SYSTEMPATH\CodeIgniter.php(340): CodeIgniter\CodeIgniter->handleRequest(null, Object(Config\Cache), false)
20 FCPATH\index.php(67): CodeIgniter\CodeIgniter->run()
21 SYSTEMPATH\Commands\Server\rewrite.php(43): require_once('FCPATH\\index.php')
INFO - 2022-09-12 20:05:05 --> Session: Class initialized using 'CodeIgniter\Session\Handlers\FileHandler' driver.
ERROR - 2022-09-12 20:05:05 --> mysqli_sql_exception: Unknown column 'menus.is_active' in 'where clause' in F:\xampp file\sikabem_3\vendor\codeigniter4\framework\system\Database\MySQLi\Connection.php:292
Stack trace:
#0 F:\xampp file\sikabem_3\vendor\codeigniter4\framework\system\Database\MySQLi\Connection.php(292): mysqli->query('SELECT *\nFROM `...', 0)
#1 F:\xampp file\sikabem_3\vendor\codeigniter4\framework\system\Database\BaseConnection.php(693): CodeIgniter\Database\MySQLi\Connection->execute('SELECT *\nFROM `...')
#2 F:\xampp file\sikabem_3\vendor\codeigniter4\framework\system\Database\BaseConnection.php(620): CodeIgniter\Database\BaseConnection->simpleQuery('SELECT *\nFROM `...')
#3 F:\xampp file\sikabem_3\vendor\codeigniter4\framework\system\Database\BaseBuilder.php(1585): CodeIgniter\Database\BaseConnection->query('SELECT *\nFROM `...', Array, false)
#4 F:\xampp file\sikabem_3\vendor\codeigniter4\framework\system\Model.php(222): CodeIgniter\Database\BaseBuilder->get()
#5 F:\xampp file\sikabem_3\vendor\codeigniter4\framework\system\BaseModel.php(584): CodeIgniter\Model->doFindAll(0, 0)
#6 F:\xampp file\sikabem_3\app\Views\backend-template\navbar.php(11): CodeIgniter\BaseModel->findAll()
#7 F:\xampp file\sikabem_3\vendor\codeigniter4\framework\system\View\View.php(213): include('F:\\xampp file\\s...')
#8 F:\xampp file\sikabem_3\vendor\codeigniter4\framework\system\View\View.php(216): CodeIgniter\View\View->CodeIgniter\View\{closure}()
#9 F:\xampp file\sikabem_3\vendor\codeigniter4\framework\system\View\View.php(429): CodeIgniter\View\View->render('\\backend-templa...', NULL, true)
#10 F:\xampp file\sikabem_3\app\Views\backend-template\index.php(16): CodeIgniter\View\View->include('\\backend-templa...')
#11 F:\xampp file\sikabem_3\vendor\codeigniter4\framework\system\View\View.php(213): include('F:\\xampp file\\s...')
#12 F:\xampp file\sikabem_3\vendor\codeigniter4\framework\system\View\View.php(216): CodeIgniter\View\View->CodeIgniter\View\{closure}()
#13 F:\xampp file\sikabem_3\vendor\codeigniter4\framework\system\View\View.php(229): CodeIgniter\View\View->render('\\backend-templa...', Array, true)
#14 F:\xampp file\sikabem_3\vendor\codeigniter4\framework\system\Common.php(1137): CodeIgniter\View\View->render('collection/inde...', Array, true)
#15 F:\xampp file\sikabem_3\app\Controllers\Collection.php(29): view('collection/inde...', Array)
#16 F:\xampp file\sikabem_3\vendor\codeigniter4\framework\system\CodeIgniter.php(904): App\Controllers\Collection->index()
#17 F:\xampp file\sikabem_3\vendor\codeigniter4\framework\system\CodeIgniter.php(457): CodeIgniter\CodeIgniter->runController(Object(App\Controllers\Collection))
#18 F:\xampp file\sikabem_3\vendor\codeigniter4\framework\system\CodeIgniter.php(340): CodeIgniter\CodeIgniter->handleRequest(NULL, Object(Config\Cache), false)
#19 F:\xampp file\sikabem_3\public\index.php(67): CodeIgniter\CodeIgniter->run()
#20 F:\xampp file\sikabem_3\vendor\codeigniter4\framework\system\Commands\Server\rewrite.php(43): require_once('F:\\xampp file\\s...')
#21 {main}
CRITICAL - 2022-09-12 20:05:05 --> Unknown column 'menus.is_active' in 'where clause'
in SYSTEMPATH\Database\MySQLi\Connection.php on line 292.
 1 SYSTEMPATH\Database\MySQLi\Connection.php(292): mysqli->query('SELECT *
FROM `menus`
JOIN `position_menu` ON `position_menu`.`kd_menu` = `menus`.`kd_menu`
JOIN `positions` ON `positions`.`kd_jabatan` = `position_menu`.`kd_jabatan`
WHERE `position_menu`.`kd_jabatan` = 9
AND `menus`.`is_active` = 1
AND `menus`.`deleted_at` IS NULL', 0)
 2 SYSTEMPATH\Database\BaseConnection.php(693): CodeIgniter\Database\MySQLi\Connection->execute('SELECT *
FROM `menus`
JOIN `position_menu` ON `position_menu`.`kd_menu` = `menus`.`kd_menu`
JOIN `positions` ON `positions`.`kd_jabatan` = `position_menu`.`kd_jabatan`
WHERE `position_menu`.`kd_jabatan` = 9
AND `menus`.`is_active` = 1
AND `menus`.`deleted_at` IS NULL')
 3 SYSTEMPATH\Database\BaseConnection.php(620): CodeIgniter\Database\BaseConnection->simpleQuery('SELECT *
FROM `menus`
JOIN `position_menu` ON `position_menu`.`kd_menu` = `menus`.`kd_menu`
JOIN `positions` ON `positions`.`kd_jabatan` = `position_menu`.`kd_jabatan`
WHERE `position_menu`.`kd_jabatan` = 9
AND `menus`.`is_active` = 1
AND `menus`.`deleted_at` IS NULL')
 4 SYSTEMPATH\Database\BaseBuilder.php(1585): CodeIgniter\Database\BaseConnection->query('SELECT *
FROM `menus`
JOIN `position_menu` ON `position_menu`.`kd_menu` = `menus`.`kd_menu`
JOIN `positions` ON `positions`.`kd_jabatan` = `position_menu`.`kd_jabatan`
WHERE `position_menu`.`kd_jabatan` = 9
AND `menus`.`is_active` = 1
AND `menus`.`deleted_at` IS NULL', [], false)
 5 SYSTEMPATH\Model.php(222): CodeIgniter\Database\BaseBuilder->get()
 6 SYSTEMPATH\BaseModel.php(584): CodeIgniter\Model->doFindAll(0, 0)
 7 APPPATH\Views\backend-template\navbar.php(11): CodeIgniter\BaseModel->findAll()
 8 SYSTEMPATH\View\View.php(213): include('APPPATH\\Views\\backend-template\\navbar.php')
 9 SYSTEMPATH\View\View.php(216): CodeIgniter\View\View->CodeIgniter\View\{closure}()
10 SYSTEMPATH\View\View.php(429): CodeIgniter\View\View->render('\\backend-template\\navbar', null, true)
11 APPPATH\Views\backend-template\index.php(16): CodeIgniter\View\View->include('\\backend-template\\navbar')
12 SYSTEMPATH\View\View.php(213): include('APPPATH\\Views\\backend-template\\index.php')
13 SYSTEMPATH\View\View.php(216): CodeIgniter\View\View->CodeIgniter\View\{closure}()
14 SYSTEMPATH\View\View.php(229): CodeIgniter\View\View->render('\\backend-template\\index', [], true)
15 SYSTEMPATH\Common.php(1137): CodeIgniter\View\View->render('collection/index', [], true)
16 APPPATH\Controllers\Collection.php(29): view('collection/index', [...])
17 SYSTEMPATH\CodeIgniter.php(904): App\Controllers\Collection->index()
18 SYSTEMPATH\CodeIgniter.php(457): CodeIgniter\CodeIgniter->runController(Object(App\Controllers\Collection))
19 SYSTEMPATH\CodeIgniter.php(340): CodeIgniter\CodeIgniter->handleRequest(null, Object(Config\Cache), false)
20 FCPATH\index.php(67): CodeIgniter\CodeIgniter->run()
21 SYSTEMPATH\Commands\Server\rewrite.php(43): require_once('FCPATH\\index.php')
INFO - 2022-09-12 20:05:14 --> Session: Class initialized using 'CodeIgniter\Session\Handlers\FileHandler' driver.
ERROR - 2022-09-12 20:05:14 --> mysqli_sql_exception: Unknown column 'menus.is_active' in 'where clause' in F:\xampp file\sikabem_3\vendor\codeigniter4\framework\system\Database\MySQLi\Connection.php:292
Stack trace:
#0 F:\xampp file\sikabem_3\vendor\codeigniter4\framework\system\Database\MySQLi\Connection.php(292): mysqli->query('SELECT *\nFROM `...', 0)
#1 F:\xampp file\sikabem_3\vendor\codeigniter4\framework\system\Database\BaseConnection.php(693): CodeIgniter\Database\MySQLi\Connection->execute('SELECT *\nFROM `...')
#2 F:\xampp file\sikabem_3\vendor\codeigniter4\framework\system\Database\BaseConnection.php(620): CodeIgniter\Database\BaseConnection->simpleQuery('SELECT *\nFROM `...')
#3 F:\xampp file\sikabem_3\vendor\codeigniter4\framework\system\Database\BaseBuilder.php(1585): CodeIgniter\Database\BaseConnection->query('SELECT *\nFROM `...', Array, false)
#4 F:\xampp file\sikabem_3\vendor\codeigniter4\framework\system\Model.php(222): CodeIgniter\Database\BaseBuilder->get()
#5 F:\xampp file\sikabem_3\vendor\codeigniter4\framework\system\BaseModel.php(584): CodeIgniter\Model->doFindAll(0, 0)
#6 F:\xampp file\sikabem_3\app\Views\backend-template\navbar.php(11): CodeIgniter\BaseModel->findAll()
#7 F:\xampp file\sikabem_3\vendor\codeigniter4\framework\system\View\View.php(213): include('F:\\xampp file\\s...')
#8 F:\xampp file\sikabem_3\vendor\codeigniter4\framework\system\View\View.php(216): CodeIgniter\View\View->CodeIgniter\View\{closure}()
#9 F:\xampp file\sikabem_3\vendor\codeigniter4\framework\system\View\View.php(429): CodeIgniter\View\View->render('\\backend-templa...', NULL, true)
#10 F:\xampp file\sikabem_3\app\Views\backend-template\index.php(16): CodeIgniter\View\View->include('\\backend-templa...')
#11 F:\xampp file\sikabem_3\vendor\codeigniter4\framework\system\View\View.php(213): include('F:\\xampp file\\s...')
#12 F:\xampp file\sikabem_3\vendor\codeigniter4\framework\system\View\View.php(216): CodeIgniter\View\View->CodeIgniter\View\{closure}()
#13 F:\xampp file\sikabem_3\vendor\codeigniter4\framework\system\View\View.php(229): CodeIgniter\View\View->render('\\backend-templa...', Array, true)
#14 F:\xampp file\sikabem_3\vendor\codeigniter4\framework\system\Common.php(1137): CodeIgniter\View\View->render('collection/inde...', Array, true)
#15 F:\xampp file\sikabem_3\app\Controllers\Collection.php(29): view('collection/inde...', Array)
#16 F:\xampp file\sikabem_3\vendor\codeigniter4\framework\system\CodeIgniter.php(904): App\Controllers\Collection->index()
#17 F:\xampp file\sikabem_3\vendor\codeigniter4\framework\system\CodeIgniter.php(457): CodeIgniter\CodeIgniter->runController(Object(App\Controllers\Collection))
#18 F:\xampp file\sikabem_3\vendor\codeigniter4\framework\system\CodeIgniter.php(340): CodeIgniter\CodeIgniter->handleRequest(NULL, Object(Config\Cache), false)
#19 F:\xampp file\sikabem_3\public\index.php(67): CodeIgniter\CodeIgniter->run()
#20 F:\xampp file\sikabem_3\vendor\codeigniter4\framework\system\Commands\Server\rewrite.php(43): require_once('F:\\xampp file\\s...')
#21 {main}
CRITICAL - 2022-09-12 20:05:14 --> Unknown column 'menus.is_active' in 'where clause'
in SYSTEMPATH\Database\MySQLi\Connection.php on line 292.
 1 SYSTEMPATH\Database\MySQLi\Connection.php(292): mysqli->query('SELECT *
FROM `menus`
JOIN `position_menu` ON `position_menu`.`kd_menu` = `menus`.`kd_menu`
JOIN `positions` ON `positions`.`kd_jabatan` = `position_menu`.`kd_jabatan`
WHERE `position_menu`.`kd_jabatan` = 9
AND `menus`.`is_active` = 1
AND `menus`.`deleted_at` IS NULL', 0)
 2 SYSTEMPATH\Database\BaseConnection.php(693): CodeIgniter\Database\MySQLi\Connection->execute('SELECT *
FROM `menus`
JOIN `position_menu` ON `position_menu`.`kd_menu` = `menus`.`kd_menu`
JOIN `positions` ON `positions`.`kd_jabatan` = `position_menu`.`kd_jabatan`
WHERE `position_menu`.`kd_jabatan` = 9
AND `menus`.`is_active` = 1
AND `menus`.`deleted_at` IS NULL')
 3 SYSTEMPATH\Database\BaseConnection.php(620): CodeIgniter\Database\BaseConnection->simpleQuery('SELECT *
FROM `menus`
JOIN `position_menu` ON `position_menu`.`kd_menu` = `menus`.`kd_menu`
JOIN `positions` ON `positions`.`kd_jabatan` = `position_menu`.`kd_jabatan`
WHERE `position_menu`.`kd_jabatan` = 9
AND `menus`.`is_active` = 1
AND `menus`.`deleted_at` IS NULL')
 4 SYSTEMPATH\Database\BaseBuilder.php(1585): CodeIgniter\Database\BaseConnection->query('SELECT *
FROM `menus`
JOIN `position_menu` ON `position_menu`.`kd_menu` = `menus`.`kd_menu`
JOIN `positions` ON `positions`.`kd_jabatan` = `position_menu`.`kd_jabatan`
WHERE `position_menu`.`kd_jabatan` = 9
AND `menus`.`is_active` = 1
AND `menus`.`deleted_at` IS NULL', [], false)
 5 SYSTEMPATH\Model.php(222): CodeIgniter\Database\BaseBuilder->get()
 6 SYSTEMPATH\BaseModel.php(584): CodeIgniter\Model->doFindAll(0, 0)
 7 APPPATH\Views\backend-template\navbar.php(11): CodeIgniter\BaseModel->findAll()
 8 SYSTEMPATH\View\View.php(213): include('APPPATH\\Views\\backend-template\\navbar.php')
 9 SYSTEMPATH\View\View.php(216): CodeIgniter\View\View->CodeIgniter\View\{closure}()
10 SYSTEMPATH\View\View.php(429): CodeIgniter\View\View->render('\\backend-template\\navbar', null, true)
11 APPPATH\Views\backend-template\index.php(16): CodeIgniter\View\View->include('\\backend-template\\navbar')
12 SYSTEMPATH\View\View.php(213): include('APPPATH\\Views\\backend-template\\index.php')
13 SYSTEMPATH\View\View.php(216): CodeIgniter\View\View->CodeIgniter\View\{closure}()
14 SYSTEMPATH\View\View.php(229): CodeIgniter\View\View->render('\\backend-template\\index', [], true)
15 SYSTEMPATH\Common.php(1137): CodeIgniter\View\View->render('collection/index', [], true)
16 APPPATH\Controllers\Collection.php(29): view('collection/index', [...])
17 SYSTEMPATH\CodeIgniter.php(904): App\Controllers\Collection->index()
18 SYSTEMPATH\CodeIgniter.php(457): CodeIgniter\CodeIgniter->runController(Object(App\Controllers\Collection))
19 SYSTEMPATH\CodeIgniter.php(340): CodeIgniter\CodeIgniter->handleRequest(null, Object(Config\Cache), false)
20 FCPATH\index.php(67): CodeIgniter\CodeIgniter->run()
21 SYSTEMPATH\Commands\Server\rewrite.php(43): require_once('FCPATH\\index.php')
INFO - 2022-09-12 21:30:48 --> Session: Class initialized using 'CodeIgniter\Session\Handlers\FileHandler' driver.
INFO - 2022-09-12 21:30:56 --> Session: Class initialized using 'CodeIgniter\Session\Handlers\FileHandler' driver.
CRITICAL - 2022-09-12 21:30:59 --> Undefined index: photo
in APPPATH\Views\profile\index.php on line 24.
 1 APPPATH\Views\profile\index.php(24): CodeIgniter\Debug\Exceptions->errorHandler(8, 'Undefined index: photo', 'APPPATH\\Views\\profile\\index.php', 24, [...])
 2 SYSTEMPATH\View\View.php(213): include('APPPATH\\Views\\profile\\index.php')
 3 SYSTEMPATH\View\View.php(216): CodeIgniter\View\View->CodeIgniter\View\{closure}()
 4 SYSTEMPATH\Common.php(1137): CodeIgniter\View\View->render('profile/index', [], true)
 5 APPPATH\Controllers\Profile.php(32): view('profile/index', [...])
 6 SYSTEMPATH\CodeIgniter.php(904): App\Controllers\Profile->index()
 7 SYSTEMPATH\CodeIgniter.php(457): CodeIgniter\CodeIgniter->runController(Object(App\Controllers\Profile))
 8 SYSTEMPATH\CodeIgniter.php(340): CodeIgniter\CodeIgniter->handleRequest(null, Object(Config\Cache), false)
 9 FCPATH\index.php(67): CodeIgniter\CodeIgniter->run()
10 SYSTEMPATH\Commands\Server\rewrite.php(43): require_once('FCPATH\\index.php')
INFO - 2022-09-12 22:54:00 --> Session: Class initialized using 'CodeIgniter\Session\Handlers\FileHandler' driver.
CRITICAL - 2022-09-12 22:54:04 --> Undefined index: photo
in APPPATH\Views\profile\index.php on line 24.
 1 APPPATH\Views\profile\index.php(24): CodeIgniter\Debug\Exceptions->errorHandler(8, 'Undefined index: photo', 'APPPATH\\Views\\profile\\index.php', 24, [...])
 2 SYSTEMPATH\View\View.php(213): include('APPPATH\\Views\\profile\\index.php')
 3 SYSTEMPATH\View\View.php(216): CodeIgniter\View\View->CodeIgniter\View\{closure}()
 4 SYSTEMPATH\Common.php(1137): CodeIgniter\View\View->render('profile/index', [], true)
 5 APPPATH\Controllers\Profile.php(32): view('profile/index', [...])
 6 SYSTEMPATH\CodeIgniter.php(904): App\Controllers\Profile->index()
 7 SYSTEMPATH\CodeIgniter.php(457): CodeIgniter\CodeIgniter->runController(Object(App\Controllers\Profile))
 8 SYSTEMPATH\CodeIgniter.php(340): CodeIgniter\CodeIgniter->handleRequest(null, Object(Config\Cache), false)
 9 FCPATH\index.php(67): CodeIgniter\CodeIgniter->run()
10 SYSTEMPATH\Commands\Server\rewrite.php(43): require_once('FCPATH\\index.php')
INFO - 2022-09-12 22:59:26 --> Session: Class initialized using 'CodeIgniter\Session\Handlers\FileHandler' driver.
INFO - 2022-09-12 22:59:28 --> Session: Class initialized using 'CodeIgniter\Session\Handlers\FileHandler' driver.
INFO - 2022-09-12 23:03:36 --> Session: Class initialized using 'CodeIgniter\Session\Handlers\FileHandler' driver.
INFO - 2022-09-12 23:03:37 --> Session: Class initialized using 'CodeIgniter\Session\Handlers\FileHandler' driver.
CRITICAL - 2022-09-12 23:03:37 --> Undefined index: full_name
in APPPATH\Views\profile\edit.php on line 25.
 1 APPPATH\Views\profile\edit.php(25): CodeIgniter\Debug\Exceptions->errorHandler(8, 'Undefined index: full_name', 'APPPATH\\Views\\profile\\edit.php', 25, [...])
 2 SYSTEMPATH\View\View.php(213): include('APPPATH\\Views\\profile\\edit.php')
 3 SYSTEMPATH\View\View.php(216): CodeIgniter\View\View->CodeIgniter\View\{closure}()
 4 SYSTEMPATH\Common.php(1137): CodeIgniter\View\View->render('profile/edit', [], true)
 5 APPPATH\Controllers\Profile.php(32): view('profile/edit', [...])
 6 SYSTEMPATH\CodeIgniter.php(904): App\Controllers\Profile->index()
 7 SYSTEMPATH\CodeIgniter.php(457): CodeIgniter\CodeIgniter->runController(Object(App\Controllers\Profile))
 8 SYSTEMPATH\CodeIgniter.php(340): CodeIgniter\CodeIgniter->handleRequest(null, Object(Config\Cache), false)
 9 FCPATH\index.php(67): CodeIgniter\CodeIgniter->run()
10 SYSTEMPATH\Commands\Server\rewrite.php(43): require_once('FCPATH\\index.php')
INFO - 2022-09-12 23:10:02 --> Session: Class initialized using 'CodeIgniter\Session\Handlers\FileHandler' driver.
CRITICAL - 2022-09-12 23:10:02 --> Undefined index: photo
in APPPATH\Views\profile\edit.php on line 35.
 1 APPPATH\Views\profile\edit.php(35): CodeIgniter\Debug\Exceptions->errorHandler(8, 'Undefined index: photo', 'APPPATH\\Views\\profile\\edit.php', 35, [...])
 2 SYSTEMPATH\View\View.php(213): include('APPPATH\\Views\\profile\\edit.php')
 3 SYSTEMPATH\View\View.php(216): CodeIgniter\View\View->CodeIgniter\View\{closure}()
 4 SYSTEMPATH\Common.php(1137): CodeIgniter\View\View->render('profile/edit', [], true)
 5 APPPATH\Controllers\Profile.php(32): view('profile/edit', [...])
 6 SYSTEMPATH\CodeIgniter.php(904): App\Controllers\Profile->index()
 7 SYSTEMPATH\CodeIgniter.php(457): CodeIgniter\CodeIgniter->runController(Object(App\Controllers\Profile))
 8 SYSTEMPATH\CodeIgniter.php(340): CodeIgniter\CodeIgniter->handleRequest(null, Object(Config\Cache), false)
 9 FCPATH\index.php(67): CodeIgniter\CodeIgniter->run()
10 SYSTEMPATH\Commands\Server\rewrite.php(43): require_once('FCPATH\\index.php')
INFO - 2022-09-12 23:20:52 --> Session: Class initialized using 'CodeIgniter\Session\Handlers\FileHandler' driver.
INFO - 2022-09-12 23:24:50 --> Session: Class initialized using 'CodeIgniter\Session\Handlers\FileHandler' driver.
INFO - 2022-09-12 23:29:58 --> Session: Class initialized using 'CodeIgniter\Session\Handlers\FileHandler' driver.
CRITICAL - 2022-09-12 23:29:59 --> Call to a member function getRandomName() on null
in APPPATH\Controllers\Profile.php on line 179.
 1 SYSTEMPATH\CodeIgniter.php(904): App\Controllers\Profile->change_photo()
 2 SYSTEMPATH\CodeIgniter.php(457): CodeIgniter\CodeIgniter->runController(Object(App\Controllers\Profile))
 3 SYSTEMPATH\CodeIgniter.php(340): CodeIgniter\CodeIgniter->handleRequest(null, Object(Config\Cache), false)
 4 FCPATH\index.php(67): CodeIgniter\CodeIgniter->run()
 5 SYSTEMPATH\Commands\Server\rewrite.php(43): require_once('FCPATH\\index.php')
INFO - 2022-09-12 23:37:52 --> Session: Class initialized using 'CodeIgniter\Session\Handlers\FileHandler' driver.
INFO - 2022-09-12 23:38:06 --> Session: Class initialized using 'CodeIgniter\Session\Handlers\FileHandler' driver.
INFO - 2022-09-12 23:38:07 --> Session: Class initialized using 'CodeIgniter\Session\Handlers\FileHandler' driver.
INFO - 2022-09-12 23:38:30 --> Session: Class initialized using 'CodeIgniter\Session\Handlers\FileHandler' driver.
INFO - 2022-09-12 23:38:34 --> Session: Class initialized using 'CodeIgniter\Session\Handlers\FileHandler' driver.
INFO - 2022-09-12 23:41:39 --> Session: Class initialized using 'CodeIgniter\Session\Handlers\FileHandler' driver.
INFO - 2022-09-12 23:43:10 --> Session: Class initialized using 'CodeIgniter\Session\Handlers\FileHandler' driver.
INFO - 2022-09-12 23:43:41 --> Session: Class initialized using 'CodeIgniter\Session\Handlers\FileHandler' driver.
INFO - 2022-09-12 23:43:44 --> Session: Class initialized using 'CodeIgniter\Session\Handlers\FileHandler' driver.
INFO - 2022-09-12 23:43:59 --> Session: Class initialized using 'CodeIgniter\Session\Handlers\FileHandler' driver.
INFO - 2022-09-12 23:44:00 --> Session: Class initialized using 'CodeIgniter\Session\Handlers\FileHandler' driver.
INFO - 2022-09-12 23:45:54 --> Session: Class initialized using 'CodeIgniter\Session\Handlers\FileHandler' driver.
INFO - 2022-09-12 23:45:55 --> Session: Class initialized using 'CodeIgniter\Session\Handlers\FileHandler' driver.
INFO - 2022-09-12 23:47:31 --> Session: Class initialized using 'CodeIgniter\Session\Handlers\FileHandler' driver.
CRITICAL - 2022-09-12 23:47:33 --> "d-m-Y" is not a valid datetime format
in SYSTEMPATH\I18n\Time.php on line 242.
 1 SYSTEMPATH\I18n\Time.php(242): CodeIgniter\I18n\Exceptions\I18nException::forInvalidFormat('d-m-Y')
 2 APPPATH\Controllers\Profile.php(135): CodeIgniter\I18n\Time::createFromFormat('d-m-Y', '2000-07-13')
 3 SYSTEMPATH\CodeIgniter.php(904): App\Controllers\Profile->edit_profil()
 4 SYSTEMPATH\CodeIgniter.php(457): CodeIgniter\CodeIgniter->runController(Object(App\Controllers\Profile))
 5 SYSTEMPATH\CodeIgniter.php(340): CodeIgniter\CodeIgniter->handleRequest(null, Object(Config\Cache), false)
 6 FCPATH\index.php(67): CodeIgniter\CodeIgniter->run()
 7 SYSTEMPATH\Commands\Server\rewrite.php(43): require_once('FCPATH\\index.php')
INFO - 2022-09-12 23:47:49 --> Session: Class initialized using 'CodeIgniter\Session\Handlers\FileHandler' driver.
INFO - 2022-09-12 23:48:08 --> Session: Class initialized using 'CodeIgniter\Session\Handlers\FileHandler' driver.
INFO - 2022-09-12 23:48:09 --> Session: Class initialized using 'CodeIgniter\Session\Handlers\FileHandler' driver.
INFO - 2022-09-12 23:48:31 --> Session: Class initialized using 'CodeIgniter\Session\Handlers\FileHandler' driver.
INFO - 2022-09-12 23:48:32 --> Session: Class initialized using 'CodeIgniter\Session\Handlers\FileHandler' driver.
INFO - 2022-09-12 23:48:55 --> Session: Class initialized using 'CodeIgniter\Session\Handlers\FileHandler' driver.
INFO - 2022-09-12 23:48:56 --> Session: Class initialized using 'CodeIgniter\Session\Handlers\FileHandler' driver.
INFO - 2022-09-12 23:50:56 --> Session: Class initialized using 'CodeIgniter\Session\Handlers\FileHandler' driver.
INFO - 2022-09-12 23:51:40 --> Session: Class initialized using 'CodeIgniter\Session\Handlers\FileHandler' driver.
INFO - 2022-09-12 23:51:41 --> Session: Class initialized using 'CodeIgniter\Session\Handlers\FileHandler' driver.
