CRITICAL - 2022-05-24 11:14:24 --> Invalid file: ../backend-template/index.php
#0 C:\xampp\htdocs\bempnc\vendor\codeigniter4\framework\system\View\View.php(198): CodeIgniter\Exceptions\FrameworkException::forInvalidFile('../backend-temp...')
#1 C:\xampp\htdocs\bempnc\vendor\codeigniter4\framework\system\View\View.php(226): CodeIgniter\View\View->render('../backend-temp...', Array, true)
#2 C:\xampp\htdocs\bempnc\vendor\codeigniter4\framework\system\Common.php(1089): CodeIgniter\View\View->render('pengurus/dashbo...', Array, true)
#3 C:\xampp\htdocs\bempnc\app\Controllers\Pengurus\Dashboard.php(16): view('pengurus/dashbo...', Array)
#4 C:\xampp\htdocs\bempnc\vendor\codeigniter4\framework\system\CodeIgniter.php(832): App\Controllers\Pengurus\Dashboard->index()
#5 C:\xampp\htdocs\bempnc\vendor\codeigniter4\framework\system\CodeIgniter.php(419): CodeIgniter\CodeIgniter->runController(Object(App\Controllers\Pengurus\Dashboard))
#6 C:\xampp\htdocs\bempnc\vendor\codeigniter4\framework\system\CodeIgniter.php(326): CodeIgniter\CodeIgniter->handleRequest(NULL, Object(Config\Cache), false)
#7 C:\xampp\htdocs\bempnc\public\index.php(37): CodeIgniter\CodeIgniter->run()
#8 C:\xampp\htdocs\bempnc\vendor\codeigniter4\framework\system\Commands\Server\rewrite.php(43): require_once('C:\\xampp\\htdocs...')
#9 {main}
CRITICAL - 2022-05-24 11:14:47 --> Invalid file: ../backend-template/index.php
#0 C:\xampp\htdocs\bempnc\vendor\codeigniter4\framework\system\View\View.php(198): CodeIgniter\Exceptions\FrameworkException::forInvalidFile('../backend-temp...')
#1 C:\xampp\htdocs\bempnc\vendor\codeigniter4\framework\system\View\View.php(226): CodeIgniter\View\View->render('../backend-temp...', Array, true)
#2 C:\xampp\htdocs\bempnc\vendor\codeigniter4\framework\system\Common.php(1089): CodeIgniter\View\View->render('pengurus/dashbo...', Array, true)
#3 C:\xampp\htdocs\bempnc\app\Controllers\Pengurus\Dashboard.php(16): view('pengurus/dashbo...', Array)
#4 C:\xampp\htdocs\bempnc\vendor\codeigniter4\framework\system\CodeIgniter.php(832): App\Controllers\Pengurus\Dashboard->index()
#5 C:\xampp\htdocs\bempnc\vendor\codeigniter4\framework\system\CodeIgniter.php(419): CodeIgniter\CodeIgniter->runController(Object(App\Controllers\Pengurus\Dashboard))
#6 C:\xampp\htdocs\bempnc\vendor\codeigniter4\framework\system\CodeIgniter.php(326): CodeIgniter\CodeIgniter->handleRequest(NULL, Object(Config\Cache), false)
#7 C:\xampp\htdocs\bempnc\public\index.php(37): CodeIgniter\CodeIgniter->run()
#8 C:\xampp\htdocs\bempnc\vendor\codeigniter4\framework\system\Commands\Server\rewrite.php(43): require_once('C:\\xampp\\htdocs...')
#9 {main}
CRITICAL - 2022-05-24 11:14:49 --> Invalid file: ../backend-template/index.php
#0 C:\xampp\htdocs\bempnc\vendor\codeigniter4\framework\system\View\View.php(198): CodeIgniter\Exceptions\FrameworkException::forInvalidFile('../backend-temp...')
#1 C:\xampp\htdocs\bempnc\vendor\codeigniter4\framework\system\View\View.php(226): CodeIgniter\View\View->render('../backend-temp...', Array, true)
#2 C:\xampp\htdocs\bempnc\vendor\codeigniter4\framework\system\Common.php(1089): CodeIgniter\View\View->render('pengurus/dashbo...', Array, true)
#3 C:\xampp\htdocs\bempnc\app\Controllers\Pengurus\Dashboard.php(16): view('pengurus/dashbo...', Array)
#4 C:\xampp\htdocs\bempnc\vendor\codeigniter4\framework\system\CodeIgniter.php(832): App\Controllers\Pengurus\Dashboard->index()
#5 C:\xampp\htdocs\bempnc\vendor\codeigniter4\framework\system\CodeIgniter.php(419): CodeIgniter\CodeIgniter->runController(Object(App\Controllers\Pengurus\Dashboard))
#6 C:\xampp\htdocs\bempnc\vendor\codeigniter4\framework\system\CodeIgniter.php(326): CodeIgniter\CodeIgniter->handleRequest(NULL, Object(Config\Cache), false)
#7 C:\xampp\htdocs\bempnc\public\index.php(37): CodeIgniter\CodeIgniter->run()
#8 C:\xampp\htdocs\bempnc\vendor\codeigniter4\framework\system\Commands\Server\rewrite.php(43): require_once('C:\\xampp\\htdocs...')
#9 {main}
CRITICAL - 2022-05-24 11:15:04 --> Invalid file: ../backend-template/index.php
#0 C:\xampp\htdocs\bempnc\vendor\codeigniter4\framework\system\View\View.php(198): CodeIgniter\Exceptions\FrameworkException::forInvalidFile('../backend-temp...')
#1 C:\xampp\htdocs\bempnc\vendor\codeigniter4\framework\system\View\View.php(226): CodeIgniter\View\View->render('../backend-temp...', Array, true)
#2 C:\xampp\htdocs\bempnc\vendor\codeigniter4\framework\system\Common.php(1089): CodeIgniter\View\View->render('pengurus/dashbo...', Array, true)
#3 C:\xampp\htdocs\bempnc\app\Controllers\Pengurus\Dashboard.php(16): view('pengurus/dashbo...', Array)
#4 C:\xampp\htdocs\bempnc\vendor\codeigniter4\framework\system\CodeIgniter.php(832): App\Controllers\Pengurus\Dashboard->index()
#5 C:\xampp\htdocs\bempnc\vendor\codeigniter4\framework\system\CodeIgniter.php(419): CodeIgniter\CodeIgniter->runController(Object(App\Controllers\Pengurus\Dashboard))
#6 C:\xampp\htdocs\bempnc\vendor\codeigniter4\framework\system\CodeIgniter.php(326): CodeIgniter\CodeIgniter->handleRequest(NULL, Object(Config\Cache), false)
#7 C:\xampp\htdocs\bempnc\public\index.php(37): CodeIgniter\CodeIgniter->run()
#8 C:\xampp\htdocs\bempnc\vendor\codeigniter4\framework\system\Commands\Server\rewrite.php(43): require_once('C:\\xampp\\htdocs...')
#9 {main}
CRITICAL - 2022-05-24 11:29:57 --> Invalid file: /index.php
#0 C:\xampp\htdocs\bempnc\vendor\codeigniter4\framework\system\View\View.php(198): CodeIgniter\Exceptions\FrameworkException::forInvalidFile('/index.php')
#1 C:\xampp\htdocs\bempnc\vendor\codeigniter4\framework\system\View\View.php(226): CodeIgniter\View\View->render('/index', Array, true)
#2 C:\xampp\htdocs\bempnc\vendor\codeigniter4\framework\system\View\View.php(226): CodeIgniter\View\View->render('/backend-templa...', Array, true)
#3 C:\xampp\htdocs\bempnc\vendor\codeigniter4\framework\system\Common.php(1089): CodeIgniter\View\View->render('pengurus/dashbo...', Array, true)
#4 C:\xampp\htdocs\bempnc\app\Controllers\Pengurus\Dashboard.php(16): view('pengurus/dashbo...', Array)
#5 C:\xampp\htdocs\bempnc\vendor\codeigniter4\framework\system\CodeIgniter.php(832): App\Controllers\Pengurus\Dashboard->index()
#6 C:\xampp\htdocs\bempnc\vendor\codeigniter4\framework\system\CodeIgniter.php(419): CodeIgniter\CodeIgniter->runController(Object(App\Controllers\Pengurus\Dashboard))
#7 C:\xampp\htdocs\bempnc\vendor\codeigniter4\framework\system\CodeIgniter.php(326): CodeIgniter\CodeIgniter->handleRequest(NULL, Object(Config\Cache), false)
#8 C:\xampp\htdocs\bempnc\public\index.php(37): CodeIgniter\CodeIgniter->run()
#9 C:\xampp\htdocs\bempnc\vendor\codeigniter4\framework\system\Commands\Server\rewrite.php(43): require_once('C:\\xampp\\htdocs...')
#10 {main}
CRITICAL - 2022-05-24 11:32:19 --> Invalid file: navbar.php
#0 C:\xampp\htdocs\bempnc\vendor\codeigniter4\framework\system\View\View.php(198): CodeIgniter\Exceptions\FrameworkException::forInvalidFile('navbar.php')
#1 C:\xampp\htdocs\bempnc\vendor\codeigniter4\framework\system\View\View.php(424): CodeIgniter\View\View->render('navbar', NULL, true)
#2 C:\xampp\htdocs\bempnc\app\Views\backend-template\index.php(12): CodeIgniter\View\View->include('navbar')
#3 C:\xampp\htdocs\bempnc\vendor\codeigniter4\framework\system\View\View.php(210): include('C:\\xampp\\htdocs...')
#4 C:\xampp\htdocs\bempnc\vendor\codeigniter4\framework\system\View\View.php(213): CodeIgniter\View\View->CodeIgniter\View\{closure}()
#5 C:\xampp\htdocs\bempnc\vendor\codeigniter4\framework\system\View\View.php(226): CodeIgniter\View\View->render('/backend-templa...', Array, true)
#6 C:\xampp\htdocs\bempnc\vendor\codeigniter4\framework\system\Common.php(1089): CodeIgniter\View\View->render('pengurus/dashbo...', Array, true)
#7 C:\xampp\htdocs\bempnc\app\Controllers\Pengurus\Dashboard.php(16): view('pengurus/dashbo...', Array)
#8 C:\xampp\htdocs\bempnc\vendor\codeigniter4\framework\system\CodeIgniter.php(832): App\Controllers\Pengurus\Dashboard->index()
#9 C:\xampp\htdocs\bempnc\vendor\codeigniter4\framework\system\CodeIgniter.php(419): CodeIgniter\CodeIgniter->runController(Object(App\Controllers\Pengurus\Dashboard))
#10 C:\xampp\htdocs\bempnc\vendor\codeigniter4\framework\system\CodeIgniter.php(326): CodeIgniter\CodeIgniter->handleRequest(NULL, Object(Config\Cache), false)
#11 C:\xampp\htdocs\bempnc\public\index.php(37): CodeIgniter\CodeIgniter->run()
#12 C:\xampp\htdocs\bempnc\vendor\codeigniter4\framework\system\Commands\Server\rewrite.php(43): require_once('C:\\xampp\\htdocs...')
#13 {main}
CRITICAL - 2022-05-24 11:33:48 --> Invalid file: navbar.php
#0 C:\xampp\htdocs\bempnc\vendor\codeigniter4\framework\system\View\View.php(198): CodeIgniter\Exceptions\FrameworkException::forInvalidFile('navbar.php')
#1 C:\xampp\htdocs\bempnc\vendor\codeigniter4\framework\system\View\View.php(424): CodeIgniter\View\View->render('navbar', NULL, true)
#2 C:\xampp\htdocs\bempnc\app\Views\backend-template\index.php(12): CodeIgniter\View\View->include('navbar')
#3 C:\xampp\htdocs\bempnc\vendor\codeigniter4\framework\system\View\View.php(210): include('C:\\xampp\\htdocs...')
#4 C:\xampp\htdocs\bempnc\vendor\codeigniter4\framework\system\View\View.php(213): CodeIgniter\View\View->CodeIgniter\View\{closure}()
#5 C:\xampp\htdocs\bempnc\vendor\codeigniter4\framework\system\View\View.php(226): CodeIgniter\View\View->render('\\backend-templa...', Array, true)
#6 C:\xampp\htdocs\bempnc\vendor\codeigniter4\framework\system\Common.php(1089): CodeIgniter\View\View->render('pengurus/dashbo...', Array, true)
#7 C:\xampp\htdocs\bempnc\app\Controllers\Pengurus\Dashboard.php(16): view('pengurus/dashbo...', Array)
#8 C:\xampp\htdocs\bempnc\vendor\codeigniter4\framework\system\CodeIgniter.php(832): App\Controllers\Pengurus\Dashboard->index()
#9 C:\xampp\htdocs\bempnc\vendor\codeigniter4\framework\system\CodeIgniter.php(419): CodeIgniter\CodeIgniter->runController(Object(App\Controllers\Pengurus\Dashboard))
#10 C:\xampp\htdocs\bempnc\vendor\codeigniter4\framework\system\CodeIgniter.php(326): CodeIgniter\CodeIgniter->handleRequest(NULL, Object(Config\Cache), false)
#11 C:\xampp\htdocs\bempnc\public\index.php(37): CodeIgniter\CodeIgniter->run()
#12 C:\xampp\htdocs\bempnc\vendor\codeigniter4\framework\system\Commands\Server\rewrite.php(43): require_once('C:\\xampp\\htdocs...')
#13 {main}
CRITICAL - 2022-05-24 11:42:54 --> Invalid file: navbar.php
#0 C:\xampp\htdocs\bempnc\vendor\codeigniter4\framework\system\View\View.php(198): CodeIgniter\Exceptions\FrameworkException::forInvalidFile('navbar.php')
#1 C:\xampp\htdocs\bempnc\vendor\codeigniter4\framework\system\View\View.php(424): CodeIgniter\View\View->render('navbar.php', NULL, true)
#2 C:\xampp\htdocs\bempnc\app\Views\backend-template\index.php(13): CodeIgniter\View\View->include('navbar.php')
#3 C:\xampp\htdocs\bempnc\vendor\codeigniter4\framework\system\View\View.php(210): include('C:\\xampp\\htdocs...')
#4 C:\xampp\htdocs\bempnc\vendor\codeigniter4\framework\system\View\View.php(213): CodeIgniter\View\View->CodeIgniter\View\{closure}()
#5 C:\xampp\htdocs\bempnc\vendor\codeigniter4\framework\system\View\View.php(226): CodeIgniter\View\View->render('\\backend-templa...', Array, true)
#6 C:\xampp\htdocs\bempnc\vendor\codeigniter4\framework\system\Common.php(1089): CodeIgniter\View\View->render('pengurus/dashbo...', Array, true)
#7 C:\xampp\htdocs\bempnc\app\Controllers\Pengurus\Dashboard.php(16): view('pengurus/dashbo...', Array)
#8 C:\xampp\htdocs\bempnc\vendor\codeigniter4\framework\system\CodeIgniter.php(832): App\Controllers\Pengurus\Dashboard->index()
#9 C:\xampp\htdocs\bempnc\vendor\codeigniter4\framework\system\CodeIgniter.php(419): CodeIgniter\CodeIgniter->runController(Object(App\Controllers\Pengurus\Dashboard))
#10 C:\xampp\htdocs\bempnc\vendor\codeigniter4\framework\system\CodeIgniter.php(326): CodeIgniter\CodeIgniter->handleRequest(NULL, Object(Config\Cache), false)
#11 C:\xampp\htdocs\bempnc\public\index.php(37): CodeIgniter\CodeIgniter->run()
#12 C:\xampp\htdocs\bempnc\vendor\codeigniter4\framework\system\Commands\Server\rewrite.php(43): require_once('C:\\xampp\\htdocs...')
#13 {main}
CRITICAL - 2022-05-24 11:44:07 --> Invalid file: navbar.php
#0 C:\xampp\htdocs\bempnc\vendor\codeigniter4\framework\system\View\View.php(198): CodeIgniter\Exceptions\FrameworkException::forInvalidFile('navbar.php')
#1 C:\xampp\htdocs\bempnc\vendor\codeigniter4\framework\system\View\View.php(424): CodeIgniter\View\View->render('navbar', NULL, true)
#2 C:\xampp\htdocs\bempnc\app\Views\pengurus\dashboard\index.php(2): CodeIgniter\View\View->include('navbar')
#3 C:\xampp\htdocs\bempnc\vendor\codeigniter4\framework\system\View\View.php(210): include('C:\\xampp\\htdocs...')
#4 C:\xampp\htdocs\bempnc\vendor\codeigniter4\framework\system\View\View.php(213): CodeIgniter\View\View->CodeIgniter\View\{closure}()
#5 C:\xampp\htdocs\bempnc\vendor\codeigniter4\framework\system\Common.php(1089): CodeIgniter\View\View->render('pengurus/dashbo...', Array, true)
#6 C:\xampp\htdocs\bempnc\app\Controllers\Pengurus\Dashboard.php(16): view('pengurus/dashbo...', Array)
#7 C:\xampp\htdocs\bempnc\vendor\codeigniter4\framework\system\CodeIgniter.php(832): App\Controllers\Pengurus\Dashboard->index()
#8 C:\xampp\htdocs\bempnc\vendor\codeigniter4\framework\system\CodeIgniter.php(419): CodeIgniter\CodeIgniter->runController(Object(App\Controllers\Pengurus\Dashboard))
#9 C:\xampp\htdocs\bempnc\vendor\codeigniter4\framework\system\CodeIgniter.php(326): CodeIgniter\CodeIgniter->handleRequest(NULL, Object(Config\Cache), false)
#10 C:\xampp\htdocs\bempnc\public\index.php(37): CodeIgniter\CodeIgniter->run()
#11 C:\xampp\htdocs\bempnc\vendor\codeigniter4\framework\system\Commands\Server\rewrite.php(43): require_once('C:\\xampp\\htdocs...')
#12 {main}
CRITICAL - 2022-05-24 16:10:45 --> Invalid file: \backend-template\footer.php
#0 C:\xampp\htdocs\bempnc\vendor\codeigniter4\framework\system\View\View.php(198): CodeIgniter\Exceptions\FrameworkException::forInvalidFile('\\backend-templa...')
#1 C:\xampp\htdocs\bempnc\vendor\codeigniter4\framework\system\View\View.php(424): CodeIgniter\View\View->render('\\backend-templa...', NULL, true)
#2 C:\xampp\htdocs\bempnc\app\Views\pengurus\dashboard\index.php(6): CodeIgniter\View\View->include('\\backend-templa...')
#3 C:\xampp\htdocs\bempnc\vendor\codeigniter4\framework\system\View\View.php(210): include('C:\\xampp\\htdocs...')
#4 C:\xampp\htdocs\bempnc\vendor\codeigniter4\framework\system\View\View.php(213): CodeIgniter\View\View->CodeIgniter\View\{closure}()
#5 C:\xampp\htdocs\bempnc\vendor\codeigniter4\framework\system\Common.php(1089): CodeIgniter\View\View->render('pengurus/dashbo...', Array, true)
#6 C:\xampp\htdocs\bempnc\app\Controllers\Pengurus\Dashboard.php(16): view('pengurus/dashbo...', Array)
#7 C:\xampp\htdocs\bempnc\vendor\codeigniter4\framework\system\CodeIgniter.php(832): App\Controllers\Pengurus\Dashboard->index()
#8 C:\xampp\htdocs\bempnc\vendor\codeigniter4\framework\system\CodeIgniter.php(419): CodeIgniter\CodeIgniter->runController(Object(App\Controllers\Pengurus\Dashboard))
#9 C:\xampp\htdocs\bempnc\vendor\codeigniter4\framework\system\CodeIgniter.php(326): CodeIgniter\CodeIgniter->handleRequest(NULL, Object(Config\Cache), false)
#10 C:\xampp\htdocs\bempnc\public\index.php(37): CodeIgniter\CodeIgniter->run()
#11 C:\xampp\htdocs\bempnc\vendor\codeigniter4\framework\system\Commands\Server\rewrite.php(43): require_once('C:\\xampp\\htdocs...')
#12 {main}
CRITICAL - 2022-05-24 16:11:39 --> Invalid file: \backend-template\footer.php
#0 C:\xampp\htdocs\bempnc\vendor\codeigniter4\framework\system\View\View.php(198): CodeIgniter\Exceptions\FrameworkException::forInvalidFile('\\backend-templa...')
#1 C:\xampp\htdocs\bempnc\vendor\codeigniter4\framework\system\View\View.php(424): CodeIgniter\View\View->render('\\backend-templa...', NULL, true)
#2 C:\xampp\htdocs\bempnc\app\Views\pengurus\dashboard\index.php(6): CodeIgniter\View\View->include('\\backend-templa...')
#3 C:\xampp\htdocs\bempnc\vendor\codeigniter4\framework\system\View\View.php(210): include('C:\\xampp\\htdocs...')
#4 C:\xampp\htdocs\bempnc\vendor\codeigniter4\framework\system\View\View.php(213): CodeIgniter\View\View->CodeIgniter\View\{closure}()
#5 C:\xampp\htdocs\bempnc\vendor\codeigniter4\framework\system\Common.php(1089): CodeIgniter\View\View->render('pengurus/dashbo...', Array, true)
#6 C:\xampp\htdocs\bempnc\app\Controllers\Pengurus\Dashboard.php(16): view('pengurus/dashbo...', Array)
#7 C:\xampp\htdocs\bempnc\vendor\codeigniter4\framework\system\CodeIgniter.php(832): App\Controllers\Pengurus\Dashboard->index()
#8 C:\xampp\htdocs\bempnc\vendor\codeigniter4\framework\system\CodeIgniter.php(419): CodeIgniter\CodeIgniter->runController(Object(App\Controllers\Pengurus\Dashboard))
#9 C:\xampp\htdocs\bempnc\vendor\codeigniter4\framework\system\CodeIgniter.php(326): CodeIgniter\CodeIgniter->handleRequest(NULL, Object(Config\Cache), false)
#10 C:\xampp\htdocs\bempnc\public\index.php(37): CodeIgniter\CodeIgniter->run()
#11 C:\xampp\htdocs\bempnc\vendor\codeigniter4\framework\system\Commands\Server\rewrite.php(43): require_once('C:\\xampp\\htdocs...')
#12 {main}
CRITICAL - 2022-05-24 16:13:59 --> Invalid file: \backend-template\footer.php
#0 C:\xampp\htdocs\bempnc\vendor\codeigniter4\framework\system\View\View.php(198): CodeIgniter\Exceptions\FrameworkException::forInvalidFile('\\backend-templa...')
#1 C:\xampp\htdocs\bempnc\vendor\codeigniter4\framework\system\View\View.php(424): CodeIgniter\View\View->render('\\backend-templa...', NULL, true)
#2 C:\xampp\htdocs\bempnc\app\Views\backend-template\index.php(15): CodeIgniter\View\View->include('\\backend-templa...')
#3 C:\xampp\htdocs\bempnc\vendor\codeigniter4\framework\system\View\View.php(210): include('C:\\xampp\\htdocs...')
#4 C:\xampp\htdocs\bempnc\vendor\codeigniter4\framework\system\View\View.php(213): CodeIgniter\View\View->CodeIgniter\View\{closure}()
#5 C:\xampp\htdocs\bempnc\vendor\codeigniter4\framework\system\View\View.php(226): CodeIgniter\View\View->render('\\backend-templa...', Array, true)
#6 C:\xampp\htdocs\bempnc\vendor\codeigniter4\framework\system\Common.php(1089): CodeIgniter\View\View->render('pengurus/dashbo...', Array, true)
#7 C:\xampp\htdocs\bempnc\app\Controllers\Pengurus\Dashboard.php(16): view('pengurus/dashbo...', Array)
#8 C:\xampp\htdocs\bempnc\vendor\codeigniter4\framework\system\CodeIgniter.php(832): App\Controllers\Pengurus\Dashboard->index()
#9 C:\xampp\htdocs\bempnc\vendor\codeigniter4\framework\system\CodeIgniter.php(419): CodeIgniter\CodeIgniter->runController(Object(App\Controllers\Pengurus\Dashboard))
#10 C:\xampp\htdocs\bempnc\vendor\codeigniter4\framework\system\CodeIgniter.php(326): CodeIgniter\CodeIgniter->handleRequest(NULL, Object(Config\Cache), false)
#11 C:\xampp\htdocs\bempnc\public\index.php(37): CodeIgniter\CodeIgniter->run()
#12 C:\xampp\htdocs\bempnc\vendor\codeigniter4\framework\system\Commands\Server\rewrite.php(43): require_once('C:\\xampp\\htdocs...')
#13 {main}
CRITICAL - 2022-05-24 17:05:43 --> Invalid file: \backend-template\footer.php
#0 C:\xampp\htdocs\bempnc\vendor\codeigniter4\framework\system\View\View.php(198): CodeIgniter\Exceptions\FrameworkException::forInvalidFile('\\backend-templa...')
#1 C:\xampp\htdocs\bempnc\vendor\codeigniter4\framework\system\View\View.php(424): CodeIgniter\View\View->render('\\backend-templa...', NULL, true)
#2 C:\xampp\htdocs\bempnc\app\Views\backend-template\index.php(15): CodeIgniter\View\View->include('\\backend-templa...')
#3 C:\xampp\htdocs\bempnc\vendor\codeigniter4\framework\system\View\View.php(210): include('C:\\xampp\\htdocs...')
#4 C:\xampp\htdocs\bempnc\vendor\codeigniter4\framework\system\View\View.php(213): CodeIgniter\View\View->CodeIgniter\View\{closure}()
#5 C:\xampp\htdocs\bempnc\vendor\codeigniter4\framework\system\View\View.php(226): CodeIgniter\View\View->render('\\backend-templa...', Array, true)
#6 C:\xampp\htdocs\bempnc\vendor\codeigniter4\framework\system\Common.php(1089): CodeIgniter\View\View->render('pengurus/dashbo...', Array, true)
#7 C:\xampp\htdocs\bempnc\app\Controllers\Pengurus\Dashboard.php(16): view('pengurus/dashbo...', Array)
#8 C:\xampp\htdocs\bempnc\vendor\codeigniter4\framework\system\CodeIgniter.php(832): App\Controllers\Pengurus\Dashboard->index()
#9 C:\xampp\htdocs\bempnc\vendor\codeigniter4\framework\system\CodeIgniter.php(419): CodeIgniter\CodeIgniter->runController(Object(App\Controllers\Pengurus\Dashboard))
#10 C:\xampp\htdocs\bempnc\vendor\codeigniter4\framework\system\CodeIgniter.php(326): CodeIgniter\CodeIgniter->handleRequest(NULL, Object(Config\Cache), false)
#11 C:\xampp\htdocs\bempnc\public\index.php(37): CodeIgniter\CodeIgniter->run()
#12 C:\xampp\htdocs\bempnc\vendor\codeigniter4\framework\system\Commands\Server\rewrite.php(43): require_once('C:\\xampp\\htdocs...')
#13 {main}
CRITICAL - 2022-05-24 17:35:12 --> Invalid file: \backend-template\wrapper-start.php
#0 C:\xampp\htdocs\bempnc\vendor\codeigniter4\framework\system\View\View.php(198): CodeIgniter\Exceptions\FrameworkException::forInvalidFile('\\backend-templa...')
#1 C:\xampp\htdocs\bempnc\vendor\codeigniter4\framework\system\View\View.php(424): CodeIgniter\View\View->render('\\backend-templa...', NULL, true)
#2 C:\xampp\htdocs\bempnc\app\Views\backend-template\index.php(12): CodeIgniter\View\View->include('\\backend-templa...')
#3 C:\xampp\htdocs\bempnc\vendor\codeigniter4\framework\system\View\View.php(210): include('C:\\xampp\\htdocs...')
#4 C:\xampp\htdocs\bempnc\vendor\codeigniter4\framework\system\View\View.php(213): CodeIgniter\View\View->CodeIgniter\View\{closure}()
#5 C:\xampp\htdocs\bempnc\vendor\codeigniter4\framework\system\View\View.php(226): CodeIgniter\View\View->render('\\backend-templa...', Array, true)
#6 C:\xampp\htdocs\bempnc\vendor\codeigniter4\framework\system\Common.php(1089): CodeIgniter\View\View->render('pengurus/dashbo...', Array, true)
#7 C:\xampp\htdocs\bempnc\app\Controllers\Pengurus\Dashboard.php(16): view('pengurus/dashbo...', Array)
#8 C:\xampp\htdocs\bempnc\vendor\codeigniter4\framework\system\CodeIgniter.php(832): App\Controllers\Pengurus\Dashboard->index()
#9 C:\xampp\htdocs\bempnc\vendor\codeigniter4\framework\system\CodeIgniter.php(419): CodeIgniter\CodeIgniter->runController(Object(App\Controllers\Pengurus\Dashboard))
#10 C:\xampp\htdocs\bempnc\vendor\codeigniter4\framework\system\CodeIgniter.php(326): CodeIgniter\CodeIgniter->handleRequest(NULL, Object(Config\Cache), false)
#11 C:\xampp\htdocs\bempnc\public\index.php(37): CodeIgniter\CodeIgniter->run()
#12 C:\xampp\htdocs\bempnc\vendor\codeigniter4\framework\system\Commands\Server\rewrite.php(43): require_once('C:\\xampp\\htdocs...')
#13 {main}
CRITICAL - 2022-05-24 17:54:21 --> Invalid file: \backend-template\wrapper-start.php
#0 C:\xampp\htdocs\bempnc\vendor\codeigniter4\framework\system\View\View.php(198): CodeIgniter\Exceptions\FrameworkException::forInvalidFile('\\backend-templa...')
#1 C:\xampp\htdocs\bempnc\vendor\codeigniter4\framework\system\View\View.php(424): CodeIgniter\View\View->render('\\backend-templa...', NULL, true)
#2 C:\xampp\htdocs\bempnc\app\Views\backend-template\index.php(12): CodeIgniter\View\View->include('\\backend-templa...')
#3 C:\xampp\htdocs\bempnc\vendor\codeigniter4\framework\system\View\View.php(210): include('C:\\xampp\\htdocs...')
#4 C:\xampp\htdocs\bempnc\vendor\codeigniter4\framework\system\View\View.php(213): CodeIgniter\View\View->CodeIgniter\View\{closure}()
#5 C:\xampp\htdocs\bempnc\vendor\codeigniter4\framework\system\View\View.php(226): CodeIgniter\View\View->render('\\backend-templa...', Array, true)
#6 C:\xampp\htdocs\bempnc\vendor\codeigniter4\framework\system\Common.php(1089): CodeIgniter\View\View->render('pengurus/dashbo...', Array, true)
#7 C:\xampp\htdocs\bempnc\app\Controllers\Pengurus\Dashboard.php(16): view('pengurus/dashbo...', Array)
#8 C:\xampp\htdocs\bempnc\vendor\codeigniter4\framework\system\CodeIgniter.php(832): App\Controllers\Pengurus\Dashboard->index()
#9 C:\xampp\htdocs\bempnc\vendor\codeigniter4\framework\system\CodeIgniter.php(419): CodeIgniter\CodeIgniter->runController(Object(App\Controllers\Pengurus\Dashboard))
#10 C:\xampp\htdocs\bempnc\vendor\codeigniter4\framework\system\CodeIgniter.php(326): CodeIgniter\CodeIgniter->handleRequest(NULL, Object(Config\Cache), false)
#11 C:\xampp\htdocs\bempnc\public\index.php(37): CodeIgniter\CodeIgniter->run()
#12 C:\xampp\htdocs\bempnc\vendor\codeigniter4\framework\system\Commands\Server\rewrite.php(43): require_once('C:\\xampp\\htdocs...')
#13 {main}
ERROR - 2022-05-24 23:35:51 --> Table 'sibem.departments' doesn't exist
CRITICAL - 2022-05-24 23:35:51 --> Call to a member function getResult() on bool
#0 C:\xampp\htdocs\bempnc\vendor\codeigniter4\framework\system\BaseModel.php(584): CodeIgniter\Model->doFindAll(0, 0)
#1 C:\xampp\htdocs\bempnc\app\Models\DeptModel.php(15): CodeIgniter\BaseModel->findAll()
#2 C:\xampp\htdocs\bempnc\app\Controllers\Pengurus\Departemen.php(22): App\Models\DeptModel->getDept()
#3 C:\xampp\htdocs\bempnc\vendor\codeigniter4\framework\system\CodeIgniter.php(832): App\Controllers\Pengurus\Departemen->index()
#4 C:\xampp\htdocs\bempnc\vendor\codeigniter4\framework\system\CodeIgniter.php(419): CodeIgniter\CodeIgniter->runController(Object(App\Controllers\Pengurus\Departemen))
#5 C:\xampp\htdocs\bempnc\vendor\codeigniter4\framework\system\CodeIgniter.php(326): CodeIgniter\CodeIgniter->handleRequest(NULL, Object(Config\Cache), false)
#6 C:\xampp\htdocs\bempnc\public\index.php(37): CodeIgniter\CodeIgniter->run()
#7 C:\xampp\htdocs\bempnc\vendor\codeigniter4\framework\system\Commands\Server\rewrite.php(43): require_once('C:\\xampp\\htdocs...')
#8 {main}
CRITICAL - 2022-05-24 23:58:43 --> syntax error, unexpected 'endforeach' (T_ENDFOREACH)
#0 C:\xampp\htdocs\bempnc\vendor\codeigniter4\framework\system\View\View.php(213): CodeIgniter\View\View->CodeIgniter\View\{closure}()
#1 C:\xampp\htdocs\bempnc\vendor\codeigniter4\framework\system\Common.php(1089): CodeIgniter\View\View->render('/pengurus/depar...', Array, true)
#2 C:\xampp\htdocs\bempnc\app\Controllers\Pengurus\Departemen.php(26): view('/pengurus/depar...', Array)
#3 C:\xampp\htdocs\bempnc\vendor\codeigniter4\framework\system\CodeIgniter.php(832): App\Controllers\Pengurus\Departemen->index()
#4 C:\xampp\htdocs\bempnc\vendor\codeigniter4\framework\system\CodeIgniter.php(419): CodeIgniter\CodeIgniter->runController(Object(App\Controllers\Pengurus\Departemen))
#5 C:\xampp\htdocs\bempnc\vendor\codeigniter4\framework\system\CodeIgniter.php(326): CodeIgniter\CodeIgniter->handleRequest(NULL, Object(Config\Cache), false)
#6 C:\xampp\htdocs\bempnc\public\index.php(37): CodeIgniter\CodeIgniter->run()
#7 C:\xampp\htdocs\bempnc\vendor\codeigniter4\framework\system\Commands\Server\rewrite.php(43): require_once('C:\\xampp\\htdocs...')
#8 {main}
