CRITICAL - 2022-06-21 00:07:07 --> Undefined variable: a
#0 C:\xampp\htdocs\bempnc\app\Views\pengurus\menu\index.php(49): CodeIgniter\Debug\Exceptions->errorHandler(8, 'Undefined varia...', 'C:\\xampp\\htdocs...', 49, Array)
#1 C:\xampp\htdocs\bempnc\vendor\codeigniter4\framework\system\View\View.php(210): include('C:\\xampp\\htdocs...')
#2 C:\xampp\htdocs\bempnc\vendor\codeigniter4\framework\system\View\View.php(213): CodeIgniter\View\View->CodeIgniter\View\{closure}()
#3 C:\xampp\htdocs\bempnc\vendor\codeigniter4\framework\system\Common.php(1089): CodeIgniter\View\View->render('/pengurus/menu/...', Array, true)
#4 C:\xampp\htdocs\bempnc\app\Controllers\Pengurus\Usermenu.php(26): view('/pengurus/menu/...', Array)
#5 C:\xampp\htdocs\bempnc\vendor\codeigniter4\framework\system\CodeIgniter.php(832): App\Controllers\Pengurus\Usermenu->index()
#6 C:\xampp\htdocs\bempnc\vendor\codeigniter4\framework\system\CodeIgniter.php(419): CodeIgniter\CodeIgniter->runController(Object(App\Controllers\Pengurus\Usermenu))
#7 C:\xampp\htdocs\bempnc\vendor\codeigniter4\framework\system\CodeIgniter.php(326): CodeIgniter\CodeIgniter->handleRequest(NULL, Object(Config\Cache), false)
#8 C:\xampp\htdocs\bempnc\public\index.php(37): CodeIgniter\CodeIgniter->run()
#9 C:\xampp\htdocs\bempnc\vendor\codeigniter4\framework\system\Commands\Server\rewrite.php(43): require_once('C:\\xampp\\htdocs...')
#10 {main}
CRITICAL - 2022-06-21 00:21:31 --> Cannot redeclare App\Controllers\Pengurus\Usermenu::add()
#0 [internal function]: CodeIgniter\Debug\Exceptions->shutdownHandler()
#1 {main}
CRITICAL - 2022-06-21 00:36:26 --> Trying to access array offset on value of type null
#0 C:\xampp\htdocs\bempnc\app\Views\pengurus\menu\edit.php(9): CodeIgniter\Debug\Exceptions->errorHandler(8, 'Trying to acces...', 'C:\\xampp\\htdocs...', 9, Array)
#1 C:\xampp\htdocs\bempnc\vendor\codeigniter4\framework\system\View\View.php(210): include('C:\\xampp\\htdocs...')
#2 C:\xampp\htdocs\bempnc\vendor\codeigniter4\framework\system\View\View.php(213): CodeIgniter\View\View->CodeIgniter\View\{closure}()
#3 C:\xampp\htdocs\bempnc\vendor\codeigniter4\framework\system\Common.php(1089): CodeIgniter\View\View->render('/pengurus/menu/...', Array, true)
#4 C:\xampp\htdocs\bempnc\app\Controllers\Pengurus\Usermenu.php(107): view('/pengurus/menu/...', Array)
#5 C:\xampp\htdocs\bempnc\vendor\codeigniter4\framework\system\CodeIgniter.php(832): App\Controllers\Pengurus\Usermenu->edit('1')
#6 C:\xampp\htdocs\bempnc\vendor\codeigniter4\framework\system\CodeIgniter.php(419): CodeIgniter\CodeIgniter->runController(Object(App\Controllers\Pengurus\Usermenu))
#7 C:\xampp\htdocs\bempnc\vendor\codeigniter4\framework\system\CodeIgniter.php(326): CodeIgniter\CodeIgniter->handleRequest(NULL, Object(Config\Cache), false)
#8 C:\xampp\htdocs\bempnc\public\index.php(37): CodeIgniter\CodeIgniter->run()
#9 C:\xampp\htdocs\bempnc\vendor\codeigniter4\framework\system\Commands\Server\rewrite.php(43): require_once('C:\\xampp\\htdocs...')
#10 {main}
ERROR - 2022-06-21 03:04:17 --> Unknown column 'user_access_menu.menu_id' in 'on clause'
CRITICAL - 2022-06-21 03:04:17 --> Unknown column 'user_access_menu.menu_id' in 'on clause'
#0 C:\xampp\htdocs\bempnc\vendor\codeigniter4\framework\system\Database\MySQLi\Connection.php(292): mysqli->query('SELECT *\nFROM `...', 0)
#1 C:\xampp\htdocs\bempnc\vendor\codeigniter4\framework\system\Database\BaseConnection.php(670): CodeIgniter\Database\MySQLi\Connection->execute('SELECT *\nFROM `...')
#2 C:\xampp\htdocs\bempnc\vendor\codeigniter4\framework\system\Database\BaseConnection.php(598): CodeIgniter\Database\BaseConnection->simpleQuery('SELECT *\nFROM `...')
#3 C:\xampp\htdocs\bempnc\vendor\codeigniter4\framework\system\Database\BaseBuilder.php(1455): CodeIgniter\Database\BaseConnection->query('SELECT *\nFROM `...', Array, false)
#4 C:\xampp\htdocs\bempnc\vendor\codeigniter4\framework\system\Model.php(183): CodeIgniter\Database\BaseBuilder->get()
#5 C:\xampp\htdocs\bempnc\vendor\codeigniter4\framework\system\BaseModel.php(584): CodeIgniter\Model->doFindAll(0, 0)
#6 C:\xampp\htdocs\bempnc\app\Controllers\Pengurus\Usermenuaccesses.php(27): CodeIgniter\BaseModel->findAll()
#7 C:\xampp\htdocs\bempnc\vendor\codeigniter4\framework\system\CodeIgniter.php(832): App\Controllers\Pengurus\Usermenuaccesses->index()
#8 C:\xampp\htdocs\bempnc\vendor\codeigniter4\framework\system\CodeIgniter.php(419): CodeIgniter\CodeIgniter->runController(Object(App\Controllers\Pengurus\Usermenuaccesses))
#9 C:\xampp\htdocs\bempnc\vendor\codeigniter4\framework\system\CodeIgniter.php(326): CodeIgniter\CodeIgniter->handleRequest(NULL, Object(Config\Cache), false)
#10 C:\xampp\htdocs\bempnc\public\index.php(37): CodeIgniter\CodeIgniter->run()
#11 C:\xampp\htdocs\bempnc\vendor\codeigniter4\framework\system\Commands\Server\rewrite.php(43): require_once('C:\\xampp\\htdocs...')
#12 {main}
CRITICAL - 2022-06-21 03:04:48 --> Undefined variable: usermenus
#0 C:\xampp\htdocs\bempnc\app\Views\pengurus\menu\index.php(43): CodeIgniter\Debug\Exceptions->errorHandler(8, 'Undefined varia...', 'C:\\xampp\\htdocs...', 43, Array)
#1 C:\xampp\htdocs\bempnc\vendor\codeigniter4\framework\system\View\View.php(210): include('C:\\xampp\\htdocs...')
#2 C:\xampp\htdocs\bempnc\vendor\codeigniter4\framework\system\View\View.php(213): CodeIgniter\View\View->CodeIgniter\View\{closure}()
#3 C:\xampp\htdocs\bempnc\vendor\codeigniter4\framework\system\Common.php(1089): CodeIgniter\View\View->render('/pengurus/menu/...', Array, true)
#4 C:\xampp\htdocs\bempnc\app\Controllers\Pengurus\Usermenuaccesses.php(29): view('/pengurus/menu/...', Array)
#5 C:\xampp\htdocs\bempnc\vendor\codeigniter4\framework\system\CodeIgniter.php(832): App\Controllers\Pengurus\Usermenuaccesses->index()
#6 C:\xampp\htdocs\bempnc\vendor\codeigniter4\framework\system\CodeIgniter.php(419): CodeIgniter\CodeIgniter->runController(Object(App\Controllers\Pengurus\Usermenuaccesses))
#7 C:\xampp\htdocs\bempnc\vendor\codeigniter4\framework\system\CodeIgniter.php(326): CodeIgniter\CodeIgniter->handleRequest(NULL, Object(Config\Cache), false)
#8 C:\xampp\htdocs\bempnc\public\index.php(37): CodeIgniter\CodeIgniter->run()
#9 C:\xampp\htdocs\bempnc\vendor\codeigniter4\framework\system\Commands\Server\rewrite.php(43): require_once('C:\\xampp\\htdocs...')
#10 {main}
CRITICAL - 2022-06-21 03:05:17 --> Undefined variable: usermenus
#0 C:\xampp\htdocs\bempnc\app\Views\pengurus\menu\index.php(43): CodeIgniter\Debug\Exceptions->errorHandler(8, 'Undefined varia...', 'C:\\xampp\\htdocs...', 43, Array)
#1 C:\xampp\htdocs\bempnc\vendor\codeigniter4\framework\system\View\View.php(210): include('C:\\xampp\\htdocs...')
#2 C:\xampp\htdocs\bempnc\vendor\codeigniter4\framework\system\View\View.php(213): CodeIgniter\View\View->CodeIgniter\View\{closure}()
#3 C:\xampp\htdocs\bempnc\vendor\codeigniter4\framework\system\Common.php(1089): CodeIgniter\View\View->render('/pengurus/menu/...', Array, true)
#4 C:\xampp\htdocs\bempnc\app\Controllers\Pengurus\Usermenuaccesses.php(29): view('/pengurus/menu/...', Array)
#5 C:\xampp\htdocs\bempnc\vendor\codeigniter4\framework\system\CodeIgniter.php(832): App\Controllers\Pengurus\Usermenuaccesses->index()
#6 C:\xampp\htdocs\bempnc\vendor\codeigniter4\framework\system\CodeIgniter.php(419): CodeIgniter\CodeIgniter->runController(Object(App\Controllers\Pengurus\Usermenuaccesses))
#7 C:\xampp\htdocs\bempnc\vendor\codeigniter4\framework\system\CodeIgniter.php(326): CodeIgniter\CodeIgniter->handleRequest(NULL, Object(Config\Cache), false)
#8 C:\xampp\htdocs\bempnc\public\index.php(37): CodeIgniter\CodeIgniter->run()
#9 C:\xampp\htdocs\bempnc\vendor\codeigniter4\framework\system\Commands\Server\rewrite.php(43): require_once('C:\\xampp\\htdocs...')
#10 {main}
CRITICAL - 2022-06-21 03:05:23 --> Undefined variable: usermenus
#0 C:\xampp\htdocs\bempnc\app\Views\pengurus\menu\index.php(43): CodeIgniter\Debug\Exceptions->errorHandler(8, 'Undefined varia...', 'C:\\xampp\\htdocs...', 43, Array)
#1 C:\xampp\htdocs\bempnc\vendor\codeigniter4\framework\system\View\View.php(210): include('C:\\xampp\\htdocs...')
#2 C:\xampp\htdocs\bempnc\vendor\codeigniter4\framework\system\View\View.php(213): CodeIgniter\View\View->CodeIgniter\View\{closure}()
#3 C:\xampp\htdocs\bempnc\vendor\codeigniter4\framework\system\Common.php(1089): CodeIgniter\View\View->render('/pengurus/menu/...', Array, true)
#4 C:\xampp\htdocs\bempnc\app\Controllers\Pengurus\Usermenuaccesses.php(29): view('/pengurus/menu/...', Array)
#5 C:\xampp\htdocs\bempnc\vendor\codeigniter4\framework\system\CodeIgniter.php(832): App\Controllers\Pengurus\Usermenuaccesses->index()
#6 C:\xampp\htdocs\bempnc\vendor\codeigniter4\framework\system\CodeIgniter.php(419): CodeIgniter\CodeIgniter->runController(Object(App\Controllers\Pengurus\Usermenuaccesses))
#7 C:\xampp\htdocs\bempnc\vendor\codeigniter4\framework\system\CodeIgniter.php(326): CodeIgniter\CodeIgniter->handleRequest(NULL, Object(Config\Cache), false)
#8 C:\xampp\htdocs\bempnc\public\index.php(37): CodeIgniter\CodeIgniter->run()
#9 C:\xampp\htdocs\bempnc\vendor\codeigniter4\framework\system\Commands\Server\rewrite.php(43): require_once('C:\\xampp\\htdocs...')
#10 {main}
CRITICAL - 2022-06-21 04:47:22 --> syntax error, unexpected 'user_menu_accesses' (T_STRING)
#0 C:\xampp\htdocs\bempnc\vendor\codeigniter4\framework\system\View\View.php(213): CodeIgniter\View\View->CodeIgniter\View\{closure}()
#1 C:\xampp\htdocs\bempnc\vendor\codeigniter4\framework\system\View\View.php(424): CodeIgniter\View\View->render('\\backend-templa...', NULL, true)
#2 C:\xampp\htdocs\bempnc\app\Views\backend-template\index.php(17): CodeIgniter\View\View->include('\\backend-templa...')
#3 C:\xampp\htdocs\bempnc\vendor\codeigniter4\framework\system\View\View.php(210): include('C:\\xampp\\htdocs...')
#4 C:\xampp\htdocs\bempnc\vendor\codeigniter4\framework\system\View\View.php(213): CodeIgniter\View\View->CodeIgniter\View\{closure}()
#5 C:\xampp\htdocs\bempnc\vendor\codeigniter4\framework\system\View\View.php(226): CodeIgniter\View\View->render('\\backend-templa...', Array, true)
#6 C:\xampp\htdocs\bempnc\vendor\codeigniter4\framework\system\Common.php(1089): CodeIgniter\View\View->render('/pengurus/anggo...', Array, true)
#7 C:\xampp\htdocs\bempnc\app\Controllers\Pengurus\Members.php(205): view('/pengurus/anggo...', Array)
#8 C:\xampp\htdocs\bempnc\vendor\codeigniter4\framework\system\CodeIgniter.php(832): App\Controllers\Pengurus\Members->edit('1')
#9 C:\xampp\htdocs\bempnc\vendor\codeigniter4\framework\system\CodeIgniter.php(419): CodeIgniter\CodeIgniter->runController(Object(App\Controllers\Pengurus\Members))
#10 C:\xampp\htdocs\bempnc\vendor\codeigniter4\framework\system\CodeIgniter.php(326): CodeIgniter\CodeIgniter->handleRequest(NULL, Object(Config\Cache), false)
#11 C:\xampp\htdocs\bempnc\public\index.php(37): CodeIgniter\CodeIgniter->run()
#12 C:\xampp\htdocs\bempnc\vendor\codeigniter4\framework\system\Commands\Server\rewrite.php(43): require_once('C:\\xampp\\htdocs...')
#13 {main}
ERROR - 2022-06-21 04:57:55 --> Column 'memberlevel_id' in where clause is ambiguous
CRITICAL - 2022-06-21 04:57:55 --> Column 'memberlevel_id' in where clause is ambiguous
#0 C:\xampp\htdocs\bempnc\vendor\codeigniter4\framework\system\Database\MySQLi\Connection.php(292): mysqli->query('SELECT *\nFROM `...', 0)
#1 C:\xampp\htdocs\bempnc\vendor\codeigniter4\framework\system\Database\BaseConnection.php(670): CodeIgniter\Database\MySQLi\Connection->execute('SELECT *\nFROM `...')
#2 C:\xampp\htdocs\bempnc\vendor\codeigniter4\framework\system\Database\BaseConnection.php(598): CodeIgniter\Database\BaseConnection->simpleQuery('SELECT *\nFROM `...')
#3 C:\xampp\htdocs\bempnc\vendor\codeigniter4\framework\system\Database\BaseBuilder.php(1455): CodeIgniter\Database\BaseConnection->query('SELECT *\nFROM `...', Array, false)
#4 C:\xampp\htdocs\bempnc\app\Views\backend-template\navbar.php(7): CodeIgniter\Database\BaseBuilder->get()
#5 C:\xampp\htdocs\bempnc\vendor\codeigniter4\framework\system\View\View.php(210): include('C:\\xampp\\htdocs...')
#6 C:\xampp\htdocs\bempnc\vendor\codeigniter4\framework\system\View\View.php(213): CodeIgniter\View\View->CodeIgniter\View\{closure}()
#7 C:\xampp\htdocs\bempnc\vendor\codeigniter4\framework\system\View\View.php(424): CodeIgniter\View\View->render('\\backend-templa...', NULL, true)
#8 C:\xampp\htdocs\bempnc\app\Views\backend-template\index.php(17): CodeIgniter\View\View->include('\\backend-templa...')
#9 C:\xampp\htdocs\bempnc\vendor\codeigniter4\framework\system\View\View.php(210): include('C:\\xampp\\htdocs...')
#10 C:\xampp\htdocs\bempnc\vendor\codeigniter4\framework\system\View\View.php(213): CodeIgniter\View\View->CodeIgniter\View\{closure}()
#11 C:\xampp\htdocs\bempnc\vendor\codeigniter4\framework\system\View\View.php(226): CodeIgniter\View\View->render('\\backend-templa...', Array, true)
#12 C:\xampp\htdocs\bempnc\vendor\codeigniter4\framework\system\Common.php(1089): CodeIgniter\View\View->render('/pengurus/anggo...', Array, true)
#13 C:\xampp\htdocs\bempnc\app\Controllers\Pengurus\Members.php(30): view('/pengurus/anggo...', Array)
#14 C:\xampp\htdocs\bempnc\vendor\codeigniter4\framework\system\CodeIgniter.php(832): App\Controllers\Pengurus\Members->index()
#15 C:\xampp\htdocs\bempnc\vendor\codeigniter4\framework\system\CodeIgniter.php(419): CodeIgniter\CodeIgniter->runController(Object(App\Controllers\Pengurus\Members))
#16 C:\xampp\htdocs\bempnc\vendor\codeigniter4\framework\system\CodeIgniter.php(326): CodeIgniter\CodeIgniter->handleRequest(NULL, Object(Config\Cache), false)
#17 C:\xampp\htdocs\bempnc\public\index.php(37): CodeIgniter\CodeIgniter->run()
#18 C:\xampp\htdocs\bempnc\vendor\codeigniter4\framework\system\Commands\Server\rewrite.php(43): require_once('C:\\xampp\\htdocs...')
#19 {main}
ERROR - 2022-06-21 04:58:34 --> Column 'memberlevel_id' in where clause is ambiguous
CRITICAL - 2022-06-21 04:58:34 --> Column 'memberlevel_id' in where clause is ambiguous
#0 C:\xampp\htdocs\bempnc\vendor\codeigniter4\framework\system\Database\MySQLi\Connection.php(292): mysqli->query('SELECT *\nFROM `...', 0)
#1 C:\xampp\htdocs\bempnc\vendor\codeigniter4\framework\system\Database\BaseConnection.php(670): CodeIgniter\Database\MySQLi\Connection->execute('SELECT *\nFROM `...')
#2 C:\xampp\htdocs\bempnc\vendor\codeigniter4\framework\system\Database\BaseConnection.php(598): CodeIgniter\Database\BaseConnection->simpleQuery('SELECT *\nFROM `...')
#3 C:\xampp\htdocs\bempnc\vendor\codeigniter4\framework\system\Database\BaseBuilder.php(1455): CodeIgniter\Database\BaseConnection->query('SELECT *\nFROM `...', Array, false)
#4 C:\xampp\htdocs\bempnc\app\Views\backend-template\navbar.php(7): CodeIgniter\Database\BaseBuilder->get()
#5 C:\xampp\htdocs\bempnc\vendor\codeigniter4\framework\system\View\View.php(210): include('C:\\xampp\\htdocs...')
#6 C:\xampp\htdocs\bempnc\vendor\codeigniter4\framework\system\View\View.php(213): CodeIgniter\View\View->CodeIgniter\View\{closure}()
#7 C:\xampp\htdocs\bempnc\vendor\codeigniter4\framework\system\View\View.php(424): CodeIgniter\View\View->render('\\backend-templa...', NULL, true)
#8 C:\xampp\htdocs\bempnc\app\Views\backend-template\index.php(17): CodeIgniter\View\View->include('\\backend-templa...')
#9 C:\xampp\htdocs\bempnc\vendor\codeigniter4\framework\system\View\View.php(210): include('C:\\xampp\\htdocs...')
#10 C:\xampp\htdocs\bempnc\vendor\codeigniter4\framework\system\View\View.php(213): CodeIgniter\View\View->CodeIgniter\View\{closure}()
#11 C:\xampp\htdocs\bempnc\vendor\codeigniter4\framework\system\View\View.php(226): CodeIgniter\View\View->render('\\backend-templa...', Array, true)
#12 C:\xampp\htdocs\bempnc\vendor\codeigniter4\framework\system\Common.php(1089): CodeIgniter\View\View->render('/pengurus/anggo...', Array, true)
#13 C:\xampp\htdocs\bempnc\app\Controllers\Pengurus\Members.php(30): view('/pengurus/anggo...', Array)
#14 C:\xampp\htdocs\bempnc\vendor\codeigniter4\framework\system\CodeIgniter.php(832): App\Controllers\Pengurus\Members->index()
#15 C:\xampp\htdocs\bempnc\vendor\codeigniter4\framework\system\CodeIgniter.php(419): CodeIgniter\CodeIgniter->runController(Object(App\Controllers\Pengurus\Members))
#16 C:\xampp\htdocs\bempnc\vendor\codeigniter4\framework\system\CodeIgniter.php(326): CodeIgniter\CodeIgniter->handleRequest(NULL, Object(Config\Cache), false)
#17 C:\xampp\htdocs\bempnc\public\index.php(37): CodeIgniter\CodeIgniter->run()
#18 C:\xampp\htdocs\bempnc\vendor\codeigniter4\framework\system\Commands\Server\rewrite.php(43): require_once('C:\\xampp\\htdocs...')
#19 {main}
ERROR - 2022-06-21 05:00:39 --> Column 'memberlevel_id' in where clause is ambiguous
CRITICAL - 2022-06-21 05:00:39 --> Column 'memberlevel_id' in where clause is ambiguous
#0 C:\xampp\htdocs\bempnc\vendor\codeigniter4\framework\system\Database\MySQLi\Connection.php(292): mysqli->query('SELECT *\nFROM `...', 0)
#1 C:\xampp\htdocs\bempnc\vendor\codeigniter4\framework\system\Database\BaseConnection.php(670): CodeIgniter\Database\MySQLi\Connection->execute('SELECT *\nFROM `...')
#2 C:\xampp\htdocs\bempnc\vendor\codeigniter4\framework\system\Database\BaseConnection.php(598): CodeIgniter\Database\BaseConnection->simpleQuery('SELECT *\nFROM `...')
#3 C:\xampp\htdocs\bempnc\vendor\codeigniter4\framework\system\Database\BaseBuilder.php(1455): CodeIgniter\Database\BaseConnection->query('SELECT *\nFROM `...', Array, false)
#4 C:\xampp\htdocs\bempnc\app\Views\backend-template\navbar.php(7): CodeIgniter\Database\BaseBuilder->get()
#5 C:\xampp\htdocs\bempnc\vendor\codeigniter4\framework\system\View\View.php(210): include('C:\\xampp\\htdocs...')
#6 C:\xampp\htdocs\bempnc\vendor\codeigniter4\framework\system\View\View.php(213): CodeIgniter\View\View->CodeIgniter\View\{closure}()
#7 C:\xampp\htdocs\bempnc\vendor\codeigniter4\framework\system\View\View.php(424): CodeIgniter\View\View->render('\\backend-templa...', NULL, true)
#8 C:\xampp\htdocs\bempnc\app\Views\backend-template\index.php(17): CodeIgniter\View\View->include('\\backend-templa...')
#9 C:\xampp\htdocs\bempnc\vendor\codeigniter4\framework\system\View\View.php(210): include('C:\\xampp\\htdocs...')
#10 C:\xampp\htdocs\bempnc\vendor\codeigniter4\framework\system\View\View.php(213): CodeIgniter\View\View->CodeIgniter\View\{closure}()
#11 C:\xampp\htdocs\bempnc\vendor\codeigniter4\framework\system\View\View.php(226): CodeIgniter\View\View->render('\\backend-templa...', Array, true)
#12 C:\xampp\htdocs\bempnc\vendor\codeigniter4\framework\system\Common.php(1089): CodeIgniter\View\View->render('/pengurus/anggo...', Array, true)
#13 C:\xampp\htdocs\bempnc\app\Controllers\Pengurus\Members.php(30): view('/pengurus/anggo...', Array)
#14 C:\xampp\htdocs\bempnc\vendor\codeigniter4\framework\system\CodeIgniter.php(832): App\Controllers\Pengurus\Members->index()
#15 C:\xampp\htdocs\bempnc\vendor\codeigniter4\framework\system\CodeIgniter.php(419): CodeIgniter\CodeIgniter->runController(Object(App\Controllers\Pengurus\Members))
#16 C:\xampp\htdocs\bempnc\vendor\codeigniter4\framework\system\CodeIgniter.php(326): CodeIgniter\CodeIgniter->handleRequest(NULL, Object(Config\Cache), false)
#17 C:\xampp\htdocs\bempnc\public\index.php(37): CodeIgniter\CodeIgniter->run()
#18 C:\xampp\htdocs\bempnc\vendor\codeigniter4\framework\system\Commands\Server\rewrite.php(43): require_once('C:\\xampp\\htdocs...')
#19 {main}
ERROR - 2022-06-21 05:01:34 --> Column 'memberlevel_id' in where clause is ambiguous
CRITICAL - 2022-06-21 05:01:34 --> Column 'memberlevel_id' in where clause is ambiguous
#0 C:\xampp\htdocs\bempnc\vendor\codeigniter4\framework\system\Database\MySQLi\Connection.php(292): mysqli->query('SELECT *\nFROM `...', 0)
#1 C:\xampp\htdocs\bempnc\vendor\codeigniter4\framework\system\Database\BaseConnection.php(670): CodeIgniter\Database\MySQLi\Connection->execute('SELECT *\nFROM `...')
#2 C:\xampp\htdocs\bempnc\vendor\codeigniter4\framework\system\Database\BaseConnection.php(598): CodeIgniter\Database\BaseConnection->simpleQuery('SELECT *\nFROM `...')
#3 C:\xampp\htdocs\bempnc\vendor\codeigniter4\framework\system\Database\BaseBuilder.php(1455): CodeIgniter\Database\BaseConnection->query('SELECT *\nFROM `...', Array, false)
#4 C:\xampp\htdocs\bempnc\app\Views\backend-template\navbar.php(8): CodeIgniter\Database\BaseBuilder->get()
#5 C:\xampp\htdocs\bempnc\vendor\codeigniter4\framework\system\View\View.php(210): include('C:\\xampp\\htdocs...')
#6 C:\xampp\htdocs\bempnc\vendor\codeigniter4\framework\system\View\View.php(213): CodeIgniter\View\View->CodeIgniter\View\{closure}()
#7 C:\xampp\htdocs\bempnc\vendor\codeigniter4\framework\system\View\View.php(424): CodeIgniter\View\View->render('\\backend-templa...', NULL, true)
#8 C:\xampp\htdocs\bempnc\app\Views\backend-template\index.php(17): CodeIgniter\View\View->include('\\backend-templa...')
#9 C:\xampp\htdocs\bempnc\vendor\codeigniter4\framework\system\View\View.php(210): include('C:\\xampp\\htdocs...')
#10 C:\xampp\htdocs\bempnc\vendor\codeigniter4\framework\system\View\View.php(213): CodeIgniter\View\View->CodeIgniter\View\{closure}()
#11 C:\xampp\htdocs\bempnc\vendor\codeigniter4\framework\system\View\View.php(226): CodeIgniter\View\View->render('\\backend-templa...', Array, true)
#12 C:\xampp\htdocs\bempnc\vendor\codeigniter4\framework\system\Common.php(1089): CodeIgniter\View\View->render('/pengurus/anggo...', Array, true)
#13 C:\xampp\htdocs\bempnc\app\Controllers\Pengurus\Members.php(30): view('/pengurus/anggo...', Array)
#14 C:\xampp\htdocs\bempnc\vendor\codeigniter4\framework\system\CodeIgniter.php(832): App\Controllers\Pengurus\Members->index()
#15 C:\xampp\htdocs\bempnc\vendor\codeigniter4\framework\system\CodeIgniter.php(419): CodeIgniter\CodeIgniter->runController(Object(App\Controllers\Pengurus\Members))
#16 C:\xampp\htdocs\bempnc\vendor\codeigniter4\framework\system\CodeIgniter.php(326): CodeIgniter\CodeIgniter->handleRequest(NULL, Object(Config\Cache), false)
#17 C:\xampp\htdocs\bempnc\public\index.php(37): CodeIgniter\CodeIgniter->run()
#18 C:\xampp\htdocs\bempnc\vendor\codeigniter4\framework\system\Commands\Server\rewrite.php(43): require_once('C:\\xampp\\htdocs...')
#19 {main}
CRITICAL - 2022-06-21 05:01:47 --> Cannot use object of type mysqli as array
#0 C:\xampp\htdocs\bempnc\vendor\codeigniter4\framework\system\View\View.php(210): include()
#1 C:\xampp\htdocs\bempnc\vendor\codeigniter4\framework\system\View\View.php(213): CodeIgniter\View\View->CodeIgniter\View\{closure}()
#2 C:\xampp\htdocs\bempnc\vendor\codeigniter4\framework\system\View\View.php(424): CodeIgniter\View\View->render('\\backend-templa...', NULL, true)
#3 C:\xampp\htdocs\bempnc\app\Views\backend-template\index.php(17): CodeIgniter\View\View->include('\\backend-templa...')
#4 C:\xampp\htdocs\bempnc\vendor\codeigniter4\framework\system\View\View.php(210): include('C:\\xampp\\htdocs...')
#5 C:\xampp\htdocs\bempnc\vendor\codeigniter4\framework\system\View\View.php(213): CodeIgniter\View\View->CodeIgniter\View\{closure}()
#6 C:\xampp\htdocs\bempnc\vendor\codeigniter4\framework\system\View\View.php(226): CodeIgniter\View\View->render('\\backend-templa...', Array, true)
#7 C:\xampp\htdocs\bempnc\vendor\codeigniter4\framework\system\Common.php(1089): CodeIgniter\View\View->render('/pengurus/anggo...', Array, true)
#8 C:\xampp\htdocs\bempnc\app\Controllers\Pengurus\Members.php(30): view('/pengurus/anggo...', Array)
#9 C:\xampp\htdocs\bempnc\vendor\codeigniter4\framework\system\CodeIgniter.php(832): App\Controllers\Pengurus\Members->index()
#10 C:\xampp\htdocs\bempnc\vendor\codeigniter4\framework\system\CodeIgniter.php(419): CodeIgniter\CodeIgniter->runController(Object(App\Controllers\Pengurus\Members))
#11 C:\xampp\htdocs\bempnc\vendor\codeigniter4\framework\system\CodeIgniter.php(326): CodeIgniter\CodeIgniter->handleRequest(NULL, Object(Config\Cache), false)
#12 C:\xampp\htdocs\bempnc\public\index.php(37): CodeIgniter\CodeIgniter->run()
#13 C:\xampp\htdocs\bempnc\vendor\codeigniter4\framework\system\Commands\Server\rewrite.php(43): require_once('C:\\xampp\\htdocs...')
#14 {main}
CRITICAL - 2022-06-21 05:08:03 --> Cannot use object of type mysqli as array
#0 C:\xampp\htdocs\bempnc\vendor\codeigniter4\framework\system\View\View.php(210): include()
#1 C:\xampp\htdocs\bempnc\vendor\codeigniter4\framework\system\View\View.php(213): CodeIgniter\View\View->CodeIgniter\View\{closure}()
#2 C:\xampp\htdocs\bempnc\vendor\codeigniter4\framework\system\View\View.php(424): CodeIgniter\View\View->render('\\backend-templa...', NULL, true)
#3 C:\xampp\htdocs\bempnc\app\Views\backend-template\index.php(17): CodeIgniter\View\View->include('\\backend-templa...')
#4 C:\xampp\htdocs\bempnc\vendor\codeigniter4\framework\system\View\View.php(210): include('C:\\xampp\\htdocs...')
#5 C:\xampp\htdocs\bempnc\vendor\codeigniter4\framework\system\View\View.php(213): CodeIgniter\View\View->CodeIgniter\View\{closure}()
#6 C:\xampp\htdocs\bempnc\vendor\codeigniter4\framework\system\View\View.php(226): CodeIgniter\View\View->render('\\backend-templa...', Array, true)
#7 C:\xampp\htdocs\bempnc\vendor\codeigniter4\framework\system\Common.php(1089): CodeIgniter\View\View->render('/pengurus/anggo...', Array, true)
#8 C:\xampp\htdocs\bempnc\app\Controllers\Pengurus\Members.php(30): view('/pengurus/anggo...', Array)
#9 C:\xampp\htdocs\bempnc\vendor\codeigniter4\framework\system\CodeIgniter.php(832): App\Controllers\Pengurus\Members->index()
#10 C:\xampp\htdocs\bempnc\vendor\codeigniter4\framework\system\CodeIgniter.php(419): CodeIgniter\CodeIgniter->runController(Object(App\Controllers\Pengurus\Members))
#11 C:\xampp\htdocs\bempnc\vendor\codeigniter4\framework\system\CodeIgniter.php(326): CodeIgniter\CodeIgniter->handleRequest(NULL, Object(Config\Cache), false)
#12 C:\xampp\htdocs\bempnc\public\index.php(37): CodeIgniter\CodeIgniter->run()
#13 C:\xampp\htdocs\bempnc\vendor\codeigniter4\framework\system\Commands\Server\rewrite.php(43): require_once('C:\\xampp\\htdocs...')
#14 {main}
CRITICAL - 2022-06-21 05:26:28 --> Undefined variable: query
#0 C:\xampp\htdocs\bempnc\app\Views\backend-template\navbar.php(18): CodeIgniter\Debug\Exceptions->errorHandler(8, 'Undefined varia...', 'C:\\xampp\\htdocs...', 18, Array)
#1 C:\xampp\htdocs\bempnc\vendor\codeigniter4\framework\system\View\View.php(210): include('C:\\xampp\\htdocs...')
#2 C:\xampp\htdocs\bempnc\vendor\codeigniter4\framework\system\View\View.php(213): CodeIgniter\View\View->CodeIgniter\View\{closure}()
#3 C:\xampp\htdocs\bempnc\vendor\codeigniter4\framework\system\View\View.php(424): CodeIgniter\View\View->render('\\backend-templa...', NULL, true)
#4 C:\xampp\htdocs\bempnc\app\Views\backend-template\index.php(17): CodeIgniter\View\View->include('\\backend-templa...')
#5 C:\xampp\htdocs\bempnc\vendor\codeigniter4\framework\system\View\View.php(210): include('C:\\xampp\\htdocs...')
#6 C:\xampp\htdocs\bempnc\vendor\codeigniter4\framework\system\View\View.php(213): CodeIgniter\View\View->CodeIgniter\View\{closure}()
#7 C:\xampp\htdocs\bempnc\vendor\codeigniter4\framework\system\View\View.php(226): CodeIgniter\View\View->render('\\backend-templa...', Array, true)
#8 C:\xampp\htdocs\bempnc\vendor\codeigniter4\framework\system\Common.php(1089): CodeIgniter\View\View->render('/pengurus/anggo...', Array, true)
#9 C:\xampp\htdocs\bempnc\app\Controllers\Pengurus\Members.php(30): view('/pengurus/anggo...', Array)
#10 C:\xampp\htdocs\bempnc\vendor\codeigniter4\framework\system\CodeIgniter.php(832): App\Controllers\Pengurus\Members->index()
#11 C:\xampp\htdocs\bempnc\vendor\codeigniter4\framework\system\CodeIgniter.php(419): CodeIgniter\CodeIgniter->runController(Object(App\Controllers\Pengurus\Members))
#12 C:\xampp\htdocs\bempnc\vendor\codeigniter4\framework\system\CodeIgniter.php(326): CodeIgniter\CodeIgniter->handleRequest(NULL, Object(Config\Cache), false)
#13 C:\xampp\htdocs\bempnc\public\index.php(37): CodeIgniter\CodeIgniter->run()
#14 C:\xampp\htdocs\bempnc\vendor\codeigniter4\framework\system\Commands\Server\rewrite.php(43): require_once('C:\\xampp\\htdocs...')
#15 {main}
ERROR - 2022-06-21 05:32:57 --> Column 'memberlevel_id' in where clause is ambiguous
CRITICAL - 2022-06-21 05:32:57 --> Column 'memberlevel_id' in where clause is ambiguous
#0 C:\xampp\htdocs\bempnc\vendor\codeigniter4\framework\system\Database\MySQLi\Connection.php(292): mysqli->query('SELECT *\nFROM `...', 0)
#1 C:\xampp\htdocs\bempnc\vendor\codeigniter4\framework\system\Database\BaseConnection.php(670): CodeIgniter\Database\MySQLi\Connection->execute('SELECT *\nFROM `...')
#2 C:\xampp\htdocs\bempnc\vendor\codeigniter4\framework\system\Database\BaseConnection.php(598): CodeIgniter\Database\BaseConnection->simpleQuery('SELECT *\nFROM `...')
#3 C:\xampp\htdocs\bempnc\vendor\codeigniter4\framework\system\Database\BaseBuilder.php(1455): CodeIgniter\Database\BaseConnection->query('SELECT *\nFROM `...', Array, false)
#4 C:\xampp\htdocs\bempnc\app\Views\backend-template\navbar.php(9): CodeIgniter\Database\BaseBuilder->get()
#5 C:\xampp\htdocs\bempnc\vendor\codeigniter4\framework\system\View\View.php(210): include('C:\\xampp\\htdocs...')
#6 C:\xampp\htdocs\bempnc\vendor\codeigniter4\framework\system\View\View.php(213): CodeIgniter\View\View->CodeIgniter\View\{closure}()
#7 C:\xampp\htdocs\bempnc\vendor\codeigniter4\framework\system\View\View.php(424): CodeIgniter\View\View->render('\\backend-templa...', NULL, true)
#8 C:\xampp\htdocs\bempnc\app\Views\backend-template\index.php(17): CodeIgniter\View\View->include('\\backend-templa...')
#9 C:\xampp\htdocs\bempnc\vendor\codeigniter4\framework\system\View\View.php(210): include('C:\\xampp\\htdocs...')
#10 C:\xampp\htdocs\bempnc\vendor\codeigniter4\framework\system\View\View.php(213): CodeIgniter\View\View->CodeIgniter\View\{closure}()
#11 C:\xampp\htdocs\bempnc\vendor\codeigniter4\framework\system\View\View.php(226): CodeIgniter\View\View->render('\\backend-templa...', Array, true)
#12 C:\xampp\htdocs\bempnc\vendor\codeigniter4\framework\system\Common.php(1089): CodeIgniter\View\View->render('/pengurus/anggo...', Array, true)
#13 C:\xampp\htdocs\bempnc\app\Controllers\Pengurus\Members.php(30): view('/pengurus/anggo...', Array)
#14 C:\xampp\htdocs\bempnc\vendor\codeigniter4\framework\system\CodeIgniter.php(832): App\Controllers\Pengurus\Members->index()
#15 C:\xampp\htdocs\bempnc\vendor\codeigniter4\framework\system\CodeIgniter.php(419): CodeIgniter\CodeIgniter->runController(Object(App\Controllers\Pengurus\Members))
#16 C:\xampp\htdocs\bempnc\vendor\codeigniter4\framework\system\CodeIgniter.php(326): CodeIgniter\CodeIgniter->handleRequest(NULL, Object(Config\Cache), false)
#17 C:\xampp\htdocs\bempnc\public\index.php(37): CodeIgniter\CodeIgniter->run()
#18 C:\xampp\htdocs\bempnc\vendor\codeigniter4\framework\system\Commands\Server\rewrite.php(43): require_once('C:\\xampp\\htdocs...')
#19 {main}
ERROR - 2022-06-21 05:33:16 --> Unknown column 'usermenus.memberlevel_id' in 'where clause'
CRITICAL - 2022-06-21 05:33:16 --> Unknown column 'usermenus.memberlevel_id' in 'where clause'
#0 C:\xampp\htdocs\bempnc\vendor\codeigniter4\framework\system\Database\MySQLi\Connection.php(292): mysqli->query('SELECT *\nFROM `...', 0)
#1 C:\xampp\htdocs\bempnc\vendor\codeigniter4\framework\system\Database\BaseConnection.php(670): CodeIgniter\Database\MySQLi\Connection->execute('SELECT *\nFROM `...')
#2 C:\xampp\htdocs\bempnc\vendor\codeigniter4\framework\system\Database\BaseConnection.php(598): CodeIgniter\Database\BaseConnection->simpleQuery('SELECT *\nFROM `...')
#3 C:\xampp\htdocs\bempnc\vendor\codeigniter4\framework\system\Database\BaseBuilder.php(1455): CodeIgniter\Database\BaseConnection->query('SELECT *\nFROM `...', Array, false)
#4 C:\xampp\htdocs\bempnc\app\Views\backend-template\navbar.php(9): CodeIgniter\Database\BaseBuilder->get()
#5 C:\xampp\htdocs\bempnc\vendor\codeigniter4\framework\system\View\View.php(210): include('C:\\xampp\\htdocs...')
#6 C:\xampp\htdocs\bempnc\vendor\codeigniter4\framework\system\View\View.php(213): CodeIgniter\View\View->CodeIgniter\View\{closure}()
#7 C:\xampp\htdocs\bempnc\vendor\codeigniter4\framework\system\View\View.php(424): CodeIgniter\View\View->render('\\backend-templa...', NULL, true)
#8 C:\xampp\htdocs\bempnc\app\Views\backend-template\index.php(17): CodeIgniter\View\View->include('\\backend-templa...')
#9 C:\xampp\htdocs\bempnc\vendor\codeigniter4\framework\system\View\View.php(210): include('C:\\xampp\\htdocs...')
#10 C:\xampp\htdocs\bempnc\vendor\codeigniter4\framework\system\View\View.php(213): CodeIgniter\View\View->CodeIgniter\View\{closure}()
#11 C:\xampp\htdocs\bempnc\vendor\codeigniter4\framework\system\View\View.php(226): CodeIgniter\View\View->render('\\backend-templa...', Array, true)
#12 C:\xampp\htdocs\bempnc\vendor\codeigniter4\framework\system\Common.php(1089): CodeIgniter\View\View->render('/pengurus/anggo...', Array, true)
#13 C:\xampp\htdocs\bempnc\app\Controllers\Pengurus\Members.php(30): view('/pengurus/anggo...', Array)
#14 C:\xampp\htdocs\bempnc\vendor\codeigniter4\framework\system\CodeIgniter.php(832): App\Controllers\Pengurus\Members->index()
#15 C:\xampp\htdocs\bempnc\vendor\codeigniter4\framework\system\CodeIgniter.php(419): CodeIgniter\CodeIgniter->runController(Object(App\Controllers\Pengurus\Members))
#16 C:\xampp\htdocs\bempnc\vendor\codeigniter4\framework\system\CodeIgniter.php(326): CodeIgniter\CodeIgniter->handleRequest(NULL, Object(Config\Cache), false)
#17 C:\xampp\htdocs\bempnc\public\index.php(37): CodeIgniter\CodeIgniter->run()
#18 C:\xampp\htdocs\bempnc\vendor\codeigniter4\framework\system\Commands\Server\rewrite.php(43): require_once('C:\\xampp\\htdocs...')
#19 {main}
CRITICAL - 2022-06-21 05:33:43 --> Cannot use object of type mysqli as array
#0 C:\xampp\htdocs\bempnc\vendor\codeigniter4\framework\system\View\View.php(210): include()
#1 C:\xampp\htdocs\bempnc\vendor\codeigniter4\framework\system\View\View.php(213): CodeIgniter\View\View->CodeIgniter\View\{closure}()
#2 C:\xampp\htdocs\bempnc\vendor\codeigniter4\framework\system\View\View.php(424): CodeIgniter\View\View->render('\\backend-templa...', NULL, true)
#3 C:\xampp\htdocs\bempnc\app\Views\backend-template\index.php(17): CodeIgniter\View\View->include('\\backend-templa...')
#4 C:\xampp\htdocs\bempnc\vendor\codeigniter4\framework\system\View\View.php(210): include('C:\\xampp\\htdocs...')
#5 C:\xampp\htdocs\bempnc\vendor\codeigniter4\framework\system\View\View.php(213): CodeIgniter\View\View->CodeIgniter\View\{closure}()
#6 C:\xampp\htdocs\bempnc\vendor\codeigniter4\framework\system\View\View.php(226): CodeIgniter\View\View->render('\\backend-templa...', Array, true)
#7 C:\xampp\htdocs\bempnc\vendor\codeigniter4\framework\system\Common.php(1089): CodeIgniter\View\View->render('/pengurus/anggo...', Array, true)
#8 C:\xampp\htdocs\bempnc\app\Controllers\Pengurus\Members.php(30): view('/pengurus/anggo...', Array)
#9 C:\xampp\htdocs\bempnc\vendor\codeigniter4\framework\system\CodeIgniter.php(832): App\Controllers\Pengurus\Members->index()
#10 C:\xampp\htdocs\bempnc\vendor\codeigniter4\framework\system\CodeIgniter.php(419): CodeIgniter\CodeIgniter->runController(Object(App\Controllers\Pengurus\Members))
#11 C:\xampp\htdocs\bempnc\vendor\codeigniter4\framework\system\CodeIgniter.php(326): CodeIgniter\CodeIgniter->handleRequest(NULL, Object(Config\Cache), false)
#12 C:\xampp\htdocs\bempnc\public\index.php(37): CodeIgniter\CodeIgniter->run()
#13 C:\xampp\htdocs\bempnc\vendor\codeigniter4\framework\system\Commands\Server\rewrite.php(43): require_once('C:\\xampp\\htdocs...')
#14 {main}
CRITICAL - 2022-06-21 05:36:46 --> Undefined index: nama_lengkap
#0 C:\xampp\htdocs\bempnc\app\Views\backend-template\right-side.php(15): CodeIgniter\Debug\Exceptions->errorHandler(8, 'Undefined index...', 'C:\\xampp\\htdocs...', 15, Array)
#1 C:\xampp\htdocs\bempnc\vendor\codeigniter4\framework\system\View\View.php(210): include('C:\\xampp\\htdocs...')
#2 C:\xampp\htdocs\bempnc\vendor\codeigniter4\framework\system\View\View.php(213): CodeIgniter\View\View->CodeIgniter\View\{closure}()
#3 C:\xampp\htdocs\bempnc\vendor\codeigniter4\framework\system\View\View.php(424): CodeIgniter\View\View->render('\\backend-templa...', NULL, true)
#4 C:\xampp\htdocs\bempnc\app\Views\backend-template\index.php(18): CodeIgniter\View\View->include('\\backend-templa...')
#5 C:\xampp\htdocs\bempnc\vendor\codeigniter4\framework\system\View\View.php(210): include('C:\\xampp\\htdocs...')
#6 C:\xampp\htdocs\bempnc\vendor\codeigniter4\framework\system\View\View.php(213): CodeIgniter\View\View->CodeIgniter\View\{closure}()
#7 C:\xampp\htdocs\bempnc\vendor\codeigniter4\framework\system\View\View.php(226): CodeIgniter\View\View->render('\\backend-templa...', Array, true)
#8 C:\xampp\htdocs\bempnc\vendor\codeigniter4\framework\system\Common.php(1089): CodeIgniter\View\View->render('/pengurus/anggo...', Array, true)
#9 C:\xampp\htdocs\bempnc\app\Controllers\Pengurus\Members.php(30): view('/pengurus/anggo...', Array)
#10 C:\xampp\htdocs\bempnc\vendor\codeigniter4\framework\system\CodeIgniter.php(832): App\Controllers\Pengurus\Members->index()
#11 C:\xampp\htdocs\bempnc\vendor\codeigniter4\framework\system\CodeIgniter.php(419): CodeIgniter\CodeIgniter->runController(Object(App\Controllers\Pengurus\Members))
#12 C:\xampp\htdocs\bempnc\vendor\codeigniter4\framework\system\CodeIgniter.php(326): CodeIgniter\CodeIgniter->handleRequest(NULL, Object(Config\Cache), false)
#13 C:\xampp\htdocs\bempnc\public\index.php(37): CodeIgniter\CodeIgniter->run()
#14 C:\xampp\htdocs\bempnc\vendor\codeigniter4\framework\system\Commands\Server\rewrite.php(43): require_once('C:\\xampp\\htdocs...')
#15 {main}
CRITICAL - 2022-06-21 05:36:54 --> Undefined index: nama_lengkap
#0 C:\xampp\htdocs\bempnc\app\Views\backend-template\right-side.php(15): CodeIgniter\Debug\Exceptions->errorHandler(8, 'Undefined index...', 'C:\\xampp\\htdocs...', 15, Array)
#1 C:\xampp\htdocs\bempnc\vendor\codeigniter4\framework\system\View\View.php(210): include('C:\\xampp\\htdocs...')
#2 C:\xampp\htdocs\bempnc\vendor\codeigniter4\framework\system\View\View.php(213): CodeIgniter\View\View->CodeIgniter\View\{closure}()
#3 C:\xampp\htdocs\bempnc\vendor\codeigniter4\framework\system\View\View.php(424): CodeIgniter\View\View->render('\\backend-templa...', NULL, true)
#4 C:\xampp\htdocs\bempnc\app\Views\backend-template\index.php(18): CodeIgniter\View\View->include('\\backend-templa...')
#5 C:\xampp\htdocs\bempnc\vendor\codeigniter4\framework\system\View\View.php(210): include('C:\\xampp\\htdocs...')
#6 C:\xampp\htdocs\bempnc\vendor\codeigniter4\framework\system\View\View.php(213): CodeIgniter\View\View->CodeIgniter\View\{closure}()
#7 C:\xampp\htdocs\bempnc\vendor\codeigniter4\framework\system\View\View.php(226): CodeIgniter\View\View->render('\\backend-templa...', Array, true)
#8 C:\xampp\htdocs\bempnc\vendor\codeigniter4\framework\system\Common.php(1089): CodeIgniter\View\View->render('/pengurus/anggo...', Array, true)
#9 C:\xampp\htdocs\bempnc\app\Controllers\Pengurus\Members.php(30): view('/pengurus/anggo...', Array)
#10 C:\xampp\htdocs\bempnc\vendor\codeigniter4\framework\system\CodeIgniter.php(832): App\Controllers\Pengurus\Members->index()
#11 C:\xampp\htdocs\bempnc\vendor\codeigniter4\framework\system\CodeIgniter.php(419): CodeIgniter\CodeIgniter->runController(Object(App\Controllers\Pengurus\Members))
#12 C:\xampp\htdocs\bempnc\vendor\codeigniter4\framework\system\CodeIgniter.php(326): CodeIgniter\CodeIgniter->handleRequest(NULL, Object(Config\Cache), false)
#13 C:\xampp\htdocs\bempnc\public\index.php(37): CodeIgniter\CodeIgniter->run()
#14 C:\xampp\htdocs\bempnc\vendor\codeigniter4\framework\system\Commands\Server\rewrite.php(43): require_once('C:\\xampp\\htdocs...')
#15 {main}
CRITICAL - 2022-06-21 05:37:34 --> Undefined index: nama_lengkap
#0 C:\xampp\htdocs\bempnc\app\Views\backend-template\right-side.php(15): CodeIgniter\Debug\Exceptions->errorHandler(8, 'Undefined index...', 'C:\\xampp\\htdocs...', 15, Array)
#1 C:\xampp\htdocs\bempnc\vendor\codeigniter4\framework\system\View\View.php(210): include('C:\\xampp\\htdocs...')
#2 C:\xampp\htdocs\bempnc\vendor\codeigniter4\framework\system\View\View.php(213): CodeIgniter\View\View->CodeIgniter\View\{closure}()
#3 C:\xampp\htdocs\bempnc\vendor\codeigniter4\framework\system\View\View.php(424): CodeIgniter\View\View->render('\\backend-templa...', NULL, true)
#4 C:\xampp\htdocs\bempnc\app\Views\backend-template\index.php(18): CodeIgniter\View\View->include('\\backend-templa...')
#5 C:\xampp\htdocs\bempnc\vendor\codeigniter4\framework\system\View\View.php(210): include('C:\\xampp\\htdocs...')
#6 C:\xampp\htdocs\bempnc\vendor\codeigniter4\framework\system\View\View.php(213): CodeIgniter\View\View->CodeIgniter\View\{closure}()
#7 C:\xampp\htdocs\bempnc\vendor\codeigniter4\framework\system\View\View.php(226): CodeIgniter\View\View->render('\\backend-templa...', Array, true)
#8 C:\xampp\htdocs\bempnc\vendor\codeigniter4\framework\system\Common.php(1089): CodeIgniter\View\View->render('/pengurus/anggo...', Array, true)
#9 C:\xampp\htdocs\bempnc\app\Controllers\Pengurus\Members.php(30): view('/pengurus/anggo...', Array)
#10 C:\xampp\htdocs\bempnc\vendor\codeigniter4\framework\system\CodeIgniter.php(832): App\Controllers\Pengurus\Members->index()
#11 C:\xampp\htdocs\bempnc\vendor\codeigniter4\framework\system\CodeIgniter.php(419): CodeIgniter\CodeIgniter->runController(Object(App\Controllers\Pengurus\Members))
#12 C:\xampp\htdocs\bempnc\vendor\codeigniter4\framework\system\CodeIgniter.php(326): CodeIgniter\CodeIgniter->handleRequest(NULL, Object(Config\Cache), false)
#13 C:\xampp\htdocs\bempnc\public\index.php(37): CodeIgniter\CodeIgniter->run()
#14 C:\xampp\htdocs\bempnc\vendor\codeigniter4\framework\system\Commands\Server\rewrite.php(43): require_once('C:\\xampp\\htdocs...')
#15 {main}
CRITICAL - 2022-06-21 05:38:10 --> Object of class CodeIgniter\Database\MySQLi\Result could not be converted to string
#0 C:\xampp\htdocs\bempnc\vendor\codeigniter4\framework\system\View\View.php(210): include()
#1 C:\xampp\htdocs\bempnc\vendor\codeigniter4\framework\system\View\View.php(213): CodeIgniter\View\View->CodeIgniter\View\{closure}()
#2 C:\xampp\htdocs\bempnc\vendor\codeigniter4\framework\system\View\View.php(424): CodeIgniter\View\View->render('\\backend-templa...', NULL, true)
#3 C:\xampp\htdocs\bempnc\app\Views\backend-template\index.php(18): CodeIgniter\View\View->include('\\backend-templa...')
#4 C:\xampp\htdocs\bempnc\vendor\codeigniter4\framework\system\View\View.php(210): include('C:\\xampp\\htdocs...')
#5 C:\xampp\htdocs\bempnc\vendor\codeigniter4\framework\system\View\View.php(213): CodeIgniter\View\View->CodeIgniter\View\{closure}()
#6 C:\xampp\htdocs\bempnc\vendor\codeigniter4\framework\system\View\View.php(226): CodeIgniter\View\View->render('\\backend-templa...', Array, true)
#7 C:\xampp\htdocs\bempnc\vendor\codeigniter4\framework\system\Common.php(1089): CodeIgniter\View\View->render('/pengurus/anggo...', Array, true)
#8 C:\xampp\htdocs\bempnc\app\Controllers\Pengurus\Members.php(30): view('/pengurus/anggo...', Array)
#9 C:\xampp\htdocs\bempnc\vendor\codeigniter4\framework\system\CodeIgniter.php(832): App\Controllers\Pengurus\Members->index()
#10 C:\xampp\htdocs\bempnc\vendor\codeigniter4\framework\system\CodeIgniter.php(419): CodeIgniter\CodeIgniter->runController(Object(App\Controllers\Pengurus\Members))
#11 C:\xampp\htdocs\bempnc\vendor\codeigniter4\framework\system\CodeIgniter.php(326): CodeIgniter\CodeIgniter->handleRequest(NULL, Object(Config\Cache), false)
#12 C:\xampp\htdocs\bempnc\public\index.php(37): CodeIgniter\CodeIgniter->run()
#13 C:\xampp\htdocs\bempnc\vendor\codeigniter4\framework\system\Commands\Server\rewrite.php(43): require_once('C:\\xampp\\htdocs...')
#14 {main}
CRITICAL - 2022-06-21 05:38:27 --> Cannot use object of type CodeIgniter\Database\MySQLi\Result as array
#0 C:\xampp\htdocs\bempnc\vendor\codeigniter4\framework\system\View\View.php(210): include()
#1 C:\xampp\htdocs\bempnc\vendor\codeigniter4\framework\system\View\View.php(213): CodeIgniter\View\View->CodeIgniter\View\{closure}()
#2 C:\xampp\htdocs\bempnc\vendor\codeigniter4\framework\system\View\View.php(424): CodeIgniter\View\View->render('\\backend-templa...', NULL, true)
#3 C:\xampp\htdocs\bempnc\app\Views\backend-template\index.php(18): CodeIgniter\View\View->include('\\backend-templa...')
#4 C:\xampp\htdocs\bempnc\vendor\codeigniter4\framework\system\View\View.php(210): include('C:\\xampp\\htdocs...')
#5 C:\xampp\htdocs\bempnc\vendor\codeigniter4\framework\system\View\View.php(213): CodeIgniter\View\View->CodeIgniter\View\{closure}()
#6 C:\xampp\htdocs\bempnc\vendor\codeigniter4\framework\system\View\View.php(226): CodeIgniter\View\View->render('\\backend-templa...', Array, true)
#7 C:\xampp\htdocs\bempnc\vendor\codeigniter4\framework\system\Common.php(1089): CodeIgniter\View\View->render('/pengurus/anggo...', Array, true)
#8 C:\xampp\htdocs\bempnc\app\Controllers\Pengurus\Members.php(30): view('/pengurus/anggo...', Array)
#9 C:\xampp\htdocs\bempnc\vendor\codeigniter4\framework\system\CodeIgniter.php(832): App\Controllers\Pengurus\Members->index()
#10 C:\xampp\htdocs\bempnc\vendor\codeigniter4\framework\system\CodeIgniter.php(419): CodeIgniter\CodeIgniter->runController(Object(App\Controllers\Pengurus\Members))
#11 C:\xampp\htdocs\bempnc\vendor\codeigniter4\framework\system\CodeIgniter.php(326): CodeIgniter\CodeIgniter->handleRequest(NULL, Object(Config\Cache), false)
#12 C:\xampp\htdocs\bempnc\public\index.php(37): CodeIgniter\CodeIgniter->run()
#13 C:\xampp\htdocs\bempnc\vendor\codeigniter4\framework\system\Commands\Server\rewrite.php(43): require_once('C:\\xampp\\htdocs...')
#14 {main}
CRITICAL - 2022-06-21 05:38:52 --> Cannot use object of type CodeIgniter\Database\MySQLi\Result as array
#0 C:\xampp\htdocs\bempnc\vendor\codeigniter4\framework\system\View\View.php(210): include()
#1 C:\xampp\htdocs\bempnc\vendor\codeigniter4\framework\system\View\View.php(213): CodeIgniter\View\View->CodeIgniter\View\{closure}()
#2 C:\xampp\htdocs\bempnc\vendor\codeigniter4\framework\system\View\View.php(424): CodeIgniter\View\View->render('\\backend-templa...', NULL, true)
#3 C:\xampp\htdocs\bempnc\app\Views\backend-template\index.php(18): CodeIgniter\View\View->include('\\backend-templa...')
#4 C:\xampp\htdocs\bempnc\vendor\codeigniter4\framework\system\View\View.php(210): include('C:\\xampp\\htdocs...')
#5 C:\xampp\htdocs\bempnc\vendor\codeigniter4\framework\system\View\View.php(213): CodeIgniter\View\View->CodeIgniter\View\{closure}()
#6 C:\xampp\htdocs\bempnc\vendor\codeigniter4\framework\system\View\View.php(226): CodeIgniter\View\View->render('\\backend-templa...', Array, true)
#7 C:\xampp\htdocs\bempnc\vendor\codeigniter4\framework\system\Common.php(1089): CodeIgniter\View\View->render('/pengurus/anggo...', Array, true)
#8 C:\xampp\htdocs\bempnc\app\Controllers\Pengurus\Members.php(30): view('/pengurus/anggo...', Array)
#9 C:\xampp\htdocs\bempnc\vendor\codeigniter4\framework\system\CodeIgniter.php(832): App\Controllers\Pengurus\Members->index()
#10 C:\xampp\htdocs\bempnc\vendor\codeigniter4\framework\system\CodeIgniter.php(419): CodeIgniter\CodeIgniter->runController(Object(App\Controllers\Pengurus\Members))
#11 C:\xampp\htdocs\bempnc\vendor\codeigniter4\framework\system\CodeIgniter.php(326): CodeIgniter\CodeIgniter->handleRequest(NULL, Object(Config\Cache), false)
#12 C:\xampp\htdocs\bempnc\public\index.php(37): CodeIgniter\CodeIgniter->run()
#13 C:\xampp\htdocs\bempnc\vendor\codeigniter4\framework\system\Commands\Server\rewrite.php(43): require_once('C:\\xampp\\htdocs...')
#14 {main}
CRITICAL - 2022-06-21 05:40:27 --> Cannot use object of type CodeIgniter\Database\MySQLi\Result as array
#0 C:\xampp\htdocs\bempnc\vendor\codeigniter4\framework\system\View\View.php(210): include()
#1 C:\xampp\htdocs\bempnc\vendor\codeigniter4\framework\system\View\View.php(213): CodeIgniter\View\View->CodeIgniter\View\{closure}()
#2 C:\xampp\htdocs\bempnc\vendor\codeigniter4\framework\system\View\View.php(424): CodeIgniter\View\View->render('\\backend-templa...', NULL, true)
#3 C:\xampp\htdocs\bempnc\app\Views\backend-template\index.php(18): CodeIgniter\View\View->include('\\backend-templa...')
#4 C:\xampp\htdocs\bempnc\vendor\codeigniter4\framework\system\View\View.php(210): include('C:\\xampp\\htdocs...')
#5 C:\xampp\htdocs\bempnc\vendor\codeigniter4\framework\system\View\View.php(213): CodeIgniter\View\View->CodeIgniter\View\{closure}()
#6 C:\xampp\htdocs\bempnc\vendor\codeigniter4\framework\system\View\View.php(226): CodeIgniter\View\View->render('\\backend-templa...', Array, true)
#7 C:\xampp\htdocs\bempnc\vendor\codeigniter4\framework\system\Common.php(1089): CodeIgniter\View\View->render('/pengurus/anggo...', Array, true)
#8 C:\xampp\htdocs\bempnc\app\Controllers\Pengurus\Members.php(30): view('/pengurus/anggo...', Array)
#9 C:\xampp\htdocs\bempnc\vendor\codeigniter4\framework\system\CodeIgniter.php(832): App\Controllers\Pengurus\Members->index()
#10 C:\xampp\htdocs\bempnc\vendor\codeigniter4\framework\system\CodeIgniter.php(419): CodeIgniter\CodeIgniter->runController(Object(App\Controllers\Pengurus\Members))
#11 C:\xampp\htdocs\bempnc\vendor\codeigniter4\framework\system\CodeIgniter.php(326): CodeIgniter\CodeIgniter->handleRequest(NULL, Object(Config\Cache), false)
#12 C:\xampp\htdocs\bempnc\public\index.php(37): CodeIgniter\CodeIgniter->run()
#13 C:\xampp\htdocs\bempnc\vendor\codeigniter4\framework\system\Commands\Server\rewrite.php(43): require_once('C:\\xampp\\htdocs...')
#14 {main}
CRITICAL - 2022-06-21 05:42:00 --> Undefined index: nama_lengkap
#0 C:\xampp\htdocs\bempnc\app\Views\backend-template\right-side.php(16): CodeIgniter\Debug\Exceptions->errorHandler(8, 'Undefined index...', 'C:\\xampp\\htdocs...', 16, Array)
#1 C:\xampp\htdocs\bempnc\vendor\codeigniter4\framework\system\View\View.php(210): include('C:\\xampp\\htdocs...')
#2 C:\xampp\htdocs\bempnc\vendor\codeigniter4\framework\system\View\View.php(213): CodeIgniter\View\View->CodeIgniter\View\{closure}()
#3 C:\xampp\htdocs\bempnc\vendor\codeigniter4\framework\system\View\View.php(424): CodeIgniter\View\View->render('\\backend-templa...', NULL, true)
#4 C:\xampp\htdocs\bempnc\app\Views\backend-template\index.php(18): CodeIgniter\View\View->include('\\backend-templa...')
#5 C:\xampp\htdocs\bempnc\vendor\codeigniter4\framework\system\View\View.php(210): include('C:\\xampp\\htdocs...')
#6 C:\xampp\htdocs\bempnc\vendor\codeigniter4\framework\system\View\View.php(213): CodeIgniter\View\View->CodeIgniter\View\{closure}()
#7 C:\xampp\htdocs\bempnc\vendor\codeigniter4\framework\system\View\View.php(226): CodeIgniter\View\View->render('\\backend-templa...', Array, true)
#8 C:\xampp\htdocs\bempnc\vendor\codeigniter4\framework\system\Common.php(1089): CodeIgniter\View\View->render('/pengurus/anggo...', Array, true)
#9 C:\xampp\htdocs\bempnc\app\Controllers\Pengurus\Members.php(30): view('/pengurus/anggo...', Array)
#10 C:\xampp\htdocs\bempnc\vendor\codeigniter4\framework\system\CodeIgniter.php(832): App\Controllers\Pengurus\Members->index()
#11 C:\xampp\htdocs\bempnc\vendor\codeigniter4\framework\system\CodeIgniter.php(419): CodeIgniter\CodeIgniter->runController(Object(App\Controllers\Pengurus\Members))
#12 C:\xampp\htdocs\bempnc\vendor\codeigniter4\framework\system\CodeIgniter.php(326): CodeIgniter\CodeIgniter->handleRequest(NULL, Object(Config\Cache), false)
#13 C:\xampp\htdocs\bempnc\public\index.php(37): CodeIgniter\CodeIgniter->run()
#14 C:\xampp\htdocs\bempnc\vendor\codeigniter4\framework\system\Commands\Server\rewrite.php(43): require_once('C:\\xampp\\htdocs...')
#15 {main}
ERROR - 2022-06-21 13:32:36 --> You have an error in your SQL syntax; check the manual that corresponds to your MariaDB server version for the right syntax to use near '`3usermenus`.`is_active` = 1' at line 5
CRITICAL - 2022-06-21 13:32:36 --> You have an error in your SQL syntax; check the manual that corresponds to your MariaDB server version for the right syntax to use near '`3usermenus`.`is_active` = 1' at line 5
#0 C:\xampp\htdocs\bempnc\vendor\codeigniter4\framework\system\Database\MySQLi\Connection.php(292): mysqli->query('SELECT *\nFROM `...', 0)
#1 C:\xampp\htdocs\bempnc\vendor\codeigniter4\framework\system\Database\BaseConnection.php(670): CodeIgniter\Database\MySQLi\Connection->execute('SELECT *\nFROM `...')
#2 C:\xampp\htdocs\bempnc\vendor\codeigniter4\framework\system\Database\BaseConnection.php(598): CodeIgniter\Database\BaseConnection->simpleQuery('SELECT *\nFROM `...')
#3 C:\xampp\htdocs\bempnc\vendor\codeigniter4\framework\system\Database\BaseBuilder.php(1455): CodeIgniter\Database\BaseConnection->query('SELECT *\nFROM `...', Array, false)
#4 C:\xampp\htdocs\bempnc\app\Views\backend-template\navbar.php(9): CodeIgniter\Database\BaseBuilder->get()
#5 C:\xampp\htdocs\bempnc\vendor\codeigniter4\framework\system\View\View.php(210): include('C:\\xampp\\htdocs...')
#6 C:\xampp\htdocs\bempnc\vendor\codeigniter4\framework\system\View\View.php(213): CodeIgniter\View\View->CodeIgniter\View\{closure}()
#7 C:\xampp\htdocs\bempnc\vendor\codeigniter4\framework\system\View\View.php(424): CodeIgniter\View\View->render('\\backend-templa...', NULL, true)
#8 C:\xampp\htdocs\bempnc\app\Views\backend-template\index.php(17): CodeIgniter\View\View->include('\\backend-templa...')
#9 C:\xampp\htdocs\bempnc\vendor\codeigniter4\framework\system\View\View.php(210): include('C:\\xampp\\htdocs...')
#10 C:\xampp\htdocs\bempnc\vendor\codeigniter4\framework\system\View\View.php(213): CodeIgniter\View\View->CodeIgniter\View\{closure}()
#11 C:\xampp\htdocs\bempnc\vendor\codeigniter4\framework\system\View\View.php(226): CodeIgniter\View\View->render('\\backend-templa...', Array, true)
#12 C:\xampp\htdocs\bempnc\vendor\codeigniter4\framework\system\Common.php(1089): CodeIgniter\View\View->render('pengurus/dashbo...', Array, true)
#13 C:\xampp\htdocs\bempnc\app\Controllers\Pengurus\Dashboard.php(26): view('pengurus/dashbo...', Array)
#14 C:\xampp\htdocs\bempnc\vendor\codeigniter4\framework\system\CodeIgniter.php(832): App\Controllers\Pengurus\Dashboard->index()
#15 C:\xampp\htdocs\bempnc\vendor\codeigniter4\framework\system\CodeIgniter.php(419): CodeIgniter\CodeIgniter->runController(Object(App\Controllers\Pengurus\Dashboard))
#16 C:\xampp\htdocs\bempnc\vendor\codeigniter4\framework\system\CodeIgniter.php(326): CodeIgniter\CodeIgniter->handleRequest(NULL, Object(Config\Cache), false)
#17 C:\xampp\htdocs\bempnc\public\index.php(37): CodeIgniter\CodeIgniter->run()
#18 C:\xampp\htdocs\bempnc\vendor\codeigniter4\framework\system\Commands\Server\rewrite.php(43): require_once('C:\\xampp\\htdocs...')
#19 {main}
ERROR - 2022-06-21 19:36:00 --> You have an error in your SQL syntax; check the manual that corresponds to your MariaDB server version for the right syntax to use near 'AND `usermenus`.`is_active` = 1' at line 5
CRITICAL - 2022-06-21 19:36:00 --> You have an error in your SQL syntax; check the manual that corresponds to your MariaDB server version for the right syntax to use near 'AND `usermenus`.`is_active` = 1' at line 5
#0 C:\xampp\htdocs\bempnc\vendor\codeigniter4\framework\system\Database\MySQLi\Connection.php(292): mysqli->query('SELECT *\nFROM `...', 0)
#1 C:\xampp\htdocs\bempnc\vendor\codeigniter4\framework\system\Database\BaseConnection.php(670): CodeIgniter\Database\MySQLi\Connection->execute('SELECT *\nFROM `...')
#2 C:\xampp\htdocs\bempnc\vendor\codeigniter4\framework\system\Database\BaseConnection.php(598): CodeIgniter\Database\BaseConnection->simpleQuery('SELECT *\nFROM `...')
#3 C:\xampp\htdocs\bempnc\vendor\codeigniter4\framework\system\Database\BaseBuilder.php(1455): CodeIgniter\Database\BaseConnection->query('SELECT *\nFROM `...', Array, false)
#4 C:\xampp\htdocs\bempnc\app\Views\backend-template\navbar.php(9): CodeIgniter\Database\BaseBuilder->get()
#5 C:\xampp\htdocs\bempnc\vendor\codeigniter4\framework\system\View\View.php(210): include('C:\\xampp\\htdocs...')
#6 C:\xampp\htdocs\bempnc\vendor\codeigniter4\framework\system\View\View.php(213): CodeIgniter\View\View->CodeIgniter\View\{closure}()
#7 C:\xampp\htdocs\bempnc\vendor\codeigniter4\framework\system\View\View.php(424): CodeIgniter\View\View->render('\\backend-templa...', NULL, true)
#8 C:\xampp\htdocs\bempnc\app\Views\backend-template\index.php(17): CodeIgniter\View\View->include('\\backend-templa...')
#9 C:\xampp\htdocs\bempnc\vendor\codeigniter4\framework\system\View\View.php(210): include('C:\\xampp\\htdocs...')
#10 C:\xampp\htdocs\bempnc\vendor\codeigniter4\framework\system\View\View.php(213): CodeIgniter\View\View->CodeIgniter\View\{closure}()
#11 C:\xampp\htdocs\bempnc\vendor\codeigniter4\framework\system\View\View.php(226): CodeIgniter\View\View->render('\\backend-templa...', Array, true)
#12 C:\xampp\htdocs\bempnc\vendor\codeigniter4\framework\system\Common.php(1089): CodeIgniter\View\View->render('/pengurus/user-...', Array, true)
#13 C:\xampp\htdocs\bempnc\app\Controllers\Pengurus\Usermenuaccesses.php(29): view('/pengurus/user-...', Array)
#14 C:\xampp\htdocs\bempnc\vendor\codeigniter4\framework\system\CodeIgniter.php(832): App\Controllers\Pengurus\Usermenuaccesses->index()
#15 C:\xampp\htdocs\bempnc\vendor\codeigniter4\framework\system\CodeIgniter.php(419): CodeIgniter\CodeIgniter->runController(Object(App\Controllers\Pengurus\Usermenuaccesses))
#16 C:\xampp\htdocs\bempnc\vendor\codeigniter4\framework\system\CodeIgniter.php(326): CodeIgniter\CodeIgniter->handleRequest(NULL, Object(Config\Cache), false)
#17 C:\xampp\htdocs\bempnc\public\index.php(37): CodeIgniter\CodeIgniter->run()
#18 C:\xampp\htdocs\bempnc\vendor\codeigniter4\framework\system\Commands\Server\rewrite.php(43): require_once('C:\\xampp\\htdocs...')
#19 {main}
ERROR - 2022-06-21 19:36:31 --> You have an error in your SQL syntax; check the manual that corresponds to your MariaDB server version for the right syntax to use near 'AND `usermenus`.`is_active` = 1' at line 5
CRITICAL - 2022-06-21 19:36:31 --> You have an error in your SQL syntax; check the manual that corresponds to your MariaDB server version for the right syntax to use near 'AND `usermenus`.`is_active` = 1' at line 5
#0 C:\xampp\htdocs\bempnc\vendor\codeigniter4\framework\system\Database\MySQLi\Connection.php(292): mysqli->query('SELECT *\nFROM `...', 0)
#1 C:\xampp\htdocs\bempnc\vendor\codeigniter4\framework\system\Database\BaseConnection.php(670): CodeIgniter\Database\MySQLi\Connection->execute('SELECT *\nFROM `...')
#2 C:\xampp\htdocs\bempnc\vendor\codeigniter4\framework\system\Database\BaseConnection.php(598): CodeIgniter\Database\BaseConnection->simpleQuery('SELECT *\nFROM `...')
#3 C:\xampp\htdocs\bempnc\vendor\codeigniter4\framework\system\Database\BaseBuilder.php(1455): CodeIgniter\Database\BaseConnection->query('SELECT *\nFROM `...', Array, false)
#4 C:\xampp\htdocs\bempnc\app\Views\backend-template\navbar.php(9): CodeIgniter\Database\BaseBuilder->get()
#5 C:\xampp\htdocs\bempnc\vendor\codeigniter4\framework\system\View\View.php(210): include('C:\\xampp\\htdocs...')
#6 C:\xampp\htdocs\bempnc\vendor\codeigniter4\framework\system\View\View.php(213): CodeIgniter\View\View->CodeIgniter\View\{closure}()
#7 C:\xampp\htdocs\bempnc\vendor\codeigniter4\framework\system\View\View.php(424): CodeIgniter\View\View->render('\\backend-templa...', NULL, true)
#8 C:\xampp\htdocs\bempnc\app\Views\backend-template\index.php(17): CodeIgniter\View\View->include('\\backend-templa...')
#9 C:\xampp\htdocs\bempnc\vendor\codeigniter4\framework\system\View\View.php(210): include('C:\\xampp\\htdocs...')
#10 C:\xampp\htdocs\bempnc\vendor\codeigniter4\framework\system\View\View.php(213): CodeIgniter\View\View->CodeIgniter\View\{closure}()
#11 C:\xampp\htdocs\bempnc\vendor\codeigniter4\framework\system\View\View.php(226): CodeIgniter\View\View->render('\\backend-templa...', Array, true)
#12 C:\xampp\htdocs\bempnc\vendor\codeigniter4\framework\system\Common.php(1089): CodeIgniter\View\View->render('pengurus/dashbo...', Array, true)
#13 C:\xampp\htdocs\bempnc\app\Controllers\Pengurus\Dashboard.php(26): view('pengurus/dashbo...', Array)
#14 C:\xampp\htdocs\bempnc\vendor\codeigniter4\framework\system\CodeIgniter.php(832): App\Controllers\Pengurus\Dashboard->index()
#15 C:\xampp\htdocs\bempnc\vendor\codeigniter4\framework\system\CodeIgniter.php(419): CodeIgniter\CodeIgniter->runController(Object(App\Controllers\Pengurus\Dashboard))
#16 C:\xampp\htdocs\bempnc\vendor\codeigniter4\framework\system\CodeIgniter.php(326): CodeIgniter\CodeIgniter->handleRequest(NULL, Object(Config\Cache), false)
#17 C:\xampp\htdocs\bempnc\public\index.php(37): CodeIgniter\CodeIgniter->run()
#18 C:\xampp\htdocs\bempnc\vendor\codeigniter4\framework\system\Commands\Server\rewrite.php(43): require_once('C:\\xampp\\htdocs...')
#19 {main}
ERROR - 2022-06-21 20:20:55 --> You have an error in your SQL syntax; check the manual that corresponds to your MariaDB server version for the right syntax to use near 'AND `usermenus`.`is_active` = 1 AND `role_id` =0' at line 5
CRITICAL - 2022-06-21 20:20:55 --> You have an error in your SQL syntax; check the manual that corresponds to your MariaDB server version for the right syntax to use near 'AND `usermenus`.`is_active` = 1 AND `role_id` =0' at line 5
#0 C:\xampp\htdocs\bempnc\vendor\codeigniter4\framework\system\Database\MySQLi\Connection.php(292): mysqli->query('SELECT *\nFROM `...', 0)
#1 C:\xampp\htdocs\bempnc\vendor\codeigniter4\framework\system\Database\BaseConnection.php(670): CodeIgniter\Database\MySQLi\Connection->execute('SELECT *\nFROM `...')
#2 C:\xampp\htdocs\bempnc\vendor\codeigniter4\framework\system\Database\BaseConnection.php(598): CodeIgniter\Database\BaseConnection->simpleQuery('SELECT *\nFROM `...')
#3 C:\xampp\htdocs\bempnc\vendor\codeigniter4\framework\system\Database\BaseBuilder.php(1455): CodeIgniter\Database\BaseConnection->query('SELECT *\nFROM `...', Array, false)
#4 C:\xampp\htdocs\bempnc\app\Views\backend-template\navbar.php(10): CodeIgniter\Database\BaseBuilder->get()
#5 C:\xampp\htdocs\bempnc\vendor\codeigniter4\framework\system\View\View.php(210): include('C:\\xampp\\htdocs...')
#6 C:\xampp\htdocs\bempnc\vendor\codeigniter4\framework\system\View\View.php(213): CodeIgniter\View\View->CodeIgniter\View\{closure}()
#7 C:\xampp\htdocs\bempnc\vendor\codeigniter4\framework\system\View\View.php(424): CodeIgniter\View\View->render('\\backend-templa...', NULL, true)
#8 C:\xampp\htdocs\bempnc\app\Views\backend-template\index.php(17): CodeIgniter\View\View->include('\\backend-templa...')
#9 C:\xampp\htdocs\bempnc\vendor\codeigniter4\framework\system\View\View.php(210): include('C:\\xampp\\htdocs...')
#10 C:\xampp\htdocs\bempnc\vendor\codeigniter4\framework\system\View\View.php(213): CodeIgniter\View\View->CodeIgniter\View\{closure}()
#11 C:\xampp\htdocs\bempnc\vendor\codeigniter4\framework\system\View\View.php(226): CodeIgniter\View\View->render('\\backend-templa...', Array, true)
#12 C:\xampp\htdocs\bempnc\vendor\codeigniter4\framework\system\Common.php(1089): CodeIgniter\View\View->render('pengurus/dashbo...', Array, true)
#13 C:\xampp\htdocs\bempnc\app\Controllers\Pengurus\Dashboard.php(26): view('pengurus/dashbo...', Array)
#14 C:\xampp\htdocs\bempnc\vendor\codeigniter4\framework\system\CodeIgniter.php(832): App\Controllers\Pengurus\Dashboard->index()
#15 C:\xampp\htdocs\bempnc\vendor\codeigniter4\framework\system\CodeIgniter.php(419): CodeIgniter\CodeIgniter->runController(Object(App\Controllers\Pengurus\Dashboard))
#16 C:\xampp\htdocs\bempnc\vendor\codeigniter4\framework\system\CodeIgniter.php(326): CodeIgniter\CodeIgniter->handleRequest(NULL, Object(Config\Cache), false)
#17 C:\xampp\htdocs\bempnc\public\index.php(37): CodeIgniter\CodeIgniter->run()
#18 C:\xampp\htdocs\bempnc\vendor\codeigniter4\framework\system\Commands\Server\rewrite.php(43): require_once('C:\\xampp\\htdocs...')
#19 {main}
ERROR - 2022-06-21 20:22:14 --> You have an error in your SQL syntax; check the manual that corresponds to your MariaDB server version for the right syntax to use near 'AND `usermenus`.`is_active` = 1 AND `user_menu_accesses`.`role_id` =0' at line 5
CRITICAL - 2022-06-21 20:22:14 --> You have an error in your SQL syntax; check the manual that corresponds to your MariaDB server version for the right syntax to use near 'AND `usermenus`.`is_active` = 1 AND `user_menu_accesses`.`role_id` =0' at line 5
#0 C:\xampp\htdocs\bempnc\vendor\codeigniter4\framework\system\Database\MySQLi\Connection.php(292): mysqli->query('SELECT *\nFROM `...', 0)
#1 C:\xampp\htdocs\bempnc\vendor\codeigniter4\framework\system\Database\BaseConnection.php(670): CodeIgniter\Database\MySQLi\Connection->execute('SELECT *\nFROM `...')
#2 C:\xampp\htdocs\bempnc\vendor\codeigniter4\framework\system\Database\BaseConnection.php(598): CodeIgniter\Database\BaseConnection->simpleQuery('SELECT *\nFROM `...')
#3 C:\xampp\htdocs\bempnc\vendor\codeigniter4\framework\system\Database\BaseBuilder.php(1455): CodeIgniter\Database\BaseConnection->query('SELECT *\nFROM `...', Array, false)
#4 C:\xampp\htdocs\bempnc\app\Views\backend-template\navbar.php(10): CodeIgniter\Database\BaseBuilder->get()
#5 C:\xampp\htdocs\bempnc\vendor\codeigniter4\framework\system\View\View.php(210): include('C:\\xampp\\htdocs...')
#6 C:\xampp\htdocs\bempnc\vendor\codeigniter4\framework\system\View\View.php(213): CodeIgniter\View\View->CodeIgniter\View\{closure}()
#7 C:\xampp\htdocs\bempnc\vendor\codeigniter4\framework\system\View\View.php(424): CodeIgniter\View\View->render('\\backend-templa...', NULL, true)
#8 C:\xampp\htdocs\bempnc\app\Views\backend-template\index.php(17): CodeIgniter\View\View->include('\\backend-templa...')
#9 C:\xampp\htdocs\bempnc\vendor\codeigniter4\framework\system\View\View.php(210): include('C:\\xampp\\htdocs...')
#10 C:\xampp\htdocs\bempnc\vendor\codeigniter4\framework\system\View\View.php(213): CodeIgniter\View\View->CodeIgniter\View\{closure}()
#11 C:\xampp\htdocs\bempnc\vendor\codeigniter4\framework\system\View\View.php(226): CodeIgniter\View\View->render('\\backend-templa...', Array, true)
#12 C:\xampp\htdocs\bempnc\vendor\codeigniter4\framework\system\Common.php(1089): CodeIgniter\View\View->render('pengurus/dashbo...', Array, true)
#13 C:\xampp\htdocs\bempnc\app\Controllers\Pengurus\Dashboard.php(26): view('pengurus/dashbo...', Array)
#14 C:\xampp\htdocs\bempnc\vendor\codeigniter4\framework\system\CodeIgniter.php(832): App\Controllers\Pengurus\Dashboard->index()
#15 C:\xampp\htdocs\bempnc\vendor\codeigniter4\framework\system\CodeIgniter.php(419): CodeIgniter\CodeIgniter->runController(Object(App\Controllers\Pengurus\Dashboard))
#16 C:\xampp\htdocs\bempnc\vendor\codeigniter4\framework\system\CodeIgniter.php(326): CodeIgniter\CodeIgniter->handleRequest(NULL, Object(Config\Cache), false)
#17 C:\xampp\htdocs\bempnc\public\index.php(37): CodeIgniter\CodeIgniter->run()
#18 C:\xampp\htdocs\bempnc\vendor\codeigniter4\framework\system\Commands\Server\rewrite.php(43): require_once('C:\\xampp\\htdocs...')
#19 {main}
ERROR - 2022-06-21 20:29:09 --> You have an error in your SQL syntax; check the manual that corresponds to your MariaDB server version for the right syntax to use near 'AND `usermenus`.`is_active` = 1' at line 5
CRITICAL - 2022-06-21 20:29:09 --> You have an error in your SQL syntax; check the manual that corresponds to your MariaDB server version for the right syntax to use near 'AND `usermenus`.`is_active` = 1' at line 5
#0 C:\xampp\htdocs\bempnc\vendor\codeigniter4\framework\system\Database\MySQLi\Connection.php(292): mysqli->query('SELECT *\nFROM `...', 0)
#1 C:\xampp\htdocs\bempnc\vendor\codeigniter4\framework\system\Database\BaseConnection.php(670): CodeIgniter\Database\MySQLi\Connection->execute('SELECT *\nFROM `...')
#2 C:\xampp\htdocs\bempnc\vendor\codeigniter4\framework\system\Database\BaseConnection.php(598): CodeIgniter\Database\BaseConnection->simpleQuery('SELECT *\nFROM `...')
#3 C:\xampp\htdocs\bempnc\vendor\codeigniter4\framework\system\Database\BaseBuilder.php(1455): CodeIgniter\Database\BaseConnection->query('SELECT *\nFROM `...', Array, false)
#4 C:\xampp\htdocs\bempnc\app\Views\backend-template\navbar.php(10): CodeIgniter\Database\BaseBuilder->get()
#5 C:\xampp\htdocs\bempnc\vendor\codeigniter4\framework\system\View\View.php(210): include('C:\\xampp\\htdocs...')
#6 C:\xampp\htdocs\bempnc\vendor\codeigniter4\framework\system\View\View.php(213): CodeIgniter\View\View->CodeIgniter\View\{closure}()
#7 C:\xampp\htdocs\bempnc\vendor\codeigniter4\framework\system\View\View.php(424): CodeIgniter\View\View->render('\\backend-templa...', NULL, true)
#8 C:\xampp\htdocs\bempnc\app\Views\backend-template\index.php(17): CodeIgniter\View\View->include('\\backend-templa...')
#9 C:\xampp\htdocs\bempnc\vendor\codeigniter4\framework\system\View\View.php(210): include('C:\\xampp\\htdocs...')
#10 C:\xampp\htdocs\bempnc\vendor\codeigniter4\framework\system\View\View.php(213): CodeIgniter\View\View->CodeIgniter\View\{closure}()
#11 C:\xampp\htdocs\bempnc\vendor\codeigniter4\framework\system\View\View.php(226): CodeIgniter\View\View->render('\\backend-templa...', Array, true)
#12 C:\xampp\htdocs\bempnc\vendor\codeigniter4\framework\system\Common.php(1089): CodeIgniter\View\View->render('pengurus/dashbo...', Array, true)
#13 C:\xampp\htdocs\bempnc\app\Controllers\Pengurus\Dashboard.php(26): view('pengurus/dashbo...', Array)
#14 C:\xampp\htdocs\bempnc\vendor\codeigniter4\framework\system\CodeIgniter.php(832): App\Controllers\Pengurus\Dashboard->index()
#15 C:\xampp\htdocs\bempnc\vendor\codeigniter4\framework\system\CodeIgniter.php(419): CodeIgniter\CodeIgniter->runController(Object(App\Controllers\Pengurus\Dashboard))
#16 C:\xampp\htdocs\bempnc\vendor\codeigniter4\framework\system\CodeIgniter.php(326): CodeIgniter\CodeIgniter->handleRequest(NULL, Object(Config\Cache), false)
#17 C:\xampp\htdocs\bempnc\public\index.php(37): CodeIgniter\CodeIgniter->run()
#18 C:\xampp\htdocs\bempnc\vendor\codeigniter4\framework\system\Commands\Server\rewrite.php(43): require_once('C:\\xampp\\htdocs...')
#19 {main}
