CRITICAL - 2022-08-09 17:53:50 --> Call to a member function getVar() on null
#0 C:\xampp\htdocs\bempnc-1\vendor\codeigniter4\framework\system\CodeIgniter.php(809): App\Controllers\Positions->__construct()
#1 C:\xampp\htdocs\bempnc-1\vendor\codeigniter4\framework\system\CodeIgniter.php(410): CodeIgniter\CodeIgniter->createController()
#2 C:\xampp\htdocs\bempnc-1\vendor\codeigniter4\framework\system\CodeIgniter.php(326): CodeIgniter\CodeIgniter->handleRequest(NULL, Object(Config\Cache), false)
#3 C:\xampp\htdocs\bempnc-1\public\index.php(37): CodeIgniter\CodeIgniter->run()
#4 C:\xampp\htdocs\bempnc-1\vendor\codeigniter4\framework\system\Commands\Server\rewrite.php(43): require_once('C:\\xampp\\htdocs...')
#5 {main}
CRITICAL - 2022-08-09 18:24:16 --> Undefined variable: curr_page
#0 C:\xampp\htdocs\bempnc-1\app\Views\positions\index.php(22): CodeIgniter\Debug\Exceptions->errorHandler(8, 'Undefined varia...', 'C:\\xampp\\htdocs...', 22, Array)
#1 C:\xampp\htdocs\bempnc-1\vendor\codeigniter4\framework\system\View\View.php(210): include('C:\\xampp\\htdocs...')
#2 C:\xampp\htdocs\bempnc-1\vendor\codeigniter4\framework\system\View\View.php(213): CodeIgniter\View\View->CodeIgniter\View\{closure}()
#3 C:\xampp\htdocs\bempnc-1\vendor\codeigniter4\framework\system\Common.php(1089): CodeIgniter\View\View->render('positions/index', Array, true)
#4 C:\xampp\htdocs\bempnc-1\app\Controllers\Positions.php(24): view('positions/index', Array)
#5 C:\xampp\htdocs\bempnc-1\vendor\codeigniter4\framework\system\CodeIgniter.php(832): App\Controllers\Positions->index()
#6 C:\xampp\htdocs\bempnc-1\vendor\codeigniter4\framework\system\CodeIgniter.php(419): CodeIgniter\CodeIgniter->runController(Object(App\Controllers\Positions))
#7 C:\xampp\htdocs\bempnc-1\vendor\codeigniter4\framework\system\CodeIgniter.php(326): CodeIgniter\CodeIgniter->handleRequest(NULL, Object(Config\Cache), false)
#8 C:\xampp\htdocs\bempnc-1\public\index.php(37): CodeIgniter\CodeIgniter->run()
#9 C:\xampp\htdocs\bempnc-1\vendor\codeigniter4\framework\system\Commands\Server\rewrite.php(43): require_once('C:\\xampp\\htdocs...')
#10 {main}
CRITICAL - 2022-08-09 18:48:34 --> Undefined variable: u
#0 C:\xampp\htdocs\bempnc-1\app\Views\positions\index.php(42): CodeIgniter\Debug\Exceptions->errorHandler(8, 'Undefined varia...', 'C:\\xampp\\htdocs...', 42, Array)
#1 C:\xampp\htdocs\bempnc-1\vendor\codeigniter4\framework\system\View\View.php(210): include('C:\\xampp\\htdocs...')
#2 C:\xampp\htdocs\bempnc-1\vendor\codeigniter4\framework\system\View\View.php(213): CodeIgniter\View\View->CodeIgniter\View\{closure}()
#3 C:\xampp\htdocs\bempnc-1\vendor\codeigniter4\framework\system\Common.php(1089): CodeIgniter\View\View->render('positions/index', Array, true)
#4 C:\xampp\htdocs\bempnc-1\app\Controllers\Positions.php(25): view('positions/index', Array)
#5 C:\xampp\htdocs\bempnc-1\vendor\codeigniter4\framework\system\CodeIgniter.php(832): App\Controllers\Positions->index()
#6 C:\xampp\htdocs\bempnc-1\vendor\codeigniter4\framework\system\CodeIgniter.php(419): CodeIgniter\CodeIgniter->runController(Object(App\Controllers\Positions))
#7 C:\xampp\htdocs\bempnc-1\vendor\codeigniter4\framework\system\CodeIgniter.php(326): CodeIgniter\CodeIgniter->handleRequest(NULL, Object(Config\Cache), false)
#8 C:\xampp\htdocs\bempnc-1\public\index.php(37): CodeIgniter\CodeIgniter->run()
#9 C:\xampp\htdocs\bempnc-1\vendor\codeigniter4\framework\system\Commands\Server\rewrite.php(43): require_once('C:\\xampp\\htdocs...')
#10 {main}
CRITICAL - 2022-08-09 18:48:54 --> Undefined index: role_id
#0 C:\xampp\htdocs\bempnc-1\app\Views\positions\index.php(47): CodeIgniter\Debug\Exceptions->errorHandler(8, 'Undefined index...', 'C:\\xampp\\htdocs...', 47, Array)
#1 C:\xampp\htdocs\bempnc-1\vendor\codeigniter4\framework\system\View\View.php(210): include('C:\\xampp\\htdocs...')
#2 C:\xampp\htdocs\bempnc-1\vendor\codeigniter4\framework\system\View\View.php(213): CodeIgniter\View\View->CodeIgniter\View\{closure}()
#3 C:\xampp\htdocs\bempnc-1\vendor\codeigniter4\framework\system\Common.php(1089): CodeIgniter\View\View->render('positions/index', Array, true)
#4 C:\xampp\htdocs\bempnc-1\app\Controllers\Positions.php(25): view('positions/index', Array)
#5 C:\xampp\htdocs\bempnc-1\vendor\codeigniter4\framework\system\CodeIgniter.php(832): App\Controllers\Positions->index()
#6 C:\xampp\htdocs\bempnc-1\vendor\codeigniter4\framework\system\CodeIgniter.php(419): CodeIgniter\CodeIgniter->runController(Object(App\Controllers\Positions))
#7 C:\xampp\htdocs\bempnc-1\vendor\codeigniter4\framework\system\CodeIgniter.php(326): CodeIgniter\CodeIgniter->handleRequest(NULL, Object(Config\Cache), false)
#8 C:\xampp\htdocs\bempnc-1\public\index.php(37): CodeIgniter\CodeIgniter->run()
#9 C:\xampp\htdocs\bempnc-1\vendor\codeigniter4\framework\system\Commands\Server\rewrite.php(43): require_once('C:\\xampp\\htdocs...')
#10 {main}
CRITICAL - 2022-08-09 19:30:36 --> Invalid file: positions/add.php
#0 C:\xampp\htdocs\bempnc-1\vendor\codeigniter4\framework\system\View\View.php(198): CodeIgniter\Exceptions\FrameworkException::forInvalidFile('positions/add.p...')
#1 C:\xampp\htdocs\bempnc-1\vendor\codeigniter4\framework\system\Common.php(1089): CodeIgniter\View\View->render('positions/add', Array, true)
#2 C:\xampp\htdocs\bempnc-1\app\Controllers\Positions.php(39): view('positions/add', Array)
#3 C:\xampp\htdocs\bempnc-1\vendor\codeigniter4\framework\system\CodeIgniter.php(832): App\Controllers\Positions->add()
#4 C:\xampp\htdocs\bempnc-1\vendor\codeigniter4\framework\system\CodeIgniter.php(419): CodeIgniter\CodeIgniter->runController(Object(App\Controllers\Positions))
#5 C:\xampp\htdocs\bempnc-1\vendor\codeigniter4\framework\system\CodeIgniter.php(326): CodeIgniter\CodeIgniter->handleRequest(NULL, Object(Config\Cache), false)
#6 C:\xampp\htdocs\bempnc-1\public\index.php(37): CodeIgniter\CodeIgniter->run()
#7 C:\xampp\htdocs\bempnc-1\vendor\codeigniter4\framework\system\Commands\Server\rewrite.php(43): require_once('C:\\xampp\\htdocs...')
#8 {main}
CRITICAL - 2022-08-09 19:46:14 --> Undefined property: App\Controllers\Positions::$post_is_active
#0 C:\xampp\htdocs\bempnc-1\app\Controllers\Positions.php(65): CodeIgniter\Debug\Exceptions->errorHandler(8, 'Undefined prope...', 'C:\\xampp\\htdocs...', 65, Array)
#1 C:\xampp\htdocs\bempnc-1\vendor\codeigniter4\framework\system\CodeIgniter.php(832): App\Controllers\Positions->insert()
#2 C:\xampp\htdocs\bempnc-1\vendor\codeigniter4\framework\system\CodeIgniter.php(419): CodeIgniter\CodeIgniter->runController(Object(App\Controllers\Positions))
#3 C:\xampp\htdocs\bempnc-1\vendor\codeigniter4\framework\system\CodeIgniter.php(326): CodeIgniter\CodeIgniter->handleRequest(NULL, Object(Config\Cache), false)
#4 C:\xampp\htdocs\bempnc-1\public\index.php(37): CodeIgniter\CodeIgniter->run()
#5 C:\xampp\htdocs\bempnc-1\vendor\codeigniter4\framework\system\Commands\Server\rewrite.php(43): require_once('C:\\xampp\\htdocs...')
#6 {main}
