CRITICAL - 2022-05-25 04:28:27 --> Maximum execution time of 60 seconds exceeded
#0 [internal function]: CodeIgniter\Debug\Exceptions->shutdownHandler()
#1 {main}
CRITICAL - 2022-05-25 14:56:04 --> Call to a member function getError() on null
#0 C:\xampp\htdocs\bempnc\vendor\codeigniter4\framework\system\CodeIgniter.php(832): App\Controllers\Pengurus\Departemen->save()
#1 C:\xampp\htdocs\bempnc\vendor\codeigniter4\framework\system\CodeIgniter.php(419): CodeIgniter\CodeIgniter->runController(Object(App\Controllers\Pengurus\Departemen))
#2 C:\xampp\htdocs\bempnc\vendor\codeigniter4\framework\system\CodeIgniter.php(326): CodeIgniter\CodeIgniter->handleRequest(NULL, Object(Config\Cache), false)
#3 C:\xampp\htdocs\bempnc\public\index.php(37): CodeIgniter\CodeIgniter->run()
#4 C:\xampp\htdocs\bempnc\vendor\codeigniter4\framework\system\Commands\Server\rewrite.php(43): require_once('C:\\xampp\\htdocs...')
#5 {main}
CRITICAL - 2022-05-25 14:57:32 --> Call to a member function getError() on null
#0 C:\xampp\htdocs\bempnc\vendor\codeigniter4\framework\system\CodeIgniter.php(832): App\Controllers\Pengurus\Departemen->save()
#1 C:\xampp\htdocs\bempnc\vendor\codeigniter4\framework\system\CodeIgniter.php(419): CodeIgniter\CodeIgniter->runController(Object(App\Controllers\Pengurus\Departemen))
#2 C:\xampp\htdocs\bempnc\vendor\codeigniter4\framework\system\CodeIgniter.php(326): CodeIgniter\CodeIgniter->handleRequest(NULL, Object(Config\Cache), false)
#3 C:\xampp\htdocs\bempnc\public\index.php(37): CodeIgniter\CodeIgniter->run()
#4 C:\xampp\htdocs\bempnc\vendor\codeigniter4\framework\system\Commands\Server\rewrite.php(43): require_once('C:\\xampp\\htdocs...')
#5 {main}
CRITICAL - 2022-05-25 14:58:58 --> Call to a member function getError() on null
#0 C:\xampp\htdocs\bempnc\vendor\codeigniter4\framework\system\CodeIgniter.php(832): App\Controllers\Pengurus\Departemen->save()
#1 C:\xampp\htdocs\bempnc\vendor\codeigniter4\framework\system\CodeIgniter.php(419): CodeIgniter\CodeIgniter->runController(Object(App\Controllers\Pengurus\Departemen))
#2 C:\xampp\htdocs\bempnc\vendor\codeigniter4\framework\system\CodeIgniter.php(326): CodeIgniter\CodeIgniter->handleRequest(NULL, Object(Config\Cache), false)
#3 C:\xampp\htdocs\bempnc\public\index.php(37): CodeIgniter\CodeIgniter->run()
#4 C:\xampp\htdocs\bempnc\vendor\codeigniter4\framework\system\Commands\Server\rewrite.php(43): require_once('C:\\xampp\\htdocs...')
#5 {main}
CRITICAL - 2022-05-25 17:43:40 --> Call to a member function getError() on null
#0 C:\xampp\htdocs\bempnc\vendor\codeigniter4\framework\system\CodeIgniter.php(832): App\Controllers\Pengurus\Departemen->save()
#1 C:\xampp\htdocs\bempnc\vendor\codeigniter4\framework\system\CodeIgniter.php(419): CodeIgniter\CodeIgniter->runController(Object(App\Controllers\Pengurus\Departemen))
#2 C:\xampp\htdocs\bempnc\vendor\codeigniter4\framework\system\CodeIgniter.php(326): CodeIgniter\CodeIgniter->handleRequest(NULL, Object(Config\Cache), false)
#3 C:\xampp\htdocs\bempnc\public\index.php(37): CodeIgniter\CodeIgniter->run()
#4 C:\xampp\htdocs\bempnc\vendor\codeigniter4\framework\system\Commands\Server\rewrite.php(43): require_once('C:\\xampp\\htdocs...')
#5 {main}
CRITICAL - 2022-05-25 17:47:49 --> Call to a member function getError() on null
#0 C:\xampp\htdocs\bempnc\vendor\codeigniter4\framework\system\CodeIgniter.php(832): App\Controllers\Pengurus\Departemen->save()
#1 C:\xampp\htdocs\bempnc\vendor\codeigniter4\framework\system\CodeIgniter.php(419): CodeIgniter\CodeIgniter->runController(Object(App\Controllers\Pengurus\Departemen))
#2 C:\xampp\htdocs\bempnc\vendor\codeigniter4\framework\system\CodeIgniter.php(326): CodeIgniter\CodeIgniter->handleRequest(NULL, Object(Config\Cache), false)
#3 C:\xampp\htdocs\bempnc\public\index.php(37): CodeIgniter\CodeIgniter->run()
#4 C:\xampp\htdocs\bempnc\vendor\codeigniter4\framework\system\Commands\Server\rewrite.php(43): require_once('C:\\xampp\\htdocs...')
#5 {main}
CRITICAL - 2022-05-25 17:48:04 --> Call to a member function getError() on null
#0 C:\xampp\htdocs\bempnc\vendor\codeigniter4\framework\system\CodeIgniter.php(832): App\Controllers\Pengurus\Departemen->save()
#1 C:\xampp\htdocs\bempnc\vendor\codeigniter4\framework\system\CodeIgniter.php(419): CodeIgniter\CodeIgniter->runController(Object(App\Controllers\Pengurus\Departemen))
#2 C:\xampp\htdocs\bempnc\vendor\codeigniter4\framework\system\CodeIgniter.php(326): CodeIgniter\CodeIgniter->handleRequest(NULL, Object(Config\Cache), false)
#3 C:\xampp\htdocs\bempnc\public\index.php(37): CodeIgniter\CodeIgniter->run()
#4 C:\xampp\htdocs\bempnc\vendor\codeigniter4\framework\system\Commands\Server\rewrite.php(43): require_once('C:\\xampp\\htdocs...')
#5 {main}
CRITICAL - 2022-05-25 17:48:29 --> Call to a member function getError() on null
#0 C:\xampp\htdocs\bempnc\vendor\codeigniter4\framework\system\CodeIgniter.php(832): App\Controllers\Pengurus\Departemen->save()
#1 C:\xampp\htdocs\bempnc\vendor\codeigniter4\framework\system\CodeIgniter.php(419): CodeIgniter\CodeIgniter->runController(Object(App\Controllers\Pengurus\Departemen))
#2 C:\xampp\htdocs\bempnc\vendor\codeigniter4\framework\system\CodeIgniter.php(326): CodeIgniter\CodeIgniter->handleRequest(NULL, Object(Config\Cache), false)
#3 C:\xampp\htdocs\bempnc\public\index.php(37): CodeIgniter\CodeIgniter->run()
#4 C:\xampp\htdocs\bempnc\vendor\codeigniter4\framework\system\Commands\Server\rewrite.php(43): require_once('C:\\xampp\\htdocs...')
#5 {main}
CRITICAL - 2022-05-25 17:49:55 --> Call to a member function getError() on null
#0 C:\xampp\htdocs\bempnc\vendor\codeigniter4\framework\system\CodeIgniter.php(832): App\Controllers\Pengurus\Departemen->save()
#1 C:\xampp\htdocs\bempnc\vendor\codeigniter4\framework\system\CodeIgniter.php(419): CodeIgniter\CodeIgniter->runController(Object(App\Controllers\Pengurus\Departemen))
#2 C:\xampp\htdocs\bempnc\vendor\codeigniter4\framework\system\CodeIgniter.php(326): CodeIgniter\CodeIgniter->handleRequest(NULL, Object(Config\Cache), false)
#3 C:\xampp\htdocs\bempnc\public\index.php(37): CodeIgniter\CodeIgniter->run()
#4 C:\xampp\htdocs\bempnc\vendor\codeigniter4\framework\system\Commands\Server\rewrite.php(43): require_once('C:\\xampp\\htdocs...')
#5 {main}
CRITICAL - 2022-05-25 17:52:52 --> Call to a member function getError() on null
#0 C:\xampp\htdocs\bempnc\vendor\codeigniter4\framework\system\CodeIgniter.php(832): App\Controllers\Pengurus\Departemen->save()
#1 C:\xampp\htdocs\bempnc\vendor\codeigniter4\framework\system\CodeIgniter.php(419): CodeIgniter\CodeIgniter->runController(Object(App\Controllers\Pengurus\Departemen))
#2 C:\xampp\htdocs\bempnc\vendor\codeigniter4\framework\system\CodeIgniter.php(326): CodeIgniter\CodeIgniter->handleRequest(NULL, Object(Config\Cache), false)
#3 C:\xampp\htdocs\bempnc\public\index.php(37): CodeIgniter\CodeIgniter->run()
#4 C:\xampp\htdocs\bempnc\vendor\codeigniter4\framework\system\Commands\Server\rewrite.php(43): require_once('C:\\xampp\\htdocs...')
#5 {main}
CRITICAL - 2022-05-25 17:55:19 --> Call to a member function getError() on null
#0 C:\xampp\htdocs\bempnc\vendor\codeigniter4\framework\system\CodeIgniter.php(832): App\Controllers\Pengurus\Departemen->save()
#1 C:\xampp\htdocs\bempnc\vendor\codeigniter4\framework\system\CodeIgniter.php(419): CodeIgniter\CodeIgniter->runController(Object(App\Controllers\Pengurus\Departemen))
#2 C:\xampp\htdocs\bempnc\vendor\codeigniter4\framework\system\CodeIgniter.php(326): CodeIgniter\CodeIgniter->handleRequest(NULL, Object(Config\Cache), false)
#3 C:\xampp\htdocs\bempnc\public\index.php(37): CodeIgniter\CodeIgniter->run()
#4 C:\xampp\htdocs\bempnc\vendor\codeigniter4\framework\system\Commands\Server\rewrite.php(43): require_once('C:\\xampp\\htdocs...')
#5 {main}
CRITICAL - 2022-05-25 18:01:22 --> Call to a member function getError() on null
#0 C:\xampp\htdocs\bempnc\vendor\codeigniter4\framework\system\CodeIgniter.php(832): App\Controllers\Pengurus\Departemen->save()
#1 C:\xampp\htdocs\bempnc\vendor\codeigniter4\framework\system\CodeIgniter.php(419): CodeIgniter\CodeIgniter->runController(Object(App\Controllers\Pengurus\Departemen))
#2 C:\xampp\htdocs\bempnc\vendor\codeigniter4\framework\system\CodeIgniter.php(326): CodeIgniter\CodeIgniter->handleRequest(NULL, Object(Config\Cache), false)
#3 C:\xampp\htdocs\bempnc\public\index.php(37): CodeIgniter\CodeIgniter->run()
#4 C:\xampp\htdocs\bempnc\vendor\codeigniter4\framework\system\Commands\Server\rewrite.php(43): require_once('C:\\xampp\\htdocs...')
#5 {main}
CRITICAL - 2022-05-25 18:07:20 --> Call to a member function getError() on null
#0 C:\xampp\htdocs\bempnc\vendor\codeigniter4\framework\system\CodeIgniter.php(832): App\Controllers\Pengurus\Departemen->save()
#1 C:\xampp\htdocs\bempnc\vendor\codeigniter4\framework\system\CodeIgniter.php(419): CodeIgniter\CodeIgniter->runController(Object(App\Controllers\Pengurus\Departemen))
#2 C:\xampp\htdocs\bempnc\vendor\codeigniter4\framework\system\CodeIgniter.php(326): CodeIgniter\CodeIgniter->handleRequest(NULL, Object(Config\Cache), false)
#3 C:\xampp\htdocs\bempnc\public\index.php(37): CodeIgniter\CodeIgniter->run()
#4 C:\xampp\htdocs\bempnc\vendor\codeigniter4\framework\system\Commands\Server\rewrite.php(43): require_once('C:\\xampp\\htdocs...')
#5 {main}
