INFO - 2022-09-05 01:10:04 --> Session: Class initialized using 'CodeIgniter\Session\Handlers\FileHandler' driver.
INFO - 2022-09-05 01:10:07 --> Session: Class initialized using 'CodeIgniter\Session\Handlers\FileHandler' driver.
INFO - 2022-09-05 01:10:31 --> Session: Class initialized using 'CodeIgniter\Session\Handlers\FileHandler' driver.
INFO - 2022-09-05 01:10:36 --> Session: Class initialized using 'CodeIgniter\Session\Handlers\FileHandler' driver.
INFO - 2022-09-05 01:10:57 --> Session: Class initialized using 'CodeIgniter\Session\Handlers\FileHandler' driver.
INFO - 2022-09-05 01:11:02 --> Session: Class initialized using 'CodeIgniter\Session\Handlers\FileHandler' driver.
CRITICAL - 2022-09-05 01:11:02 --> Undefined index: b.nama_jenis
in APPPATH\Views\outmail_view\deleted.php on line 42.
 1 APPPATH\Views\outmail_view\deleted.php(42): CodeIgniter\Debug\Exceptions->errorHandler(8, 'Undefined index: b.nama_jenis', 'APPPATH\\Views\\outmail_view\\deleted.php', 42, [...])
 2 SYSTEMPATH\View\View.php(213): include('APPPATH\\Views\\outmail_view\\deleted.php')
 3 SYSTEMPATH\View\View.php(216): CodeIgniter\View\View->CodeIgniter\View\{closure}()
 4 SYSTEMPATH\Common.php(1137): CodeIgniter\View\View->render('outmail_view/deleted', [], true)
 5 APPPATH\Controllers\OutgoingMail.php(124): view('outmail_view/deleted', [...])
 6 SYSTEMPATH\CodeIgniter.php(904): App\Controllers\OutgoingMail->show_all_deleted()
 7 SYSTEMPATH\CodeIgniter.php(457): CodeIgniter\CodeIgniter->runController(Object(App\Controllers\OutgoingMail))
 8 SYSTEMPATH\CodeIgniter.php(340): CodeIgniter\CodeIgniter->handleRequest(null, Object(Config\Cache), false)
 9 FCPATH\index.php(67): CodeIgniter\CodeIgniter->run()
10 SYSTEMPATH\Commands\Server\rewrite.php(43): require_once('FCPATH\\index.php')
INFO - 2022-09-05 01:12:02 --> Session: Class initialized using 'CodeIgniter\Session\Handlers\FileHandler' driver.
INFO - 2022-09-05 01:12:42 --> Session: Class initialized using 'CodeIgniter\Session\Handlers\FileHandler' driver.
CRITICAL - 2022-09-05 01:12:42 --> Undefined index: outgoing_mail.deleted_at
in APPPATH\Views\outmail_view\deleted.php on line 45.
 1 APPPATH\Views\outmail_view\deleted.php(45): CodeIgniter\Debug\Exceptions->errorHandler(8, 'Undefined index: outgoing_mail.deleted_at', 'APPPATH\\Views\\outmail_view\\deleted.php', 45, [...])
 2 SYSTEMPATH\View\View.php(213): include('APPPATH\\Views\\outmail_view\\deleted.php')
 3 SYSTEMPATH\View\View.php(216): CodeIgniter\View\View->CodeIgniter\View\{closure}()
 4 SYSTEMPATH\Common.php(1137): CodeIgniter\View\View->render('outmail_view/deleted', [], true)
 5 APPPATH\Controllers\OutgoingMail.php(124): view('outmail_view/deleted', [...])
 6 SYSTEMPATH\CodeIgniter.php(904): App\Controllers\OutgoingMail->show_all_deleted()
 7 SYSTEMPATH\CodeIgniter.php(457): CodeIgniter\CodeIgniter->runController(Object(App\Controllers\OutgoingMail))
 8 SYSTEMPATH\CodeIgniter.php(340): CodeIgniter\CodeIgniter->handleRequest(null, Object(Config\Cache), false)
 9 FCPATH\index.php(67): CodeIgniter\CodeIgniter->run()
10 SYSTEMPATH\Commands\Server\rewrite.php(43): require_once('FCPATH\\index.php')
INFO - 2022-09-05 01:37:32 --> Session: Class initialized using 'CodeIgniter\Session\Handlers\FileHandler' driver.
INFO - 2022-09-05 01:39:14 --> Session: Class initialized using 'CodeIgniter\Session\Handlers\FileHandler' driver.
INFO - 2022-09-05 01:40:54 --> Session: Class initialized using 'CodeIgniter\Session\Handlers\FileHandler' driver.
INFO - 2022-09-05 01:41:07 --> Session: Class initialized using 'CodeIgniter\Session\Handlers\FileHandler' driver.
INFO - 2022-09-05 01:41:08 --> Session: Class initialized using 'CodeIgniter\Session\Handlers\FileHandler' driver.
INFO - 2022-09-05 01:41:24 --> Session: Class initialized using 'CodeIgniter\Session\Handlers\FileHandler' driver.
INFO - 2022-09-05 01:41:32 --> Session: Class initialized using 'CodeIgniter\Session\Handlers\FileHandler' driver.
INFO - 2022-09-05 01:41:32 --> Session: Class initialized using 'CodeIgniter\Session\Handlers\FileHandler' driver.
INFO - 2022-09-05 01:41:37 --> Session: Class initialized using 'CodeIgniter\Session\Handlers\FileHandler' driver.
INFO - 2022-09-05 02:09:43 --> Session: Class initialized using 'CodeIgniter\Session\Handlers\FileHandler' driver.
INFO - 2022-09-05 02:10:21 --> Session: Class initialized using 'CodeIgniter\Session\Handlers\FileHandler' driver.
INFO - 2022-09-05 02:11:38 --> Session: Class initialized using 'CodeIgniter\Session\Handlers\FileHandler' driver.
INFO - 2022-09-05 02:13:09 --> Session: Class initialized using 'CodeIgniter\Session\Handlers\FileHandler' driver.
INFO - 2022-09-05 02:23:39 --> Session: Class initialized using 'CodeIgniter\Session\Handlers\FileHandler' driver.
CRITICAL - 2022-09-05 02:23:39 --> Undefined index: kd_user
in APPPATH\Views\outmail_view\deleted.php on line 45.
 1 APPPATH\Views\outmail_view\deleted.php(45): CodeIgniter\Debug\Exceptions->errorHandler(8, 'Undefined index: kd_user', 'APPPATH\\Views\\outmail_view\\deleted.php', 45, [...])
 2 SYSTEMPATH\View\View.php(213): include('APPPATH\\Views\\outmail_view\\deleted.php')
 3 SYSTEMPATH\View\View.php(216): CodeIgniter\View\View->CodeIgniter\View\{closure}()
 4 SYSTEMPATH\Common.php(1137): CodeIgniter\View\View->render('outmail_view/deleted', [], true)
 5 APPPATH\Controllers\OutgoingMail.php(125): view('outmail_view/deleted', [...])
 6 SYSTEMPATH\CodeIgniter.php(904): App\Controllers\OutgoingMail->show_all_deleted()
 7 SYSTEMPATH\CodeIgniter.php(457): CodeIgniter\CodeIgniter->runController(Object(App\Controllers\OutgoingMail))
 8 SYSTEMPATH\CodeIgniter.php(340): CodeIgniter\CodeIgniter->handleRequest(null, Object(Config\Cache), false)
 9 FCPATH\index.php(67): CodeIgniter\CodeIgniter->run()
10 SYSTEMPATH\Commands\Server\rewrite.php(43): require_once('FCPATH\\index.php')
INFO - 2022-09-05 02:24:04 --> Session: Class initialized using 'CodeIgniter\Session\Handlers\FileHandler' driver.
INFO - 2022-09-05 03:39:08 --> Session: Class initialized using 'CodeIgniter\Session\Handlers\FileHandler' driver.
INFO - 2022-09-05 03:39:45 --> Session: Class initialized using 'CodeIgniter\Session\Handlers\FileHandler' driver.
ERROR - 2022-09-05 03:41:19 --> mysqli_sql_exception: Unknown column 'id_user' in 'on clause' in F:\xampp file\sikabem_3\vendor\codeigniter4\framework\system\Database\MySQLi\Connection.php:292
Stack trace:
#0 F:\xampp file\sikabem_3\vendor\codeigniter4\framework\system\Database\MySQLi\Connection.php(292): mysqli->query('SELECT `outgoin...', 0)
#1 F:\xampp file\sikabem_3\vendor\codeigniter4\framework\system\Database\BaseConnection.php(693): CodeIgniter\Database\MySQLi\Connection->execute('SELECT `outgoin...')
#2 F:\xampp file\sikabem_3\vendor\codeigniter4\framework\system\Database\BaseConnection.php(620): CodeIgniter\Database\BaseConnection->simpleQuery('SELECT `outgoin...')
#3 F:\xampp file\sikabem_3\vendor\codeigniter4\framework\system\Database\BaseBuilder.php(1585): CodeIgniter\Database\BaseConnection->query('SELECT `outgoin...', Array, false)
#4 F:\xampp file\sikabem_3\vendor\codeigniter4\framework\system\Model.php(222): CodeIgniter\Database\BaseBuilder->get()
#5 F:\xampp file\sikabem_3\vendor\codeigniter4\framework\system\BaseModel.php(584): CodeIgniter\Model->doFindAll(0, 0)
#6 F:\xampp file\sikabem_3\app\Controllers\OutgoingMail.php(122): CodeIgniter\BaseModel->findAll()
#7 F:\xampp file\sikabem_3\vendor\codeigniter4\framework\system\CodeIgniter.php(904): App\Controllers\OutgoingMail->show_all_deleted()
#8 F:\xampp file\sikabem_3\vendor\codeigniter4\framework\system\CodeIgniter.php(457): CodeIgniter\CodeIgniter->runController(Object(App\Controllers\OutgoingMail))
#9 F:\xampp file\sikabem_3\vendor\codeigniter4\framework\system\CodeIgniter.php(340): CodeIgniter\CodeIgniter->handleRequest(NULL, Object(Config\Cache), false)
#10 F:\xampp file\sikabem_3\public\index.php(67): CodeIgniter\CodeIgniter->run()
#11 F:\xampp file\sikabem_3\vendor\codeigniter4\framework\system\Commands\Server\rewrite.php(43): require_once('F:\\xampp file\\s...')
#12 {main}
CRITICAL - 2022-09-05 03:41:19 --> Unknown column 'id_user' in 'on clause'
in SYSTEMPATH\Database\MySQLi\Connection.php on line 292.
 1 SYSTEMPATH\Database\MySQLi\Connection.php(292): mysqli->query('SELECT `outgoing_mail`.`kd_suratkeluar` AS `kd_suratkeluar`, `mail_type`.`nama_jenis` AS `nama_jenis`, `outgoing_mail`.`nomor_surat` AS `nomor_surat`, `outgoing_mail`.`kd_user` AS `id_user`, `users`.`nama_user` AS `nama_user`, `outgoing_mail`.`deleted_at` AS `tgl_delete`
FROM `outgoing_mail`
LEFT JOIN `mail_type` ON `mail_type`.`kd_jenissurat` = `outgoing_mail`.`kd_jenissurat`
LEFT JOIN `users` ON `users`.`kd_user` = `id_user`
WHERE `outgoing_mail`.`deleted_at` IS NOT NULL', 0)
 2 SYSTEMPATH\Database\BaseConnection.php(693): CodeIgniter\Database\MySQLi\Connection->execute('SELECT `outgoing_mail`.`kd_suratkeluar` AS `kd_suratkeluar`, `mail_type`.`nama_jenis` AS `nama_jenis`, `outgoing_mail`.`nomor_surat` AS `nomor_surat`, `outgoing_mail`.`kd_user` AS `id_user`, `users`.`nama_user` AS `nama_user`, `outgoing_mail`.`deleted_at` AS `tgl_delete`
FROM `outgoing_mail`
LEFT JOIN `mail_type` ON `mail_type`.`kd_jenissurat` = `outgoing_mail`.`kd_jenissurat`
LEFT JOIN `users` ON `users`.`kd_user` = `id_user`
WHERE `outgoing_mail`.`deleted_at` IS NOT NULL')
 3 SYSTEMPATH\Database\BaseConnection.php(620): CodeIgniter\Database\BaseConnection->simpleQuery('SELECT `outgoing_mail`.`kd_suratkeluar` AS `kd_suratkeluar`, `mail_type`.`nama_jenis` AS `nama_jenis`, `outgoing_mail`.`nomor_surat` AS `nomor_surat`, `outgoing_mail`.`kd_user` AS `id_user`, `users`.`nama_user` AS `nama_user`, `outgoing_mail`.`deleted_at` AS `tgl_delete`
FROM `outgoing_mail`
LEFT JOIN `mail_type` ON `mail_type`.`kd_jenissurat` = `outgoing_mail`.`kd_jenissurat`
LEFT JOIN `users` ON `users`.`kd_user` = `id_user`
WHERE `outgoing_mail`.`deleted_at` IS NOT NULL')
 4 SYSTEMPATH\Database\BaseBuilder.php(1585): CodeIgniter\Database\BaseConnection->query('SELECT `outgoing_mail`.`kd_suratkeluar` AS `kd_suratkeluar`, `mail_type`.`nama_jenis` AS `nama_jenis`, `outgoing_mail`.`nomor_surat` AS `nomor_surat`, `outgoing_mail`.`kd_user` AS `id_user`, `users`.`nama_user` AS `nama_user`, `outgoing_mail`.`deleted_at` AS `tgl_delete`
FROM `outgoing_mail`
LEFT JOIN `mail_type` ON `mail_type`.`kd_jenissurat` = `outgoing_mail`.`kd_jenissurat`
LEFT JOIN `users` ON `users`.`kd_user` = `id_user`
WHERE `outgoing_mail`.`deleted_at` IS NOT NULL', [], false)
 5 SYSTEMPATH\Model.php(222): CodeIgniter\Database\BaseBuilder->get()
 6 SYSTEMPATH\BaseModel.php(584): CodeIgniter\Model->doFindAll(0, 0)
 7 APPPATH\Controllers\OutgoingMail.php(122): CodeIgniter\BaseModel->findAll()
 8 SYSTEMPATH\CodeIgniter.php(904): App\Controllers\OutgoingMail->show_all_deleted()
 9 SYSTEMPATH\CodeIgniter.php(457): CodeIgniter\CodeIgniter->runController(Object(App\Controllers\OutgoingMail))
10 SYSTEMPATH\CodeIgniter.php(340): CodeIgniter\CodeIgniter->handleRequest(null, Object(Config\Cache), false)
11 FCPATH\index.php(67): CodeIgniter\CodeIgniter->run()
12 SYSTEMPATH\Commands\Server\rewrite.php(43): require_once('FCPATH\\index.php')
ERROR - 2022-09-05 03:41:33 --> mysqli_sql_exception: Unknown column 'id_user' in 'on clause' in F:\xampp file\sikabem_3\vendor\codeigniter4\framework\system\Database\MySQLi\Connection.php:292
Stack trace:
#0 F:\xampp file\sikabem_3\vendor\codeigniter4\framework\system\Database\MySQLi\Connection.php(292): mysqli->query('SELECT `outgoin...', 0)
#1 F:\xampp file\sikabem_3\vendor\codeigniter4\framework\system\Database\BaseConnection.php(693): CodeIgniter\Database\MySQLi\Connection->execute('SELECT `outgoin...')
#2 F:\xampp file\sikabem_3\vendor\codeigniter4\framework\system\Database\BaseConnection.php(620): CodeIgniter\Database\BaseConnection->simpleQuery('SELECT `outgoin...')
#3 F:\xampp file\sikabem_3\vendor\codeigniter4\framework\system\Database\BaseBuilder.php(1585): CodeIgniter\Database\BaseConnection->query('SELECT `outgoin...', Array, false)
#4 F:\xampp file\sikabem_3\vendor\codeigniter4\framework\system\Model.php(222): CodeIgniter\Database\BaseBuilder->get()
#5 F:\xampp file\sikabem_3\vendor\codeigniter4\framework\system\BaseModel.php(584): CodeIgniter\Model->doFindAll(0, 0)
#6 F:\xampp file\sikabem_3\app\Controllers\OutgoingMail.php(122): CodeIgniter\BaseModel->findAll()
#7 F:\xampp file\sikabem_3\vendor\codeigniter4\framework\system\CodeIgniter.php(904): App\Controllers\OutgoingMail->show_all_deleted()
#8 F:\xampp file\sikabem_3\vendor\codeigniter4\framework\system\CodeIgniter.php(457): CodeIgniter\CodeIgniter->runController(Object(App\Controllers\OutgoingMail))
#9 F:\xampp file\sikabem_3\vendor\codeigniter4\framework\system\CodeIgniter.php(340): CodeIgniter\CodeIgniter->handleRequest(NULL, Object(Config\Cache), false)
#10 F:\xampp file\sikabem_3\public\index.php(67): CodeIgniter\CodeIgniter->run()
#11 F:\xampp file\sikabem_3\vendor\codeigniter4\framework\system\Commands\Server\rewrite.php(43): require_once('F:\\xampp file\\s...')
#12 {main}
CRITICAL - 2022-09-05 03:41:33 --> Unknown column 'id_user' in 'on clause'
in SYSTEMPATH\Database\MySQLi\Connection.php on line 292.
 1 SYSTEMPATH\Database\MySQLi\Connection.php(292): mysqli->query('SELECT `outgoing_mail`.`kd_suratkeluar` AS `kd_suratkeluar`, `mail_type`.`nama_jenis` AS `nama_jenis`, `outgoing_mail`.`nomor_surat` AS `nomor_surat`, `outgoing_mail`.`kd_user` AS `id_user`, `users`.`nama_user` AS `nama_user`, `outgoing_mail`.`deleted_at` AS `tgl_delete`
FROM `outgoing_mail`
LEFT JOIN `mail_type` ON `mail_type`.`kd_jenissurat` = `outgoing_mail`.`kd_jenissurat`
LEFT JOIN `users` ON `users`.`kd_user` = `id_user`
WHERE `outgoing_mail`.`deleted_at` IS NOT NULL', 0)
 2 SYSTEMPATH\Database\BaseConnection.php(693): CodeIgniter\Database\MySQLi\Connection->execute('SELECT `outgoing_mail`.`kd_suratkeluar` AS `kd_suratkeluar`, `mail_type`.`nama_jenis` AS `nama_jenis`, `outgoing_mail`.`nomor_surat` AS `nomor_surat`, `outgoing_mail`.`kd_user` AS `id_user`, `users`.`nama_user` AS `nama_user`, `outgoing_mail`.`deleted_at` AS `tgl_delete`
FROM `outgoing_mail`
LEFT JOIN `mail_type` ON `mail_type`.`kd_jenissurat` = `outgoing_mail`.`kd_jenissurat`
LEFT JOIN `users` ON `users`.`kd_user` = `id_user`
WHERE `outgoing_mail`.`deleted_at` IS NOT NULL')
 3 SYSTEMPATH\Database\BaseConnection.php(620): CodeIgniter\Database\BaseConnection->simpleQuery('SELECT `outgoing_mail`.`kd_suratkeluar` AS `kd_suratkeluar`, `mail_type`.`nama_jenis` AS `nama_jenis`, `outgoing_mail`.`nomor_surat` AS `nomor_surat`, `outgoing_mail`.`kd_user` AS `id_user`, `users`.`nama_user` AS `nama_user`, `outgoing_mail`.`deleted_at` AS `tgl_delete`
FROM `outgoing_mail`
LEFT JOIN `mail_type` ON `mail_type`.`kd_jenissurat` = `outgoing_mail`.`kd_jenissurat`
LEFT JOIN `users` ON `users`.`kd_user` = `id_user`
WHERE `outgoing_mail`.`deleted_at` IS NOT NULL')
 4 SYSTEMPATH\Database\BaseBuilder.php(1585): CodeIgniter\Database\BaseConnection->query('SELECT `outgoing_mail`.`kd_suratkeluar` AS `kd_suratkeluar`, `mail_type`.`nama_jenis` AS `nama_jenis`, `outgoing_mail`.`nomor_surat` AS `nomor_surat`, `outgoing_mail`.`kd_user` AS `id_user`, `users`.`nama_user` AS `nama_user`, `outgoing_mail`.`deleted_at` AS `tgl_delete`
FROM `outgoing_mail`
LEFT JOIN `mail_type` ON `mail_type`.`kd_jenissurat` = `outgoing_mail`.`kd_jenissurat`
LEFT JOIN `users` ON `users`.`kd_user` = `id_user`
WHERE `outgoing_mail`.`deleted_at` IS NOT NULL', [], false)
 5 SYSTEMPATH\Model.php(222): CodeIgniter\Database\BaseBuilder->get()
 6 SYSTEMPATH\BaseModel.php(584): CodeIgniter\Model->doFindAll(0, 0)
 7 APPPATH\Controllers\OutgoingMail.php(122): CodeIgniter\BaseModel->findAll()
 8 SYSTEMPATH\CodeIgniter.php(904): App\Controllers\OutgoingMail->show_all_deleted()
 9 SYSTEMPATH\CodeIgniter.php(457): CodeIgniter\CodeIgniter->runController(Object(App\Controllers\OutgoingMail))
10 SYSTEMPATH\CodeIgniter.php(340): CodeIgniter\CodeIgniter->handleRequest(null, Object(Config\Cache), false)
11 FCPATH\index.php(67): CodeIgniter\CodeIgniter->run()
12 SYSTEMPATH\Commands\Server\rewrite.php(43): require_once('FCPATH\\index.php')
INFO - 2022-09-05 03:41:38 --> Session: Class initialized using 'CodeIgniter\Session\Handlers\FileHandler' driver.
INFO - 2022-09-05 03:41:50 --> Session: Class initialized using 'CodeIgniter\Session\Handlers\FileHandler' driver.
INFO - 2022-09-05 03:41:58 --> Session: Class initialized using 'CodeIgniter\Session\Handlers\FileHandler' driver.
INFO - 2022-09-05 03:42:09 --> Session: Class initialized using 'CodeIgniter\Session\Handlers\FileHandler' driver.
INFO - 2022-09-05 03:42:10 --> Session: Class initialized using 'CodeIgniter\Session\Handlers\FileHandler' driver.
INFO - 2022-09-05 03:42:14 --> Session: Class initialized using 'CodeIgniter\Session\Handlers\FileHandler' driver.
INFO - 2022-09-05 03:42:21 --> Session: Class initialized using 'CodeIgniter\Session\Handlers\FileHandler' driver.
INFO - 2022-09-05 03:42:22 --> Session: Class initialized using 'CodeIgniter\Session\Handlers\FileHandler' driver.
INFO - 2022-09-05 03:42:25 --> Session: Class initialized using 'CodeIgniter\Session\Handlers\FileHandler' driver.
INFO - 2022-09-05 03:43:48 --> Session: Class initialized using 'CodeIgniter\Session\Handlers\FileHandler' driver.
INFO - 2022-09-05 03:43:49 --> Session: Class initialized using 'CodeIgniter\Session\Handlers\FileHandler' driver.
INFO - 2022-09-05 03:43:52 --> Session: Class initialized using 'CodeIgniter\Session\Handlers\FileHandler' driver.
INFO - 2022-09-05 03:45:38 --> Session: Class initialized using 'CodeIgniter\Session\Handlers\FileHandler' driver.
CRITICAL - 2022-09-05 03:45:38 --> Undefined index: tgl_buat
in APPPATH\Views\outmail_view\index.php on line 43.
 1 APPPATH\Views\outmail_view\index.php(43): CodeIgniter\Debug\Exceptions->errorHandler(8, 'Undefined index: tgl_buat', 'APPPATH\\Views\\outmail_view\\index.php', 43, [...])
 2 SYSTEMPATH\View\View.php(213): include('APPPATH\\Views\\outmail_view\\index.php')
 3 SYSTEMPATH\View\View.php(216): CodeIgniter\View\View->CodeIgniter\View\{closure}()
 4 SYSTEMPATH\Common.php(1137): CodeIgniter\View\View->render('outmail_view/index', [], true)
 5 APPPATH\Controllers\OutgoingMail.php(33): view('outmail_view/index', [...])
 6 SYSTEMPATH\CodeIgniter.php(904): App\Controllers\OutgoingMail->index()
 7 SYSTEMPATH\CodeIgniter.php(457): CodeIgniter\CodeIgniter->runController(Object(App\Controllers\OutgoingMail))
 8 SYSTEMPATH\CodeIgniter.php(340): CodeIgniter\CodeIgniter->handleRequest(null, Object(Config\Cache), false)
 9 FCPATH\index.php(67): CodeIgniter\CodeIgniter->run()
10 SYSTEMPATH\Commands\Server\rewrite.php(43): require_once('FCPATH\\index.php')
INFO - 2022-09-05 03:45:48 --> Session: Class initialized using 'CodeIgniter\Session\Handlers\FileHandler' driver.
INFO - 2022-09-05 03:46:41 --> Session: Class initialized using 'CodeIgniter\Session\Handlers\FileHandler' driver.
INFO - 2022-09-05 03:46:42 --> Session: Class initialized using 'CodeIgniter\Session\Handlers\FileHandler' driver.
INFO - 2022-09-05 03:47:49 --> Session: Class initialized using 'CodeIgniter\Session\Handlers\FileHandler' driver.
INFO - 2022-09-05 03:49:42 --> Session: Class initialized using 'CodeIgniter\Session\Handlers\FileHandler' driver.
INFO - 2022-09-05 03:49:49 --> Session: Class initialized using 'CodeIgniter\Session\Handlers\FileHandler' driver.
INFO - 2022-09-05 03:49:50 --> Session: Class initialized using 'CodeIgniter\Session\Handlers\FileHandler' driver.
INFO - 2022-09-05 03:50:00 --> Session: Class initialized using 'CodeIgniter\Session\Handlers\FileHandler' driver.
INFO - 2022-09-05 03:50:26 --> Session: Class initialized using 'CodeIgniter\Session\Handlers\FileHandler' driver.
INFO - 2022-09-05 04:02:35 --> Session: Class initialized using 'CodeIgniter\Session\Handlers\FileHandler' driver.
INFO - 2022-09-05 04:02:37 --> Session: Class initialized using 'CodeIgniter\Session\Handlers\FileHandler' driver.
INFO - 2022-09-05 04:05:57 --> Session: Class initialized using 'CodeIgniter\Session\Handlers\FileHandler' driver.
INFO - 2022-09-05 04:07:48 --> Session: Class initialized using 'CodeIgniter\Session\Handlers\FileHandler' driver.
INFO - 2022-09-05 04:07:48 --> Session: Class initialized using 'CodeIgniter\Session\Handlers\FileHandler' driver.
INFO - 2022-09-05 04:08:52 --> Session: Class initialized using 'CodeIgniter\Session\Handlers\FileHandler' driver.
INFO - 2022-09-05 04:12:01 --> Session: Class initialized using 'CodeIgniter\Session\Handlers\FileHandler' driver.
INFO - 2022-09-05 04:19:03 --> Session: Class initialized using 'CodeIgniter\Session\Handlers\FileHandler' driver.
CRITICAL - 2022-09-05 04:19:31 --> syntax error, unexpected 'DESC' (T_STRING), expecting ')'
in APPPATH\Controllers\OutgoingMail.php on line 31.
 1 SYSTEMPATH\Autoloader\Autoloader.php(259): CodeIgniter\Autoloader\Autoloader->includeFile('APPPATH\\Controllers\\OutgoingMail.php')
 2 SYSTEMPATH\Autoloader\Autoloader.php(237): CodeIgniter\Autoloader\Autoloader->loadInNamespace('App\\Controllers\\OutgoingMail')
 3 [internal function]: CodeIgniter\Autoloader\Autoloader->loadClass('App\\Controllers\\OutgoingMail')
 4 [internal function]: spl_autoload_call('App\\Controllers\\OutgoingMail')
 5 SYSTEMPATH\CodeIgniter.php(854): class_exists('\\App\\Controllers\\OutgoingMail', true)
 6 SYSTEMPATH\CodeIgniter.php(444): CodeIgniter\CodeIgniter->startController()
 7 SYSTEMPATH\CodeIgniter.php(340): CodeIgniter\CodeIgniter->handleRequest(null, Object(Config\Cache), false)
 8 FCPATH\index.php(67): CodeIgniter\CodeIgniter->run()
 9 SYSTEMPATH\Commands\Server\rewrite.php(43): require_once('FCPATH\\index.php')
INFO - 2022-09-05 04:19:49 --> Session: Class initialized using 'CodeIgniter\Session\Handlers\FileHandler' driver.
INFO - 2022-09-05 04:20:24 --> Session: Class initialized using 'CodeIgniter\Session\Handlers\FileHandler' driver.
INFO - 2022-09-05 04:20:58 --> Session: Class initialized using 'CodeIgniter\Session\Handlers\FileHandler' driver.
INFO - 2022-09-05 04:20:59 --> Session: Class initialized using 'CodeIgniter\Session\Handlers\FileHandler' driver.
INFO - 2022-09-05 04:22:08 --> Session: Class initialized using 'CodeIgniter\Session\Handlers\FileHandler' driver.
INFO - 2022-09-05 04:22:32 --> Session: Class initialized using 'CodeIgniter\Session\Handlers\FileHandler' driver.
INFO - 2022-09-05 04:24:51 --> Session: Class initialized using 'CodeIgniter\Session\Handlers\FileHandler' driver.
INFO - 2022-09-05 04:33:27 --> Session: Class initialized using 'CodeIgniter\Session\Handlers\FileHandler' driver.
INFO - 2022-09-05 04:33:53 --> Session: Class initialized using 'CodeIgniter\Session\Handlers\FileHandler' driver.
INFO - 2022-09-05 04:34:56 --> Session: Class initialized using 'CodeIgniter\Session\Handlers\FileHandler' driver.
INFO - 2022-09-05 04:35:49 --> Session: Class initialized using 'CodeIgniter\Session\Handlers\FileHandler' driver.
INFO - 2022-09-05 04:45:21 --> Session: Class initialized using 'CodeIgniter\Session\Handlers\FileHandler' driver.
INFO - 2022-09-05 04:47:29 --> Session: Class initialized using 'CodeIgniter\Session\Handlers\FileHandler' driver.
INFO - 2022-09-05 04:47:53 --> Session: Class initialized using 'CodeIgniter\Session\Handlers\FileHandler' driver.
INFO - 2022-09-05 04:51:02 --> Session: Class initialized using 'CodeIgniter\Session\Handlers\FileHandler' driver.
INFO - 2022-09-05 04:51:29 --> Session: Class initialized using 'CodeIgniter\Session\Handlers\FileHandler' driver.
INFO - 2022-09-05 04:52:05 --> Session: Class initialized using 'CodeIgniter\Session\Handlers\FileHandler' driver.
INFO - 2022-09-05 04:52:06 --> Session: Class initialized using 'CodeIgniter\Session\Handlers\FileHandler' driver.
INFO - 2022-09-05 04:52:14 --> Session: Class initialized using 'CodeIgniter\Session\Handlers\FileHandler' driver.
INFO - 2022-09-05 04:52:16 --> Session: Class initialized using 'CodeIgniter\Session\Handlers\FileHandler' driver.
INFO - 2022-09-05 04:52:33 --> Session: Class initialized using 'CodeIgniter\Session\Handlers\FileHandler' driver.
INFO - 2022-09-05 04:52:33 --> Session: Class initialized using 'CodeIgniter\Session\Handlers\FileHandler' driver.
INFO - 2022-09-05 04:52:38 --> Session: Class initialized using 'CodeIgniter\Session\Handlers\FileHandler' driver.
INFO - 2022-09-05 04:52:51 --> Session: Class initialized using 'CodeIgniter\Session\Handlers\FileHandler' driver.
INFO - 2022-09-05 04:52:53 --> Session: Class initialized using 'CodeIgniter\Session\Handlers\FileHandler' driver.
INFO - 2022-09-05 04:53:11 --> Session: Class initialized using 'CodeIgniter\Session\Handlers\FileHandler' driver.
INFO - 2022-09-05 04:53:53 --> Session: Class initialized using 'CodeIgniter\Session\Handlers\FileHandler' driver.
INFO - 2022-09-05 04:53:54 --> Session: Class initialized using 'CodeIgniter\Session\Handlers\FileHandler' driver.
INFO - 2022-09-05 04:54:03 --> Session: Class initialized using 'CodeIgniter\Session\Handlers\FileHandler' driver.
INFO - 2022-09-05 04:54:06 --> Session: Class initialized using 'CodeIgniter\Session\Handlers\FileHandler' driver.
INFO - 2022-09-05 04:54:15 --> Session: Class initialized using 'CodeIgniter\Session\Handlers\FileHandler' driver.
INFO - 2022-09-05 04:54:32 --> Session: Class initialized using 'CodeIgniter\Session\Handlers\FileHandler' driver.
INFO - 2022-09-05 04:54:32 --> Session: Class initialized using 'CodeIgniter\Session\Handlers\FileHandler' driver.
INFO - 2022-09-05 04:54:36 --> Session: Class initialized using 'CodeIgniter\Session\Handlers\FileHandler' driver.
INFO - 2022-09-05 04:54:45 --> Session: Class initialized using 'CodeIgniter\Session\Handlers\FileHandler' driver.
INFO - 2022-09-05 04:54:45 --> Session: Class initialized using 'CodeIgniter\Session\Handlers\FileHandler' driver.
INFO - 2022-09-05 04:56:28 --> Session: Class initialized using 'CodeIgniter\Session\Handlers\FileHandler' driver.
INFO - 2022-09-05 04:56:34 --> Session: Class initialized using 'CodeIgniter\Session\Handlers\FileHandler' driver.
INFO - 2022-09-05 04:56:40 --> Session: Class initialized using 'CodeIgniter\Session\Handlers\FileHandler' driver.
INFO - 2022-09-05 04:56:44 --> Session: Class initialized using 'CodeIgniter\Session\Handlers\FileHandler' driver.
INFO - 2022-09-05 04:56:46 --> Session: Class initialized using 'CodeIgniter\Session\Handlers\FileHandler' driver.
INFO - 2022-09-05 04:57:03 --> Session: Class initialized using 'CodeIgniter\Session\Handlers\FileHandler' driver.
INFO - 2022-09-05 04:58:13 --> Session: Class initialized using 'CodeIgniter\Session\Handlers\FileHandler' driver.
INFO - 2022-09-05 04:58:14 --> Session: Class initialized using 'CodeIgniter\Session\Handlers\FileHandler' driver.
INFO - 2022-09-05 04:58:20 --> Session: Class initialized using 'CodeIgniter\Session\Handlers\FileHandler' driver.
INFO - 2022-09-05 04:58:21 --> Session: Class initialized using 'CodeIgniter\Session\Handlers\FileHandler' driver.
INFO - 2022-09-05 04:58:33 --> Session: Class initialized using 'CodeIgniter\Session\Handlers\FileHandler' driver.
INFO - 2022-09-05 04:58:39 --> Session: Class initialized using 'CodeIgniter\Session\Handlers\FileHandler' driver.
INFO - 2022-09-05 04:58:40 --> Session: Class initialized using 'CodeIgniter\Session\Handlers\FileHandler' driver.
INFO - 2022-09-05 04:58:43 --> Session: Class initialized using 'CodeIgniter\Session\Handlers\FileHandler' driver.
INFO - 2022-09-05 04:58:51 --> Session: Class initialized using 'CodeIgniter\Session\Handlers\FileHandler' driver.
INFO - 2022-09-05 04:58:51 --> Session: Class initialized using 'CodeIgniter\Session\Handlers\FileHandler' driver.
INFO - 2022-09-05 04:58:59 --> Session: Class initialized using 'CodeIgniter\Session\Handlers\FileHandler' driver.
INFO - 2022-09-05 04:59:00 --> Session: Class initialized using 'CodeIgniter\Session\Handlers\FileHandler' driver.
INFO - 2022-09-05 05:01:15 --> Session: Class initialized using 'CodeIgniter\Session\Handlers\FileHandler' driver.
INFO - 2022-09-05 05:01:21 --> Session: Class initialized using 'CodeIgniter\Session\Handlers\FileHandler' driver.
INFO - 2022-09-05 05:01:21 --> Session: Class initialized using 'CodeIgniter\Session\Handlers\FileHandler' driver.
INFO - 2022-09-05 05:01:25 --> Session: Class initialized using 'CodeIgniter\Session\Handlers\FileHandler' driver.
INFO - 2022-09-05 05:01:35 --> Session: Class initialized using 'CodeIgniter\Session\Handlers\FileHandler' driver.
INFO - 2022-09-05 05:01:35 --> Session: Class initialized using 'CodeIgniter\Session\Handlers\FileHandler' driver.
INFO - 2022-09-05 05:02:04 --> Session: Class initialized using 'CodeIgniter\Session\Handlers\FileHandler' driver.
INFO - 2022-09-05 05:02:09 --> Session: Class initialized using 'CodeIgniter\Session\Handlers\FileHandler' driver.
INFO - 2022-09-05 05:02:10 --> Session: Class initialized using 'CodeIgniter\Session\Handlers\FileHandler' driver.
INFO - 2022-09-05 05:02:15 --> Session: Class initialized using 'CodeIgniter\Session\Handlers\FileHandler' driver.
INFO - 2022-09-05 05:08:19 --> Session: Class initialized using 'CodeIgniter\Session\Handlers\FileHandler' driver.
INFO - 2022-09-05 05:08:48 --> Session: Class initialized using 'CodeIgniter\Session\Handlers\FileHandler' driver.
INFO - 2022-09-05 05:08:48 --> Session: Class initialized using 'CodeIgniter\Session\Handlers\FileHandler' driver.
INFO - 2022-09-05 05:09:59 --> Session: Class initialized using 'CodeIgniter\Session\Handlers\FileHandler' driver.
INFO - 2022-09-05 05:10:00 --> Session: Class initialized using 'CodeIgniter\Session\Handlers\FileHandler' driver.
INFO - 2022-09-05 05:10:07 --> Session: Class initialized using 'CodeIgniter\Session\Handlers\FileHandler' driver.
INFO - 2022-09-05 05:10:08 --> Session: Class initialized using 'CodeIgniter\Session\Handlers\FileHandler' driver.
CRITICAL - 2022-09-05 05:10:08 --> Undefined variable: m
in APPPATH\Views\outmail_view\index.php on line 79.
 1 APPPATH\Views\outmail_view\index.php(79): CodeIgniter\Debug\Exceptions->errorHandler(8, 'Undefined variable: m', 'APPPATH\\Views\\outmail_view\\index.php', 79, [...])
 2 SYSTEMPATH\View\View.php(213): include('APPPATH\\Views\\outmail_view\\index.php')
 3 SYSTEMPATH\View\View.php(216): CodeIgniter\View\View->CodeIgniter\View\{closure}()
 4 SYSTEMPATH\Common.php(1137): CodeIgniter\View\View->render('outmail_view/index', [], true)
 5 APPPATH\Controllers\OutgoingMail.php(35): view('outmail_view/index', [...])
 6 SYSTEMPATH\CodeIgniter.php(904): App\Controllers\OutgoingMail->index()
 7 SYSTEMPATH\CodeIgniter.php(457): CodeIgniter\CodeIgniter->runController(Object(App\Controllers\OutgoingMail))
 8 SYSTEMPATH\CodeIgniter.php(340): CodeIgniter\CodeIgniter->handleRequest(null, Object(Config\Cache), false)
 9 FCPATH\index.php(67): CodeIgniter\CodeIgniter->run()
10 SYSTEMPATH\Commands\Server\rewrite.php(43): require_once('FCPATH\\index.php')
INFO - 2022-09-05 05:10:28 --> Session: Class initialized using 'CodeIgniter\Session\Handlers\FileHandler' driver.
CRITICAL - 2022-09-05 05:10:28 --> Undefined variable: m
in APPPATH\Views\outmail_view\index.php on line 79.
 1 APPPATH\Views\outmail_view\index.php(79): CodeIgniter\Debug\Exceptions->errorHandler(8, 'Undefined variable: m', 'APPPATH\\Views\\outmail_view\\index.php', 79, [...])
 2 SYSTEMPATH\View\View.php(213): include('APPPATH\\Views\\outmail_view\\index.php')
 3 SYSTEMPATH\View\View.php(216): CodeIgniter\View\View->CodeIgniter\View\{closure}()
 4 SYSTEMPATH\Common.php(1137): CodeIgniter\View\View->render('outmail_view/index', [], true)
 5 APPPATH\Controllers\OutgoingMail.php(35): view('outmail_view/index', [...])
 6 SYSTEMPATH\CodeIgniter.php(904): App\Controllers\OutgoingMail->index()
 7 SYSTEMPATH\CodeIgniter.php(457): CodeIgniter\CodeIgniter->runController(Object(App\Controllers\OutgoingMail))
 8 SYSTEMPATH\CodeIgniter.php(340): CodeIgniter\CodeIgniter->handleRequest(null, Object(Config\Cache), false)
 9 FCPATH\index.php(67): CodeIgniter\CodeIgniter->run()
10 SYSTEMPATH\Commands\Server\rewrite.php(43): require_once('FCPATH\\index.php')
INFO - 2022-09-05 05:13:37 --> Session: Class initialized using 'CodeIgniter\Session\Handlers\FileHandler' driver.
INFO - 2022-09-05 05:13:44 --> Session: Class initialized using 'CodeIgniter\Session\Handlers\FileHandler' driver.
INFO - 2022-09-05 05:14:19 --> Session: Class initialized using 'CodeIgniter\Session\Handlers\FileHandler' driver.
INFO - 2022-09-05 05:14:20 --> Session: Class initialized using 'CodeIgniter\Session\Handlers\FileHandler' driver.
INFO - 2022-09-05 05:14:51 --> Session: Class initialized using 'CodeIgniter\Session\Handlers\FileHandler' driver.
INFO - 2022-09-05 05:15:01 --> Session: Class initialized using 'CodeIgniter\Session\Handlers\FileHandler' driver.
INFO - 2022-09-05 05:15:02 --> Session: Class initialized using 'CodeIgniter\Session\Handlers\FileHandler' driver.
INFO - 2022-09-05 05:15:10 --> Session: Class initialized using 'CodeIgniter\Session\Handlers\FileHandler' driver.
INFO - 2022-09-05 05:15:10 --> Session: Class initialized using 'CodeIgniter\Session\Handlers\FileHandler' driver.
INFO - 2022-09-05 05:15:20 --> Session: Class initialized using 'CodeIgniter\Session\Handlers\FileHandler' driver.
INFO - 2022-09-05 05:26:43 --> Session: Class initialized using 'CodeIgniter\Session\Handlers\FileHandler' driver.
INFO - 2022-09-05 05:26:44 --> Session: Class initialized using 'CodeIgniter\Session\Handlers\FileHandler' driver.
INFO - 2022-09-05 05:26:53 --> Session: Class initialized using 'CodeIgniter\Session\Handlers\FileHandler' driver.
INFO - 2022-09-05 05:26:53 --> Session: Class initialized using 'CodeIgniter\Session\Handlers\FileHandler' driver.
INFO - 2022-09-05 05:27:40 --> Session: Class initialized using 'CodeIgniter\Session\Handlers\FileHandler' driver.
INFO - 2022-09-05 05:27:50 --> Session: Class initialized using 'CodeIgniter\Session\Handlers\FileHandler' driver.
INFO - 2022-09-05 05:27:51 --> Session: Class initialized using 'CodeIgniter\Session\Handlers\FileHandler' driver.
INFO - 2022-09-05 05:28:00 --> Session: Class initialized using 'CodeIgniter\Session\Handlers\FileHandler' driver.
INFO - 2022-09-05 05:28:01 --> Session: Class initialized using 'CodeIgniter\Session\Handlers\FileHandler' driver.
INFO - 2022-09-05 05:28:12 --> Session: Class initialized using 'CodeIgniter\Session\Handlers\FileHandler' driver.
INFO - 2022-09-05 05:28:13 --> Session: Class initialized using 'CodeIgniter\Session\Handlers\FileHandler' driver.
INFO - 2022-09-05 05:28:21 --> Session: Class initialized using 'CodeIgniter\Session\Handlers\FileHandler' driver.
INFO - 2022-09-05 05:29:29 --> Session: Class initialized using 'CodeIgniter\Session\Handlers\FileHandler' driver.
INFO - 2022-09-05 05:32:07 --> Session: Class initialized using 'CodeIgniter\Session\Handlers\FileHandler' driver.
INFO - 2022-09-05 05:32:08 --> Session: Class initialized using 'CodeIgniter\Session\Handlers\FileHandler' driver.
INFO - 2022-09-05 05:32:17 --> Session: Class initialized using 'CodeIgniter\Session\Handlers\FileHandler' driver.
INFO - 2022-09-05 05:32:18 --> Session: Class initialized using 'CodeIgniter\Session\Handlers\FileHandler' driver.
INFO - 2022-09-05 05:34:46 --> Session: Class initialized using 'CodeIgniter\Session\Handlers\FileHandler' driver.
INFO - 2022-09-05 05:34:47 --> Session: Class initialized using 'CodeIgniter\Session\Handlers\FileHandler' driver.
INFO - 2022-09-05 05:35:05 --> Session: Class initialized using 'CodeIgniter\Session\Handlers\FileHandler' driver.
INFO - 2022-09-05 05:35:16 --> Session: Class initialized using 'CodeIgniter\Session\Handlers\FileHandler' driver.
INFO - 2022-09-05 05:35:17 --> Session: Class initialized using 'CodeIgniter\Session\Handlers\FileHandler' driver.
INFO - 2022-09-05 05:35:37 --> Session: Class initialized using 'CodeIgniter\Session\Handlers\FileHandler' driver.
INFO - 2022-09-05 05:35:38 --> Session: Class initialized using 'CodeIgniter\Session\Handlers\FileHandler' driver.
INFO - 2022-09-05 05:36:00 --> Session: Class initialized using 'CodeIgniter\Session\Handlers\FileHandler' driver.
INFO - 2022-09-05 05:36:01 --> Session: Class initialized using 'CodeIgniter\Session\Handlers\FileHandler' driver.
INFO - 2022-09-05 05:36:56 --> Session: Class initialized using 'CodeIgniter\Session\Handlers\FileHandler' driver.
INFO - 2022-09-05 05:36:57 --> Session: Class initialized using 'CodeIgniter\Session\Handlers\FileHandler' driver.
INFO - 2022-09-05 05:37:39 --> Session: Class initialized using 'CodeIgniter\Session\Handlers\FileHandler' driver.
INFO - 2022-09-05 05:37:40 --> Session: Class initialized using 'CodeIgniter\Session\Handlers\FileHandler' driver.
INFO - 2022-09-05 05:37:59 --> Session: Class initialized using 'CodeIgniter\Session\Handlers\FileHandler' driver.
INFO - 2022-09-05 05:38:12 --> Session: Class initialized using 'CodeIgniter\Session\Handlers\FileHandler' driver.
INFO - 2022-09-05 05:38:13 --> Session: Class initialized using 'CodeIgniter\Session\Handlers\FileHandler' driver.
INFO - 2022-09-05 05:38:40 --> Session: Class initialized using 'CodeIgniter\Session\Handlers\FileHandler' driver.
INFO - 2022-09-05 05:38:42 --> Session: Class initialized using 'CodeIgniter\Session\Handlers\FileHandler' driver.
INFO - 2022-09-05 05:39:06 --> Session: Class initialized using 'CodeIgniter\Session\Handlers\FileHandler' driver.
INFO - 2022-09-05 05:42:58 --> Session: Class initialized using 'CodeIgniter\Session\Handlers\FileHandler' driver.
INFO - 2022-09-05 05:48:26 --> Session: Class initialized using 'CodeIgniter\Session\Handlers\FileHandler' driver.
CRITICAL - 2022-09-05 15:57:00 --> syntax error, unexpected 'PhpOffice' (T_STRING)
in APPPATH\Helpers\bem_helper.php on line 47.
 1 SYSTEMPATH\Controller.php(85): helper([...])
 2 APPPATH\Controllers\BaseController.php(46): CodeIgniter\Controller->initController(Object(CodeIgniter\HTTP\IncomingRequest), Object(CodeIgniter\HTTP\Response), Object(CodeIgniter\Log\Logger))
 3 SYSTEMPATH\CodeIgniter.php(867): App\Controllers\BaseController->initController(Object(CodeIgniter\HTTP\IncomingRequest), Object(CodeIgniter\HTTP\Response), Object(CodeIgniter\Log\Logger))
 4 SYSTEMPATH\CodeIgniter.php(448): CodeIgniter\CodeIgniter->createController()
 5 SYSTEMPATH\CodeIgniter.php(340): CodeIgniter\CodeIgniter->handleRequest(null, Object(Config\Cache), false)
 6 FCPATH\index.php(67): CodeIgniter\CodeIgniter->run()
 7 SYSTEMPATH\Commands\Server\rewrite.php(43): require_once('FCPATH\\index.php')
